[2022-06-29 20:11:21,261] {processor.py:153} INFO - Started process (PID=2276) to work on /root/airflow_env/lib/python3.8/site-packages/airflow/example_dags/example_dag_decorator.py
[2022-06-29 20:11:21,261] {processor.py:641} INFO - Processing file /root/airflow_env/lib/python3.8/site-packages/airflow/example_dags/example_dag_decorator.py for tasks to queue
[2022-06-29 20:11:21,261] {logging_mixin.py:115} INFO - [2022-06-29 20:11:21,261] {dagbag.py:507} INFO - Filling up the DagBag from /root/airflow_env/lib/python3.8/site-packages/airflow/example_dags/example_dag_decorator.py
[2022-06-29 20:11:21,279] {processor.py:651} INFO - DAG(s) dict_keys(['example_dag_decorator']) retrieved from /root/airflow_env/lib/python3.8/site-packages/airflow/example_dags/example_dag_decorator.py
[2022-06-29 20:11:21,311] {logging_mixin.py:115} INFO - [2022-06-29 20:11:21,311] {dag.py:2371} INFO - Sync 1 DAGs
[2022-06-29 20:11:21,323] {logging_mixin.py:115} INFO - [2022-06-29 20:11:21,323] {dag.py:2915} INFO - Setting next_dagrun for example_dag_decorator to None, run_after=None
[2022-06-29 20:11:21,344] {processor.py:161} INFO - Processing /root/airflow_env/lib/python3.8/site-packages/airflow/example_dags/example_dag_decorator.py took 0.086 seconds
[2022-06-29 20:13:26,350] {processor.py:153} INFO - Started process (PID=3067) to work on /root/airflow_env/lib/python3.8/site-packages/airflow/example_dags/example_dag_decorator.py
[2022-06-29 20:13:26,352] {processor.py:641} INFO - Processing file /root/airflow_env/lib/python3.8/site-packages/airflow/example_dags/example_dag_decorator.py for tasks to queue
[2022-06-29 20:13:26,353] {logging_mixin.py:115} INFO - [2022-06-29 20:13:26,353] {dagbag.py:507} INFO - Filling up the DagBag from /root/airflow_env/lib/python3.8/site-packages/airflow/example_dags/example_dag_decorator.py
[2022-06-29 20:13:26,391] {processor.py:651} INFO - DAG(s) dict_keys(['example_dag_decorator']) retrieved from /root/airflow_env/lib/python3.8/site-packages/airflow/example_dags/example_dag_decorator.py
[2022-06-29 20:13:26,446] {logging_mixin.py:115} INFO - [2022-06-29 20:13:26,446] {dag.py:2371} INFO - Sync 1 DAGs
[2022-06-29 20:13:26,458] {logging_mixin.py:115} INFO - [2022-06-29 20:13:26,457] {dag.py:2915} INFO - Setting next_dagrun for example_dag_decorator to None, run_after=None
[2022-06-29 20:13:26,481] {processor.py:161} INFO - Processing /root/airflow_env/lib/python3.8/site-packages/airflow/example_dags/example_dag_decorator.py took 0.137 seconds
[2022-06-29 20:14:53,339] {processor.py:153} INFO - Started process (PID=3651) to work on /root/airflow_env/lib/python3.8/site-packages/airflow/example_dags/example_dag_decorator.py
[2022-06-29 20:14:53,341] {processor.py:641} INFO - Processing file /root/airflow_env/lib/python3.8/site-packages/airflow/example_dags/example_dag_decorator.py for tasks to queue
[2022-06-29 20:14:53,342] {logging_mixin.py:115} INFO - [2022-06-29 20:14:53,342] {dagbag.py:507} INFO - Filling up the DagBag from /root/airflow_env/lib/python3.8/site-packages/airflow/example_dags/example_dag_decorator.py
[2022-06-29 20:14:53,385] {processor.py:651} INFO - DAG(s) dict_keys(['example_dag_decorator']) retrieved from /root/airflow_env/lib/python3.8/site-packages/airflow/example_dags/example_dag_decorator.py
[2022-06-29 20:14:53,424] {logging_mixin.py:115} INFO - [2022-06-29 20:14:53,424] {dag.py:2371} INFO - Sync 1 DAGs
[2022-06-29 20:14:53,435] {logging_mixin.py:115} INFO - [2022-06-29 20:14:53,435] {dag.py:2915} INFO - Setting next_dagrun for example_dag_decorator to None, run_after=None
[2022-06-29 20:14:53,456] {processor.py:161} INFO - Processing /root/airflow_env/lib/python3.8/site-packages/airflow/example_dags/example_dag_decorator.py took 0.122 seconds
[2022-06-29 20:16:22,965] {processor.py:153} INFO - Started process (PID=4253) to work on /root/airflow_env/lib/python3.8/site-packages/airflow/example_dags/example_dag_decorator.py
[2022-06-29 20:16:22,967] {processor.py:641} INFO - Processing file /root/airflow_env/lib/python3.8/site-packages/airflow/example_dags/example_dag_decorator.py for tasks to queue
[2022-06-29 20:16:22,968] {logging_mixin.py:115} INFO - [2022-06-29 20:16:22,968] {dagbag.py:507} INFO - Filling up the DagBag from /root/airflow_env/lib/python3.8/site-packages/airflow/example_dags/example_dag_decorator.py
[2022-06-29 20:16:23,012] {processor.py:651} INFO - DAG(s) dict_keys(['example_dag_decorator']) retrieved from /root/airflow_env/lib/python3.8/site-packages/airflow/example_dags/example_dag_decorator.py
[2022-06-29 20:16:23,074] {logging_mixin.py:115} INFO - [2022-06-29 20:16:23,074] {dag.py:2371} INFO - Sync 1 DAGs
[2022-06-29 20:16:23,084] {logging_mixin.py:115} INFO - [2022-06-29 20:16:23,084] {dag.py:2915} INFO - Setting next_dagrun for example_dag_decorator to None, run_after=None
[2022-06-29 20:16:23,110] {processor.py:161} INFO - Processing /root/airflow_env/lib/python3.8/site-packages/airflow/example_dags/example_dag_decorator.py took 0.151 seconds
[2022-06-29 20:17:58,130] {processor.py:153} INFO - Started process (PID=4875) to work on /root/airflow_env/lib/python3.8/site-packages/airflow/example_dags/example_dag_decorator.py
[2022-06-29 20:17:58,131] {processor.py:641} INFO - Processing file /root/airflow_env/lib/python3.8/site-packages/airflow/example_dags/example_dag_decorator.py for tasks to queue
[2022-06-29 20:17:58,132] {logging_mixin.py:115} INFO - [2022-06-29 20:17:58,132] {dagbag.py:507} INFO - Filling up the DagBag from /root/airflow_env/lib/python3.8/site-packages/airflow/example_dags/example_dag_decorator.py
[2022-06-29 20:17:58,154] {processor.py:651} INFO - DAG(s) dict_keys(['example_dag_decorator']) retrieved from /root/airflow_env/lib/python3.8/site-packages/airflow/example_dags/example_dag_decorator.py
[2022-06-29 20:17:58,174] {logging_mixin.py:115} INFO - [2022-06-29 20:17:58,173] {dag.py:2371} INFO - Sync 1 DAGs
[2022-06-29 20:17:58,188] {logging_mixin.py:115} INFO - [2022-06-29 20:17:58,188] {dag.py:2915} INFO - Setting next_dagrun for example_dag_decorator to None, run_after=None
[2022-06-29 20:17:58,210] {processor.py:161} INFO - Processing /root/airflow_env/lib/python3.8/site-packages/airflow/example_dags/example_dag_decorator.py took 0.084 seconds
[2022-06-29 20:19:29,166] {processor.py:153} INFO - Started process (PID=5496) to work on /root/airflow_env/lib/python3.8/site-packages/airflow/example_dags/example_dag_decorator.py
[2022-06-29 20:19:29,207] {processor.py:641} INFO - Processing file /root/airflow_env/lib/python3.8/site-packages/airflow/example_dags/example_dag_decorator.py for tasks to queue
[2022-06-29 20:19:29,208] {logging_mixin.py:115} INFO - [2022-06-29 20:19:29,208] {dagbag.py:507} INFO - Filling up the DagBag from /root/airflow_env/lib/python3.8/site-packages/airflow/example_dags/example_dag_decorator.py
[2022-06-29 20:19:29,248] {processor.py:651} INFO - DAG(s) dict_keys(['example_dag_decorator']) retrieved from /root/airflow_env/lib/python3.8/site-packages/airflow/example_dags/example_dag_decorator.py
[2022-06-29 20:19:29,309] {logging_mixin.py:115} INFO - [2022-06-29 20:19:29,309] {dag.py:2371} INFO - Sync 1 DAGs
[2022-06-29 20:19:29,327] {logging_mixin.py:115} INFO - [2022-06-29 20:19:29,327] {dag.py:2915} INFO - Setting next_dagrun for example_dag_decorator to None, run_after=None
[2022-06-29 20:19:29,354] {processor.py:161} INFO - Processing /root/airflow_env/lib/python3.8/site-packages/airflow/example_dags/example_dag_decorator.py took 0.191 seconds
[2022-06-29 20:21:01,770] {processor.py:153} INFO - Started process (PID=6098) to work on /root/airflow_env/lib/python3.8/site-packages/airflow/example_dags/example_dag_decorator.py
[2022-06-29 20:21:01,808] {processor.py:641} INFO - Processing file /root/airflow_env/lib/python3.8/site-packages/airflow/example_dags/example_dag_decorator.py for tasks to queue
[2022-06-29 20:21:01,809] {logging_mixin.py:115} INFO - [2022-06-29 20:21:01,809] {dagbag.py:507} INFO - Filling up the DagBag from /root/airflow_env/lib/python3.8/site-packages/airflow/example_dags/example_dag_decorator.py
[2022-06-29 20:21:01,847] {processor.py:651} INFO - DAG(s) dict_keys(['example_dag_decorator']) retrieved from /root/airflow_env/lib/python3.8/site-packages/airflow/example_dags/example_dag_decorator.py
[2022-06-29 20:21:01,900] {logging_mixin.py:115} INFO - [2022-06-29 20:21:01,900] {dag.py:2371} INFO - Sync 1 DAGs
[2022-06-29 20:21:01,923] {logging_mixin.py:115} INFO - [2022-06-29 20:21:01,922] {dag.py:2915} INFO - Setting next_dagrun for example_dag_decorator to None, run_after=None
[2022-06-29 20:21:01,958] {processor.py:161} INFO - Processing /root/airflow_env/lib/python3.8/site-packages/airflow/example_dags/example_dag_decorator.py took 0.193 seconds
[2022-06-29 20:22:37,633] {processor.py:153} INFO - Started process (PID=6720) to work on /root/airflow_env/lib/python3.8/site-packages/airflow/example_dags/example_dag_decorator.py
[2022-06-29 20:22:37,635] {processor.py:641} INFO - Processing file /root/airflow_env/lib/python3.8/site-packages/airflow/example_dags/example_dag_decorator.py for tasks to queue
[2022-06-29 20:22:37,636] {logging_mixin.py:115} INFO - [2022-06-29 20:22:37,636] {dagbag.py:507} INFO - Filling up the DagBag from /root/airflow_env/lib/python3.8/site-packages/airflow/example_dags/example_dag_decorator.py
[2022-06-29 20:22:37,671] {processor.py:651} INFO - DAG(s) dict_keys(['example_dag_decorator']) retrieved from /root/airflow_env/lib/python3.8/site-packages/airflow/example_dags/example_dag_decorator.py
[2022-06-29 20:22:37,722] {logging_mixin.py:115} INFO - [2022-06-29 20:22:37,722] {dag.py:2371} INFO - Sync 1 DAGs
[2022-06-29 20:22:37,732] {logging_mixin.py:115} INFO - [2022-06-29 20:22:37,731] {dag.py:2915} INFO - Setting next_dagrun for example_dag_decorator to None, run_after=None
[2022-06-29 20:22:37,758] {processor.py:161} INFO - Processing /root/airflow_env/lib/python3.8/site-packages/airflow/example_dags/example_dag_decorator.py took 0.131 seconds
[2022-06-29 20:24:12,176] {processor.py:153} INFO - Started process (PID=7341) to work on /root/airflow_env/lib/python3.8/site-packages/airflow/example_dags/example_dag_decorator.py
[2022-06-29 20:24:12,199] {processor.py:641} INFO - Processing file /root/airflow_env/lib/python3.8/site-packages/airflow/example_dags/example_dag_decorator.py for tasks to queue
[2022-06-29 20:24:12,199] {logging_mixin.py:115} INFO - [2022-06-29 20:24:12,199] {dagbag.py:507} INFO - Filling up the DagBag from /root/airflow_env/lib/python3.8/site-packages/airflow/example_dags/example_dag_decorator.py
[2022-06-29 20:24:12,223] {processor.py:651} INFO - DAG(s) dict_keys(['example_dag_decorator']) retrieved from /root/airflow_env/lib/python3.8/site-packages/airflow/example_dags/example_dag_decorator.py
[2022-06-29 20:24:12,268] {logging_mixin.py:115} INFO - [2022-06-29 20:24:12,268] {dag.py:2371} INFO - Sync 1 DAGs
[2022-06-29 20:24:12,281] {logging_mixin.py:115} INFO - [2022-06-29 20:24:12,281] {dag.py:2915} INFO - Setting next_dagrun for example_dag_decorator to None, run_after=None
[2022-06-29 20:24:12,317] {processor.py:161} INFO - Processing /root/airflow_env/lib/python3.8/site-packages/airflow/example_dags/example_dag_decorator.py took 0.145 seconds
[2022-06-29 20:25:43,487] {processor.py:153} INFO - Started process (PID=7943) to work on /root/airflow_env/lib/python3.8/site-packages/airflow/example_dags/example_dag_decorator.py
[2022-06-29 20:25:43,490] {processor.py:641} INFO - Processing file /root/airflow_env/lib/python3.8/site-packages/airflow/example_dags/example_dag_decorator.py for tasks to queue
[2022-06-29 20:25:43,490] {logging_mixin.py:115} INFO - [2022-06-29 20:25:43,490] {dagbag.py:507} INFO - Filling up the DagBag from /root/airflow_env/lib/python3.8/site-packages/airflow/example_dags/example_dag_decorator.py
[2022-06-29 20:25:43,507] {processor.py:651} INFO - DAG(s) dict_keys(['example_dag_decorator']) retrieved from /root/airflow_env/lib/python3.8/site-packages/airflow/example_dags/example_dag_decorator.py
[2022-06-29 20:25:43,520] {logging_mixin.py:115} INFO - [2022-06-29 20:25:43,519] {dag.py:2371} INFO - Sync 1 DAGs
[2022-06-29 20:25:43,531] {logging_mixin.py:115} INFO - [2022-06-29 20:25:43,531] {dag.py:2915} INFO - Setting next_dagrun for example_dag_decorator to None, run_after=None
[2022-06-29 20:25:43,552] {processor.py:161} INFO - Processing /root/airflow_env/lib/python3.8/site-packages/airflow/example_dags/example_dag_decorator.py took 0.068 seconds
[2022-06-29 20:27:23,097] {processor.py:153} INFO - Started process (PID=8565) to work on /root/airflow_env/lib/python3.8/site-packages/airflow/example_dags/example_dag_decorator.py
[2022-06-29 20:27:23,098] {processor.py:641} INFO - Processing file /root/airflow_env/lib/python3.8/site-packages/airflow/example_dags/example_dag_decorator.py for tasks to queue
[2022-06-29 20:27:23,099] {logging_mixin.py:115} INFO - [2022-06-29 20:27:23,098] {dagbag.py:507} INFO - Filling up the DagBag from /root/airflow_env/lib/python3.8/site-packages/airflow/example_dags/example_dag_decorator.py
[2022-06-29 20:27:23,119] {processor.py:651} INFO - DAG(s) dict_keys(['example_dag_decorator']) retrieved from /root/airflow_env/lib/python3.8/site-packages/airflow/example_dags/example_dag_decorator.py
[2022-06-29 20:27:23,155] {logging_mixin.py:115} INFO - [2022-06-29 20:27:23,155] {dag.py:2371} INFO - Sync 1 DAGs
[2022-06-29 20:27:23,167] {logging_mixin.py:115} INFO - [2022-06-29 20:27:23,167] {dag.py:2915} INFO - Setting next_dagrun for example_dag_decorator to None, run_after=None
[2022-06-29 20:27:23,189] {processor.py:161} INFO - Processing /root/airflow_env/lib/python3.8/site-packages/airflow/example_dags/example_dag_decorator.py took 0.096 seconds
[2022-06-29 20:29:02,375] {processor.py:153} INFO - Started process (PID=9186) to work on /root/airflow_env/lib/python3.8/site-packages/airflow/example_dags/example_dag_decorator.py
[2022-06-29 20:29:02,416] {processor.py:641} INFO - Processing file /root/airflow_env/lib/python3.8/site-packages/airflow/example_dags/example_dag_decorator.py for tasks to queue
[2022-06-29 20:29:02,417] {logging_mixin.py:115} INFO - [2022-06-29 20:29:02,417] {dagbag.py:507} INFO - Filling up the DagBag from /root/airflow_env/lib/python3.8/site-packages/airflow/example_dags/example_dag_decorator.py
[2022-06-29 20:29:02,453] {processor.py:651} INFO - DAG(s) dict_keys(['example_dag_decorator']) retrieved from /root/airflow_env/lib/python3.8/site-packages/airflow/example_dags/example_dag_decorator.py
[2022-06-29 20:29:02,496] {logging_mixin.py:115} INFO - [2022-06-29 20:29:02,496] {dag.py:2371} INFO - Sync 1 DAGs
[2022-06-29 20:29:02,513] {logging_mixin.py:115} INFO - [2022-06-29 20:29:02,513] {dag.py:2915} INFO - Setting next_dagrun for example_dag_decorator to None, run_after=None
[2022-06-29 20:29:02,538] {processor.py:161} INFO - Processing /root/airflow_env/lib/python3.8/site-packages/airflow/example_dags/example_dag_decorator.py took 0.170 seconds
[2022-06-29 20:30:33,992] {processor.py:153} INFO - Started process (PID=9771) to work on /root/airflow_env/lib/python3.8/site-packages/airflow/example_dags/example_dag_decorator.py
[2022-06-29 20:30:33,995] {processor.py:641} INFO - Processing file /root/airflow_env/lib/python3.8/site-packages/airflow/example_dags/example_dag_decorator.py for tasks to queue
[2022-06-29 20:30:33,996] {logging_mixin.py:115} INFO - [2022-06-29 20:30:33,996] {dagbag.py:507} INFO - Filling up the DagBag from /root/airflow_env/lib/python3.8/site-packages/airflow/example_dags/example_dag_decorator.py
[2022-06-29 20:30:34,033] {processor.py:651} INFO - DAG(s) dict_keys(['example_dag_decorator']) retrieved from /root/airflow_env/lib/python3.8/site-packages/airflow/example_dags/example_dag_decorator.py
[2022-06-29 20:30:34,046] {logging_mixin.py:115} INFO - [2022-06-29 20:30:34,046] {dag.py:2371} INFO - Sync 1 DAGs
[2022-06-29 20:30:34,060] {logging_mixin.py:115} INFO - [2022-06-29 20:30:34,060] {dag.py:2915} INFO - Setting next_dagrun for example_dag_decorator to None, run_after=None
[2022-06-29 20:30:34,091] {processor.py:161} INFO - Processing /root/airflow_env/lib/python3.8/site-packages/airflow/example_dags/example_dag_decorator.py took 0.106 seconds
[2022-06-29 20:31:50,239] {processor.py:153} INFO - Started process (PID=10303) to work on /root/airflow_env/lib/python3.8/site-packages/airflow/example_dags/example_dag_decorator.py
[2022-06-29 20:31:50,242] {processor.py:641} INFO - Processing file /root/airflow_env/lib/python3.8/site-packages/airflow/example_dags/example_dag_decorator.py for tasks to queue
[2022-06-29 20:31:50,243] {logging_mixin.py:115} INFO - [2022-06-29 20:31:50,243] {dagbag.py:507} INFO - Filling up the DagBag from /root/airflow_env/lib/python3.8/site-packages/airflow/example_dags/example_dag_decorator.py
[2022-06-29 20:31:50,291] {processor.py:651} INFO - DAG(s) dict_keys(['example_dag_decorator']) retrieved from /root/airflow_env/lib/python3.8/site-packages/airflow/example_dags/example_dag_decorator.py
[2022-06-29 20:31:50,342] {logging_mixin.py:115} INFO - [2022-06-29 20:31:50,342] {dag.py:2371} INFO - Sync 1 DAGs
[2022-06-29 20:31:50,356] {logging_mixin.py:115} INFO - [2022-06-29 20:31:50,356] {dag.py:2915} INFO - Setting next_dagrun for example_dag_decorator to None, run_after=None
[2022-06-29 20:31:50,381] {processor.py:161} INFO - Processing /root/airflow_env/lib/python3.8/site-packages/airflow/example_dags/example_dag_decorator.py took 0.148 seconds
[2022-06-29 21:22:00,767] {processor.py:153} INFO - Started process (PID=11539) to work on /root/airflow_env/lib/python3.8/site-packages/airflow/example_dags/example_dag_decorator.py
[2022-06-29 21:22:00,768] {processor.py:641} INFO - Processing file /root/airflow_env/lib/python3.8/site-packages/airflow/example_dags/example_dag_decorator.py for tasks to queue
[2022-06-29 21:22:00,769] {logging_mixin.py:115} INFO - [2022-06-29 21:22:00,768] {dagbag.py:507} INFO - Filling up the DagBag from /root/airflow_env/lib/python3.8/site-packages/airflow/example_dags/example_dag_decorator.py
[2022-06-29 21:22:00,782] {processor.py:651} INFO - DAG(s) dict_keys(['example_dag_decorator']) retrieved from /root/airflow_env/lib/python3.8/site-packages/airflow/example_dags/example_dag_decorator.py
[2022-06-29 21:22:00,806] {logging_mixin.py:115} INFO - [2022-06-29 21:22:00,805] {dag.py:2371} INFO - Sync 1 DAGs
[2022-06-29 21:22:00,815] {logging_mixin.py:115} INFO - [2022-06-29 21:22:00,815] {dag.py:2915} INFO - Setting next_dagrun for example_dag_decorator to None, run_after=None
[2022-06-29 21:22:00,839] {processor.py:161} INFO - Processing /root/airflow_env/lib/python3.8/site-packages/airflow/example_dags/example_dag_decorator.py took 0.075 seconds
[2022-06-29 21:23:25,845] {processor.py:153} INFO - Started process (PID=12330) to work on /root/airflow_env/lib/python3.8/site-packages/airflow/example_dags/example_dag_decorator.py
[2022-06-29 21:23:25,846] {processor.py:641} INFO - Processing file /root/airflow_env/lib/python3.8/site-packages/airflow/example_dags/example_dag_decorator.py for tasks to queue
[2022-06-29 21:23:25,846] {logging_mixin.py:115} INFO - [2022-06-29 21:23:25,846] {dagbag.py:507} INFO - Filling up the DagBag from /root/airflow_env/lib/python3.8/site-packages/airflow/example_dags/example_dag_decorator.py
[2022-06-29 21:23:25,862] {processor.py:651} INFO - DAG(s) dict_keys(['example_dag_decorator']) retrieved from /root/airflow_env/lib/python3.8/site-packages/airflow/example_dags/example_dag_decorator.py
[2022-06-29 21:23:25,887] {logging_mixin.py:115} INFO - [2022-06-29 21:23:25,887] {dag.py:2371} INFO - Sync 1 DAGs
[2022-06-29 21:23:25,896] {logging_mixin.py:115} INFO - [2022-06-29 21:23:25,896] {dag.py:2915} INFO - Setting next_dagrun for example_dag_decorator to None, run_after=None
[2022-06-29 21:23:25,919] {processor.py:161} INFO - Processing /root/airflow_env/lib/python3.8/site-packages/airflow/example_dags/example_dag_decorator.py took 0.077 seconds
[2022-06-29 21:24:19,878] {processor.py:153} INFO - Started process (PID=12838) to work on /root/airflow_env/lib/python3.8/site-packages/airflow/example_dags/example_dag_decorator.py
[2022-06-29 21:24:19,879] {processor.py:641} INFO - Processing file /root/airflow_env/lib/python3.8/site-packages/airflow/example_dags/example_dag_decorator.py for tasks to queue
[2022-06-29 21:24:19,879] {logging_mixin.py:115} INFO - [2022-06-29 21:24:19,879] {dagbag.py:507} INFO - Filling up the DagBag from /root/airflow_env/lib/python3.8/site-packages/airflow/example_dags/example_dag_decorator.py
[2022-06-29 21:24:19,891] {processor.py:651} INFO - DAG(s) dict_keys(['example_dag_decorator']) retrieved from /root/airflow_env/lib/python3.8/site-packages/airflow/example_dags/example_dag_decorator.py
[2022-06-29 21:24:19,915] {logging_mixin.py:115} INFO - [2022-06-29 21:24:19,915] {dag.py:2371} INFO - Sync 1 DAGs
[2022-06-29 21:24:19,923] {logging_mixin.py:115} INFO - [2022-06-29 21:24:19,923] {dag.py:2915} INFO - Setting next_dagrun for example_dag_decorator to None, run_after=None
[2022-06-29 21:24:19,943] {processor.py:161} INFO - Processing /root/airflow_env/lib/python3.8/site-packages/airflow/example_dags/example_dag_decorator.py took 0.067 seconds
[2022-06-29 21:25:18,348] {processor.py:153} INFO - Started process (PID=13385) to work on /root/airflow_env/lib/python3.8/site-packages/airflow/example_dags/example_dag_decorator.py
[2022-06-29 21:25:18,349] {processor.py:641} INFO - Processing file /root/airflow_env/lib/python3.8/site-packages/airflow/example_dags/example_dag_decorator.py for tasks to queue
[2022-06-29 21:25:18,350] {logging_mixin.py:115} INFO - [2022-06-29 21:25:18,350] {dagbag.py:507} INFO - Filling up the DagBag from /root/airflow_env/lib/python3.8/site-packages/airflow/example_dags/example_dag_decorator.py
[2022-06-29 21:25:18,367] {processor.py:651} INFO - DAG(s) dict_keys(['example_dag_decorator']) retrieved from /root/airflow_env/lib/python3.8/site-packages/airflow/example_dags/example_dag_decorator.py
[2022-06-29 21:25:18,399] {logging_mixin.py:115} INFO - [2022-06-29 21:25:18,399] {dag.py:2371} INFO - Sync 1 DAGs
[2022-06-29 21:25:18,414] {logging_mixin.py:115} INFO - [2022-06-29 21:25:18,414] {dag.py:2915} INFO - Setting next_dagrun for example_dag_decorator to None, run_after=None
[2022-06-29 21:25:18,437] {processor.py:161} INFO - Processing /root/airflow_env/lib/python3.8/site-packages/airflow/example_dags/example_dag_decorator.py took 0.092 seconds
[2022-06-29 21:26:11,926] {processor.py:153} INFO - Started process (PID=13893) to work on /root/airflow_env/lib/python3.8/site-packages/airflow/example_dags/example_dag_decorator.py
[2022-06-29 21:26:11,928] {processor.py:641} INFO - Processing file /root/airflow_env/lib/python3.8/site-packages/airflow/example_dags/example_dag_decorator.py for tasks to queue
[2022-06-29 21:26:11,928] {logging_mixin.py:115} INFO - [2022-06-29 21:26:11,928] {dagbag.py:507} INFO - Filling up the DagBag from /root/airflow_env/lib/python3.8/site-packages/airflow/example_dags/example_dag_decorator.py
[2022-06-29 21:26:11,943] {processor.py:651} INFO - DAG(s) dict_keys(['example_dag_decorator']) retrieved from /root/airflow_env/lib/python3.8/site-packages/airflow/example_dags/example_dag_decorator.py
[2022-06-29 21:26:11,952] {logging_mixin.py:115} INFO - [2022-06-29 21:26:11,952] {dag.py:2371} INFO - Sync 1 DAGs
[2022-06-29 21:26:11,964] {logging_mixin.py:115} INFO - [2022-06-29 21:26:11,964] {dag.py:2915} INFO - Setting next_dagrun for example_dag_decorator to None, run_after=None
[2022-06-29 21:26:11,985] {processor.py:161} INFO - Processing /root/airflow_env/lib/python3.8/site-packages/airflow/example_dags/example_dag_decorator.py took 0.062 seconds
[2022-06-29 21:27:11,264] {processor.py:153} INFO - Started process (PID=14439) to work on /root/airflow_env/lib/python3.8/site-packages/airflow/example_dags/example_dag_decorator.py
[2022-06-29 21:27:11,266] {processor.py:641} INFO - Processing file /root/airflow_env/lib/python3.8/site-packages/airflow/example_dags/example_dag_decorator.py for tasks to queue
[2022-06-29 21:27:11,267] {logging_mixin.py:115} INFO - [2022-06-29 21:27:11,267] {dagbag.py:507} INFO - Filling up the DagBag from /root/airflow_env/lib/python3.8/site-packages/airflow/example_dags/example_dag_decorator.py
[2022-06-29 21:27:11,282] {processor.py:651} INFO - DAG(s) dict_keys(['example_dag_decorator']) retrieved from /root/airflow_env/lib/python3.8/site-packages/airflow/example_dags/example_dag_decorator.py
[2022-06-29 21:27:11,308] {logging_mixin.py:115} INFO - [2022-06-29 21:27:11,308] {dag.py:2371} INFO - Sync 1 DAGs
[2022-06-29 21:27:11,316] {logging_mixin.py:115} INFO - [2022-06-29 21:27:11,316] {dag.py:2915} INFO - Setting next_dagrun for example_dag_decorator to None, run_after=None
[2022-06-29 21:27:11,338] {processor.py:161} INFO - Processing /root/airflow_env/lib/python3.8/site-packages/airflow/example_dags/example_dag_decorator.py took 0.076 seconds
[2022-06-29 21:28:05,205] {processor.py:153} INFO - Started process (PID=14947) to work on /root/airflow_env/lib/python3.8/site-packages/airflow/example_dags/example_dag_decorator.py
[2022-06-29 21:28:05,208] {processor.py:641} INFO - Processing file /root/airflow_env/lib/python3.8/site-packages/airflow/example_dags/example_dag_decorator.py for tasks to queue
[2022-06-29 21:28:05,209] {logging_mixin.py:115} INFO - [2022-06-29 21:28:05,209] {dagbag.py:507} INFO - Filling up the DagBag from /root/airflow_env/lib/python3.8/site-packages/airflow/example_dags/example_dag_decorator.py
[2022-06-29 21:28:05,221] {processor.py:651} INFO - DAG(s) dict_keys(['example_dag_decorator']) retrieved from /root/airflow_env/lib/python3.8/site-packages/airflow/example_dags/example_dag_decorator.py
[2022-06-29 21:28:05,230] {logging_mixin.py:115} INFO - [2022-06-29 21:28:05,230] {dag.py:2371} INFO - Sync 1 DAGs
[2022-06-29 21:28:05,244] {logging_mixin.py:115} INFO - [2022-06-29 21:28:05,244] {dag.py:2915} INFO - Setting next_dagrun for example_dag_decorator to None, run_after=None
[2022-06-29 21:28:05,264] {processor.py:161} INFO - Processing /root/airflow_env/lib/python3.8/site-packages/airflow/example_dags/example_dag_decorator.py took 0.062 seconds
[2022-06-29 21:29:04,264] {processor.py:153} INFO - Started process (PID=15493) to work on /root/airflow_env/lib/python3.8/site-packages/airflow/example_dags/example_dag_decorator.py
[2022-06-29 21:29:04,266] {processor.py:641} INFO - Processing file /root/airflow_env/lib/python3.8/site-packages/airflow/example_dags/example_dag_decorator.py for tasks to queue
[2022-06-29 21:29:04,266] {logging_mixin.py:115} INFO - [2022-06-29 21:29:04,266] {dagbag.py:507} INFO - Filling up the DagBag from /root/airflow_env/lib/python3.8/site-packages/airflow/example_dags/example_dag_decorator.py
[2022-06-29 21:29:04,284] {processor.py:651} INFO - DAG(s) dict_keys(['example_dag_decorator']) retrieved from /root/airflow_env/lib/python3.8/site-packages/airflow/example_dags/example_dag_decorator.py
[2022-06-29 21:29:04,310] {logging_mixin.py:115} INFO - [2022-06-29 21:29:04,310] {dag.py:2371} INFO - Sync 1 DAGs
[2022-06-29 21:29:04,318] {logging_mixin.py:115} INFO - [2022-06-29 21:29:04,318] {dag.py:2915} INFO - Setting next_dagrun for example_dag_decorator to None, run_after=None
[2022-06-29 21:29:04,345] {processor.py:161} INFO - Processing /root/airflow_env/lib/python3.8/site-packages/airflow/example_dags/example_dag_decorator.py took 0.084 seconds
[2022-06-29 21:29:53,650] {processor.py:153} INFO - Started process (PID=15984) to work on /root/airflow_env/lib/python3.8/site-packages/airflow/example_dags/example_dag_decorator.py
[2022-06-29 21:29:53,652] {processor.py:641} INFO - Processing file /root/airflow_env/lib/python3.8/site-packages/airflow/example_dags/example_dag_decorator.py for tasks to queue
[2022-06-29 21:29:53,652] {logging_mixin.py:115} INFO - [2022-06-29 21:29:53,652] {dagbag.py:507} INFO - Filling up the DagBag from /root/airflow_env/lib/python3.8/site-packages/airflow/example_dags/example_dag_decorator.py
[2022-06-29 21:29:53,667] {processor.py:651} INFO - DAG(s) dict_keys(['example_dag_decorator']) retrieved from /root/airflow_env/lib/python3.8/site-packages/airflow/example_dags/example_dag_decorator.py
[2022-06-29 21:29:53,691] {logging_mixin.py:115} INFO - [2022-06-29 21:29:53,691] {dag.py:2371} INFO - Sync 1 DAGs
[2022-06-29 21:29:53,704] {logging_mixin.py:115} INFO - [2022-06-29 21:29:53,704] {dag.py:2915} INFO - Setting next_dagrun for example_dag_decorator to None, run_after=None
[2022-06-29 21:29:53,725] {processor.py:161} INFO - Processing /root/airflow_env/lib/python3.8/site-packages/airflow/example_dags/example_dag_decorator.py took 0.078 seconds
[2022-06-29 21:31:19,612] {processor.py:153} INFO - Started process (PID=16853) to work on /root/airflow_env/lib/python3.8/site-packages/airflow/example_dags/example_dag_decorator.py
[2022-06-29 21:31:19,613] {processor.py:641} INFO - Processing file /root/airflow_env/lib/python3.8/site-packages/airflow/example_dags/example_dag_decorator.py for tasks to queue
[2022-06-29 21:31:19,614] {logging_mixin.py:115} INFO - [2022-06-29 21:31:19,614] {dagbag.py:507} INFO - Filling up the DagBag from /root/airflow_env/lib/python3.8/site-packages/airflow/example_dags/example_dag_decorator.py
[2022-06-29 21:31:19,626] {processor.py:651} INFO - DAG(s) dict_keys(['example_dag_decorator']) retrieved from /root/airflow_env/lib/python3.8/site-packages/airflow/example_dags/example_dag_decorator.py
[2022-06-29 21:31:19,651] {logging_mixin.py:115} INFO - [2022-06-29 21:31:19,651] {dag.py:2371} INFO - Sync 1 DAGs
[2022-06-29 21:31:19,659] {logging_mixin.py:115} INFO - [2022-06-29 21:31:19,658] {dag.py:2915} INFO - Setting next_dagrun for example_dag_decorator to None, run_after=None
[2022-06-29 21:31:19,678] {processor.py:161} INFO - Processing /root/airflow_env/lib/python3.8/site-packages/airflow/example_dags/example_dag_decorator.py took 0.067 seconds
[2022-06-29 21:32:17,192] {processor.py:153} INFO - Started process (PID=17398) to work on /root/airflow_env/lib/python3.8/site-packages/airflow/example_dags/example_dag_decorator.py
[2022-06-29 21:32:17,193] {processor.py:641} INFO - Processing file /root/airflow_env/lib/python3.8/site-packages/airflow/example_dags/example_dag_decorator.py for tasks to queue
[2022-06-29 21:32:17,194] {logging_mixin.py:115} INFO - [2022-06-29 21:32:17,194] {dagbag.py:507} INFO - Filling up the DagBag from /root/airflow_env/lib/python3.8/site-packages/airflow/example_dags/example_dag_decorator.py
[2022-06-29 21:32:17,211] {processor.py:651} INFO - DAG(s) dict_keys(['example_dag_decorator']) retrieved from /root/airflow_env/lib/python3.8/site-packages/airflow/example_dags/example_dag_decorator.py
[2022-06-29 21:32:17,248] {logging_mixin.py:115} INFO - [2022-06-29 21:32:17,248] {dag.py:2371} INFO - Sync 1 DAGs
[2022-06-29 21:32:17,259] {logging_mixin.py:115} INFO - [2022-06-29 21:32:17,259] {dag.py:2915} INFO - Setting next_dagrun for example_dag_decorator to None, run_after=None
[2022-06-29 21:32:17,286] {processor.py:161} INFO - Processing /root/airflow_env/lib/python3.8/site-packages/airflow/example_dags/example_dag_decorator.py took 0.097 seconds
[2022-06-29 21:33:14,277] {processor.py:153} INFO - Started process (PID=17944) to work on /root/airflow_env/lib/python3.8/site-packages/airflow/example_dags/example_dag_decorator.py
[2022-06-29 21:33:14,278] {processor.py:641} INFO - Processing file /root/airflow_env/lib/python3.8/site-packages/airflow/example_dags/example_dag_decorator.py for tasks to queue
[2022-06-29 21:33:14,278] {logging_mixin.py:115} INFO - [2022-06-29 21:33:14,278] {dagbag.py:507} INFO - Filling up the DagBag from /root/airflow_env/lib/python3.8/site-packages/airflow/example_dags/example_dag_decorator.py
[2022-06-29 21:33:14,292] {processor.py:651} INFO - DAG(s) dict_keys(['example_dag_decorator']) retrieved from /root/airflow_env/lib/python3.8/site-packages/airflow/example_dags/example_dag_decorator.py
[2022-06-29 21:33:14,301] {logging_mixin.py:115} INFO - [2022-06-29 21:33:14,301] {dag.py:2371} INFO - Sync 1 DAGs
[2022-06-29 21:33:14,310] {logging_mixin.py:115} INFO - [2022-06-29 21:33:14,310] {dag.py:2915} INFO - Setting next_dagrun for example_dag_decorator to None, run_after=None
[2022-06-29 21:33:14,330] {processor.py:161} INFO - Processing /root/airflow_env/lib/python3.8/site-packages/airflow/example_dags/example_dag_decorator.py took 0.056 seconds
[2022-06-29 21:34:06,490] {processor.py:153} INFO - Started process (PID=18452) to work on /root/airflow_env/lib/python3.8/site-packages/airflow/example_dags/example_dag_decorator.py
[2022-06-29 21:34:06,492] {processor.py:641} INFO - Processing file /root/airflow_env/lib/python3.8/site-packages/airflow/example_dags/example_dag_decorator.py for tasks to queue
[2022-06-29 21:34:06,492] {logging_mixin.py:115} INFO - [2022-06-29 21:34:06,492] {dagbag.py:507} INFO - Filling up the DagBag from /root/airflow_env/lib/python3.8/site-packages/airflow/example_dags/example_dag_decorator.py
[2022-06-29 21:34:06,511] {processor.py:651} INFO - DAG(s) dict_keys(['example_dag_decorator']) retrieved from /root/airflow_env/lib/python3.8/site-packages/airflow/example_dags/example_dag_decorator.py
[2022-06-29 21:34:06,523] {logging_mixin.py:115} INFO - [2022-06-29 21:34:06,523] {dag.py:2371} INFO - Sync 1 DAGs
[2022-06-29 21:34:06,537] {logging_mixin.py:115} INFO - [2022-06-29 21:34:06,536] {dag.py:2915} INFO - Setting next_dagrun for example_dag_decorator to None, run_after=None
[2022-06-29 21:34:06,564] {processor.py:161} INFO - Processing /root/airflow_env/lib/python3.8/site-packages/airflow/example_dags/example_dag_decorator.py took 0.076 seconds
[2022-06-29 22:56:44,769] {processor.py:153} INFO - Started process (PID=18964) to work on /root/airflow_env/lib/python3.8/site-packages/airflow/example_dags/example_dag_decorator.py
[2022-06-29 22:56:44,771] {processor.py:641} INFO - Processing file /root/airflow_env/lib/python3.8/site-packages/airflow/example_dags/example_dag_decorator.py for tasks to queue
[2022-06-29 22:56:44,771] {logging_mixin.py:115} INFO - [2022-06-29 22:56:44,771] {dagbag.py:507} INFO - Filling up the DagBag from /root/airflow_env/lib/python3.8/site-packages/airflow/example_dags/example_dag_decorator.py
[2022-06-29 22:56:44,786] {processor.py:651} INFO - DAG(s) dict_keys(['example_dag_decorator']) retrieved from /root/airflow_env/lib/python3.8/site-packages/airflow/example_dags/example_dag_decorator.py
[2022-06-29 22:56:44,813] {logging_mixin.py:115} INFO - [2022-06-29 22:56:44,813] {dag.py:2371} INFO - Sync 1 DAGs
[2022-06-29 22:56:44,823] {logging_mixin.py:115} INFO - [2022-06-29 22:56:44,823] {dag.py:2915} INFO - Setting next_dagrun for example_dag_decorator to None, run_after=None
[2022-06-29 22:56:44,844] {processor.py:161} INFO - Processing /root/airflow_env/lib/python3.8/site-packages/airflow/example_dags/example_dag_decorator.py took 0.078 seconds
