[2022-06-29 20:12:36,684] {processor.py:153} INFO - Started process (PID=2748) to work on /root/airflow_env/lib/python3.8/site-packages/airflow/example_dags/example_trigger_target_dag.py
[2022-06-29 20:12:36,685] {processor.py:641} INFO - Processing file /root/airflow_env/lib/python3.8/site-packages/airflow/example_dags/example_trigger_target_dag.py for tasks to queue
[2022-06-29 20:12:36,686] {logging_mixin.py:115} INFO - [2022-06-29 20:12:36,686] {dagbag.py:507} INFO - Filling up the DagBag from /root/airflow_env/lib/python3.8/site-packages/airflow/example_dags/example_trigger_target_dag.py
[2022-06-29 20:12:36,722] {processor.py:651} INFO - DAG(s) dict_keys(['example_trigger_target_dag']) retrieved from /root/airflow_env/lib/python3.8/site-packages/airflow/example_dags/example_trigger_target_dag.py
[2022-06-29 20:12:36,754] {logging_mixin.py:115} INFO - [2022-06-29 20:12:36,753] {dag.py:2371} INFO - Sync 1 DAGs
[2022-06-29 20:12:36,772] {logging_mixin.py:115} INFO - [2022-06-29 20:12:36,771] {dag.py:2915} INFO - Setting next_dagrun for example_trigger_target_dag to None, run_after=None
[2022-06-29 20:12:36,800] {processor.py:161} INFO - Processing /root/airflow_env/lib/python3.8/site-packages/airflow/example_dags/example_trigger_target_dag.py took 0.122 seconds
[2022-06-29 20:15:36,630] {processor.py:153} INFO - Started process (PID=3934) to work on /root/airflow_env/lib/python3.8/site-packages/airflow/example_dags/example_trigger_target_dag.py
[2022-06-29 20:15:36,631] {processor.py:641} INFO - Processing file /root/airflow_env/lib/python3.8/site-packages/airflow/example_dags/example_trigger_target_dag.py for tasks to queue
[2022-06-29 20:15:36,632] {logging_mixin.py:115} INFO - [2022-06-29 20:15:36,632] {dagbag.py:507} INFO - Filling up the DagBag from /root/airflow_env/lib/python3.8/site-packages/airflow/example_dags/example_trigger_target_dag.py
[2022-06-29 20:15:36,652] {processor.py:651} INFO - DAG(s) dict_keys(['example_trigger_target_dag']) retrieved from /root/airflow_env/lib/python3.8/site-packages/airflow/example_dags/example_trigger_target_dag.py
[2022-06-29 20:15:36,665] {logging_mixin.py:115} INFO - [2022-06-29 20:15:36,665] {dag.py:2371} INFO - Sync 1 DAGs
[2022-06-29 20:15:36,679] {logging_mixin.py:115} INFO - [2022-06-29 20:15:36,679] {dag.py:2915} INFO - Setting next_dagrun for example_trigger_target_dag to None, run_after=None
[2022-06-29 20:15:36,698] {processor.py:161} INFO - Processing /root/airflow_env/lib/python3.8/site-packages/airflow/example_dags/example_trigger_target_dag.py took 0.074 seconds
[2022-06-29 20:18:42,992] {processor.py:153} INFO - Started process (PID=5177) to work on /root/airflow_env/lib/python3.8/site-packages/airflow/example_dags/example_trigger_target_dag.py
[2022-06-29 20:18:42,993] {processor.py:641} INFO - Processing file /root/airflow_env/lib/python3.8/site-packages/airflow/example_dags/example_trigger_target_dag.py for tasks to queue
[2022-06-29 20:18:42,994] {logging_mixin.py:115} INFO - [2022-06-29 20:18:42,994] {dagbag.py:507} INFO - Filling up the DagBag from /root/airflow_env/lib/python3.8/site-packages/airflow/example_dags/example_trigger_target_dag.py
[2022-06-29 20:18:43,014] {processor.py:651} INFO - DAG(s) dict_keys(['example_trigger_target_dag']) retrieved from /root/airflow_env/lib/python3.8/site-packages/airflow/example_dags/example_trigger_target_dag.py
[2022-06-29 20:18:43,027] {logging_mixin.py:115} INFO - [2022-06-29 20:18:43,027] {dag.py:2371} INFO - Sync 1 DAGs
[2022-06-29 20:18:43,042] {logging_mixin.py:115} INFO - [2022-06-29 20:18:43,042] {dag.py:2915} INFO - Setting next_dagrun for example_trigger_target_dag to None, run_after=None
[2022-06-29 20:18:43,062] {processor.py:161} INFO - Processing /root/airflow_env/lib/python3.8/site-packages/airflow/example_dags/example_trigger_target_dag.py took 0.076 seconds
[2022-06-29 20:21:53,876] {processor.py:153} INFO - Started process (PID=6437) to work on /root/airflow_env/lib/python3.8/site-packages/airflow/example_dags/example_trigger_target_dag.py
[2022-06-29 20:21:53,917] {processor.py:641} INFO - Processing file /root/airflow_env/lib/python3.8/site-packages/airflow/example_dags/example_trigger_target_dag.py for tasks to queue
[2022-06-29 20:21:53,918] {logging_mixin.py:115} INFO - [2022-06-29 20:21:53,918] {dagbag.py:507} INFO - Filling up the DagBag from /root/airflow_env/lib/python3.8/site-packages/airflow/example_dags/example_trigger_target_dag.py
[2022-06-29 20:21:53,950] {processor.py:651} INFO - DAG(s) dict_keys(['example_trigger_target_dag']) retrieved from /root/airflow_env/lib/python3.8/site-packages/airflow/example_dags/example_trigger_target_dag.py
[2022-06-29 20:21:53,965] {logging_mixin.py:115} INFO - [2022-06-29 20:21:53,965] {dag.py:2371} INFO - Sync 1 DAGs
[2022-06-29 20:21:53,990] {logging_mixin.py:115} INFO - [2022-06-29 20:21:53,990] {dag.py:2915} INFO - Setting next_dagrun for example_trigger_target_dag to None, run_after=None
[2022-06-29 20:21:54,025] {processor.py:161} INFO - Processing /root/airflow_env/lib/python3.8/site-packages/airflow/example_dags/example_trigger_target_dag.py took 0.153 seconds
[2022-06-29 20:24:56,468] {processor.py:153} INFO - Started process (PID=7624) to work on /root/airflow_env/lib/python3.8/site-packages/airflow/example_dags/example_trigger_target_dag.py
[2022-06-29 20:24:56,470] {processor.py:641} INFO - Processing file /root/airflow_env/lib/python3.8/site-packages/airflow/example_dags/example_trigger_target_dag.py for tasks to queue
[2022-06-29 20:24:56,471] {logging_mixin.py:115} INFO - [2022-06-29 20:24:56,471] {dagbag.py:507} INFO - Filling up the DagBag from /root/airflow_env/lib/python3.8/site-packages/airflow/example_dags/example_trigger_target_dag.py
[2022-06-29 20:24:56,502] {processor.py:651} INFO - DAG(s) dict_keys(['example_trigger_target_dag']) retrieved from /root/airflow_env/lib/python3.8/site-packages/airflow/example_dags/example_trigger_target_dag.py
[2022-06-29 20:24:56,532] {logging_mixin.py:115} INFO - [2022-06-29 20:24:56,532] {dag.py:2371} INFO - Sync 1 DAGs
[2022-06-29 20:24:56,558] {logging_mixin.py:115} INFO - [2022-06-29 20:24:56,558] {dag.py:2915} INFO - Setting next_dagrun for example_trigger_target_dag to None, run_after=None
[2022-06-29 20:24:56,587] {processor.py:161} INFO - Processing /root/airflow_env/lib/python3.8/site-packages/airflow/example_dags/example_trigger_target_dag.py took 0.127 seconds
[2022-06-29 20:28:10,816] {processor.py:153} INFO - Started process (PID=8867) to work on /root/airflow_env/lib/python3.8/site-packages/airflow/example_dags/example_trigger_target_dag.py
[2022-06-29 20:28:10,818] {processor.py:641} INFO - Processing file /root/airflow_env/lib/python3.8/site-packages/airflow/example_dags/example_trigger_target_dag.py for tasks to queue
[2022-06-29 20:28:10,819] {logging_mixin.py:115} INFO - [2022-06-29 20:28:10,818] {dagbag.py:507} INFO - Filling up the DagBag from /root/airflow_env/lib/python3.8/site-packages/airflow/example_dags/example_trigger_target_dag.py
[2022-06-29 20:28:10,846] {processor.py:651} INFO - DAG(s) dict_keys(['example_trigger_target_dag']) retrieved from /root/airflow_env/lib/python3.8/site-packages/airflow/example_dags/example_trigger_target_dag.py
[2022-06-29 20:28:10,860] {logging_mixin.py:115} INFO - [2022-06-29 20:28:10,860] {dag.py:2371} INFO - Sync 1 DAGs
[2022-06-29 20:28:10,873] {logging_mixin.py:115} INFO - [2022-06-29 20:28:10,873] {dag.py:2915} INFO - Setting next_dagrun for example_trigger_target_dag to None, run_after=None
[2022-06-29 20:28:10,894] {processor.py:161} INFO - Processing /root/airflow_env/lib/python3.8/site-packages/airflow/example_dags/example_trigger_target_dag.py took 0.082 seconds
[2022-06-29 20:31:13,169] {processor.py:153} INFO - Started process (PID=10056) to work on /root/airflow_env/lib/python3.8/site-packages/airflow/example_dags/example_trigger_target_dag.py
[2022-06-29 20:31:13,172] {processor.py:641} INFO - Processing file /root/airflow_env/lib/python3.8/site-packages/airflow/example_dags/example_trigger_target_dag.py for tasks to queue
[2022-06-29 20:31:13,173] {logging_mixin.py:115} INFO - [2022-06-29 20:31:13,173] {dagbag.py:507} INFO - Filling up the DagBag from /root/airflow_env/lib/python3.8/site-packages/airflow/example_dags/example_trigger_target_dag.py
[2022-06-29 20:31:13,191] {processor.py:651} INFO - DAG(s) dict_keys(['example_trigger_target_dag']) retrieved from /root/airflow_env/lib/python3.8/site-packages/airflow/example_dags/example_trigger_target_dag.py
[2022-06-29 20:31:13,215] {logging_mixin.py:115} INFO - [2022-06-29 20:31:13,214] {dag.py:2371} INFO - Sync 1 DAGs
[2022-06-29 20:31:13,241] {logging_mixin.py:115} INFO - [2022-06-29 20:31:13,241] {dag.py:2915} INFO - Setting next_dagrun for example_trigger_target_dag to None, run_after=None
[2022-06-29 20:31:13,274] {processor.py:161} INFO - Processing /root/airflow_env/lib/python3.8/site-packages/airflow/example_dags/example_trigger_target_dag.py took 0.109 seconds
[2022-06-29 21:22:53,143] {processor.py:153} INFO - Started process (PID=12011) to work on /root/airflow_env/lib/python3.8/site-packages/airflow/example_dags/example_trigger_target_dag.py
[2022-06-29 21:22:53,144] {processor.py:641} INFO - Processing file /root/airflow_env/lib/python3.8/site-packages/airflow/example_dags/example_trigger_target_dag.py for tasks to queue
[2022-06-29 21:22:53,144] {logging_mixin.py:115} INFO - [2022-06-29 21:22:53,144] {dagbag.py:507} INFO - Filling up the DagBag from /root/airflow_env/lib/python3.8/site-packages/airflow/example_dags/example_trigger_target_dag.py
[2022-06-29 21:22:53,155] {processor.py:651} INFO - DAG(s) dict_keys(['example_trigger_target_dag']) retrieved from /root/airflow_env/lib/python3.8/site-packages/airflow/example_dags/example_trigger_target_dag.py
[2022-06-29 21:22:53,164] {logging_mixin.py:115} INFO - [2022-06-29 21:22:53,164] {dag.py:2371} INFO - Sync 1 DAGs
[2022-06-29 21:22:53,175] {logging_mixin.py:115} INFO - [2022-06-29 21:22:53,175] {dag.py:2915} INFO - Setting next_dagrun for example_trigger_target_dag to None, run_after=None
[2022-06-29 21:22:53,197] {processor.py:161} INFO - Processing /root/airflow_env/lib/python3.8/site-packages/airflow/example_dags/example_trigger_target_dag.py took 0.057 seconds
[2022-06-29 21:24:44,619] {processor.py:153} INFO - Started process (PID=13065) to work on /root/airflow_env/lib/python3.8/site-packages/airflow/example_dags/example_trigger_target_dag.py
[2022-06-29 21:24:44,622] {processor.py:641} INFO - Processing file /root/airflow_env/lib/python3.8/site-packages/airflow/example_dags/example_trigger_target_dag.py for tasks to queue
[2022-06-29 21:24:44,623] {logging_mixin.py:115} INFO - [2022-06-29 21:24:44,623] {dagbag.py:507} INFO - Filling up the DagBag from /root/airflow_env/lib/python3.8/site-packages/airflow/example_dags/example_trigger_target_dag.py
[2022-06-29 21:24:44,635] {processor.py:651} INFO - DAG(s) dict_keys(['example_trigger_target_dag']) retrieved from /root/airflow_env/lib/python3.8/site-packages/airflow/example_dags/example_trigger_target_dag.py
[2022-06-29 21:24:44,644] {logging_mixin.py:115} INFO - [2022-06-29 21:24:44,644] {dag.py:2371} INFO - Sync 1 DAGs
[2022-06-29 21:24:44,653] {logging_mixin.py:115} INFO - [2022-06-29 21:24:44,653] {dag.py:2915} INFO - Setting next_dagrun for example_trigger_target_dag to None, run_after=None
[2022-06-29 21:24:44,676] {processor.py:161} INFO - Processing /root/airflow_env/lib/python3.8/site-packages/airflow/example_dags/example_trigger_target_dag.py took 0.061 seconds
[2022-06-29 21:26:37,073] {processor.py:153} INFO - Started process (PID=14120) to work on /root/airflow_env/lib/python3.8/site-packages/airflow/example_dags/example_trigger_target_dag.py
[2022-06-29 21:26:37,076] {processor.py:641} INFO - Processing file /root/airflow_env/lib/python3.8/site-packages/airflow/example_dags/example_trigger_target_dag.py for tasks to queue
[2022-06-29 21:26:37,076] {logging_mixin.py:115} INFO - [2022-06-29 21:26:37,076] {dagbag.py:507} INFO - Filling up the DagBag from /root/airflow_env/lib/python3.8/site-packages/airflow/example_dags/example_trigger_target_dag.py
[2022-06-29 21:26:37,087] {processor.py:651} INFO - DAG(s) dict_keys(['example_trigger_target_dag']) retrieved from /root/airflow_env/lib/python3.8/site-packages/airflow/example_dags/example_trigger_target_dag.py
[2022-06-29 21:26:37,098] {logging_mixin.py:115} INFO - [2022-06-29 21:26:37,098] {dag.py:2371} INFO - Sync 1 DAGs
[2022-06-29 21:26:37,117] {logging_mixin.py:115} INFO - [2022-06-29 21:26:37,116] {dag.py:2915} INFO - Setting next_dagrun for example_trigger_target_dag to None, run_after=None
[2022-06-29 21:26:37,136] {processor.py:161} INFO - Processing /root/airflow_env/lib/python3.8/site-packages/airflow/example_dags/example_trigger_target_dag.py took 0.067 seconds
[2022-06-29 21:28:30,642] {processor.py:153} INFO - Started process (PID=15174) to work on /root/airflow_env/lib/python3.8/site-packages/airflow/example_dags/example_trigger_target_dag.py
[2022-06-29 21:28:30,644] {processor.py:641} INFO - Processing file /root/airflow_env/lib/python3.8/site-packages/airflow/example_dags/example_trigger_target_dag.py for tasks to queue
[2022-06-29 21:28:30,645] {logging_mixin.py:115} INFO - [2022-06-29 21:28:30,645] {dagbag.py:507} INFO - Filling up the DagBag from /root/airflow_env/lib/python3.8/site-packages/airflow/example_dags/example_trigger_target_dag.py
[2022-06-29 21:28:30,656] {processor.py:651} INFO - DAG(s) dict_keys(['example_trigger_target_dag']) retrieved from /root/airflow_env/lib/python3.8/site-packages/airflow/example_dags/example_trigger_target_dag.py
[2022-06-29 21:28:30,665] {logging_mixin.py:115} INFO - [2022-06-29 21:28:30,665] {dag.py:2371} INFO - Sync 1 DAGs
[2022-06-29 21:28:30,676] {logging_mixin.py:115} INFO - [2022-06-29 21:28:30,676] {dag.py:2915} INFO - Setting next_dagrun for example_trigger_target_dag to None, run_after=None
[2022-06-29 21:28:30,700] {processor.py:161} INFO - Processing /root/airflow_env/lib/python3.8/site-packages/airflow/example_dags/example_trigger_target_dag.py took 0.061 seconds
[2022-06-29 21:30:11,586] {processor.py:153} INFO - Started process (PID=16174) to work on /root/airflow_env/lib/python3.8/site-packages/airflow/example_dags/example_trigger_target_dag.py
[2022-06-29 21:30:11,588] {processor.py:641} INFO - Processing file /root/airflow_env/lib/python3.8/site-packages/airflow/example_dags/example_trigger_target_dag.py for tasks to queue
[2022-06-29 21:30:11,588] {logging_mixin.py:115} INFO - [2022-06-29 21:30:11,588] {dagbag.py:507} INFO - Filling up the DagBag from /root/airflow_env/lib/python3.8/site-packages/airflow/example_dags/example_trigger_target_dag.py
[2022-06-29 21:30:11,598] {processor.py:651} INFO - DAG(s) dict_keys(['example_trigger_target_dag']) retrieved from /root/airflow_env/lib/python3.8/site-packages/airflow/example_dags/example_trigger_target_dag.py
[2022-06-29 21:30:11,607] {logging_mixin.py:115} INFO - [2022-06-29 21:30:11,607] {dag.py:2371} INFO - Sync 1 DAGs
[2022-06-29 21:30:11,617] {logging_mixin.py:115} INFO - [2022-06-29 21:30:11,617] {dag.py:2915} INFO - Setting next_dagrun for example_trigger_target_dag to None, run_after=None
[2022-06-29 21:30:11,639] {processor.py:161} INFO - Processing /root/airflow_env/lib/python3.8/site-packages/airflow/example_dags/example_trigger_target_dag.py took 0.056 seconds
[2022-06-29 21:31:42,962] {processor.py:153} INFO - Started process (PID=17079) to work on /root/airflow_env/lib/python3.8/site-packages/airflow/example_dags/example_trigger_target_dag.py
[2022-06-29 21:31:42,964] {processor.py:641} INFO - Processing file /root/airflow_env/lib/python3.8/site-packages/airflow/example_dags/example_trigger_target_dag.py for tasks to queue
[2022-06-29 21:31:42,964] {logging_mixin.py:115} INFO - [2022-06-29 21:31:42,964] {dagbag.py:507} INFO - Filling up the DagBag from /root/airflow_env/lib/python3.8/site-packages/airflow/example_dags/example_trigger_target_dag.py
[2022-06-29 21:31:42,973] {processor.py:651} INFO - DAG(s) dict_keys(['example_trigger_target_dag']) retrieved from /root/airflow_env/lib/python3.8/site-packages/airflow/example_dags/example_trigger_target_dag.py
[2022-06-29 21:31:42,982] {logging_mixin.py:115} INFO - [2022-06-29 21:31:42,982] {dag.py:2371} INFO - Sync 1 DAGs
[2022-06-29 21:31:42,999] {logging_mixin.py:115} INFO - [2022-06-29 21:31:42,999] {dag.py:2915} INFO - Setting next_dagrun for example_trigger_target_dag to None, run_after=None
[2022-06-29 21:31:43,024] {processor.py:161} INFO - Processing /root/airflow_env/lib/python3.8/site-packages/airflow/example_dags/example_trigger_target_dag.py took 0.064 seconds
[2022-06-29 21:33:33,990] {processor.py:153} INFO - Started process (PID=18133) to work on /root/airflow_env/lib/python3.8/site-packages/airflow/example_dags/example_trigger_target_dag.py
[2022-06-29 21:33:33,991] {processor.py:641} INFO - Processing file /root/airflow_env/lib/python3.8/site-packages/airflow/example_dags/example_trigger_target_dag.py for tasks to queue
[2022-06-29 21:33:33,991] {logging_mixin.py:115} INFO - [2022-06-29 21:33:33,991] {dagbag.py:507} INFO - Filling up the DagBag from /root/airflow_env/lib/python3.8/site-packages/airflow/example_dags/example_trigger_target_dag.py
[2022-06-29 21:33:34,003] {processor.py:651} INFO - DAG(s) dict_keys(['example_trigger_target_dag']) retrieved from /root/airflow_env/lib/python3.8/site-packages/airflow/example_dags/example_trigger_target_dag.py
[2022-06-29 21:33:34,012] {logging_mixin.py:115} INFO - [2022-06-29 21:33:34,012] {dag.py:2371} INFO - Sync 1 DAGs
[2022-06-29 21:33:34,022] {logging_mixin.py:115} INFO - [2022-06-29 21:33:34,022] {dag.py:2915} INFO - Setting next_dagrun for example_trigger_target_dag to None, run_after=None
[2022-06-29 21:33:34,045] {processor.py:161} INFO - Processing /root/airflow_env/lib/python3.8/site-packages/airflow/example_dags/example_trigger_target_dag.py took 0.058 seconds
