[2022-06-29 20:12:39,909] {processor.py:153} INFO - Started process (PID=2767) to work on /root/airflow_env/lib/python3.8/site-packages/airflow/example_dags/example_subdag_operator.py
[2022-06-29 20:12:39,910] {processor.py:641} INFO - Processing file /root/airflow_env/lib/python3.8/site-packages/airflow/example_dags/example_subdag_operator.py for tasks to queue
[2022-06-29 20:12:39,911] {logging_mixin.py:115} INFO - [2022-06-29 20:12:39,911] {dagbag.py:507} INFO - Filling up the DagBag from /root/airflow_env/lib/python3.8/site-packages/airflow/example_dags/example_subdag_operator.py
[2022-06-29 20:12:39,941] {processor.py:651} INFO - DAG(s) dict_keys(['example_subdag_operator.section-1', 'example_subdag_operator.section-2', 'example_subdag_operator']) retrieved from /root/airflow_env/lib/python3.8/site-packages/airflow/example_dags/example_subdag_operator.py
[2022-06-29 20:12:39,998] {logging_mixin.py:115} INFO - [2022-06-29 20:12:39,998] {dag.py:2371} INFO - Sync 3 DAGs
[2022-06-29 20:12:40,010] {logging_mixin.py:115} INFO - [2022-06-29 20:12:40,009] {dag.py:2915} INFO - Setting next_dagrun for example_subdag_operator to 2022-06-27T00:00:00+00:00, run_after=2022-06-27T00:00:00+00:00
[2022-06-29 20:12:40,010] {logging_mixin.py:115} INFO - [2022-06-29 20:12:40,010] {dag.py:2915} INFO - Setting next_dagrun for example_subdag_operator.section-1 to None, run_after=None
[2022-06-29 20:12:40,010] {logging_mixin.py:115} INFO - [2022-06-29 20:12:40,010] {dag.py:2915} INFO - Setting next_dagrun for example_subdag_operator.section-2 to None, run_after=None
[2022-06-29 20:12:40,015] {logging_mixin.py:115} INFO - [2022-06-29 20:12:40,015] {dag.py:2371} INFO - Sync 2 DAGs
[2022-06-29 20:12:40,017] {logging_mixin.py:115} INFO - [2022-06-29 20:12:40,017] {dag.py:2915} INFO - Setting next_dagrun for example_subdag_operator.section-1 to None, run_after=None
[2022-06-29 20:12:40,017] {logging_mixin.py:115} INFO - [2022-06-29 20:12:40,017] {dag.py:2915} INFO - Setting next_dagrun for example_subdag_operator.section-2 to None, run_after=None
[2022-06-29 20:12:40,081] {processor.py:161} INFO - Processing /root/airflow_env/lib/python3.8/site-packages/airflow/example_dags/example_subdag_operator.py took 0.179 seconds
[2022-06-29 20:15:41,523] {processor.py:153} INFO - Started process (PID=3971) to work on /root/airflow_env/lib/python3.8/site-packages/airflow/example_dags/example_subdag_operator.py
[2022-06-29 20:15:41,564] {processor.py:641} INFO - Processing file /root/airflow_env/lib/python3.8/site-packages/airflow/example_dags/example_subdag_operator.py for tasks to queue
[2022-06-29 20:15:41,566] {logging_mixin.py:115} INFO - [2022-06-29 20:15:41,565] {dagbag.py:507} INFO - Filling up the DagBag from /root/airflow_env/lib/python3.8/site-packages/airflow/example_dags/example_subdag_operator.py
[2022-06-29 20:15:41,607] {processor.py:651} INFO - DAG(s) dict_keys(['example_subdag_operator.section-1', 'example_subdag_operator.section-2', 'example_subdag_operator']) retrieved from /root/airflow_env/lib/python3.8/site-packages/airflow/example_dags/example_subdag_operator.py
[2022-06-29 20:15:41,632] {logging_mixin.py:115} INFO - [2022-06-29 20:15:41,632] {dag.py:2371} INFO - Sync 3 DAGs
[2022-06-29 20:15:41,647] {logging_mixin.py:115} INFO - [2022-06-29 20:15:41,646] {dag.py:2915} INFO - Setting next_dagrun for example_subdag_operator to 2022-06-27T00:00:00+00:00, run_after=2022-06-27T00:00:00+00:00
[2022-06-29 20:15:41,647] {logging_mixin.py:115} INFO - [2022-06-29 20:15:41,647] {dag.py:2915} INFO - Setting next_dagrun for example_subdag_operator.section-1 to None, run_after=None
[2022-06-29 20:15:41,647] {logging_mixin.py:115} INFO - [2022-06-29 20:15:41,647] {dag.py:2915} INFO - Setting next_dagrun for example_subdag_operator.section-2 to None, run_after=None
[2022-06-29 20:15:41,651] {logging_mixin.py:115} INFO - [2022-06-29 20:15:41,651] {dag.py:2371} INFO - Sync 2 DAGs
[2022-06-29 20:15:41,653] {logging_mixin.py:115} INFO - [2022-06-29 20:15:41,653] {dag.py:2915} INFO - Setting next_dagrun for example_subdag_operator.section-1 to None, run_after=None
[2022-06-29 20:15:41,653] {logging_mixin.py:115} INFO - [2022-06-29 20:15:41,653] {dag.py:2915} INFO - Setting next_dagrun for example_subdag_operator.section-2 to None, run_after=None
[2022-06-29 20:15:41,674] {processor.py:161} INFO - Processing /root/airflow_env/lib/python3.8/site-packages/airflow/example_dags/example_subdag_operator.py took 0.157 seconds
[2022-06-29 20:18:47,895] {processor.py:153} INFO - Started process (PID=5214) to work on /root/airflow_env/lib/python3.8/site-packages/airflow/example_dags/example_subdag_operator.py
[2022-06-29 20:18:47,908] {processor.py:641} INFO - Processing file /root/airflow_env/lib/python3.8/site-packages/airflow/example_dags/example_subdag_operator.py for tasks to queue
[2022-06-29 20:18:47,908] {logging_mixin.py:115} INFO - [2022-06-29 20:18:47,908] {dagbag.py:507} INFO - Filling up the DagBag from /root/airflow_env/lib/python3.8/site-packages/airflow/example_dags/example_subdag_operator.py
[2022-06-29 20:18:47,940] {processor.py:651} INFO - DAG(s) dict_keys(['example_subdag_operator.section-1', 'example_subdag_operator.section-2', 'example_subdag_operator']) retrieved from /root/airflow_env/lib/python3.8/site-packages/airflow/example_dags/example_subdag_operator.py
[2022-06-29 20:18:47,957] {logging_mixin.py:115} INFO - [2022-06-29 20:18:47,957] {dag.py:2371} INFO - Sync 3 DAGs
[2022-06-29 20:18:47,984] {logging_mixin.py:115} INFO - [2022-06-29 20:18:47,983] {dag.py:2915} INFO - Setting next_dagrun for example_subdag_operator to 2022-06-27T00:00:00+00:00, run_after=2022-06-27T00:00:00+00:00
[2022-06-29 20:18:47,984] {logging_mixin.py:115} INFO - [2022-06-29 20:18:47,984] {dag.py:2915} INFO - Setting next_dagrun for example_subdag_operator.section-1 to None, run_after=None
[2022-06-29 20:18:47,984] {logging_mixin.py:115} INFO - [2022-06-29 20:18:47,984] {dag.py:2915} INFO - Setting next_dagrun for example_subdag_operator.section-2 to None, run_after=None
[2022-06-29 20:18:47,993] {logging_mixin.py:115} INFO - [2022-06-29 20:18:47,993] {dag.py:2371} INFO - Sync 2 DAGs
[2022-06-29 20:18:47,999] {logging_mixin.py:115} INFO - [2022-06-29 20:18:47,999] {dag.py:2915} INFO - Setting next_dagrun for example_subdag_operator.section-1 to None, run_after=None
[2022-06-29 20:18:47,999] {logging_mixin.py:115} INFO - [2022-06-29 20:18:47,999] {dag.py:2915} INFO - Setting next_dagrun for example_subdag_operator.section-2 to None, run_after=None
[2022-06-29 20:18:48,025] {processor.py:161} INFO - Processing /root/airflow_env/lib/python3.8/site-packages/airflow/example_dags/example_subdag_operator.py took 0.135 seconds
[2022-06-29 20:21:55,176] {processor.py:153} INFO - Started process (PID=6438) to work on /root/airflow_env/lib/python3.8/site-packages/airflow/example_dags/example_subdag_operator.py
[2022-06-29 20:21:55,179] {processor.py:641} INFO - Processing file /root/airflow_env/lib/python3.8/site-packages/airflow/example_dags/example_subdag_operator.py for tasks to queue
[2022-06-29 20:21:55,180] {logging_mixin.py:115} INFO - [2022-06-29 20:21:55,180] {dagbag.py:507} INFO - Filling up the DagBag from /root/airflow_env/lib/python3.8/site-packages/airflow/example_dags/example_subdag_operator.py
[2022-06-29 20:21:55,222] {processor.py:651} INFO - DAG(s) dict_keys(['example_subdag_operator.section-1', 'example_subdag_operator.section-2', 'example_subdag_operator']) retrieved from /root/airflow_env/lib/python3.8/site-packages/airflow/example_dags/example_subdag_operator.py
[2022-06-29 20:21:55,252] {logging_mixin.py:115} INFO - [2022-06-29 20:21:55,252] {dag.py:2371} INFO - Sync 3 DAGs
[2022-06-29 20:21:55,274] {logging_mixin.py:115} INFO - [2022-06-29 20:21:55,274] {dag.py:2915} INFO - Setting next_dagrun for example_subdag_operator to 2022-06-27T00:00:00+00:00, run_after=2022-06-27T00:00:00+00:00
[2022-06-29 20:21:55,274] {logging_mixin.py:115} INFO - [2022-06-29 20:21:55,274] {dag.py:2915} INFO - Setting next_dagrun for example_subdag_operator.section-1 to None, run_after=None
[2022-06-29 20:21:55,275] {logging_mixin.py:115} INFO - [2022-06-29 20:21:55,275] {dag.py:2915} INFO - Setting next_dagrun for example_subdag_operator.section-2 to None, run_after=None
[2022-06-29 20:21:55,279] {logging_mixin.py:115} INFO - [2022-06-29 20:21:55,279] {dag.py:2371} INFO - Sync 2 DAGs
[2022-06-29 20:21:55,281] {logging_mixin.py:115} INFO - [2022-06-29 20:21:55,281] {dag.py:2915} INFO - Setting next_dagrun for example_subdag_operator.section-1 to None, run_after=None
[2022-06-29 20:21:55,281] {logging_mixin.py:115} INFO - [2022-06-29 20:21:55,281] {dag.py:2915} INFO - Setting next_dagrun for example_subdag_operator.section-2 to None, run_after=None
[2022-06-29 20:21:55,306] {processor.py:161} INFO - Processing /root/airflow_env/lib/python3.8/site-packages/airflow/example_dags/example_subdag_operator.py took 0.136 seconds
[2022-06-29 20:25:01,666] {processor.py:153} INFO - Started process (PID=7661) to work on /root/airflow_env/lib/python3.8/site-packages/airflow/example_dags/example_subdag_operator.py
[2022-06-29 20:25:01,667] {processor.py:641} INFO - Processing file /root/airflow_env/lib/python3.8/site-packages/airflow/example_dags/example_subdag_operator.py for tasks to queue
[2022-06-29 20:25:01,668] {logging_mixin.py:115} INFO - [2022-06-29 20:25:01,667] {dagbag.py:507} INFO - Filling up the DagBag from /root/airflow_env/lib/python3.8/site-packages/airflow/example_dags/example_subdag_operator.py
[2022-06-29 20:25:01,689] {processor.py:651} INFO - DAG(s) dict_keys(['example_subdag_operator.section-1', 'example_subdag_operator.section-2', 'example_subdag_operator']) retrieved from /root/airflow_env/lib/python3.8/site-packages/airflow/example_dags/example_subdag_operator.py
[2022-06-29 20:25:01,703] {logging_mixin.py:115} INFO - [2022-06-29 20:25:01,703] {dag.py:2371} INFO - Sync 3 DAGs
[2022-06-29 20:25:01,717] {logging_mixin.py:115} INFO - [2022-06-29 20:25:01,717] {dag.py:2915} INFO - Setting next_dagrun for example_subdag_operator to 2022-06-27T00:00:00+00:00, run_after=2022-06-27T00:00:00+00:00
[2022-06-29 20:25:01,717] {logging_mixin.py:115} INFO - [2022-06-29 20:25:01,717] {dag.py:2915} INFO - Setting next_dagrun for example_subdag_operator.section-1 to None, run_after=None
[2022-06-29 20:25:01,717] {logging_mixin.py:115} INFO - [2022-06-29 20:25:01,717] {dag.py:2915} INFO - Setting next_dagrun for example_subdag_operator.section-2 to None, run_after=None
[2022-06-29 20:25:01,720] {logging_mixin.py:115} INFO - [2022-06-29 20:25:01,720] {dag.py:2371} INFO - Sync 2 DAGs
[2022-06-29 20:25:01,723] {logging_mixin.py:115} INFO - [2022-06-29 20:25:01,723] {dag.py:2915} INFO - Setting next_dagrun for example_subdag_operator.section-1 to None, run_after=None
[2022-06-29 20:25:01,723] {logging_mixin.py:115} INFO - [2022-06-29 20:25:01,723] {dag.py:2915} INFO - Setting next_dagrun for example_subdag_operator.section-2 to None, run_after=None
[2022-06-29 20:25:01,739] {processor.py:161} INFO - Processing /root/airflow_env/lib/python3.8/site-packages/airflow/example_dags/example_subdag_operator.py took 0.076 seconds
[2022-06-29 20:28:16,031] {processor.py:153} INFO - Started process (PID=8904) to work on /root/airflow_env/lib/python3.8/site-packages/airflow/example_dags/example_subdag_operator.py
[2022-06-29 20:28:16,033] {processor.py:641} INFO - Processing file /root/airflow_env/lib/python3.8/site-packages/airflow/example_dags/example_subdag_operator.py for tasks to queue
[2022-06-29 20:28:16,034] {logging_mixin.py:115} INFO - [2022-06-29 20:28:16,034] {dagbag.py:507} INFO - Filling up the DagBag from /root/airflow_env/lib/python3.8/site-packages/airflow/example_dags/example_subdag_operator.py
[2022-06-29 20:28:16,062] {processor.py:651} INFO - DAG(s) dict_keys(['example_subdag_operator.section-1', 'example_subdag_operator.section-2', 'example_subdag_operator']) retrieved from /root/airflow_env/lib/python3.8/site-packages/airflow/example_dags/example_subdag_operator.py
[2022-06-29 20:28:16,085] {logging_mixin.py:115} INFO - [2022-06-29 20:28:16,085] {dag.py:2371} INFO - Sync 3 DAGs
[2022-06-29 20:28:16,098] {logging_mixin.py:115} INFO - [2022-06-29 20:28:16,098] {dag.py:2915} INFO - Setting next_dagrun for example_subdag_operator to 2022-06-27T00:00:00+00:00, run_after=2022-06-27T00:00:00+00:00
[2022-06-29 20:28:16,098] {logging_mixin.py:115} INFO - [2022-06-29 20:28:16,098] {dag.py:2915} INFO - Setting next_dagrun for example_subdag_operator.section-1 to None, run_after=None
[2022-06-29 20:28:16,098] {logging_mixin.py:115} INFO - [2022-06-29 20:28:16,098] {dag.py:2915} INFO - Setting next_dagrun for example_subdag_operator.section-2 to None, run_after=None
[2022-06-29 20:28:16,101] {logging_mixin.py:115} INFO - [2022-06-29 20:28:16,101] {dag.py:2371} INFO - Sync 2 DAGs
[2022-06-29 20:28:16,105] {logging_mixin.py:115} INFO - [2022-06-29 20:28:16,105] {dag.py:2915} INFO - Setting next_dagrun for example_subdag_operator.section-1 to None, run_after=None
[2022-06-29 20:28:16,105] {logging_mixin.py:115} INFO - [2022-06-29 20:28:16,105] {dag.py:2915} INFO - Setting next_dagrun for example_subdag_operator.section-2 to None, run_after=None
[2022-06-29 20:28:16,123] {processor.py:161} INFO - Processing /root/airflow_env/lib/python3.8/site-packages/airflow/example_dags/example_subdag_operator.py took 0.097 seconds
[2022-06-29 20:31:16,413] {processor.py:153} INFO - Started process (PID=10075) to work on /root/airflow_env/lib/python3.8/site-packages/airflow/example_dags/example_subdag_operator.py
[2022-06-29 20:31:16,414] {processor.py:641} INFO - Processing file /root/airflow_env/lib/python3.8/site-packages/airflow/example_dags/example_subdag_operator.py for tasks to queue
[2022-06-29 20:31:16,416] {logging_mixin.py:115} INFO - [2022-06-29 20:31:16,415] {dagbag.py:507} INFO - Filling up the DagBag from /root/airflow_env/lib/python3.8/site-packages/airflow/example_dags/example_subdag_operator.py
[2022-06-29 20:31:16,437] {processor.py:651} INFO - DAG(s) dict_keys(['example_subdag_operator.section-1', 'example_subdag_operator.section-2', 'example_subdag_operator']) retrieved from /root/airflow_env/lib/python3.8/site-packages/airflow/example_dags/example_subdag_operator.py
[2022-06-29 20:31:16,453] {logging_mixin.py:115} INFO - [2022-06-29 20:31:16,453] {dag.py:2371} INFO - Sync 3 DAGs
[2022-06-29 20:31:16,469] {logging_mixin.py:115} INFO - [2022-06-29 20:31:16,468] {dag.py:2915} INFO - Setting next_dagrun for example_subdag_operator to 2022-06-27T00:00:00+00:00, run_after=2022-06-27T00:00:00+00:00
[2022-06-29 20:31:16,469] {logging_mixin.py:115} INFO - [2022-06-29 20:31:16,469] {dag.py:2915} INFO - Setting next_dagrun for example_subdag_operator.section-1 to None, run_after=None
[2022-06-29 20:31:16,469] {logging_mixin.py:115} INFO - [2022-06-29 20:31:16,469] {dag.py:2915} INFO - Setting next_dagrun for example_subdag_operator.section-2 to None, run_after=None
[2022-06-29 20:31:16,473] {logging_mixin.py:115} INFO - [2022-06-29 20:31:16,473] {dag.py:2371} INFO - Sync 2 DAGs
[2022-06-29 20:31:16,475] {logging_mixin.py:115} INFO - [2022-06-29 20:31:16,475] {dag.py:2915} INFO - Setting next_dagrun for example_subdag_operator.section-1 to None, run_after=None
[2022-06-29 20:31:16,475] {logging_mixin.py:115} INFO - [2022-06-29 20:31:16,475] {dag.py:2915} INFO - Setting next_dagrun for example_subdag_operator.section-2 to None, run_after=None
[2022-06-29 20:31:16,499] {processor.py:161} INFO - Processing /root/airflow_env/lib/python3.8/site-packages/airflow/example_dags/example_subdag_operator.py took 0.089 seconds
[2022-06-29 21:22:55,244] {processor.py:153} INFO - Started process (PID=12030) to work on /root/airflow_env/lib/python3.8/site-packages/airflow/example_dags/example_subdag_operator.py
[2022-06-29 21:22:55,246] {processor.py:641} INFO - Processing file /root/airflow_env/lib/python3.8/site-packages/airflow/example_dags/example_subdag_operator.py for tasks to queue
[2022-06-29 21:22:55,247] {logging_mixin.py:115} INFO - [2022-06-29 21:22:55,247] {dagbag.py:507} INFO - Filling up the DagBag from /root/airflow_env/lib/python3.8/site-packages/airflow/example_dags/example_subdag_operator.py
[2022-06-29 21:22:55,259] {processor.py:651} INFO - DAG(s) dict_keys(['example_subdag_operator.section-1', 'example_subdag_operator.section-2', 'example_subdag_operator']) retrieved from /root/airflow_env/lib/python3.8/site-packages/airflow/example_dags/example_subdag_operator.py
[2022-06-29 21:22:55,268] {logging_mixin.py:115} INFO - [2022-06-29 21:22:55,268] {dag.py:2371} INFO - Sync 3 DAGs
[2022-06-29 21:22:55,279] {logging_mixin.py:115} INFO - [2022-06-29 21:22:55,279] {dag.py:2915} INFO - Setting next_dagrun for example_subdag_operator to 2022-06-27T00:00:00+00:00, run_after=2022-06-27T00:00:00+00:00
[2022-06-29 21:22:55,279] {logging_mixin.py:115} INFO - [2022-06-29 21:22:55,279] {dag.py:2915} INFO - Setting next_dagrun for example_subdag_operator.section-1 to None, run_after=None
[2022-06-29 21:22:55,279] {logging_mixin.py:115} INFO - [2022-06-29 21:22:55,279] {dag.py:2915} INFO - Setting next_dagrun for example_subdag_operator.section-2 to None, run_after=None
[2022-06-29 21:22:55,283] {logging_mixin.py:115} INFO - [2022-06-29 21:22:55,283] {dag.py:2371} INFO - Sync 2 DAGs
[2022-06-29 21:22:55,285] {logging_mixin.py:115} INFO - [2022-06-29 21:22:55,285] {dag.py:2915} INFO - Setting next_dagrun for example_subdag_operator.section-1 to None, run_after=None
[2022-06-29 21:22:55,285] {logging_mixin.py:115} INFO - [2022-06-29 21:22:55,285] {dag.py:2915} INFO - Setting next_dagrun for example_subdag_operator.section-2 to None, run_after=None
[2022-06-29 21:22:55,302] {processor.py:161} INFO - Processing /root/airflow_env/lib/python3.8/site-packages/airflow/example_dags/example_subdag_operator.py took 0.061 seconds
[2022-06-29 21:24:46,774] {processor.py:153} INFO - Started process (PID=13084) to work on /root/airflow_env/lib/python3.8/site-packages/airflow/example_dags/example_subdag_operator.py
[2022-06-29 21:24:46,776] {processor.py:641} INFO - Processing file /root/airflow_env/lib/python3.8/site-packages/airflow/example_dags/example_subdag_operator.py for tasks to queue
[2022-06-29 21:24:46,777] {logging_mixin.py:115} INFO - [2022-06-29 21:24:46,777] {dagbag.py:507} INFO - Filling up the DagBag from /root/airflow_env/lib/python3.8/site-packages/airflow/example_dags/example_subdag_operator.py
[2022-06-29 21:24:46,792] {processor.py:651} INFO - DAG(s) dict_keys(['example_subdag_operator.section-1', 'example_subdag_operator.section-2', 'example_subdag_operator']) retrieved from /root/airflow_env/lib/python3.8/site-packages/airflow/example_dags/example_subdag_operator.py
[2022-06-29 21:24:46,802] {logging_mixin.py:115} INFO - [2022-06-29 21:24:46,802] {dag.py:2371} INFO - Sync 3 DAGs
[2022-06-29 21:24:46,813] {logging_mixin.py:115} INFO - [2022-06-29 21:24:46,813] {dag.py:2915} INFO - Setting next_dagrun for example_subdag_operator to 2022-06-27T00:00:00+00:00, run_after=2022-06-27T00:00:00+00:00
[2022-06-29 21:24:46,813] {logging_mixin.py:115} INFO - [2022-06-29 21:24:46,813] {dag.py:2915} INFO - Setting next_dagrun for example_subdag_operator.section-1 to None, run_after=None
[2022-06-29 21:24:46,813] {logging_mixin.py:115} INFO - [2022-06-29 21:24:46,813] {dag.py:2915} INFO - Setting next_dagrun for example_subdag_operator.section-2 to None, run_after=None
[2022-06-29 21:24:46,816] {logging_mixin.py:115} INFO - [2022-06-29 21:24:46,816] {dag.py:2371} INFO - Sync 2 DAGs
[2022-06-29 21:24:46,818] {logging_mixin.py:115} INFO - [2022-06-29 21:24:46,818] {dag.py:2915} INFO - Setting next_dagrun for example_subdag_operator.section-1 to None, run_after=None
[2022-06-29 21:24:46,818] {logging_mixin.py:115} INFO - [2022-06-29 21:24:46,818] {dag.py:2915} INFO - Setting next_dagrun for example_subdag_operator.section-2 to None, run_after=None
[2022-06-29 21:24:46,840] {processor.py:161} INFO - Processing /root/airflow_env/lib/python3.8/site-packages/airflow/example_dags/example_subdag_operator.py took 0.067 seconds
[2022-06-29 21:26:39,496] {processor.py:153} INFO - Started process (PID=14139) to work on /root/airflow_env/lib/python3.8/site-packages/airflow/example_dags/example_subdag_operator.py
[2022-06-29 21:26:39,498] {processor.py:641} INFO - Processing file /root/airflow_env/lib/python3.8/site-packages/airflow/example_dags/example_subdag_operator.py for tasks to queue
[2022-06-29 21:26:39,498] {logging_mixin.py:115} INFO - [2022-06-29 21:26:39,498] {dagbag.py:507} INFO - Filling up the DagBag from /root/airflow_env/lib/python3.8/site-packages/airflow/example_dags/example_subdag_operator.py
[2022-06-29 21:26:39,512] {processor.py:651} INFO - DAG(s) dict_keys(['example_subdag_operator.section-1', 'example_subdag_operator.section-2', 'example_subdag_operator']) retrieved from /root/airflow_env/lib/python3.8/site-packages/airflow/example_dags/example_subdag_operator.py
[2022-06-29 21:26:39,521] {logging_mixin.py:115} INFO - [2022-06-29 21:26:39,521] {dag.py:2371} INFO - Sync 3 DAGs
[2022-06-29 21:26:39,531] {logging_mixin.py:115} INFO - [2022-06-29 21:26:39,531] {dag.py:2915} INFO - Setting next_dagrun for example_subdag_operator to 2022-06-27T00:00:00+00:00, run_after=2022-06-27T00:00:00+00:00
[2022-06-29 21:26:39,532] {logging_mixin.py:115} INFO - [2022-06-29 21:26:39,532] {dag.py:2915} INFO - Setting next_dagrun for example_subdag_operator.section-1 to None, run_after=None
[2022-06-29 21:26:39,532] {logging_mixin.py:115} INFO - [2022-06-29 21:26:39,532] {dag.py:2915} INFO - Setting next_dagrun for example_subdag_operator.section-2 to None, run_after=None
[2022-06-29 21:26:39,534] {logging_mixin.py:115} INFO - [2022-06-29 21:26:39,534] {dag.py:2371} INFO - Sync 2 DAGs
[2022-06-29 21:26:39,536] {logging_mixin.py:115} INFO - [2022-06-29 21:26:39,536] {dag.py:2915} INFO - Setting next_dagrun for example_subdag_operator.section-1 to None, run_after=None
[2022-06-29 21:26:39,536] {logging_mixin.py:115} INFO - [2022-06-29 21:26:39,536] {dag.py:2915} INFO - Setting next_dagrun for example_subdag_operator.section-2 to None, run_after=None
[2022-06-29 21:26:39,562] {processor.py:161} INFO - Processing /root/airflow_env/lib/python3.8/site-packages/airflow/example_dags/example_subdag_operator.py took 0.068 seconds
[2022-06-29 21:28:33,124] {processor.py:153} INFO - Started process (PID=15193) to work on /root/airflow_env/lib/python3.8/site-packages/airflow/example_dags/example_subdag_operator.py
[2022-06-29 21:28:33,125] {processor.py:641} INFO - Processing file /root/airflow_env/lib/python3.8/site-packages/airflow/example_dags/example_subdag_operator.py for tasks to queue
[2022-06-29 21:28:33,126] {logging_mixin.py:115} INFO - [2022-06-29 21:28:33,126] {dagbag.py:507} INFO - Filling up the DagBag from /root/airflow_env/lib/python3.8/site-packages/airflow/example_dags/example_subdag_operator.py
[2022-06-29 21:28:33,151] {processor.py:651} INFO - DAG(s) dict_keys(['example_subdag_operator.section-1', 'example_subdag_operator.section-2', 'example_subdag_operator']) retrieved from /root/airflow_env/lib/python3.8/site-packages/airflow/example_dags/example_subdag_operator.py
[2022-06-29 21:28:33,171] {logging_mixin.py:115} INFO - [2022-06-29 21:28:33,170] {dag.py:2371} INFO - Sync 3 DAGs
[2022-06-29 21:28:33,186] {logging_mixin.py:115} INFO - [2022-06-29 21:28:33,186] {dag.py:2915} INFO - Setting next_dagrun for example_subdag_operator to 2022-06-27T00:00:00+00:00, run_after=2022-06-27T00:00:00+00:00
[2022-06-29 21:28:33,187] {logging_mixin.py:115} INFO - [2022-06-29 21:28:33,187] {dag.py:2915} INFO - Setting next_dagrun for example_subdag_operator.section-1 to None, run_after=None
[2022-06-29 21:28:33,187] {logging_mixin.py:115} INFO - [2022-06-29 21:28:33,187] {dag.py:2915} INFO - Setting next_dagrun for example_subdag_operator.section-2 to None, run_after=None
[2022-06-29 21:28:33,190] {logging_mixin.py:115} INFO - [2022-06-29 21:28:33,190] {dag.py:2371} INFO - Sync 2 DAGs
[2022-06-29 21:28:33,194] {logging_mixin.py:115} INFO - [2022-06-29 21:28:33,193] {dag.py:2915} INFO - Setting next_dagrun for example_subdag_operator.section-1 to None, run_after=None
[2022-06-29 21:28:33,194] {logging_mixin.py:115} INFO - [2022-06-29 21:28:33,194] {dag.py:2915} INFO - Setting next_dagrun for example_subdag_operator.section-2 to None, run_after=None
[2022-06-29 21:28:33,217] {processor.py:161} INFO - Processing /root/airflow_env/lib/python3.8/site-packages/airflow/example_dags/example_subdag_operator.py took 0.097 seconds
[2022-06-29 21:30:13,025] {processor.py:153} INFO - Started process (PID=16193) to work on /root/airflow_env/lib/python3.8/site-packages/airflow/example_dags/example_subdag_operator.py
[2022-06-29 21:30:13,028] {processor.py:641} INFO - Processing file /root/airflow_env/lib/python3.8/site-packages/airflow/example_dags/example_subdag_operator.py for tasks to queue
[2022-06-29 21:30:13,028] {logging_mixin.py:115} INFO - [2022-06-29 21:30:13,028] {dagbag.py:507} INFO - Filling up the DagBag from /root/airflow_env/lib/python3.8/site-packages/airflow/example_dags/example_subdag_operator.py
[2022-06-29 21:30:13,044] {processor.py:651} INFO - DAG(s) dict_keys(['example_subdag_operator.section-1', 'example_subdag_operator.section-2', 'example_subdag_operator']) retrieved from /root/airflow_env/lib/python3.8/site-packages/airflow/example_dags/example_subdag_operator.py
[2022-06-29 21:30:13,054] {logging_mixin.py:115} INFO - [2022-06-29 21:30:13,054] {dag.py:2371} INFO - Sync 3 DAGs
[2022-06-29 21:30:13,062] {logging_mixin.py:115} INFO - [2022-06-29 21:30:13,062] {dag.py:2915} INFO - Setting next_dagrun for example_subdag_operator to 2022-06-27T00:00:00+00:00, run_after=2022-06-27T00:00:00+00:00
[2022-06-29 21:30:13,063] {logging_mixin.py:115} INFO - [2022-06-29 21:30:13,063] {dag.py:2915} INFO - Setting next_dagrun for example_subdag_operator.section-1 to None, run_after=None
[2022-06-29 21:30:13,063] {logging_mixin.py:115} INFO - [2022-06-29 21:30:13,063] {dag.py:2915} INFO - Setting next_dagrun for example_subdag_operator.section-2 to None, run_after=None
[2022-06-29 21:30:13,065] {logging_mixin.py:115} INFO - [2022-06-29 21:30:13,065] {dag.py:2371} INFO - Sync 2 DAGs
[2022-06-29 21:30:13,067] {logging_mixin.py:115} INFO - [2022-06-29 21:30:13,067] {dag.py:2915} INFO - Setting next_dagrun for example_subdag_operator.section-1 to None, run_after=None
[2022-06-29 21:30:13,067] {logging_mixin.py:115} INFO - [2022-06-29 21:30:13,067] {dag.py:2915} INFO - Setting next_dagrun for example_subdag_operator.section-2 to None, run_after=None
[2022-06-29 21:30:13,087] {processor.py:161} INFO - Processing /root/airflow_env/lib/python3.8/site-packages/airflow/example_dags/example_subdag_operator.py took 0.064 seconds
[2022-06-29 21:31:46,936] {processor.py:153} INFO - Started process (PID=17116) to work on /root/airflow_env/lib/python3.8/site-packages/airflow/example_dags/example_subdag_operator.py
[2022-06-29 21:31:46,937] {processor.py:641} INFO - Processing file /root/airflow_env/lib/python3.8/site-packages/airflow/example_dags/example_subdag_operator.py for tasks to queue
[2022-06-29 21:31:46,938] {logging_mixin.py:115} INFO - [2022-06-29 21:31:46,938] {dagbag.py:507} INFO - Filling up the DagBag from /root/airflow_env/lib/python3.8/site-packages/airflow/example_dags/example_subdag_operator.py
[2022-06-29 21:31:46,952] {processor.py:651} INFO - DAG(s) dict_keys(['example_subdag_operator.section-1', 'example_subdag_operator.section-2', 'example_subdag_operator']) retrieved from /root/airflow_env/lib/python3.8/site-packages/airflow/example_dags/example_subdag_operator.py
[2022-06-29 21:31:46,963] {logging_mixin.py:115} INFO - [2022-06-29 21:31:46,963] {dag.py:2371} INFO - Sync 3 DAGs
[2022-06-29 21:31:46,973] {logging_mixin.py:115} INFO - [2022-06-29 21:31:46,973] {dag.py:2915} INFO - Setting next_dagrun for example_subdag_operator to 2022-06-27T00:00:00+00:00, run_after=2022-06-27T00:00:00+00:00
[2022-06-29 21:31:46,973] {logging_mixin.py:115} INFO - [2022-06-29 21:31:46,973] {dag.py:2915} INFO - Setting next_dagrun for example_subdag_operator.section-1 to None, run_after=None
[2022-06-29 21:31:46,973] {logging_mixin.py:115} INFO - [2022-06-29 21:31:46,973] {dag.py:2915} INFO - Setting next_dagrun for example_subdag_operator.section-2 to None, run_after=None
[2022-06-29 21:31:46,976] {logging_mixin.py:115} INFO - [2022-06-29 21:31:46,976] {dag.py:2371} INFO - Sync 2 DAGs
[2022-06-29 21:31:46,978] {logging_mixin.py:115} INFO - [2022-06-29 21:31:46,978] {dag.py:2915} INFO - Setting next_dagrun for example_subdag_operator.section-1 to None, run_after=None
[2022-06-29 21:31:46,978] {logging_mixin.py:115} INFO - [2022-06-29 21:31:46,978] {dag.py:2915} INFO - Setting next_dagrun for example_subdag_operator.section-2 to None, run_after=None
[2022-06-29 21:31:47,001] {processor.py:161} INFO - Processing /root/airflow_env/lib/python3.8/site-packages/airflow/example_dags/example_subdag_operator.py took 0.067 seconds
[2022-06-29 21:33:37,409] {processor.py:153} INFO - Started process (PID=18170) to work on /root/airflow_env/lib/python3.8/site-packages/airflow/example_dags/example_subdag_operator.py
[2022-06-29 21:33:37,411] {processor.py:641} INFO - Processing file /root/airflow_env/lib/python3.8/site-packages/airflow/example_dags/example_subdag_operator.py for tasks to queue
[2022-06-29 21:33:37,412] {logging_mixin.py:115} INFO - [2022-06-29 21:33:37,412] {dagbag.py:507} INFO - Filling up the DagBag from /root/airflow_env/lib/python3.8/site-packages/airflow/example_dags/example_subdag_operator.py
[2022-06-29 21:33:37,426] {processor.py:651} INFO - DAG(s) dict_keys(['example_subdag_operator.section-1', 'example_subdag_operator.section-2', 'example_subdag_operator']) retrieved from /root/airflow_env/lib/python3.8/site-packages/airflow/example_dags/example_subdag_operator.py
[2022-06-29 21:33:37,436] {logging_mixin.py:115} INFO - [2022-06-29 21:33:37,436] {dag.py:2371} INFO - Sync 3 DAGs
[2022-06-29 21:33:37,445] {logging_mixin.py:115} INFO - [2022-06-29 21:33:37,445] {dag.py:2915} INFO - Setting next_dagrun for example_subdag_operator to 2022-06-27T00:00:00+00:00, run_after=2022-06-27T00:00:00+00:00
[2022-06-29 21:33:37,445] {logging_mixin.py:115} INFO - [2022-06-29 21:33:37,445] {dag.py:2915} INFO - Setting next_dagrun for example_subdag_operator.section-1 to None, run_after=None
[2022-06-29 21:33:37,445] {logging_mixin.py:115} INFO - [2022-06-29 21:33:37,445] {dag.py:2915} INFO - Setting next_dagrun for example_subdag_operator.section-2 to None, run_after=None
[2022-06-29 21:33:37,448] {logging_mixin.py:115} INFO - [2022-06-29 21:33:37,448] {dag.py:2371} INFO - Sync 2 DAGs
[2022-06-29 21:33:37,449] {logging_mixin.py:115} INFO - [2022-06-29 21:33:37,449] {dag.py:2915} INFO - Setting next_dagrun for example_subdag_operator.section-1 to None, run_after=None
[2022-06-29 21:33:37,450] {logging_mixin.py:115} INFO - [2022-06-29 21:33:37,449] {dag.py:2915} INFO - Setting next_dagrun for example_subdag_operator.section-2 to None, run_after=None
[2022-06-29 21:33:37,467] {processor.py:161} INFO - Processing /root/airflow_env/lib/python3.8/site-packages/airflow/example_dags/example_subdag_operator.py took 0.061 seconds
