[2022-06-29 20:11:09,578] {processor.py:153} INFO - Started process (PID=2202) to work on /root/airflow_env/lib/python3.8/site-packages/airflow/example_dags/example_branch_labels.py
[2022-06-29 20:11:09,579] {processor.py:641} INFO - Processing file /root/airflow_env/lib/python3.8/site-packages/airflow/example_dags/example_branch_labels.py for tasks to queue
[2022-06-29 20:11:09,580] {logging_mixin.py:115} INFO - [2022-06-29 20:11:09,580] {dagbag.py:507} INFO - Filling up the DagBag from /root/airflow_env/lib/python3.8/site-packages/airflow/example_dags/example_branch_labels.py
[2022-06-29 20:11:09,588] {processor.py:651} INFO - DAG(s) dict_keys(['example_branch_labels']) retrieved from /root/airflow_env/lib/python3.8/site-packages/airflow/example_dags/example_branch_labels.py
[2022-06-29 20:11:09,608] {logging_mixin.py:115} INFO - [2022-06-29 20:11:09,608] {dag.py:2371} INFO - Sync 1 DAGs
[2022-06-29 20:11:09,632] {logging_mixin.py:115} INFO - [2022-06-29 20:11:09,632] {dag.py:2915} INFO - Setting next_dagrun for example_branch_labels to 2022-06-28T00:00:00+00:00, run_after=2022-06-29T00:00:00+00:00
[2022-06-29 20:11:09,669] {processor.py:161} INFO - Processing /root/airflow_env/lib/python3.8/site-packages/airflow/example_dags/example_branch_labels.py took 0.095 seconds
[2022-06-29 20:13:16,023] {processor.py:153} INFO - Started process (PID=2993) to work on /root/airflow_env/lib/python3.8/site-packages/airflow/example_dags/example_branch_labels.py
[2022-06-29 20:13:16,025] {processor.py:641} INFO - Processing file /root/airflow_env/lib/python3.8/site-packages/airflow/example_dags/example_branch_labels.py for tasks to queue
[2022-06-29 20:13:16,026] {logging_mixin.py:115} INFO - [2022-06-29 20:13:16,026] {dagbag.py:507} INFO - Filling up the DagBag from /root/airflow_env/lib/python3.8/site-packages/airflow/example_dags/example_branch_labels.py
[2022-06-29 20:13:16,034] {processor.py:651} INFO - DAG(s) dict_keys(['example_branch_labels']) retrieved from /root/airflow_env/lib/python3.8/site-packages/airflow/example_dags/example_branch_labels.py
[2022-06-29 20:13:16,048] {logging_mixin.py:115} INFO - [2022-06-29 20:13:16,048] {dag.py:2371} INFO - Sync 1 DAGs
[2022-06-29 20:13:16,062] {logging_mixin.py:115} INFO - [2022-06-29 20:13:16,062] {dag.py:2915} INFO - Setting next_dagrun for example_branch_labels to 2022-06-28T00:00:00+00:00, run_after=2022-06-29T00:00:00+00:00
[2022-06-29 20:13:16,082] {processor.py:161} INFO - Processing /root/airflow_env/lib/python3.8/site-packages/airflow/example_dags/example_branch_labels.py took 0.066 seconds
[2022-06-29 20:14:46,080] {processor.py:153} INFO - Started process (PID=3595) to work on /root/airflow_env/lib/python3.8/site-packages/airflow/example_dags/example_branch_labels.py
[2022-06-29 20:14:46,081] {processor.py:641} INFO - Processing file /root/airflow_env/lib/python3.8/site-packages/airflow/example_dags/example_branch_labels.py for tasks to queue
[2022-06-29 20:14:46,082] {logging_mixin.py:115} INFO - [2022-06-29 20:14:46,082] {dagbag.py:507} INFO - Filling up the DagBag from /root/airflow_env/lib/python3.8/site-packages/airflow/example_dags/example_branch_labels.py
[2022-06-29 20:14:46,090] {processor.py:651} INFO - DAG(s) dict_keys(['example_branch_labels']) retrieved from /root/airflow_env/lib/python3.8/site-packages/airflow/example_dags/example_branch_labels.py
[2022-06-29 20:14:46,106] {logging_mixin.py:115} INFO - [2022-06-29 20:14:46,106] {dag.py:2371} INFO - Sync 1 DAGs
[2022-06-29 20:14:46,123] {logging_mixin.py:115} INFO - [2022-06-29 20:14:46,123] {dag.py:2915} INFO - Setting next_dagrun for example_branch_labels to 2022-06-28T00:00:00+00:00, run_after=2022-06-29T00:00:00+00:00
[2022-06-29 20:14:46,146] {processor.py:161} INFO - Processing /root/airflow_env/lib/python3.8/site-packages/airflow/example_dags/example_branch_labels.py took 0.070 seconds
[2022-06-29 20:16:15,541] {processor.py:153} INFO - Started process (PID=4197) to work on /root/airflow_env/lib/python3.8/site-packages/airflow/example_dags/example_branch_labels.py
[2022-06-29 20:16:15,572] {processor.py:641} INFO - Processing file /root/airflow_env/lib/python3.8/site-packages/airflow/example_dags/example_branch_labels.py for tasks to queue
[2022-06-29 20:16:15,574] {logging_mixin.py:115} INFO - [2022-06-29 20:16:15,574] {dagbag.py:507} INFO - Filling up the DagBag from /root/airflow_env/lib/python3.8/site-packages/airflow/example_dags/example_branch_labels.py
[2022-06-29 20:16:15,586] {processor.py:651} INFO - DAG(s) dict_keys(['example_branch_labels']) retrieved from /root/airflow_env/lib/python3.8/site-packages/airflow/example_dags/example_branch_labels.py
[2022-06-29 20:16:15,602] {logging_mixin.py:115} INFO - [2022-06-29 20:16:15,602] {dag.py:2371} INFO - Sync 1 DAGs
[2022-06-29 20:16:15,616] {logging_mixin.py:115} INFO - [2022-06-29 20:16:15,616] {dag.py:2915} INFO - Setting next_dagrun for example_branch_labels to 2022-06-28T00:00:00+00:00, run_after=2022-06-29T00:00:00+00:00
[2022-06-29 20:16:15,636] {processor.py:161} INFO - Processing /root/airflow_env/lib/python3.8/site-packages/airflow/example_dags/example_branch_labels.py took 0.099 seconds
[2022-06-29 20:17:49,851] {processor.py:153} INFO - Started process (PID=4819) to work on /root/airflow_env/lib/python3.8/site-packages/airflow/example_dags/example_branch_labels.py
[2022-06-29 20:17:49,892] {processor.py:641} INFO - Processing file /root/airflow_env/lib/python3.8/site-packages/airflow/example_dags/example_branch_labels.py for tasks to queue
[2022-06-29 20:17:49,893] {logging_mixin.py:115} INFO - [2022-06-29 20:17:49,892] {dagbag.py:507} INFO - Filling up the DagBag from /root/airflow_env/lib/python3.8/site-packages/airflow/example_dags/example_branch_labels.py
[2022-06-29 20:17:49,906] {processor.py:651} INFO - DAG(s) dict_keys(['example_branch_labels']) retrieved from /root/airflow_env/lib/python3.8/site-packages/airflow/example_dags/example_branch_labels.py
[2022-06-29 20:17:49,931] {logging_mixin.py:115} INFO - [2022-06-29 20:17:49,931] {dag.py:2371} INFO - Sync 1 DAGs
[2022-06-29 20:17:49,945] {logging_mixin.py:115} INFO - [2022-06-29 20:17:49,945] {dag.py:2915} INFO - Setting next_dagrun for example_branch_labels to 2022-06-28T00:00:00+00:00, run_after=2022-06-29T00:00:00+00:00
[2022-06-29 20:17:49,967] {processor.py:161} INFO - Processing /root/airflow_env/lib/python3.8/site-packages/airflow/example_dags/example_branch_labels.py took 0.122 seconds
[2022-06-29 20:19:21,756] {processor.py:153} INFO - Started process (PID=5440) to work on /root/airflow_env/lib/python3.8/site-packages/airflow/example_dags/example_branch_labels.py
[2022-06-29 20:19:21,758] {processor.py:641} INFO - Processing file /root/airflow_env/lib/python3.8/site-packages/airflow/example_dags/example_branch_labels.py for tasks to queue
[2022-06-29 20:19:21,759] {logging_mixin.py:115} INFO - [2022-06-29 20:19:21,759] {dagbag.py:507} INFO - Filling up the DagBag from /root/airflow_env/lib/python3.8/site-packages/airflow/example_dags/example_branch_labels.py
[2022-06-29 20:19:21,768] {processor.py:651} INFO - DAG(s) dict_keys(['example_branch_labels']) retrieved from /root/airflow_env/lib/python3.8/site-packages/airflow/example_dags/example_branch_labels.py
[2022-06-29 20:19:21,782] {logging_mixin.py:115} INFO - [2022-06-29 20:19:21,782] {dag.py:2371} INFO - Sync 1 DAGs
[2022-06-29 20:19:21,796] {logging_mixin.py:115} INFO - [2022-06-29 20:19:21,796] {dag.py:2915} INFO - Setting next_dagrun for example_branch_labels to 2022-06-28T00:00:00+00:00, run_after=2022-06-29T00:00:00+00:00
[2022-06-29 20:19:21,816] {processor.py:161} INFO - Processing /root/airflow_env/lib/python3.8/site-packages/airflow/example_dags/example_branch_labels.py took 0.067 seconds
[2022-06-29 20:20:54,256] {processor.py:153} INFO - Started process (PID=6042) to work on /root/airflow_env/lib/python3.8/site-packages/airflow/example_dags/example_branch_labels.py
[2022-06-29 20:20:54,258] {processor.py:641} INFO - Processing file /root/airflow_env/lib/python3.8/site-packages/airflow/example_dags/example_branch_labels.py for tasks to queue
[2022-06-29 20:20:54,258] {logging_mixin.py:115} INFO - [2022-06-29 20:20:54,258] {dagbag.py:507} INFO - Filling up the DagBag from /root/airflow_env/lib/python3.8/site-packages/airflow/example_dags/example_branch_labels.py
[2022-06-29 20:20:54,263] {processor.py:651} INFO - DAG(s) dict_keys(['example_branch_labels']) retrieved from /root/airflow_env/lib/python3.8/site-packages/airflow/example_dags/example_branch_labels.py
[2022-06-29 20:20:54,280] {logging_mixin.py:115} INFO - [2022-06-29 20:20:54,280] {dag.py:2371} INFO - Sync 1 DAGs
[2022-06-29 20:20:54,300] {logging_mixin.py:115} INFO - [2022-06-29 20:20:54,300] {dag.py:2915} INFO - Setting next_dagrun for example_branch_labels to 2022-06-28T00:00:00+00:00, run_after=2022-06-29T00:00:00+00:00
[2022-06-29 20:20:54,322] {processor.py:161} INFO - Processing /root/airflow_env/lib/python3.8/site-packages/airflow/example_dags/example_branch_labels.py took 0.068 seconds
[2022-06-29 20:22:29,489] {processor.py:153} INFO - Started process (PID=6664) to work on /root/airflow_env/lib/python3.8/site-packages/airflow/example_dags/example_branch_labels.py
[2022-06-29 20:22:29,501] {processor.py:641} INFO - Processing file /root/airflow_env/lib/python3.8/site-packages/airflow/example_dags/example_branch_labels.py for tasks to queue
[2022-06-29 20:22:29,502] {logging_mixin.py:115} INFO - [2022-06-29 20:22:29,502] {dagbag.py:507} INFO - Filling up the DagBag from /root/airflow_env/lib/python3.8/site-packages/airflow/example_dags/example_branch_labels.py
[2022-06-29 20:22:29,515] {processor.py:651} INFO - DAG(s) dict_keys(['example_branch_labels']) retrieved from /root/airflow_env/lib/python3.8/site-packages/airflow/example_dags/example_branch_labels.py
[2022-06-29 20:22:29,546] {logging_mixin.py:115} INFO - [2022-06-29 20:22:29,546] {dag.py:2371} INFO - Sync 1 DAGs
[2022-06-29 20:22:29,576] {logging_mixin.py:115} INFO - [2022-06-29 20:22:29,576] {dag.py:2915} INFO - Setting next_dagrun for example_branch_labels to 2022-06-28T00:00:00+00:00, run_after=2022-06-29T00:00:00+00:00
[2022-06-29 20:22:29,611] {processor.py:161} INFO - Processing /root/airflow_env/lib/python3.8/site-packages/airflow/example_dags/example_branch_labels.py took 0.131 seconds
[2022-06-29 20:24:04,422] {processor.py:153} INFO - Started process (PID=7285) to work on /root/airflow_env/lib/python3.8/site-packages/airflow/example_dags/example_branch_labels.py
[2022-06-29 20:24:04,424] {processor.py:641} INFO - Processing file /root/airflow_env/lib/python3.8/site-packages/airflow/example_dags/example_branch_labels.py for tasks to queue
[2022-06-29 20:24:04,425] {logging_mixin.py:115} INFO - [2022-06-29 20:24:04,425] {dagbag.py:507} INFO - Filling up the DagBag from /root/airflow_env/lib/python3.8/site-packages/airflow/example_dags/example_branch_labels.py
[2022-06-29 20:24:04,436] {processor.py:651} INFO - DAG(s) dict_keys(['example_branch_labels']) retrieved from /root/airflow_env/lib/python3.8/site-packages/airflow/example_dags/example_branch_labels.py
[2022-06-29 20:24:04,454] {logging_mixin.py:115} INFO - [2022-06-29 20:24:04,454] {dag.py:2371} INFO - Sync 1 DAGs
[2022-06-29 20:24:04,471] {logging_mixin.py:115} INFO - [2022-06-29 20:24:04,471] {dag.py:2915} INFO - Setting next_dagrun for example_branch_labels to 2022-06-28T00:00:00+00:00, run_after=2022-06-29T00:00:00+00:00
[2022-06-29 20:24:04,496] {processor.py:161} INFO - Processing /root/airflow_env/lib/python3.8/site-packages/airflow/example_dags/example_branch_labels.py took 0.081 seconds
[2022-06-29 20:25:35,809] {processor.py:153} INFO - Started process (PID=7887) to work on /root/airflow_env/lib/python3.8/site-packages/airflow/example_dags/example_branch_labels.py
[2022-06-29 20:25:35,846] {processor.py:641} INFO - Processing file /root/airflow_env/lib/python3.8/site-packages/airflow/example_dags/example_branch_labels.py for tasks to queue
[2022-06-29 20:25:35,847] {logging_mixin.py:115} INFO - [2022-06-29 20:25:35,847] {dagbag.py:507} INFO - Filling up the DagBag from /root/airflow_env/lib/python3.8/site-packages/airflow/example_dags/example_branch_labels.py
[2022-06-29 20:25:35,859] {processor.py:651} INFO - DAG(s) dict_keys(['example_branch_labels']) retrieved from /root/airflow_env/lib/python3.8/site-packages/airflow/example_dags/example_branch_labels.py
[2022-06-29 20:25:35,885] {logging_mixin.py:115} INFO - [2022-06-29 20:25:35,885] {dag.py:2371} INFO - Sync 1 DAGs
[2022-06-29 20:25:35,900] {logging_mixin.py:115} INFO - [2022-06-29 20:25:35,900] {dag.py:2915} INFO - Setting next_dagrun for example_branch_labels to 2022-06-28T00:00:00+00:00, run_after=2022-06-29T00:00:00+00:00
[2022-06-29 20:25:35,920] {processor.py:161} INFO - Processing /root/airflow_env/lib/python3.8/site-packages/airflow/example_dags/example_branch_labels.py took 0.115 seconds
[2022-06-29 20:27:14,154] {processor.py:153} INFO - Started process (PID=8509) to work on /root/airflow_env/lib/python3.8/site-packages/airflow/example_dags/example_branch_labels.py
[2022-06-29 20:27:14,157] {processor.py:641} INFO - Processing file /root/airflow_env/lib/python3.8/site-packages/airflow/example_dags/example_branch_labels.py for tasks to queue
[2022-06-29 20:27:14,159] {logging_mixin.py:115} INFO - [2022-06-29 20:27:14,159] {dagbag.py:507} INFO - Filling up the DagBag from /root/airflow_env/lib/python3.8/site-packages/airflow/example_dags/example_branch_labels.py
[2022-06-29 20:27:14,171] {processor.py:651} INFO - DAG(s) dict_keys(['example_branch_labels']) retrieved from /root/airflow_env/lib/python3.8/site-packages/airflow/example_dags/example_branch_labels.py
[2022-06-29 20:27:14,198] {logging_mixin.py:115} INFO - [2022-06-29 20:27:14,198] {dag.py:2371} INFO - Sync 1 DAGs
[2022-06-29 20:27:14,214] {logging_mixin.py:115} INFO - [2022-06-29 20:27:14,213] {dag.py:2915} INFO - Setting next_dagrun for example_branch_labels to 2022-06-28T00:00:00+00:00, run_after=2022-06-29T00:00:00+00:00
[2022-06-29 20:27:14,240] {processor.py:161} INFO - Processing /root/airflow_env/lib/python3.8/site-packages/airflow/example_dags/example_branch_labels.py took 0.092 seconds
[2022-06-29 20:28:54,163] {processor.py:153} INFO - Started process (PID=9130) to work on /root/airflow_env/lib/python3.8/site-packages/airflow/example_dags/example_branch_labels.py
[2022-06-29 20:28:54,166] {processor.py:641} INFO - Processing file /root/airflow_env/lib/python3.8/site-packages/airflow/example_dags/example_branch_labels.py for tasks to queue
[2022-06-29 20:28:54,167] {logging_mixin.py:115} INFO - [2022-06-29 20:28:54,166] {dagbag.py:507} INFO - Filling up the DagBag from /root/airflow_env/lib/python3.8/site-packages/airflow/example_dags/example_branch_labels.py
[2022-06-29 20:28:54,178] {processor.py:651} INFO - DAG(s) dict_keys(['example_branch_labels']) retrieved from /root/airflow_env/lib/python3.8/site-packages/airflow/example_dags/example_branch_labels.py
[2022-06-29 20:28:54,196] {logging_mixin.py:115} INFO - [2022-06-29 20:28:54,196] {dag.py:2371} INFO - Sync 1 DAGs
[2022-06-29 20:28:54,226] {logging_mixin.py:115} INFO - [2022-06-29 20:28:54,226] {dag.py:2915} INFO - Setting next_dagrun for example_branch_labels to 2022-06-28T00:00:00+00:00, run_after=2022-06-29T00:00:00+00:00
[2022-06-29 20:28:54,264] {processor.py:161} INFO - Processing /root/airflow_env/lib/python3.8/site-packages/airflow/example_dags/example_branch_labels.py took 0.108 seconds
[2022-06-29 20:30:28,217] {processor.py:153} INFO - Started process (PID=9733) to work on /root/airflow_env/lib/python3.8/site-packages/airflow/example_dags/example_branch_labels.py
[2022-06-29 20:30:28,218] {processor.py:641} INFO - Processing file /root/airflow_env/lib/python3.8/site-packages/airflow/example_dags/example_branch_labels.py for tasks to queue
[2022-06-29 20:30:28,219] {logging_mixin.py:115} INFO - [2022-06-29 20:30:28,219] {dagbag.py:507} INFO - Filling up the DagBag from /root/airflow_env/lib/python3.8/site-packages/airflow/example_dags/example_branch_labels.py
[2022-06-29 20:30:28,230] {processor.py:651} INFO - DAG(s) dict_keys(['example_branch_labels']) retrieved from /root/airflow_env/lib/python3.8/site-packages/airflow/example_dags/example_branch_labels.py
[2022-06-29 20:30:28,250] {logging_mixin.py:115} INFO - [2022-06-29 20:30:28,250] {dag.py:2371} INFO - Sync 1 DAGs
[2022-06-29 20:30:28,278] {logging_mixin.py:115} INFO - [2022-06-29 20:30:28,278] {dag.py:2915} INFO - Setting next_dagrun for example_branch_labels to 2022-06-28T00:00:00+00:00, run_after=2022-06-29T00:00:00+00:00
[2022-06-29 20:30:28,307] {processor.py:161} INFO - Processing /root/airflow_env/lib/python3.8/site-packages/airflow/example_dags/example_branch_labels.py took 0.096 seconds
[2022-06-29 20:31:44,455] {processor.py:153} INFO - Started process (PID=10265) to work on /root/airflow_env/lib/python3.8/site-packages/airflow/example_dags/example_branch_labels.py
[2022-06-29 20:31:44,457] {processor.py:641} INFO - Processing file /root/airflow_env/lib/python3.8/site-packages/airflow/example_dags/example_branch_labels.py for tasks to queue
[2022-06-29 20:31:44,458] {logging_mixin.py:115} INFO - [2022-06-29 20:31:44,458] {dagbag.py:507} INFO - Filling up the DagBag from /root/airflow_env/lib/python3.8/site-packages/airflow/example_dags/example_branch_labels.py
[2022-06-29 20:31:44,470] {processor.py:651} INFO - DAG(s) dict_keys(['example_branch_labels']) retrieved from /root/airflow_env/lib/python3.8/site-packages/airflow/example_dags/example_branch_labels.py
[2022-06-29 20:31:44,500] {logging_mixin.py:115} INFO - [2022-06-29 20:31:44,500] {dag.py:2371} INFO - Sync 1 DAGs
[2022-06-29 20:31:44,529] {logging_mixin.py:115} INFO - [2022-06-29 20:31:44,529] {dag.py:2915} INFO - Setting next_dagrun for example_branch_labels to 2022-06-28T00:00:00+00:00, run_after=2022-06-29T00:00:00+00:00
[2022-06-29 20:31:44,555] {processor.py:161} INFO - Processing /root/airflow_env/lib/python3.8/site-packages/airflow/example_dags/example_branch_labels.py took 0.106 seconds
[2022-06-29 21:16:52,183] {processor.py:153} INFO - Started process (PID=10956) to work on /root/airflow_env/lib/python3.8/site-packages/airflow/example_dags/example_branch_labels.py
[2022-06-29 21:16:52,185] {processor.py:641} INFO - Processing file /root/airflow_env/lib/python3.8/site-packages/airflow/example_dags/example_branch_labels.py for tasks to queue
[2022-06-29 21:16:52,187] {logging_mixin.py:115} INFO - [2022-06-29 21:16:52,186] {dagbag.py:507} INFO - Filling up the DagBag from /root/airflow_env/lib/python3.8/site-packages/airflow/example_dags/example_branch_labels.py
[2022-06-29 21:16:52,200] {processor.py:651} INFO - DAG(s) dict_keys(['example_branch_labels']) retrieved from /root/airflow_env/lib/python3.8/site-packages/airflow/example_dags/example_branch_labels.py
[2022-06-29 21:16:52,229] {logging_mixin.py:115} INFO - [2022-06-29 21:16:52,229] {dag.py:2371} INFO - Sync 1 DAGs
[2022-06-29 21:16:52,252] {logging_mixin.py:115} INFO - [2022-06-29 21:16:52,251] {dag.py:2915} INFO - Setting next_dagrun for example_branch_labels to 2022-06-28T00:00:00+00:00, run_after=2022-06-29T00:00:00+00:00
[2022-06-29 21:16:52,275] {processor.py:161} INFO - Processing /root/airflow_env/lib/python3.8/site-packages/airflow/example_dags/example_branch_labels.py took 0.098 seconds
[2022-06-29 21:20:15,120] {processor.py:153} INFO - Started process (PID=11202) to work on /root/airflow_env/lib/python3.8/site-packages/airflow/example_dags/example_branch_labels.py
[2022-06-29 21:20:15,122] {processor.py:641} INFO - Processing file /root/airflow_env/lib/python3.8/site-packages/airflow/example_dags/example_branch_labels.py for tasks to queue
[2022-06-29 21:20:15,123] {logging_mixin.py:115} INFO - [2022-06-29 21:20:15,123] {dagbag.py:507} INFO - Filling up the DagBag from /root/airflow_env/lib/python3.8/site-packages/airflow/example_dags/example_branch_labels.py
[2022-06-29 21:20:15,135] {processor.py:651} INFO - DAG(s) dict_keys(['example_branch_labels']) retrieved from /root/airflow_env/lib/python3.8/site-packages/airflow/example_dags/example_branch_labels.py
[2022-06-29 21:20:15,153] {logging_mixin.py:115} INFO - [2022-06-29 21:20:15,153] {dag.py:2371} INFO - Sync 1 DAGs
[2022-06-29 21:20:15,168] {logging_mixin.py:115} INFO - [2022-06-29 21:20:15,167] {dag.py:2915} INFO - Setting next_dagrun for example_branch_labels to 2022-06-28T00:00:00+00:00, run_after=2022-06-29T00:00:00+00:00
[2022-06-29 21:20:15,191] {processor.py:161} INFO - Processing /root/airflow_env/lib/python3.8/site-packages/airflow/example_dags/example_branch_labels.py took 0.076 seconds
[2022-06-29 21:21:52,613] {processor.py:153} INFO - Started process (PID=11465) to work on /root/airflow_env/lib/python3.8/site-packages/airflow/example_dags/example_branch_labels.py
[2022-06-29 21:21:52,616] {processor.py:641} INFO - Processing file /root/airflow_env/lib/python3.8/site-packages/airflow/example_dags/example_branch_labels.py for tasks to queue
[2022-06-29 21:21:52,616] {logging_mixin.py:115} INFO - [2022-06-29 21:21:52,616] {dagbag.py:507} INFO - Filling up the DagBag from /root/airflow_env/lib/python3.8/site-packages/airflow/example_dags/example_branch_labels.py
[2022-06-29 21:21:52,620] {processor.py:651} INFO - DAG(s) dict_keys(['example_branch_labels']) retrieved from /root/airflow_env/lib/python3.8/site-packages/airflow/example_dags/example_branch_labels.py
[2022-06-29 21:21:52,631] {logging_mixin.py:115} INFO - [2022-06-29 21:21:52,631] {dag.py:2371} INFO - Sync 1 DAGs
[2022-06-29 21:21:52,642] {logging_mixin.py:115} INFO - [2022-06-29 21:21:52,642] {dag.py:2915} INFO - Setting next_dagrun for example_branch_labels to 2022-06-28T00:00:00+00:00, run_after=2022-06-29T00:00:00+00:00
[2022-06-29 21:21:52,663] {processor.py:161} INFO - Processing /root/airflow_env/lib/python3.8/site-packages/airflow/example_dags/example_branch_labels.py took 0.051 seconds
[2022-06-29 21:23:18,909] {processor.py:153} INFO - Started process (PID=12256) to work on /root/airflow_env/lib/python3.8/site-packages/airflow/example_dags/example_branch_labels.py
[2022-06-29 21:23:18,911] {processor.py:641} INFO - Processing file /root/airflow_env/lib/python3.8/site-packages/airflow/example_dags/example_branch_labels.py for tasks to queue
[2022-06-29 21:23:18,911] {logging_mixin.py:115} INFO - [2022-06-29 21:23:18,911] {dagbag.py:507} INFO - Filling up the DagBag from /root/airflow_env/lib/python3.8/site-packages/airflow/example_dags/example_branch_labels.py
[2022-06-29 21:23:18,915] {processor.py:651} INFO - DAG(s) dict_keys(['example_branch_labels']) retrieved from /root/airflow_env/lib/python3.8/site-packages/airflow/example_dags/example_branch_labels.py
[2022-06-29 21:23:18,926] {logging_mixin.py:115} INFO - [2022-06-29 21:23:18,926] {dag.py:2371} INFO - Sync 1 DAGs
[2022-06-29 21:23:18,937] {logging_mixin.py:115} INFO - [2022-06-29 21:23:18,937] {dag.py:2915} INFO - Setting next_dagrun for example_branch_labels to 2022-06-28T00:00:00+00:00, run_after=2022-06-29T00:00:00+00:00
[2022-06-29 21:23:18,959] {processor.py:161} INFO - Processing /root/airflow_env/lib/python3.8/site-packages/airflow/example_dags/example_branch_labels.py took 0.055 seconds
[2022-06-29 21:24:14,819] {processor.py:153} INFO - Started process (PID=12782) to work on /root/airflow_env/lib/python3.8/site-packages/airflow/example_dags/example_branch_labels.py
[2022-06-29 21:24:14,820] {processor.py:641} INFO - Processing file /root/airflow_env/lib/python3.8/site-packages/airflow/example_dags/example_branch_labels.py for tasks to queue
[2022-06-29 21:24:14,820] {logging_mixin.py:115} INFO - [2022-06-29 21:24:14,820] {dagbag.py:507} INFO - Filling up the DagBag from /root/airflow_env/lib/python3.8/site-packages/airflow/example_dags/example_branch_labels.py
[2022-06-29 21:24:14,824] {processor.py:651} INFO - DAG(s) dict_keys(['example_branch_labels']) retrieved from /root/airflow_env/lib/python3.8/site-packages/airflow/example_dags/example_branch_labels.py
[2022-06-29 21:24:14,835] {logging_mixin.py:115} INFO - [2022-06-29 21:24:14,835] {dag.py:2371} INFO - Sync 1 DAGs
[2022-06-29 21:24:14,846] {logging_mixin.py:115} INFO - [2022-06-29 21:24:14,846] {dag.py:2915} INFO - Setting next_dagrun for example_branch_labels to 2022-06-28T00:00:00+00:00, run_after=2022-06-29T00:00:00+00:00
[2022-06-29 21:24:14,870] {processor.py:161} INFO - Processing /root/airflow_env/lib/python3.8/site-packages/airflow/example_dags/example_branch_labels.py took 0.055 seconds
[2022-06-29 21:25:10,536] {processor.py:153} INFO - Started process (PID=13310) to work on /root/airflow_env/lib/python3.8/site-packages/airflow/example_dags/example_branch_labels.py
[2022-06-29 21:25:10,538] {processor.py:641} INFO - Processing file /root/airflow_env/lib/python3.8/site-packages/airflow/example_dags/example_branch_labels.py for tasks to queue
[2022-06-29 21:25:10,538] {logging_mixin.py:115} INFO - [2022-06-29 21:25:10,538] {dagbag.py:507} INFO - Filling up the DagBag from /root/airflow_env/lib/python3.8/site-packages/airflow/example_dags/example_branch_labels.py
[2022-06-29 21:25:10,543] {processor.py:651} INFO - DAG(s) dict_keys(['example_branch_labels']) retrieved from /root/airflow_env/lib/python3.8/site-packages/airflow/example_dags/example_branch_labels.py
[2022-06-29 21:25:10,552] {logging_mixin.py:115} INFO - [2022-06-29 21:25:10,552] {dag.py:2371} INFO - Sync 1 DAGs
[2022-06-29 21:25:10,563] {logging_mixin.py:115} INFO - [2022-06-29 21:25:10,563] {dag.py:2915} INFO - Setting next_dagrun for example_branch_labels to 2022-06-28T00:00:00+00:00, run_after=2022-06-29T00:00:00+00:00
[2022-06-29 21:25:10,586] {processor.py:161} INFO - Processing /root/airflow_env/lib/python3.8/site-packages/airflow/example_dags/example_branch_labels.py took 0.051 seconds
[2022-06-29 21:26:06,624] {processor.py:153} INFO - Started process (PID=13837) to work on /root/airflow_env/lib/python3.8/site-packages/airflow/example_dags/example_branch_labels.py
[2022-06-29 21:26:06,625] {processor.py:641} INFO - Processing file /root/airflow_env/lib/python3.8/site-packages/airflow/example_dags/example_branch_labels.py for tasks to queue
[2022-06-29 21:26:06,625] {logging_mixin.py:115} INFO - [2022-06-29 21:26:06,625] {dagbag.py:507} INFO - Filling up the DagBag from /root/airflow_env/lib/python3.8/site-packages/airflow/example_dags/example_branch_labels.py
[2022-06-29 21:26:06,630] {processor.py:651} INFO - DAG(s) dict_keys(['example_branch_labels']) retrieved from /root/airflow_env/lib/python3.8/site-packages/airflow/example_dags/example_branch_labels.py
[2022-06-29 21:26:06,641] {logging_mixin.py:115} INFO - [2022-06-29 21:26:06,641] {dag.py:2371} INFO - Sync 1 DAGs
[2022-06-29 21:26:06,653] {logging_mixin.py:115} INFO - [2022-06-29 21:26:06,653] {dag.py:2915} INFO - Setting next_dagrun for example_branch_labels to 2022-06-28T00:00:00+00:00, run_after=2022-06-29T00:00:00+00:00
[2022-06-29 21:26:06,674] {processor.py:161} INFO - Processing /root/airflow_env/lib/python3.8/site-packages/airflow/example_dags/example_branch_labels.py took 0.051 seconds
[2022-06-29 21:27:03,963] {processor.py:153} INFO - Started process (PID=14365) to work on /root/airflow_env/lib/python3.8/site-packages/airflow/example_dags/example_branch_labels.py
[2022-06-29 21:27:03,966] {processor.py:641} INFO - Processing file /root/airflow_env/lib/python3.8/site-packages/airflow/example_dags/example_branch_labels.py for tasks to queue
[2022-06-29 21:27:03,966] {logging_mixin.py:115} INFO - [2022-06-29 21:27:03,966] {dagbag.py:507} INFO - Filling up the DagBag from /root/airflow_env/lib/python3.8/site-packages/airflow/example_dags/example_branch_labels.py
[2022-06-29 21:27:03,973] {processor.py:651} INFO - DAG(s) dict_keys(['example_branch_labels']) retrieved from /root/airflow_env/lib/python3.8/site-packages/airflow/example_dags/example_branch_labels.py
[2022-06-29 21:27:03,984] {logging_mixin.py:115} INFO - [2022-06-29 21:27:03,984] {dag.py:2371} INFO - Sync 1 DAGs
[2022-06-29 21:27:03,994] {logging_mixin.py:115} INFO - [2022-06-29 21:27:03,994] {dag.py:2915} INFO - Setting next_dagrun for example_branch_labels to 2022-06-28T00:00:00+00:00, run_after=2022-06-29T00:00:00+00:00
[2022-06-29 21:27:04,014] {processor.py:161} INFO - Processing /root/airflow_env/lib/python3.8/site-packages/airflow/example_dags/example_branch_labels.py took 0.053 seconds
[2022-06-29 21:27:59,755] {processor.py:153} INFO - Started process (PID=14891) to work on /root/airflow_env/lib/python3.8/site-packages/airflow/example_dags/example_branch_labels.py
[2022-06-29 21:27:59,756] {processor.py:641} INFO - Processing file /root/airflow_env/lib/python3.8/site-packages/airflow/example_dags/example_branch_labels.py for tasks to queue
[2022-06-29 21:27:59,757] {logging_mixin.py:115} INFO - [2022-06-29 21:27:59,757] {dagbag.py:507} INFO - Filling up the DagBag from /root/airflow_env/lib/python3.8/site-packages/airflow/example_dags/example_branch_labels.py
[2022-06-29 21:27:59,761] {processor.py:651} INFO - DAG(s) dict_keys(['example_branch_labels']) retrieved from /root/airflow_env/lib/python3.8/site-packages/airflow/example_dags/example_branch_labels.py
[2022-06-29 21:27:59,772] {logging_mixin.py:115} INFO - [2022-06-29 21:27:59,771] {dag.py:2371} INFO - Sync 1 DAGs
[2022-06-29 21:27:59,784] {logging_mixin.py:115} INFO - [2022-06-29 21:27:59,784] {dag.py:2915} INFO - Setting next_dagrun for example_branch_labels to 2022-06-28T00:00:00+00:00, run_after=2022-06-29T00:00:00+00:00
[2022-06-29 21:27:59,805] {processor.py:161} INFO - Processing /root/airflow_env/lib/python3.8/site-packages/airflow/example_dags/example_branch_labels.py took 0.052 seconds
[2022-06-29 21:28:57,426] {processor.py:153} INFO - Started process (PID=15419) to work on /root/airflow_env/lib/python3.8/site-packages/airflow/example_dags/example_branch_labels.py
[2022-06-29 21:28:57,428] {processor.py:641} INFO - Processing file /root/airflow_env/lib/python3.8/site-packages/airflow/example_dags/example_branch_labels.py for tasks to queue
[2022-06-29 21:28:57,429] {logging_mixin.py:115} INFO - [2022-06-29 21:28:57,429] {dagbag.py:507} INFO - Filling up the DagBag from /root/airflow_env/lib/python3.8/site-packages/airflow/example_dags/example_branch_labels.py
[2022-06-29 21:28:57,434] {processor.py:651} INFO - DAG(s) dict_keys(['example_branch_labels']) retrieved from /root/airflow_env/lib/python3.8/site-packages/airflow/example_dags/example_branch_labels.py
[2022-06-29 21:28:57,443] {logging_mixin.py:115} INFO - [2022-06-29 21:28:57,443] {dag.py:2371} INFO - Sync 1 DAGs
[2022-06-29 21:28:57,453] {logging_mixin.py:115} INFO - [2022-06-29 21:28:57,453] {dag.py:2915} INFO - Setting next_dagrun for example_branch_labels to 2022-06-28T00:00:00+00:00, run_after=2022-06-29T00:00:00+00:00
[2022-06-29 21:28:57,476] {processor.py:161} INFO - Processing /root/airflow_env/lib/python3.8/site-packages/airflow/example_dags/example_branch_labels.py took 0.052 seconds
[2022-06-29 21:29:50,096] {processor.py:153} INFO - Started process (PID=15946) to work on /root/airflow_env/lib/python3.8/site-packages/airflow/example_dags/example_branch_labels.py
[2022-06-29 21:29:50,098] {processor.py:641} INFO - Processing file /root/airflow_env/lib/python3.8/site-packages/airflow/example_dags/example_branch_labels.py for tasks to queue
[2022-06-29 21:29:50,099] {logging_mixin.py:115} INFO - [2022-06-29 21:29:50,099] {dagbag.py:507} INFO - Filling up the DagBag from /root/airflow_env/lib/python3.8/site-packages/airflow/example_dags/example_branch_labels.py
[2022-06-29 21:29:50,104] {processor.py:651} INFO - DAG(s) dict_keys(['example_branch_labels']) retrieved from /root/airflow_env/lib/python3.8/site-packages/airflow/example_dags/example_branch_labels.py
[2022-06-29 21:29:50,121] {logging_mixin.py:115} INFO - [2022-06-29 21:29:50,121] {dag.py:2371} INFO - Sync 1 DAGs
[2022-06-29 21:29:50,132] {logging_mixin.py:115} INFO - [2022-06-29 21:29:50,132] {dag.py:2915} INFO - Setting next_dagrun for example_branch_labels to 2022-06-28T00:00:00+00:00, run_after=2022-06-29T00:00:00+00:00
[2022-06-29 21:29:50,154] {processor.py:161} INFO - Processing /root/airflow_env/lib/python3.8/site-packages/airflow/example_dags/example_branch_labels.py took 0.060 seconds
[2022-06-29 21:30:33,976] {processor.py:153} INFO - Started process (PID=16401) to work on /root/airflow_env/lib/python3.8/site-packages/airflow/example_dags/example_branch_labels.py
[2022-06-29 21:30:33,977] {processor.py:641} INFO - Processing file /root/airflow_env/lib/python3.8/site-packages/airflow/example_dags/example_branch_labels.py for tasks to queue
[2022-06-29 21:30:33,977] {logging_mixin.py:115} INFO - [2022-06-29 21:30:33,977] {dagbag.py:507} INFO - Filling up the DagBag from /root/airflow_env/lib/python3.8/site-packages/airflow/example_dags/example_branch_labels.py
[2022-06-29 21:30:33,982] {processor.py:651} INFO - DAG(s) dict_keys(['example_branch_labels']) retrieved from /root/airflow_env/lib/python3.8/site-packages/airflow/example_dags/example_branch_labels.py
[2022-06-29 21:30:33,992] {logging_mixin.py:115} INFO - [2022-06-29 21:30:33,992] {dag.py:2371} INFO - Sync 1 DAGs
[2022-06-29 21:30:34,003] {logging_mixin.py:115} INFO - [2022-06-29 21:30:34,003] {dag.py:2915} INFO - Setting next_dagrun for example_branch_labels to 2022-06-28T00:00:00+00:00, run_after=2022-06-29T00:00:00+00:00
[2022-06-29 21:30:34,023] {processor.py:161} INFO - Processing /root/airflow_env/lib/python3.8/site-packages/airflow/example_dags/example_branch_labels.py took 0.050 seconds
[2022-06-29 21:31:17,483] {processor.py:153} INFO - Started process (PID=16834) to work on /root/airflow_env/lib/python3.8/site-packages/airflow/example_dags/example_branch_labels.py
[2022-06-29 21:31:17,487] {processor.py:641} INFO - Processing file /root/airflow_env/lib/python3.8/site-packages/airflow/example_dags/example_branch_labels.py for tasks to queue
[2022-06-29 21:31:17,488] {logging_mixin.py:115} INFO - [2022-06-29 21:31:17,488] {dagbag.py:507} INFO - Filling up the DagBag from /root/airflow_env/lib/python3.8/site-packages/airflow/example_dags/example_branch_labels.py
[2022-06-29 21:31:17,494] {processor.py:651} INFO - DAG(s) dict_keys(['example_branch_labels']) retrieved from /root/airflow_env/lib/python3.8/site-packages/airflow/example_dags/example_branch_labels.py
[2022-06-29 21:31:17,504] {logging_mixin.py:115} INFO - [2022-06-29 21:31:17,504] {dag.py:2371} INFO - Sync 1 DAGs
[2022-06-29 21:31:17,515] {logging_mixin.py:115} INFO - [2022-06-29 21:31:17,515] {dag.py:2915} INFO - Setting next_dagrun for example_branch_labels to 2022-06-28T00:00:00+00:00, run_after=2022-06-29T00:00:00+00:00
[2022-06-29 21:31:17,538] {processor.py:161} INFO - Processing /root/airflow_env/lib/python3.8/site-packages/airflow/example_dags/example_branch_labels.py took 0.058 seconds
[2022-06-29 21:32:11,817] {processor.py:153} INFO - Started process (PID=17342) to work on /root/airflow_env/lib/python3.8/site-packages/airflow/example_dags/example_branch_labels.py
[2022-06-29 21:32:11,818] {processor.py:641} INFO - Processing file /root/airflow_env/lib/python3.8/site-packages/airflow/example_dags/example_branch_labels.py for tasks to queue
[2022-06-29 21:32:11,818] {logging_mixin.py:115} INFO - [2022-06-29 21:32:11,818] {dagbag.py:507} INFO - Filling up the DagBag from /root/airflow_env/lib/python3.8/site-packages/airflow/example_dags/example_branch_labels.py
[2022-06-29 21:32:11,822] {processor.py:651} INFO - DAG(s) dict_keys(['example_branch_labels']) retrieved from /root/airflow_env/lib/python3.8/site-packages/airflow/example_dags/example_branch_labels.py
[2022-06-29 21:32:11,835] {logging_mixin.py:115} INFO - [2022-06-29 21:32:11,835] {dag.py:2371} INFO - Sync 1 DAGs
[2022-06-29 21:32:11,849] {logging_mixin.py:115} INFO - [2022-06-29 21:32:11,849] {dag.py:2915} INFO - Setting next_dagrun for example_branch_labels to 2022-06-28T00:00:00+00:00, run_after=2022-06-29T00:00:00+00:00
[2022-06-29 21:32:11,872] {processor.py:161} INFO - Processing /root/airflow_env/lib/python3.8/site-packages/airflow/example_dags/example_branch_labels.py took 0.057 seconds
[2022-06-29 21:33:07,297] {processor.py:153} INFO - Started process (PID=17870) to work on /root/airflow_env/lib/python3.8/site-packages/airflow/example_dags/example_branch_labels.py
[2022-06-29 21:33:07,299] {processor.py:641} INFO - Processing file /root/airflow_env/lib/python3.8/site-packages/airflow/example_dags/example_branch_labels.py for tasks to queue
[2022-06-29 21:33:07,299] {logging_mixin.py:115} INFO - [2022-06-29 21:33:07,299] {dagbag.py:507} INFO - Filling up the DagBag from /root/airflow_env/lib/python3.8/site-packages/airflow/example_dags/example_branch_labels.py
[2022-06-29 21:33:07,302] {processor.py:651} INFO - DAG(s) dict_keys(['example_branch_labels']) retrieved from /root/airflow_env/lib/python3.8/site-packages/airflow/example_dags/example_branch_labels.py
[2022-06-29 21:33:07,311] {logging_mixin.py:115} INFO - [2022-06-29 21:33:07,311] {dag.py:2371} INFO - Sync 1 DAGs
[2022-06-29 21:33:07,322] {logging_mixin.py:115} INFO - [2022-06-29 21:33:07,322] {dag.py:2915} INFO - Setting next_dagrun for example_branch_labels to 2022-06-28T00:00:00+00:00, run_after=2022-06-29T00:00:00+00:00
[2022-06-29 21:33:07,342] {processor.py:161} INFO - Processing /root/airflow_env/lib/python3.8/site-packages/airflow/example_dags/example_branch_labels.py took 0.047 seconds
[2022-06-29 21:34:00,601] {processor.py:153} INFO - Started process (PID=18396) to work on /root/airflow_env/lib/python3.8/site-packages/airflow/example_dags/example_branch_labels.py
[2022-06-29 21:34:00,602] {processor.py:641} INFO - Processing file /root/airflow_env/lib/python3.8/site-packages/airflow/example_dags/example_branch_labels.py for tasks to queue
[2022-06-29 21:34:00,603] {logging_mixin.py:115} INFO - [2022-06-29 21:34:00,603] {dagbag.py:507} INFO - Filling up the DagBag from /root/airflow_env/lib/python3.8/site-packages/airflow/example_dags/example_branch_labels.py
[2022-06-29 21:34:00,607] {processor.py:651} INFO - DAG(s) dict_keys(['example_branch_labels']) retrieved from /root/airflow_env/lib/python3.8/site-packages/airflow/example_dags/example_branch_labels.py
[2022-06-29 21:34:00,615] {logging_mixin.py:115} INFO - [2022-06-29 21:34:00,615] {dag.py:2371} INFO - Sync 1 DAGs
[2022-06-29 21:34:00,626] {logging_mixin.py:115} INFO - [2022-06-29 21:34:00,626] {dag.py:2915} INFO - Setting next_dagrun for example_branch_labels to 2022-06-28T00:00:00+00:00, run_after=2022-06-29T00:00:00+00:00
[2022-06-29 21:34:00,645] {processor.py:161} INFO - Processing /root/airflow_env/lib/python3.8/site-packages/airflow/example_dags/example_branch_labels.py took 0.047 seconds
[2022-06-29 22:56:39,549] {processor.py:153} INFO - Started process (PID=18908) to work on /root/airflow_env/lib/python3.8/site-packages/airflow/example_dags/example_branch_labels.py
[2022-06-29 22:56:39,550] {processor.py:641} INFO - Processing file /root/airflow_env/lib/python3.8/site-packages/airflow/example_dags/example_branch_labels.py for tasks to queue
[2022-06-29 22:56:39,550] {logging_mixin.py:115} INFO - [2022-06-29 22:56:39,550] {dagbag.py:507} INFO - Filling up the DagBag from /root/airflow_env/lib/python3.8/site-packages/airflow/example_dags/example_branch_labels.py
[2022-06-29 22:56:39,554] {processor.py:651} INFO - DAG(s) dict_keys(['example_branch_labels']) retrieved from /root/airflow_env/lib/python3.8/site-packages/airflow/example_dags/example_branch_labels.py
[2022-06-29 22:56:39,563] {logging_mixin.py:115} INFO - [2022-06-29 22:56:39,563] {dag.py:2371} INFO - Sync 1 DAGs
[2022-06-29 22:56:39,573] {logging_mixin.py:115} INFO - [2022-06-29 22:56:39,573] {dag.py:2915} INFO - Setting next_dagrun for example_branch_labels to 2022-06-28T00:00:00+00:00, run_after=2022-06-29T00:00:00+00:00
[2022-06-29 22:56:39,590] {processor.py:161} INFO - Processing /root/airflow_env/lib/python3.8/site-packages/airflow/example_dags/example_branch_labels.py took 0.042 seconds
