[2022-06-29 20:11:15,874] {processor.py:153} INFO - Started process (PID=2239) to work on /root/airflow_env/lib/python3.8/site-packages/airflow/example_dags/example_branch_operator_decorator.py
[2022-06-29 20:11:15,875] {processor.py:641} INFO - Processing file /root/airflow_env/lib/python3.8/site-packages/airflow/example_dags/example_branch_operator_decorator.py for tasks to queue
[2022-06-29 20:11:15,875] {logging_mixin.py:115} INFO - [2022-06-29 20:11:15,875] {dagbag.py:507} INFO - Filling up the DagBag from /root/airflow_env/lib/python3.8/site-packages/airflow/example_dags/example_branch_operator_decorator.py
[2022-06-29 20:11:15,891] {processor.py:651} INFO - DAG(s) dict_keys(['example_branch_python_operator_decorator']) retrieved from /root/airflow_env/lib/python3.8/site-packages/airflow/example_dags/example_branch_operator_decorator.py
[2022-06-29 20:11:15,906] {logging_mixin.py:115} INFO - [2022-06-29 20:11:15,906] {dag.py:2371} INFO - Sync 1 DAGs
[2022-06-29 20:11:15,926] {logging_mixin.py:115} INFO - [2022-06-29 20:11:15,926] {dag.py:2915} INFO - Setting next_dagrun for example_branch_python_operator_decorator to 2022-06-28T00:00:00+00:00, run_after=2022-06-29T00:00:00+00:00
[2022-06-29 20:11:15,946] {processor.py:161} INFO - Processing /root/airflow_env/lib/python3.8/site-packages/airflow/example_dags/example_branch_operator_decorator.py took 0.075 seconds
[2022-06-29 20:13:21,159] {processor.py:153} INFO - Started process (PID=3030) to work on /root/airflow_env/lib/python3.8/site-packages/airflow/example_dags/example_branch_operator_decorator.py
[2022-06-29 20:13:21,161] {processor.py:641} INFO - Processing file /root/airflow_env/lib/python3.8/site-packages/airflow/example_dags/example_branch_operator_decorator.py for tasks to queue
[2022-06-29 20:13:21,161] {logging_mixin.py:115} INFO - [2022-06-29 20:13:21,161] {dagbag.py:507} INFO - Filling up the DagBag from /root/airflow_env/lib/python3.8/site-packages/airflow/example_dags/example_branch_operator_decorator.py
[2022-06-29 20:13:21,183] {processor.py:651} INFO - DAG(s) dict_keys(['example_branch_python_operator_decorator']) retrieved from /root/airflow_env/lib/python3.8/site-packages/airflow/example_dags/example_branch_operator_decorator.py
[2022-06-29 20:13:21,196] {logging_mixin.py:115} INFO - [2022-06-29 20:13:21,196] {dag.py:2371} INFO - Sync 1 DAGs
[2022-06-29 20:13:21,210] {logging_mixin.py:115} INFO - [2022-06-29 20:13:21,210] {dag.py:2915} INFO - Setting next_dagrun for example_branch_python_operator_decorator to 2022-06-28T00:00:00+00:00, run_after=2022-06-29T00:00:00+00:00
[2022-06-29 20:13:21,230] {processor.py:161} INFO - Processing /root/airflow_env/lib/python3.8/site-packages/airflow/example_dags/example_branch_operator_decorator.py took 0.075 seconds
[2022-06-29 20:14:50,867] {processor.py:153} INFO - Started process (PID=3632) to work on /root/airflow_env/lib/python3.8/site-packages/airflow/example_dags/example_branch_operator_decorator.py
[2022-06-29 20:14:50,870] {processor.py:641} INFO - Processing file /root/airflow_env/lib/python3.8/site-packages/airflow/example_dags/example_branch_operator_decorator.py for tasks to queue
[2022-06-29 20:14:50,871] {logging_mixin.py:115} INFO - [2022-06-29 20:14:50,871] {dagbag.py:507} INFO - Filling up the DagBag from /root/airflow_env/lib/python3.8/site-packages/airflow/example_dags/example_branch_operator_decorator.py
[2022-06-29 20:14:50,909] {processor.py:651} INFO - DAG(s) dict_keys(['example_branch_python_operator_decorator']) retrieved from /root/airflow_env/lib/python3.8/site-packages/airflow/example_dags/example_branch_operator_decorator.py
[2022-06-29 20:14:50,944] {logging_mixin.py:115} INFO - [2022-06-29 20:14:50,944] {dag.py:2371} INFO - Sync 1 DAGs
[2022-06-29 20:14:50,984] {logging_mixin.py:115} INFO - [2022-06-29 20:14:50,983] {dag.py:2915} INFO - Setting next_dagrun for example_branch_python_operator_decorator to 2022-06-28T00:00:00+00:00, run_after=2022-06-29T00:00:00+00:00
[2022-06-29 20:14:51,058] {processor.py:161} INFO - Processing /root/airflow_env/lib/python3.8/site-packages/airflow/example_dags/example_branch_operator_decorator.py took 0.196 seconds
[2022-06-29 20:16:20,809] {processor.py:153} INFO - Started process (PID=4234) to work on /root/airflow_env/lib/python3.8/site-packages/airflow/example_dags/example_branch_operator_decorator.py
[2022-06-29 20:16:20,811] {processor.py:641} INFO - Processing file /root/airflow_env/lib/python3.8/site-packages/airflow/example_dags/example_branch_operator_decorator.py for tasks to queue
[2022-06-29 20:16:20,811] {logging_mixin.py:115} INFO - [2022-06-29 20:16:20,811] {dagbag.py:507} INFO - Filling up the DagBag from /root/airflow_env/lib/python3.8/site-packages/airflow/example_dags/example_branch_operator_decorator.py
[2022-06-29 20:16:20,831] {processor.py:651} INFO - DAG(s) dict_keys(['example_branch_python_operator_decorator']) retrieved from /root/airflow_env/lib/python3.8/site-packages/airflow/example_dags/example_branch_operator_decorator.py
[2022-06-29 20:16:20,843] {logging_mixin.py:115} INFO - [2022-06-29 20:16:20,843] {dag.py:2371} INFO - Sync 1 DAGs
[2022-06-29 20:16:20,859] {logging_mixin.py:115} INFO - [2022-06-29 20:16:20,858] {dag.py:2915} INFO - Setting next_dagrun for example_branch_python_operator_decorator to 2022-06-28T00:00:00+00:00, run_after=2022-06-29T00:00:00+00:00
[2022-06-29 20:16:20,886] {processor.py:161} INFO - Processing /root/airflow_env/lib/python3.8/site-packages/airflow/example_dags/example_branch_operator_decorator.py took 0.082 seconds
[2022-06-29 20:17:52,921] {processor.py:153} INFO - Started process (PID=4838) to work on /root/airflow_env/lib/python3.8/site-packages/airflow/example_dags/example_branch_operator_decorator.py
[2022-06-29 20:17:52,922] {processor.py:641} INFO - Processing file /root/airflow_env/lib/python3.8/site-packages/airflow/example_dags/example_branch_operator_decorator.py for tasks to queue
[2022-06-29 20:17:52,923] {logging_mixin.py:115} INFO - [2022-06-29 20:17:52,923] {dagbag.py:507} INFO - Filling up the DagBag from /root/airflow_env/lib/python3.8/site-packages/airflow/example_dags/example_branch_operator_decorator.py
[2022-06-29 20:17:52,955] {processor.py:651} INFO - DAG(s) dict_keys(['example_branch_python_operator_decorator']) retrieved from /root/airflow_env/lib/python3.8/site-packages/airflow/example_dags/example_branch_operator_decorator.py
[2022-06-29 20:17:52,980] {logging_mixin.py:115} INFO - [2022-06-29 20:17:52,980] {dag.py:2371} INFO - Sync 1 DAGs
[2022-06-29 20:17:53,004] {logging_mixin.py:115} INFO - [2022-06-29 20:17:53,003] {dag.py:2915} INFO - Setting next_dagrun for example_branch_python_operator_decorator to 2022-06-28T00:00:00+00:00, run_after=2022-06-29T00:00:00+00:00
[2022-06-29 20:17:53,039] {processor.py:161} INFO - Processing /root/airflow_env/lib/python3.8/site-packages/airflow/example_dags/example_branch_operator_decorator.py took 0.122 seconds
[2022-06-29 20:19:27,005] {processor.py:153} INFO - Started process (PID=5477) to work on /root/airflow_env/lib/python3.8/site-packages/airflow/example_dags/example_branch_operator_decorator.py
[2022-06-29 20:19:27,007] {processor.py:641} INFO - Processing file /root/airflow_env/lib/python3.8/site-packages/airflow/example_dags/example_branch_operator_decorator.py for tasks to queue
[2022-06-29 20:19:27,008] {logging_mixin.py:115} INFO - [2022-06-29 20:19:27,007] {dagbag.py:507} INFO - Filling up the DagBag from /root/airflow_env/lib/python3.8/site-packages/airflow/example_dags/example_branch_operator_decorator.py
[2022-06-29 20:19:27,048] {processor.py:651} INFO - DAG(s) dict_keys(['example_branch_python_operator_decorator']) retrieved from /root/airflow_env/lib/python3.8/site-packages/airflow/example_dags/example_branch_operator_decorator.py
[2022-06-29 20:19:27,078] {logging_mixin.py:115} INFO - [2022-06-29 20:19:27,078] {dag.py:2371} INFO - Sync 1 DAGs
[2022-06-29 20:19:27,112] {logging_mixin.py:115} INFO - [2022-06-29 20:19:27,112] {dag.py:2915} INFO - Setting next_dagrun for example_branch_python_operator_decorator to 2022-06-28T00:00:00+00:00, run_after=2022-06-29T00:00:00+00:00
[2022-06-29 20:19:27,144] {processor.py:161} INFO - Processing /root/airflow_env/lib/python3.8/site-packages/airflow/example_dags/example_branch_operator_decorator.py took 0.143 seconds
[2022-06-29 20:20:59,510] {processor.py:153} INFO - Started process (PID=6079) to work on /root/airflow_env/lib/python3.8/site-packages/airflow/example_dags/example_branch_operator_decorator.py
[2022-06-29 20:20:59,511] {processor.py:641} INFO - Processing file /root/airflow_env/lib/python3.8/site-packages/airflow/example_dags/example_branch_operator_decorator.py for tasks to queue
[2022-06-29 20:20:59,512] {logging_mixin.py:115} INFO - [2022-06-29 20:20:59,512] {dagbag.py:507} INFO - Filling up the DagBag from /root/airflow_env/lib/python3.8/site-packages/airflow/example_dags/example_branch_operator_decorator.py
[2022-06-29 20:20:59,537] {processor.py:651} INFO - DAG(s) dict_keys(['example_branch_python_operator_decorator']) retrieved from /root/airflow_env/lib/python3.8/site-packages/airflow/example_dags/example_branch_operator_decorator.py
[2022-06-29 20:20:59,555] {logging_mixin.py:115} INFO - [2022-06-29 20:20:59,555] {dag.py:2371} INFO - Sync 1 DAGs
[2022-06-29 20:20:59,572] {logging_mixin.py:115} INFO - [2022-06-29 20:20:59,571] {dag.py:2915} INFO - Setting next_dagrun for example_branch_python_operator_decorator to 2022-06-28T00:00:00+00:00, run_after=2022-06-29T00:00:00+00:00
[2022-06-29 20:20:59,595] {processor.py:161} INFO - Processing /root/airflow_env/lib/python3.8/site-packages/airflow/example_dags/example_branch_operator_decorator.py took 0.091 seconds
[2022-06-29 20:22:32,696] {processor.py:153} INFO - Started process (PID=6683) to work on /root/airflow_env/lib/python3.8/site-packages/airflow/example_dags/example_branch_operator_decorator.py
[2022-06-29 20:22:32,698] {processor.py:641} INFO - Processing file /root/airflow_env/lib/python3.8/site-packages/airflow/example_dags/example_branch_operator_decorator.py for tasks to queue
[2022-06-29 20:22:32,699] {logging_mixin.py:115} INFO - [2022-06-29 20:22:32,699] {dagbag.py:507} INFO - Filling up the DagBag from /root/airflow_env/lib/python3.8/site-packages/airflow/example_dags/example_branch_operator_decorator.py
[2022-06-29 20:22:32,735] {processor.py:651} INFO - DAG(s) dict_keys(['example_branch_python_operator_decorator']) retrieved from /root/airflow_env/lib/python3.8/site-packages/airflow/example_dags/example_branch_operator_decorator.py
[2022-06-29 20:22:32,763] {logging_mixin.py:115} INFO - [2022-06-29 20:22:32,763] {dag.py:2371} INFO - Sync 1 DAGs
[2022-06-29 20:22:32,785] {logging_mixin.py:115} INFO - [2022-06-29 20:22:32,785] {dag.py:2915} INFO - Setting next_dagrun for example_branch_python_operator_decorator to 2022-06-28T00:00:00+00:00, run_after=2022-06-29T00:00:00+00:00
[2022-06-29 20:22:32,813] {processor.py:161} INFO - Processing /root/airflow_env/lib/python3.8/site-packages/airflow/example_dags/example_branch_operator_decorator.py took 0.123 seconds
[2022-06-29 20:24:10,021] {processor.py:153} INFO - Started process (PID=7322) to work on /root/airflow_env/lib/python3.8/site-packages/airflow/example_dags/example_branch_operator_decorator.py
[2022-06-29 20:24:10,023] {processor.py:641} INFO - Processing file /root/airflow_env/lib/python3.8/site-packages/airflow/example_dags/example_branch_operator_decorator.py for tasks to queue
[2022-06-29 20:24:10,024] {logging_mixin.py:115} INFO - [2022-06-29 20:24:10,023] {dagbag.py:507} INFO - Filling up the DagBag from /root/airflow_env/lib/python3.8/site-packages/airflow/example_dags/example_branch_operator_decorator.py
[2022-06-29 20:24:10,048] {processor.py:651} INFO - DAG(s) dict_keys(['example_branch_python_operator_decorator']) retrieved from /root/airflow_env/lib/python3.8/site-packages/airflow/example_dags/example_branch_operator_decorator.py
[2022-06-29 20:24:10,061] {logging_mixin.py:115} INFO - [2022-06-29 20:24:10,060] {dag.py:2371} INFO - Sync 1 DAGs
[2022-06-29 20:24:10,076] {logging_mixin.py:115} INFO - [2022-06-29 20:24:10,076] {dag.py:2915} INFO - Setting next_dagrun for example_branch_python_operator_decorator to 2022-06-28T00:00:00+00:00, run_after=2022-06-29T00:00:00+00:00
[2022-06-29 20:24:10,105] {processor.py:161} INFO - Processing /root/airflow_env/lib/python3.8/site-packages/airflow/example_dags/example_branch_operator_decorator.py took 0.089 seconds
[2022-06-29 20:25:41,170] {processor.py:153} INFO - Started process (PID=7924) to work on /root/airflow_env/lib/python3.8/site-packages/airflow/example_dags/example_branch_operator_decorator.py
[2022-06-29 20:25:41,172] {processor.py:641} INFO - Processing file /root/airflow_env/lib/python3.8/site-packages/airflow/example_dags/example_branch_operator_decorator.py for tasks to queue
[2022-06-29 20:25:41,172] {logging_mixin.py:115} INFO - [2022-06-29 20:25:41,172] {dagbag.py:507} INFO - Filling up the DagBag from /root/airflow_env/lib/python3.8/site-packages/airflow/example_dags/example_branch_operator_decorator.py
[2022-06-29 20:25:41,192] {processor.py:651} INFO - DAG(s) dict_keys(['example_branch_python_operator_decorator']) retrieved from /root/airflow_env/lib/python3.8/site-packages/airflow/example_dags/example_branch_operator_decorator.py
[2022-06-29 20:25:41,208] {logging_mixin.py:115} INFO - [2022-06-29 20:25:41,208] {dag.py:2371} INFO - Sync 1 DAGs
[2022-06-29 20:25:41,227] {logging_mixin.py:115} INFO - [2022-06-29 20:25:41,227] {dag.py:2915} INFO - Setting next_dagrun for example_branch_python_operator_decorator to 2022-06-28T00:00:00+00:00, run_after=2022-06-29T00:00:00+00:00
[2022-06-29 20:25:41,255] {processor.py:161} INFO - Processing /root/airflow_env/lib/python3.8/site-packages/airflow/example_dags/example_branch_operator_decorator.py took 0.089 seconds
[2022-06-29 20:27:17,494] {processor.py:153} INFO - Started process (PID=8528) to work on /root/airflow_env/lib/python3.8/site-packages/airflow/example_dags/example_branch_operator_decorator.py
[2022-06-29 20:27:17,496] {processor.py:641} INFO - Processing file /root/airflow_env/lib/python3.8/site-packages/airflow/example_dags/example_branch_operator_decorator.py for tasks to queue
[2022-06-29 20:27:17,498] {logging_mixin.py:115} INFO - [2022-06-29 20:27:17,498] {dagbag.py:507} INFO - Filling up the DagBag from /root/airflow_env/lib/python3.8/site-packages/airflow/example_dags/example_branch_operator_decorator.py
[2022-06-29 20:27:17,535] {processor.py:651} INFO - DAG(s) dict_keys(['example_branch_python_operator_decorator']) retrieved from /root/airflow_env/lib/python3.8/site-packages/airflow/example_dags/example_branch_operator_decorator.py
[2022-06-29 20:27:17,558] {logging_mixin.py:115} INFO - [2022-06-29 20:27:17,558] {dag.py:2371} INFO - Sync 1 DAGs
[2022-06-29 20:27:17,576] {logging_mixin.py:115} INFO - [2022-06-29 20:27:17,576] {dag.py:2915} INFO - Setting next_dagrun for example_branch_python_operator_decorator to 2022-06-28T00:00:00+00:00, run_after=2022-06-29T00:00:00+00:00
[2022-06-29 20:27:17,604] {processor.py:161} INFO - Processing /root/airflow_env/lib/python3.8/site-packages/airflow/example_dags/example_branch_operator_decorator.py took 0.116 seconds
[2022-06-29 20:28:59,753] {processor.py:153} INFO - Started process (PID=9167) to work on /root/airflow_env/lib/python3.8/site-packages/airflow/example_dags/example_branch_operator_decorator.py
[2022-06-29 20:28:59,755] {processor.py:641} INFO - Processing file /root/airflow_env/lib/python3.8/site-packages/airflow/example_dags/example_branch_operator_decorator.py for tasks to queue
[2022-06-29 20:28:59,755] {logging_mixin.py:115} INFO - [2022-06-29 20:28:59,755] {dagbag.py:507} INFO - Filling up the DagBag from /root/airflow_env/lib/python3.8/site-packages/airflow/example_dags/example_branch_operator_decorator.py
[2022-06-29 20:28:59,779] {processor.py:651} INFO - DAG(s) dict_keys(['example_branch_python_operator_decorator']) retrieved from /root/airflow_env/lib/python3.8/site-packages/airflow/example_dags/example_branch_operator_decorator.py
[2022-06-29 20:28:59,809] {logging_mixin.py:115} INFO - [2022-06-29 20:28:59,809] {dag.py:2371} INFO - Sync 1 DAGs
[2022-06-29 20:28:59,829] {logging_mixin.py:115} INFO - [2022-06-29 20:28:59,829] {dag.py:2915} INFO - Setting next_dagrun for example_branch_python_operator_decorator to 2022-06-28T00:00:00+00:00, run_after=2022-06-29T00:00:00+00:00
[2022-06-29 20:28:59,855] {processor.py:161} INFO - Processing /root/airflow_env/lib/python3.8/site-packages/airflow/example_dags/example_branch_operator_decorator.py took 0.105 seconds
[2022-06-29 20:30:30,610] {processor.py:153} INFO - Started process (PID=9752) to work on /root/airflow_env/lib/python3.8/site-packages/airflow/example_dags/example_branch_operator_decorator.py
[2022-06-29 20:30:30,651] {processor.py:641} INFO - Processing file /root/airflow_env/lib/python3.8/site-packages/airflow/example_dags/example_branch_operator_decorator.py for tasks to queue
[2022-06-29 20:30:30,652] {logging_mixin.py:115} INFO - [2022-06-29 20:30:30,652] {dagbag.py:507} INFO - Filling up the DagBag from /root/airflow_env/lib/python3.8/site-packages/airflow/example_dags/example_branch_operator_decorator.py
[2022-06-29 20:30:30,678] {processor.py:651} INFO - DAG(s) dict_keys(['example_branch_python_operator_decorator']) retrieved from /root/airflow_env/lib/python3.8/site-packages/airflow/example_dags/example_branch_operator_decorator.py
[2022-06-29 20:30:30,691] {logging_mixin.py:115} INFO - [2022-06-29 20:30:30,691] {dag.py:2371} INFO - Sync 1 DAGs
[2022-06-29 20:30:30,706] {logging_mixin.py:115} INFO - [2022-06-29 20:30:30,706] {dag.py:2915} INFO - Setting next_dagrun for example_branch_python_operator_decorator to 2022-06-28T00:00:00+00:00, run_after=2022-06-29T00:00:00+00:00
[2022-06-29 20:30:30,730] {processor.py:161} INFO - Processing /root/airflow_env/lib/python3.8/site-packages/airflow/example_dags/example_branch_operator_decorator.py took 0.124 seconds
[2022-06-29 20:31:46,793] {processor.py:153} INFO - Started process (PID=10284) to work on /root/airflow_env/lib/python3.8/site-packages/airflow/example_dags/example_branch_operator_decorator.py
[2022-06-29 20:31:46,830] {processor.py:641} INFO - Processing file /root/airflow_env/lib/python3.8/site-packages/airflow/example_dags/example_branch_operator_decorator.py for tasks to queue
[2022-06-29 20:31:46,832] {logging_mixin.py:115} INFO - [2022-06-29 20:31:46,831] {dagbag.py:507} INFO - Filling up the DagBag from /root/airflow_env/lib/python3.8/site-packages/airflow/example_dags/example_branch_operator_decorator.py
[2022-06-29 20:31:46,866] {processor.py:651} INFO - DAG(s) dict_keys(['example_branch_python_operator_decorator']) retrieved from /root/airflow_env/lib/python3.8/site-packages/airflow/example_dags/example_branch_operator_decorator.py
[2022-06-29 20:31:46,880] {logging_mixin.py:115} INFO - [2022-06-29 20:31:46,880] {dag.py:2371} INFO - Sync 1 DAGs
[2022-06-29 20:31:46,896] {logging_mixin.py:115} INFO - [2022-06-29 20:31:46,896] {dag.py:2915} INFO - Setting next_dagrun for example_branch_python_operator_decorator to 2022-06-28T00:00:00+00:00, run_after=2022-06-29T00:00:00+00:00
[2022-06-29 20:31:46,927] {processor.py:161} INFO - Processing /root/airflow_env/lib/python3.8/site-packages/airflow/example_dags/example_branch_operator_decorator.py took 0.138 seconds
[2022-06-29 21:16:55,629] {processor.py:153} INFO - Started process (PID=10975) to work on /root/airflow_env/lib/python3.8/site-packages/airflow/example_dags/example_branch_operator_decorator.py
[2022-06-29 21:16:55,631] {processor.py:641} INFO - Processing file /root/airflow_env/lib/python3.8/site-packages/airflow/example_dags/example_branch_operator_decorator.py for tasks to queue
[2022-06-29 21:16:55,632] {logging_mixin.py:115} INFO - [2022-06-29 21:16:55,632] {dagbag.py:507} INFO - Filling up the DagBag from /root/airflow_env/lib/python3.8/site-packages/airflow/example_dags/example_branch_operator_decorator.py
[2022-06-29 21:16:55,663] {processor.py:651} INFO - DAG(s) dict_keys(['example_branch_python_operator_decorator']) retrieved from /root/airflow_env/lib/python3.8/site-packages/airflow/example_dags/example_branch_operator_decorator.py
[2022-06-29 21:16:55,694] {logging_mixin.py:115} INFO - [2022-06-29 21:16:55,693] {dag.py:2371} INFO - Sync 1 DAGs
[2022-06-29 21:16:55,714] {logging_mixin.py:115} INFO - [2022-06-29 21:16:55,714] {dag.py:2915} INFO - Setting next_dagrun for example_branch_python_operator_decorator to 2022-06-28T00:00:00+00:00, run_after=2022-06-29T00:00:00+00:00
[2022-06-29 21:16:55,744] {processor.py:161} INFO - Processing /root/airflow_env/lib/python3.8/site-packages/airflow/example_dags/example_branch_operator_decorator.py took 0.121 seconds
[2022-06-29 21:21:56,513] {processor.py:153} INFO - Started process (PID=11502) to work on /root/airflow_env/lib/python3.8/site-packages/airflow/example_dags/example_branch_operator_decorator.py
[2022-06-29 21:21:56,515] {processor.py:641} INFO - Processing file /root/airflow_env/lib/python3.8/site-packages/airflow/example_dags/example_branch_operator_decorator.py for tasks to queue
[2022-06-29 21:21:56,515] {logging_mixin.py:115} INFO - [2022-06-29 21:21:56,515] {dagbag.py:507} INFO - Filling up the DagBag from /root/airflow_env/lib/python3.8/site-packages/airflow/example_dags/example_branch_operator_decorator.py
[2022-06-29 21:21:56,526] {processor.py:651} INFO - DAG(s) dict_keys(['example_branch_python_operator_decorator']) retrieved from /root/airflow_env/lib/python3.8/site-packages/airflow/example_dags/example_branch_operator_decorator.py
[2022-06-29 21:21:56,535] {logging_mixin.py:115} INFO - [2022-06-29 21:21:56,535] {dag.py:2371} INFO - Sync 1 DAGs
[2022-06-29 21:21:56,547] {logging_mixin.py:115} INFO - [2022-06-29 21:21:56,547] {dag.py:2915} INFO - Setting next_dagrun for example_branch_python_operator_decorator to 2022-06-28T00:00:00+00:00, run_after=2022-06-29T00:00:00+00:00
[2022-06-29 21:21:56,569] {processor.py:161} INFO - Processing /root/airflow_env/lib/python3.8/site-packages/airflow/example_dags/example_branch_operator_decorator.py took 0.057 seconds
[2022-06-29 21:23:22,308] {processor.py:153} INFO - Started process (PID=12293) to work on /root/airflow_env/lib/python3.8/site-packages/airflow/example_dags/example_branch_operator_decorator.py
[2022-06-29 21:23:22,309] {processor.py:641} INFO - Processing file /root/airflow_env/lib/python3.8/site-packages/airflow/example_dags/example_branch_operator_decorator.py for tasks to queue
[2022-06-29 21:23:22,309] {logging_mixin.py:115} INFO - [2022-06-29 21:23:22,309] {dagbag.py:507} INFO - Filling up the DagBag from /root/airflow_env/lib/python3.8/site-packages/airflow/example_dags/example_branch_operator_decorator.py
[2022-06-29 21:23:22,320] {processor.py:651} INFO - DAG(s) dict_keys(['example_branch_python_operator_decorator']) retrieved from /root/airflow_env/lib/python3.8/site-packages/airflow/example_dags/example_branch_operator_decorator.py
[2022-06-29 21:23:22,329] {logging_mixin.py:115} INFO - [2022-06-29 21:23:22,329] {dag.py:2371} INFO - Sync 1 DAGs
[2022-06-29 21:23:22,340] {logging_mixin.py:115} INFO - [2022-06-29 21:23:22,340] {dag.py:2915} INFO - Setting next_dagrun for example_branch_python_operator_decorator to 2022-06-28T00:00:00+00:00, run_after=2022-06-29T00:00:00+00:00
[2022-06-29 21:23:22,362] {processor.py:161} INFO - Processing /root/airflow_env/lib/python3.8/site-packages/airflow/example_dags/example_branch_operator_decorator.py took 0.056 seconds
[2022-06-29 21:24:18,395] {processor.py:153} INFO - Started process (PID=12819) to work on /root/airflow_env/lib/python3.8/site-packages/airflow/example_dags/example_branch_operator_decorator.py
[2022-06-29 21:24:18,398] {processor.py:641} INFO - Processing file /root/airflow_env/lib/python3.8/site-packages/airflow/example_dags/example_branch_operator_decorator.py for tasks to queue
[2022-06-29 21:24:18,398] {logging_mixin.py:115} INFO - [2022-06-29 21:24:18,398] {dagbag.py:507} INFO - Filling up the DagBag from /root/airflow_env/lib/python3.8/site-packages/airflow/example_dags/example_branch_operator_decorator.py
[2022-06-29 21:24:18,412] {processor.py:651} INFO - DAG(s) dict_keys(['example_branch_python_operator_decorator']) retrieved from /root/airflow_env/lib/python3.8/site-packages/airflow/example_dags/example_branch_operator_decorator.py
[2022-06-29 21:24:18,421] {logging_mixin.py:115} INFO - [2022-06-29 21:24:18,421] {dag.py:2371} INFO - Sync 1 DAGs
[2022-06-29 21:24:18,431] {logging_mixin.py:115} INFO - [2022-06-29 21:24:18,431] {dag.py:2915} INFO - Setting next_dagrun for example_branch_python_operator_decorator to 2022-06-28T00:00:00+00:00, run_after=2022-06-29T00:00:00+00:00
[2022-06-29 21:24:18,456] {processor.py:161} INFO - Processing /root/airflow_env/lib/python3.8/site-packages/airflow/example_dags/example_branch_operator_decorator.py took 0.063 seconds
[2022-06-29 21:25:14,516] {processor.py:153} INFO - Started process (PID=13348) to work on /root/airflow_env/lib/python3.8/site-packages/airflow/example_dags/example_branch_operator_decorator.py
[2022-06-29 21:25:14,517] {processor.py:641} INFO - Processing file /root/airflow_env/lib/python3.8/site-packages/airflow/example_dags/example_branch_operator_decorator.py for tasks to queue
[2022-06-29 21:25:14,518] {logging_mixin.py:115} INFO - [2022-06-29 21:25:14,518] {dagbag.py:507} INFO - Filling up the DagBag from /root/airflow_env/lib/python3.8/site-packages/airflow/example_dags/example_branch_operator_decorator.py
[2022-06-29 21:25:14,528] {processor.py:651} INFO - DAG(s) dict_keys(['example_branch_python_operator_decorator']) retrieved from /root/airflow_env/lib/python3.8/site-packages/airflow/example_dags/example_branch_operator_decorator.py
[2022-06-29 21:25:14,540] {logging_mixin.py:115} INFO - [2022-06-29 21:25:14,540] {dag.py:2371} INFO - Sync 1 DAGs
[2022-06-29 21:25:14,552] {logging_mixin.py:115} INFO - [2022-06-29 21:25:14,552] {dag.py:2915} INFO - Setting next_dagrun for example_branch_python_operator_decorator to 2022-06-28T00:00:00+00:00, run_after=2022-06-29T00:00:00+00:00
[2022-06-29 21:25:14,575] {processor.py:161} INFO - Processing /root/airflow_env/lib/python3.8/site-packages/airflow/example_dags/example_branch_operator_decorator.py took 0.062 seconds
[2022-06-29 21:26:10,404] {processor.py:153} INFO - Started process (PID=13874) to work on /root/airflow_env/lib/python3.8/site-packages/airflow/example_dags/example_branch_operator_decorator.py
[2022-06-29 21:26:10,406] {processor.py:641} INFO - Processing file /root/airflow_env/lib/python3.8/site-packages/airflow/example_dags/example_branch_operator_decorator.py for tasks to queue
[2022-06-29 21:26:10,406] {logging_mixin.py:115} INFO - [2022-06-29 21:26:10,406] {dagbag.py:507} INFO - Filling up the DagBag from /root/airflow_env/lib/python3.8/site-packages/airflow/example_dags/example_branch_operator_decorator.py
[2022-06-29 21:26:10,421] {processor.py:651} INFO - DAG(s) dict_keys(['example_branch_python_operator_decorator']) retrieved from /root/airflow_env/lib/python3.8/site-packages/airflow/example_dags/example_branch_operator_decorator.py
[2022-06-29 21:26:10,433] {logging_mixin.py:115} INFO - [2022-06-29 21:26:10,433] {dag.py:2371} INFO - Sync 1 DAGs
[2022-06-29 21:26:10,445] {logging_mixin.py:115} INFO - [2022-06-29 21:26:10,445] {dag.py:2915} INFO - Setting next_dagrun for example_branch_python_operator_decorator to 2022-06-28T00:00:00+00:00, run_after=2022-06-29T00:00:00+00:00
[2022-06-29 21:26:10,468] {processor.py:161} INFO - Processing /root/airflow_env/lib/python3.8/site-packages/airflow/example_dags/example_branch_operator_decorator.py took 0.067 seconds
[2022-06-29 21:27:07,483] {processor.py:153} INFO - Started process (PID=14402) to work on /root/airflow_env/lib/python3.8/site-packages/airflow/example_dags/example_branch_operator_decorator.py
[2022-06-29 21:27:07,484] {processor.py:641} INFO - Processing file /root/airflow_env/lib/python3.8/site-packages/airflow/example_dags/example_branch_operator_decorator.py for tasks to queue
[2022-06-29 21:27:07,485] {logging_mixin.py:115} INFO - [2022-06-29 21:27:07,485] {dagbag.py:507} INFO - Filling up the DagBag from /root/airflow_env/lib/python3.8/site-packages/airflow/example_dags/example_branch_operator_decorator.py
[2022-06-29 21:27:07,496] {processor.py:651} INFO - DAG(s) dict_keys(['example_branch_python_operator_decorator']) retrieved from /root/airflow_env/lib/python3.8/site-packages/airflow/example_dags/example_branch_operator_decorator.py
[2022-06-29 21:27:07,506] {logging_mixin.py:115} INFO - [2022-06-29 21:27:07,506] {dag.py:2371} INFO - Sync 1 DAGs
[2022-06-29 21:27:07,520] {logging_mixin.py:115} INFO - [2022-06-29 21:27:07,520] {dag.py:2915} INFO - Setting next_dagrun for example_branch_python_operator_decorator to 2022-06-28T00:00:00+00:00, run_after=2022-06-29T00:00:00+00:00
[2022-06-29 21:27:07,544] {processor.py:161} INFO - Processing /root/airflow_env/lib/python3.8/site-packages/airflow/example_dags/example_branch_operator_decorator.py took 0.063 seconds
[2022-06-29 21:28:03,509] {processor.py:153} INFO - Started process (PID=14928) to work on /root/airflow_env/lib/python3.8/site-packages/airflow/example_dags/example_branch_operator_decorator.py
[2022-06-29 21:28:03,510] {processor.py:641} INFO - Processing file /root/airflow_env/lib/python3.8/site-packages/airflow/example_dags/example_branch_operator_decorator.py for tasks to queue
[2022-06-29 21:28:03,511] {logging_mixin.py:115} INFO - [2022-06-29 21:28:03,511] {dagbag.py:507} INFO - Filling up the DagBag from /root/airflow_env/lib/python3.8/site-packages/airflow/example_dags/example_branch_operator_decorator.py
[2022-06-29 21:28:03,529] {processor.py:651} INFO - DAG(s) dict_keys(['example_branch_python_operator_decorator']) retrieved from /root/airflow_env/lib/python3.8/site-packages/airflow/example_dags/example_branch_operator_decorator.py
[2022-06-29 21:28:03,543] {logging_mixin.py:115} INFO - [2022-06-29 21:28:03,543] {dag.py:2371} INFO - Sync 1 DAGs
[2022-06-29 21:28:03,562] {logging_mixin.py:115} INFO - [2022-06-29 21:28:03,562] {dag.py:2915} INFO - Setting next_dagrun for example_branch_python_operator_decorator to 2022-06-28T00:00:00+00:00, run_after=2022-06-29T00:00:00+00:00
[2022-06-29 21:28:03,588] {processor.py:161} INFO - Processing /root/airflow_env/lib/python3.8/site-packages/airflow/example_dags/example_branch_operator_decorator.py took 0.082 seconds
[2022-06-29 21:29:00,874] {processor.py:153} INFO - Started process (PID=15456) to work on /root/airflow_env/lib/python3.8/site-packages/airflow/example_dags/example_branch_operator_decorator.py
[2022-06-29 21:29:00,876] {processor.py:641} INFO - Processing file /root/airflow_env/lib/python3.8/site-packages/airflow/example_dags/example_branch_operator_decorator.py for tasks to queue
[2022-06-29 21:29:00,877] {logging_mixin.py:115} INFO - [2022-06-29 21:29:00,877] {dagbag.py:507} INFO - Filling up the DagBag from /root/airflow_env/lib/python3.8/site-packages/airflow/example_dags/example_branch_operator_decorator.py
[2022-06-29 21:29:00,889] {processor.py:651} INFO - DAG(s) dict_keys(['example_branch_python_operator_decorator']) retrieved from /root/airflow_env/lib/python3.8/site-packages/airflow/example_dags/example_branch_operator_decorator.py
[2022-06-29 21:29:00,899] {logging_mixin.py:115} INFO - [2022-06-29 21:29:00,899] {dag.py:2371} INFO - Sync 1 DAGs
[2022-06-29 21:29:00,909] {logging_mixin.py:115} INFO - [2022-06-29 21:29:00,909] {dag.py:2915} INFO - Setting next_dagrun for example_branch_python_operator_decorator to 2022-06-28T00:00:00+00:00, run_after=2022-06-29T00:00:00+00:00
[2022-06-29 21:29:00,930] {processor.py:161} INFO - Processing /root/airflow_env/lib/python3.8/site-packages/airflow/example_dags/example_branch_operator_decorator.py took 0.057 seconds
[2022-06-29 21:29:51,573] {processor.py:153} INFO - Started process (PID=15965) to work on /root/airflow_env/lib/python3.8/site-packages/airflow/example_dags/example_branch_operator_decorator.py
[2022-06-29 21:29:51,574] {processor.py:641} INFO - Processing file /root/airflow_env/lib/python3.8/site-packages/airflow/example_dags/example_branch_operator_decorator.py for tasks to queue
[2022-06-29 21:29:51,574] {logging_mixin.py:115} INFO - [2022-06-29 21:29:51,574] {dagbag.py:507} INFO - Filling up the DagBag from /root/airflow_env/lib/python3.8/site-packages/airflow/example_dags/example_branch_operator_decorator.py
[2022-06-29 21:29:51,585] {processor.py:651} INFO - DAG(s) dict_keys(['example_branch_python_operator_decorator']) retrieved from /root/airflow_env/lib/python3.8/site-packages/airflow/example_dags/example_branch_operator_decorator.py
[2022-06-29 21:29:51,594] {logging_mixin.py:115} INFO - [2022-06-29 21:29:51,594] {dag.py:2371} INFO - Sync 1 DAGs
[2022-06-29 21:29:51,606] {logging_mixin.py:115} INFO - [2022-06-29 21:29:51,606] {dag.py:2915} INFO - Setting next_dagrun for example_branch_python_operator_decorator to 2022-06-28T00:00:00+00:00, run_after=2022-06-29T00:00:00+00:00
[2022-06-29 21:29:51,627] {processor.py:161} INFO - Processing /root/airflow_env/lib/python3.8/site-packages/airflow/example_dags/example_branch_operator_decorator.py took 0.056 seconds
[2022-06-29 21:30:37,327] {processor.py:153} INFO - Started process (PID=16438) to work on /root/airflow_env/lib/python3.8/site-packages/airflow/example_dags/example_branch_operator_decorator.py
[2022-06-29 21:30:37,328] {processor.py:641} INFO - Processing file /root/airflow_env/lib/python3.8/site-packages/airflow/example_dags/example_branch_operator_decorator.py for tasks to queue
[2022-06-29 21:30:37,328] {logging_mixin.py:115} INFO - [2022-06-29 21:30:37,328] {dagbag.py:507} INFO - Filling up the DagBag from /root/airflow_env/lib/python3.8/site-packages/airflow/example_dags/example_branch_operator_decorator.py
[2022-06-29 21:30:37,338] {processor.py:651} INFO - DAG(s) dict_keys(['example_branch_python_operator_decorator']) retrieved from /root/airflow_env/lib/python3.8/site-packages/airflow/example_dags/example_branch_operator_decorator.py
[2022-06-29 21:30:37,348] {logging_mixin.py:115} INFO - [2022-06-29 21:30:37,348] {dag.py:2371} INFO - Sync 1 DAGs
[2022-06-29 21:30:37,359] {logging_mixin.py:115} INFO - [2022-06-29 21:30:37,359] {dag.py:2915} INFO - Setting next_dagrun for example_branch_python_operator_decorator to 2022-06-28T00:00:00+00:00, run_after=2022-06-29T00:00:00+00:00
[2022-06-29 21:30:37,379] {processor.py:161} INFO - Processing /root/airflow_env/lib/python3.8/site-packages/airflow/example_dags/example_branch_operator_decorator.py took 0.054 seconds
[2022-06-29 21:32:15,531] {processor.py:153} INFO - Started process (PID=17379) to work on /root/airflow_env/lib/python3.8/site-packages/airflow/example_dags/example_branch_operator_decorator.py
[2022-06-29 21:32:15,533] {processor.py:641} INFO - Processing file /root/airflow_env/lib/python3.8/site-packages/airflow/example_dags/example_branch_operator_decorator.py for tasks to queue
[2022-06-29 21:32:15,534] {logging_mixin.py:115} INFO - [2022-06-29 21:32:15,534] {dagbag.py:507} INFO - Filling up the DagBag from /root/airflow_env/lib/python3.8/site-packages/airflow/example_dags/example_branch_operator_decorator.py
[2022-06-29 21:32:15,547] {processor.py:651} INFO - DAG(s) dict_keys(['example_branch_python_operator_decorator']) retrieved from /root/airflow_env/lib/python3.8/site-packages/airflow/example_dags/example_branch_operator_decorator.py
[2022-06-29 21:32:15,557] {logging_mixin.py:115} INFO - [2022-06-29 21:32:15,557] {dag.py:2371} INFO - Sync 1 DAGs
[2022-06-29 21:32:15,568] {logging_mixin.py:115} INFO - [2022-06-29 21:32:15,568] {dag.py:2915} INFO - Setting next_dagrun for example_branch_python_operator_decorator to 2022-06-28T00:00:00+00:00, run_after=2022-06-29T00:00:00+00:00
[2022-06-29 21:32:15,593] {processor.py:161} INFO - Processing /root/airflow_env/lib/python3.8/site-packages/airflow/example_dags/example_branch_operator_decorator.py took 0.064 seconds
[2022-06-29 21:33:10,828] {processor.py:153} INFO - Started process (PID=17907) to work on /root/airflow_env/lib/python3.8/site-packages/airflow/example_dags/example_branch_operator_decorator.py
[2022-06-29 21:33:10,829] {processor.py:641} INFO - Processing file /root/airflow_env/lib/python3.8/site-packages/airflow/example_dags/example_branch_operator_decorator.py for tasks to queue
[2022-06-29 21:33:10,830] {logging_mixin.py:115} INFO - [2022-06-29 21:33:10,830] {dagbag.py:507} INFO - Filling up the DagBag from /root/airflow_env/lib/python3.8/site-packages/airflow/example_dags/example_branch_operator_decorator.py
[2022-06-29 21:33:10,843] {processor.py:651} INFO - DAG(s) dict_keys(['example_branch_python_operator_decorator']) retrieved from /root/airflow_env/lib/python3.8/site-packages/airflow/example_dags/example_branch_operator_decorator.py
[2022-06-29 21:33:10,852] {logging_mixin.py:115} INFO - [2022-06-29 21:33:10,852] {dag.py:2371} INFO - Sync 1 DAGs
[2022-06-29 21:33:10,863] {logging_mixin.py:115} INFO - [2022-06-29 21:33:10,863] {dag.py:2915} INFO - Setting next_dagrun for example_branch_python_operator_decorator to 2022-06-28T00:00:00+00:00, run_after=2022-06-29T00:00:00+00:00
[2022-06-29 21:33:10,885] {processor.py:161} INFO - Processing /root/airflow_env/lib/python3.8/site-packages/airflow/example_dags/example_branch_operator_decorator.py took 0.059 seconds
[2022-06-29 21:34:04,201] {processor.py:153} INFO - Started process (PID=18433) to work on /root/airflow_env/lib/python3.8/site-packages/airflow/example_dags/example_branch_operator_decorator.py
[2022-06-29 21:34:04,202] {processor.py:641} INFO - Processing file /root/airflow_env/lib/python3.8/site-packages/airflow/example_dags/example_branch_operator_decorator.py for tasks to queue
[2022-06-29 21:34:04,203] {logging_mixin.py:115} INFO - [2022-06-29 21:34:04,203] {dagbag.py:507} INFO - Filling up the DagBag from /root/airflow_env/lib/python3.8/site-packages/airflow/example_dags/example_branch_operator_decorator.py
[2022-06-29 21:34:04,251] {processor.py:651} INFO - DAG(s) dict_keys(['example_branch_python_operator_decorator']) retrieved from /root/airflow_env/lib/python3.8/site-packages/airflow/example_dags/example_branch_operator_decorator.py
[2022-06-29 21:34:04,289] {logging_mixin.py:115} INFO - [2022-06-29 21:34:04,289] {dag.py:2371} INFO - Sync 1 DAGs
[2022-06-29 21:34:04,316] {logging_mixin.py:115} INFO - [2022-06-29 21:34:04,316] {dag.py:2915} INFO - Setting next_dagrun for example_branch_python_operator_decorator to 2022-06-28T00:00:00+00:00, run_after=2022-06-29T00:00:00+00:00
[2022-06-29 21:34:04,346] {processor.py:161} INFO - Processing /root/airflow_env/lib/python3.8/site-packages/airflow/example_dags/example_branch_operator_decorator.py took 0.149 seconds
[2022-06-29 22:56:41,446] {processor.py:153} INFO - Started process (PID=18927) to work on /root/airflow_env/lib/python3.8/site-packages/airflow/example_dags/example_branch_operator_decorator.py
[2022-06-29 22:56:41,448] {processor.py:641} INFO - Processing file /root/airflow_env/lib/python3.8/site-packages/airflow/example_dags/example_branch_operator_decorator.py for tasks to queue
[2022-06-29 22:56:41,448] {logging_mixin.py:115} INFO - [2022-06-29 22:56:41,448] {dagbag.py:507} INFO - Filling up the DagBag from /root/airflow_env/lib/python3.8/site-packages/airflow/example_dags/example_branch_operator_decorator.py
[2022-06-29 22:56:41,458] {processor.py:651} INFO - DAG(s) dict_keys(['example_branch_python_operator_decorator']) retrieved from /root/airflow_env/lib/python3.8/site-packages/airflow/example_dags/example_branch_operator_decorator.py
[2022-06-29 22:56:41,467] {logging_mixin.py:115} INFO - [2022-06-29 22:56:41,467] {dag.py:2371} INFO - Sync 1 DAGs
[2022-06-29 22:56:41,477] {logging_mixin.py:115} INFO - [2022-06-29 22:56:41,477] {dag.py:2915} INFO - Setting next_dagrun for example_branch_python_operator_decorator to 2022-06-28T00:00:00+00:00, run_after=2022-06-29T00:00:00+00:00
[2022-06-29 22:56:41,494] {processor.py:161} INFO - Processing /root/airflow_env/lib/python3.8/site-packages/airflow/example_dags/example_branch_operator_decorator.py took 0.050 seconds
