[2022-06-29 20:12:22,484] {processor.py:153} INFO - Started process (PID=2654) to work on /root/airflow_env/lib/python3.8/site-packages/airflow/example_dags/example_branch_python_dop_operator_3.py
[2022-06-29 20:12:22,485] {processor.py:641} INFO - Processing file /root/airflow_env/lib/python3.8/site-packages/airflow/example_dags/example_branch_python_dop_operator_3.py for tasks to queue
[2022-06-29 20:12:22,486] {logging_mixin.py:115} INFO - [2022-06-29 20:12:22,486] {dagbag.py:507} INFO - Filling up the DagBag from /root/airflow_env/lib/python3.8/site-packages/airflow/example_dags/example_branch_python_dop_operator_3.py
[2022-06-29 20:12:22,502] {processor.py:651} INFO - DAG(s) dict_keys(['example_branch_dop_operator_v3']) retrieved from /root/airflow_env/lib/python3.8/site-packages/airflow/example_dags/example_branch_python_dop_operator_3.py
[2022-06-29 20:12:22,521] {logging_mixin.py:115} INFO - [2022-06-29 20:12:22,521] {dag.py:2371} INFO - Sync 1 DAGs
[2022-06-29 20:12:22,542] {logging_mixin.py:115} INFO - [2022-06-29 20:12:22,542] {dag.py:2915} INFO - Setting next_dagrun for example_branch_dop_operator_v3 to 2022-06-29T18:11:00+00:00, run_after=2022-06-29T18:12:00+00:00
[2022-06-29 20:12:22,567] {processor.py:161} INFO - Processing /root/airflow_env/lib/python3.8/site-packages/airflow/example_dags/example_branch_python_dop_operator_3.py took 0.089 seconds
[2022-06-29 20:14:23,899] {processor.py:153} INFO - Started process (PID=3445) to work on /root/airflow_env/lib/python3.8/site-packages/airflow/example_dags/example_branch_python_dop_operator_3.py
[2022-06-29 20:14:23,901] {processor.py:641} INFO - Processing file /root/airflow_env/lib/python3.8/site-packages/airflow/example_dags/example_branch_python_dop_operator_3.py for tasks to queue
[2022-06-29 20:14:23,902] {logging_mixin.py:115} INFO - [2022-06-29 20:14:23,902] {dagbag.py:507} INFO - Filling up the DagBag from /root/airflow_env/lib/python3.8/site-packages/airflow/example_dags/example_branch_python_dop_operator_3.py
[2022-06-29 20:14:23,922] {processor.py:651} INFO - DAG(s) dict_keys(['example_branch_dop_operator_v3']) retrieved from /root/airflow_env/lib/python3.8/site-packages/airflow/example_dags/example_branch_python_dop_operator_3.py
[2022-06-29 20:14:23,941] {logging_mixin.py:115} INFO - [2022-06-29 20:14:23,941] {dag.py:2371} INFO - Sync 1 DAGs
[2022-06-29 20:14:23,957] {logging_mixin.py:115} INFO - [2022-06-29 20:14:23,957] {dag.py:2915} INFO - Setting next_dagrun for example_branch_dop_operator_v3 to 2022-06-29T18:13:00+00:00, run_after=2022-06-29T18:14:00+00:00
[2022-06-29 20:14:23,986] {processor.py:161} INFO - Processing /root/airflow_env/lib/python3.8/site-packages/airflow/example_dags/example_branch_python_dop_operator_3.py took 0.093 seconds
[2022-06-29 20:17:24,405] {processor.py:153} INFO - Started process (PID=4649) to work on /root/airflow_env/lib/python3.8/site-packages/airflow/example_dags/example_branch_python_dop_operator_3.py
[2022-06-29 20:17:24,407] {processor.py:641} INFO - Processing file /root/airflow_env/lib/python3.8/site-packages/airflow/example_dags/example_branch_python_dop_operator_3.py for tasks to queue
[2022-06-29 20:17:24,408] {logging_mixin.py:115} INFO - [2022-06-29 20:17:24,408] {dagbag.py:507} INFO - Filling up the DagBag from /root/airflow_env/lib/python3.8/site-packages/airflow/example_dags/example_branch_python_dop_operator_3.py
[2022-06-29 20:17:24,424] {processor.py:651} INFO - DAG(s) dict_keys(['example_branch_dop_operator_v3']) retrieved from /root/airflow_env/lib/python3.8/site-packages/airflow/example_dags/example_branch_python_dop_operator_3.py
[2022-06-29 20:17:24,438] {logging_mixin.py:115} INFO - [2022-06-29 20:17:24,437] {dag.py:2371} INFO - Sync 1 DAGs
[2022-06-29 20:17:24,454] {logging_mixin.py:115} INFO - [2022-06-29 20:17:24,453] {dag.py:2915} INFO - Setting next_dagrun for example_branch_dop_operator_v3 to 2022-06-29T18:16:00+00:00, run_after=2022-06-29T18:17:00+00:00
[2022-06-29 20:17:24,473] {processor.py:161} INFO - Processing /root/airflow_env/lib/python3.8/site-packages/airflow/example_dags/example_branch_python_dop_operator_3.py took 0.074 seconds
[2022-06-29 20:20:23,303] {processor.py:153} INFO - Started process (PID=5836) to work on /root/airflow_env/lib/python3.8/site-packages/airflow/example_dags/example_branch_python_dop_operator_3.py
[2022-06-29 20:20:23,306] {processor.py:641} INFO - Processing file /root/airflow_env/lib/python3.8/site-packages/airflow/example_dags/example_branch_python_dop_operator_3.py for tasks to queue
[2022-06-29 20:20:23,307] {logging_mixin.py:115} INFO - [2022-06-29 20:20:23,306] {dagbag.py:507} INFO - Filling up the DagBag from /root/airflow_env/lib/python3.8/site-packages/airflow/example_dags/example_branch_python_dop_operator_3.py
[2022-06-29 20:20:23,321] {processor.py:651} INFO - DAG(s) dict_keys(['example_branch_dop_operator_v3']) retrieved from /root/airflow_env/lib/python3.8/site-packages/airflow/example_dags/example_branch_python_dop_operator_3.py
[2022-06-29 20:20:23,342] {logging_mixin.py:115} INFO - [2022-06-29 20:20:23,342] {dag.py:2371} INFO - Sync 1 DAGs
[2022-06-29 20:20:23,363] {logging_mixin.py:115} INFO - [2022-06-29 20:20:23,363] {dag.py:2915} INFO - Setting next_dagrun for example_branch_dop_operator_v3 to 2022-06-29T18:19:00+00:00, run_after=2022-06-29T18:20:00+00:00
[2022-06-29 20:20:23,390] {processor.py:161} INFO - Processing /root/airflow_env/lib/python3.8/site-packages/airflow/example_dags/example_branch_python_dop_operator_3.py took 0.092 seconds
[2022-06-29 20:23:36,829] {processor.py:153} INFO - Started process (PID=7115) to work on /root/airflow_env/lib/python3.8/site-packages/airflow/example_dags/example_branch_python_dop_operator_3.py
[2022-06-29 20:23:36,830] {processor.py:641} INFO - Processing file /root/airflow_env/lib/python3.8/site-packages/airflow/example_dags/example_branch_python_dop_operator_3.py for tasks to queue
[2022-06-29 20:23:36,831] {logging_mixin.py:115} INFO - [2022-06-29 20:23:36,831] {dagbag.py:507} INFO - Filling up the DagBag from /root/airflow_env/lib/python3.8/site-packages/airflow/example_dags/example_branch_python_dop_operator_3.py
[2022-06-29 20:23:36,840] {processor.py:651} INFO - DAG(s) dict_keys(['example_branch_dop_operator_v3']) retrieved from /root/airflow_env/lib/python3.8/site-packages/airflow/example_dags/example_branch_python_dop_operator_3.py
[2022-06-29 20:23:36,853] {logging_mixin.py:115} INFO - [2022-06-29 20:23:36,853] {dag.py:2371} INFO - Sync 1 DAGs
[2022-06-29 20:23:36,870] {logging_mixin.py:115} INFO - [2022-06-29 20:23:36,870] {dag.py:2915} INFO - Setting next_dagrun for example_branch_dop_operator_v3 to 2022-06-29T18:22:00+00:00, run_after=2022-06-29T18:23:00+00:00
[2022-06-29 20:23:36,889] {processor.py:161} INFO - Processing /root/airflow_env/lib/python3.8/site-packages/airflow/example_dags/example_branch_python_dop_operator_3.py took 0.064 seconds
[2022-06-29 20:26:46,756] {processor.py:153} INFO - Started process (PID=8339) to work on /root/airflow_env/lib/python3.8/site-packages/airflow/example_dags/example_branch_python_dop_operator_3.py
[2022-06-29 20:26:46,757] {processor.py:641} INFO - Processing file /root/airflow_env/lib/python3.8/site-packages/airflow/example_dags/example_branch_python_dop_operator_3.py for tasks to queue
[2022-06-29 20:26:46,757] {logging_mixin.py:115} INFO - [2022-06-29 20:26:46,757] {dagbag.py:507} INFO - Filling up the DagBag from /root/airflow_env/lib/python3.8/site-packages/airflow/example_dags/example_branch_python_dop_operator_3.py
[2022-06-29 20:26:46,769] {processor.py:651} INFO - DAG(s) dict_keys(['example_branch_dop_operator_v3']) retrieved from /root/airflow_env/lib/python3.8/site-packages/airflow/example_dags/example_branch_python_dop_operator_3.py
[2022-06-29 20:26:46,791] {logging_mixin.py:115} INFO - [2022-06-29 20:26:46,791] {dag.py:2371} INFO - Sync 1 DAGs
[2022-06-29 20:26:46,814] {logging_mixin.py:115} INFO - [2022-06-29 20:26:46,814] {dag.py:2915} INFO - Setting next_dagrun for example_branch_dop_operator_v3 to 2022-06-29T18:25:00+00:00, run_after=2022-06-29T18:26:00+00:00
[2022-06-29 20:26:46,842] {processor.py:161} INFO - Processing /root/airflow_env/lib/python3.8/site-packages/airflow/example_dags/example_branch_python_dop_operator_3.py took 0.089 seconds
[2022-06-29 20:30:00,681] {processor.py:153} INFO - Started process (PID=9545) to work on /root/airflow_env/lib/python3.8/site-packages/airflow/example_dags/example_branch_python_dop_operator_3.py
[2022-06-29 20:30:00,683] {processor.py:641} INFO - Processing file /root/airflow_env/lib/python3.8/site-packages/airflow/example_dags/example_branch_python_dop_operator_3.py for tasks to queue
[2022-06-29 20:30:00,684] {logging_mixin.py:115} INFO - [2022-06-29 20:30:00,684] {dagbag.py:507} INFO - Filling up the DagBag from /root/airflow_env/lib/python3.8/site-packages/airflow/example_dags/example_branch_python_dop_operator_3.py
[2022-06-29 20:30:00,703] {processor.py:651} INFO - DAG(s) dict_keys(['example_branch_dop_operator_v3']) retrieved from /root/airflow_env/lib/python3.8/site-packages/airflow/example_dags/example_branch_python_dop_operator_3.py
[2022-06-29 20:30:00,728] {logging_mixin.py:115} INFO - [2022-06-29 20:30:00,728] {dag.py:2371} INFO - Sync 1 DAGs
[2022-06-29 20:30:00,744] {logging_mixin.py:115} INFO - [2022-06-29 20:30:00,744] {dag.py:2915} INFO - Setting next_dagrun for example_branch_dop_operator_v3 to 2022-06-29T18:29:00+00:00, run_after=2022-06-29T18:30:00+00:00
[2022-06-29 20:30:00,766] {processor.py:161} INFO - Processing /root/airflow_env/lib/python3.8/site-packages/airflow/example_dags/example_branch_python_dop_operator_3.py took 0.091 seconds
[2022-06-29 20:32:30,849] {processor.py:153} INFO - Started process (PID=10570) to work on /root/airflow_env/lib/python3.8/site-packages/airflow/example_dags/example_branch_python_dop_operator_3.py
[2022-06-29 20:32:30,850] {processor.py:641} INFO - Processing file /root/airflow_env/lib/python3.8/site-packages/airflow/example_dags/example_branch_python_dop_operator_3.py for tasks to queue
[2022-06-29 20:32:30,851] {logging_mixin.py:115} INFO - [2022-06-29 20:32:30,851] {dagbag.py:507} INFO - Filling up the DagBag from /root/airflow_env/lib/python3.8/site-packages/airflow/example_dags/example_branch_python_dop_operator_3.py
[2022-06-29 20:32:30,868] {processor.py:651} INFO - DAG(s) dict_keys(['example_branch_dop_operator_v3']) retrieved from /root/airflow_env/lib/python3.8/site-packages/airflow/example_dags/example_branch_python_dop_operator_3.py
[2022-06-29 20:32:30,886] {logging_mixin.py:115} INFO - [2022-06-29 20:32:30,886] {dag.py:2371} INFO - Sync 1 DAGs
[2022-06-29 20:32:30,903] {logging_mixin.py:115} INFO - [2022-06-29 20:32:30,903] {dag.py:2915} INFO - Setting next_dagrun for example_branch_dop_operator_v3 to 2022-06-29T18:31:00+00:00, run_after=2022-06-29T18:32:00+00:00
[2022-06-29 20:32:30,927] {processor.py:161} INFO - Processing /root/airflow_env/lib/python3.8/site-packages/airflow/example_dags/example_branch_python_dop_operator_3.py took 0.082 seconds
[2022-06-29 21:22:43,546] {processor.py:153} INFO - Started process (PID=11917) to work on /root/airflow_env/lib/python3.8/site-packages/airflow/example_dags/example_branch_python_dop_operator_3.py
[2022-06-29 21:22:43,549] {processor.py:641} INFO - Processing file /root/airflow_env/lib/python3.8/site-packages/airflow/example_dags/example_branch_python_dop_operator_3.py for tasks to queue
[2022-06-29 21:22:43,549] {logging_mixin.py:115} INFO - [2022-06-29 21:22:43,549] {dagbag.py:507} INFO - Filling up the DagBag from /root/airflow_env/lib/python3.8/site-packages/airflow/example_dags/example_branch_python_dop_operator_3.py
[2022-06-29 21:22:43,557] {processor.py:651} INFO - DAG(s) dict_keys(['example_branch_dop_operator_v3']) retrieved from /root/airflow_env/lib/python3.8/site-packages/airflow/example_dags/example_branch_python_dop_operator_3.py
[2022-06-29 21:22:43,566] {logging_mixin.py:115} INFO - [2022-06-29 21:22:43,566] {dag.py:2371} INFO - Sync 1 DAGs
[2022-06-29 21:22:43,579] {logging_mixin.py:115} INFO - [2022-06-29 21:22:43,579] {dag.py:2915} INFO - Setting next_dagrun for example_branch_dop_operator_v3 to 2022-06-29T19:21:00+00:00, run_after=2022-06-29T19:22:00+00:00
[2022-06-29 21:22:43,600] {processor.py:161} INFO - Processing /root/airflow_env/lib/python3.8/site-packages/airflow/example_dags/example_branch_python_dop_operator_3.py took 0.056 seconds
[2022-06-29 21:24:35,055] {processor.py:153} INFO - Started process (PID=12971) to work on /root/airflow_env/lib/python3.8/site-packages/airflow/example_dags/example_branch_python_dop_operator_3.py
[2022-06-29 21:24:35,056] {processor.py:641} INFO - Processing file /root/airflow_env/lib/python3.8/site-packages/airflow/example_dags/example_branch_python_dop_operator_3.py for tasks to queue
[2022-06-29 21:24:35,056] {logging_mixin.py:115} INFO - [2022-06-29 21:24:35,056] {dagbag.py:507} INFO - Filling up the DagBag from /root/airflow_env/lib/python3.8/site-packages/airflow/example_dags/example_branch_python_dop_operator_3.py
[2022-06-29 21:24:35,063] {processor.py:651} INFO - DAG(s) dict_keys(['example_branch_dop_operator_v3']) retrieved from /root/airflow_env/lib/python3.8/site-packages/airflow/example_dags/example_branch_python_dop_operator_3.py
[2022-06-29 21:24:35,071] {logging_mixin.py:115} INFO - [2022-06-29 21:24:35,071] {dag.py:2371} INFO - Sync 1 DAGs
[2022-06-29 21:24:35,085] {logging_mixin.py:115} INFO - [2022-06-29 21:24:35,085] {dag.py:2915} INFO - Setting next_dagrun for example_branch_dop_operator_v3 to 2022-06-29T19:23:00+00:00, run_after=2022-06-29T19:24:00+00:00
[2022-06-29 21:24:35,107] {processor.py:161} INFO - Processing /root/airflow_env/lib/python3.8/site-packages/airflow/example_dags/example_branch_python_dop_operator_3.py took 0.054 seconds
[2022-06-29 21:26:27,427] {processor.py:153} INFO - Started process (PID=14026) to work on /root/airflow_env/lib/python3.8/site-packages/airflow/example_dags/example_branch_python_dop_operator_3.py
[2022-06-29 21:26:27,430] {processor.py:641} INFO - Processing file /root/airflow_env/lib/python3.8/site-packages/airflow/example_dags/example_branch_python_dop_operator_3.py for tasks to queue
[2022-06-29 21:26:27,430] {logging_mixin.py:115} INFO - [2022-06-29 21:26:27,430] {dagbag.py:507} INFO - Filling up the DagBag from /root/airflow_env/lib/python3.8/site-packages/airflow/example_dags/example_branch_python_dop_operator_3.py
[2022-06-29 21:26:27,436] {processor.py:651} INFO - DAG(s) dict_keys(['example_branch_dop_operator_v3']) retrieved from /root/airflow_env/lib/python3.8/site-packages/airflow/example_dags/example_branch_python_dop_operator_3.py
[2022-06-29 21:26:27,445] {logging_mixin.py:115} INFO - [2022-06-29 21:26:27,445] {dag.py:2371} INFO - Sync 1 DAGs
[2022-06-29 21:26:27,457] {logging_mixin.py:115} INFO - [2022-06-29 21:26:27,457] {dag.py:2915} INFO - Setting next_dagrun for example_branch_dop_operator_v3 to 2022-06-29T19:25:00+00:00, run_after=2022-06-29T19:26:00+00:00
[2022-06-29 21:26:27,478] {processor.py:161} INFO - Processing /root/airflow_env/lib/python3.8/site-packages/airflow/example_dags/example_branch_python_dop_operator_3.py took 0.054 seconds
[2022-06-29 21:28:20,365] {processor.py:153} INFO - Started process (PID=15080) to work on /root/airflow_env/lib/python3.8/site-packages/airflow/example_dags/example_branch_python_dop_operator_3.py
[2022-06-29 21:28:20,367] {processor.py:641} INFO - Processing file /root/airflow_env/lib/python3.8/site-packages/airflow/example_dags/example_branch_python_dop_operator_3.py for tasks to queue
[2022-06-29 21:28:20,367] {logging_mixin.py:115} INFO - [2022-06-29 21:28:20,367] {dagbag.py:507} INFO - Filling up the DagBag from /root/airflow_env/lib/python3.8/site-packages/airflow/example_dags/example_branch_python_dop_operator_3.py
[2022-06-29 21:28:20,373] {processor.py:651} INFO - DAG(s) dict_keys(['example_branch_dop_operator_v3']) retrieved from /root/airflow_env/lib/python3.8/site-packages/airflow/example_dags/example_branch_python_dop_operator_3.py
[2022-06-29 21:28:20,383] {logging_mixin.py:115} INFO - [2022-06-29 21:28:20,383] {dag.py:2371} INFO - Sync 1 DAGs
[2022-06-29 21:28:20,394] {logging_mixin.py:115} INFO - [2022-06-29 21:28:20,394] {dag.py:2915} INFO - Setting next_dagrun for example_branch_dop_operator_v3 to 2022-06-29T19:27:00+00:00, run_after=2022-06-29T19:28:00+00:00
[2022-06-29 21:28:20,418] {processor.py:161} INFO - Processing /root/airflow_env/lib/python3.8/site-packages/airflow/example_dags/example_branch_python_dop_operator_3.py took 0.056 seconds
[2022-06-29 21:30:04,478] {processor.py:153} INFO - Started process (PID=16098) to work on /root/airflow_env/lib/python3.8/site-packages/airflow/example_dags/example_branch_python_dop_operator_3.py
[2022-06-29 21:30:04,479] {processor.py:641} INFO - Processing file /root/airflow_env/lib/python3.8/site-packages/airflow/example_dags/example_branch_python_dop_operator_3.py for tasks to queue
[2022-06-29 21:30:04,479] {logging_mixin.py:115} INFO - [2022-06-29 21:30:04,479] {dagbag.py:507} INFO - Filling up the DagBag from /root/airflow_env/lib/python3.8/site-packages/airflow/example_dags/example_branch_python_dop_operator_3.py
[2022-06-29 21:30:04,486] {processor.py:651} INFO - DAG(s) dict_keys(['example_branch_dop_operator_v3']) retrieved from /root/airflow_env/lib/python3.8/site-packages/airflow/example_dags/example_branch_python_dop_operator_3.py
[2022-06-29 21:30:04,495] {logging_mixin.py:115} INFO - [2022-06-29 21:30:04,495] {dag.py:2371} INFO - Sync 1 DAGs
[2022-06-29 21:30:04,507] {logging_mixin.py:115} INFO - [2022-06-29 21:30:04,507] {dag.py:2915} INFO - Setting next_dagrun for example_branch_dop_operator_v3 to 2022-06-29T19:29:00+00:00, run_after=2022-06-29T19:30:00+00:00
[2022-06-29 21:30:04,531] {processor.py:161} INFO - Processing /root/airflow_env/lib/python3.8/site-packages/airflow/example_dags/example_branch_python_dop_operator_3.py took 0.055 seconds
[2022-06-29 21:31:34,672] {processor.py:153} INFO - Started process (PID=17003) to work on /root/airflow_env/lib/python3.8/site-packages/airflow/example_dags/example_branch_python_dop_operator_3.py
[2022-06-29 21:31:34,673] {processor.py:641} INFO - Processing file /root/airflow_env/lib/python3.8/site-packages/airflow/example_dags/example_branch_python_dop_operator_3.py for tasks to queue
[2022-06-29 21:31:34,673] {logging_mixin.py:115} INFO - [2022-06-29 21:31:34,673] {dagbag.py:507} INFO - Filling up the DagBag from /root/airflow_env/lib/python3.8/site-packages/airflow/example_dags/example_branch_python_dop_operator_3.py
[2022-06-29 21:31:34,679] {processor.py:651} INFO - DAG(s) dict_keys(['example_branch_dop_operator_v3']) retrieved from /root/airflow_env/lib/python3.8/site-packages/airflow/example_dags/example_branch_python_dop_operator_3.py
[2022-06-29 21:31:34,688] {logging_mixin.py:115} INFO - [2022-06-29 21:31:34,688] {dag.py:2371} INFO - Sync 1 DAGs
[2022-06-29 21:31:34,702] {logging_mixin.py:115} INFO - [2022-06-29 21:31:34,702] {dag.py:2915} INFO - Setting next_dagrun for example_branch_dop_operator_v3 to 2022-06-29T19:30:00+00:00, run_after=2022-06-29T19:31:00+00:00
[2022-06-29 21:31:34,723] {processor.py:161} INFO - Processing /root/airflow_env/lib/python3.8/site-packages/airflow/example_dags/example_branch_python_dop_operator_3.py took 0.053 seconds
[2022-06-29 21:33:25,842] {processor.py:153} INFO - Started process (PID=18057) to work on /root/airflow_env/lib/python3.8/site-packages/airflow/example_dags/example_branch_python_dop_operator_3.py
[2022-06-29 21:33:25,844] {processor.py:641} INFO - Processing file /root/airflow_env/lib/python3.8/site-packages/airflow/example_dags/example_branch_python_dop_operator_3.py for tasks to queue
[2022-06-29 21:33:25,844] {logging_mixin.py:115} INFO - [2022-06-29 21:33:25,844] {dagbag.py:507} INFO - Filling up the DagBag from /root/airflow_env/lib/python3.8/site-packages/airflow/example_dags/example_branch_python_dop_operator_3.py
[2022-06-29 21:33:25,851] {processor.py:651} INFO - DAG(s) dict_keys(['example_branch_dop_operator_v3']) retrieved from /root/airflow_env/lib/python3.8/site-packages/airflow/example_dags/example_branch_python_dop_operator_3.py
[2022-06-29 21:33:25,860] {logging_mixin.py:115} INFO - [2022-06-29 21:33:25,860] {dag.py:2371} INFO - Sync 1 DAGs
[2022-06-29 21:33:25,872] {logging_mixin.py:115} INFO - [2022-06-29 21:33:25,872] {dag.py:2915} INFO - Setting next_dagrun for example_branch_dop_operator_v3 to 2022-06-29T19:32:00+00:00, run_after=2022-06-29T19:33:00+00:00
[2022-06-29 21:33:25,895] {processor.py:161} INFO - Processing /root/airflow_env/lib/python3.8/site-packages/airflow/example_dags/example_branch_python_dop_operator_3.py took 0.056 seconds
