[2022-06-29 20:11:04,881] {processor.py:153} INFO - Started process (PID=2182) to work on /root/airflow_env/lib/python3.8/site-packages/airflow/example_dags/example_xcom.py
[2022-06-29 20:11:04,883] {processor.py:641} INFO - Processing file /root/airflow_env/lib/python3.8/site-packages/airflow/example_dags/example_xcom.py for tasks to queue
[2022-06-29 20:11:04,884] {logging_mixin.py:115} INFO - [2022-06-29 20:11:04,884] {dagbag.py:507} INFO - Filling up the DagBag from /root/airflow_env/lib/python3.8/site-packages/airflow/example_dags/example_xcom.py
[2022-06-29 20:11:04,915] {processor.py:651} INFO - DAG(s) dict_keys(['example_xcom']) retrieved from /root/airflow_env/lib/python3.8/site-packages/airflow/example_dags/example_xcom.py
[2022-06-29 20:11:04,961] {logging_mixin.py:115} INFO - [2022-06-29 20:11:04,961] {dag.py:2371} INFO - Sync 1 DAGs
[2022-06-29 20:11:04,973] {logging_mixin.py:115} INFO - [2022-06-29 20:11:04,973] {dag.py:2915} INFO - Setting next_dagrun for example_xcom to 2021-01-01T00:00:00+00:00, run_after=2021-01-01T00:00:00+00:00
[2022-06-29 20:11:05,043] {processor.py:161} INFO - Processing /root/airflow_env/lib/python3.8/site-packages/airflow/example_dags/example_xcom.py took 0.168 seconds
[2022-06-29 20:13:11,589] {processor.py:153} INFO - Started process (PID=2973) to work on /root/airflow_env/lib/python3.8/site-packages/airflow/example_dags/example_xcom.py
[2022-06-29 20:13:11,591] {processor.py:641} INFO - Processing file /root/airflow_env/lib/python3.8/site-packages/airflow/example_dags/example_xcom.py for tasks to queue
[2022-06-29 20:13:11,592] {logging_mixin.py:115} INFO - [2022-06-29 20:13:11,592] {dagbag.py:507} INFO - Filling up the DagBag from /root/airflow_env/lib/python3.8/site-packages/airflow/example_dags/example_xcom.py
[2022-06-29 20:13:11,624] {processor.py:651} INFO - DAG(s) dict_keys(['example_xcom']) retrieved from /root/airflow_env/lib/python3.8/site-packages/airflow/example_dags/example_xcom.py
[2022-06-29 20:13:11,680] {logging_mixin.py:115} INFO - [2022-06-29 20:13:11,680] {dag.py:2371} INFO - Sync 1 DAGs
[2022-06-29 20:13:11,712] {logging_mixin.py:115} INFO - [2022-06-29 20:13:11,712] {dag.py:2915} INFO - Setting next_dagrun for example_xcom to 2021-01-01T00:00:00+00:00, run_after=2021-01-01T00:00:00+00:00
[2022-06-29 20:13:11,739] {processor.py:161} INFO - Processing /root/airflow_env/lib/python3.8/site-packages/airflow/example_dags/example_xcom.py took 0.155 seconds
[2022-06-29 20:14:37,666] {processor.py:153} INFO - Started process (PID=3539) to work on /root/airflow_env/lib/python3.8/site-packages/airflow/example_dags/example_xcom.py
[2022-06-29 20:14:37,704] {processor.py:641} INFO - Processing file /root/airflow_env/lib/python3.8/site-packages/airflow/example_dags/example_xcom.py for tasks to queue
[2022-06-29 20:14:37,705] {logging_mixin.py:115} INFO - [2022-06-29 20:14:37,705] {dagbag.py:507} INFO - Filling up the DagBag from /root/airflow_env/lib/python3.8/site-packages/airflow/example_dags/example_xcom.py
[2022-06-29 20:14:37,743] {processor.py:651} INFO - DAG(s) dict_keys(['example_xcom']) retrieved from /root/airflow_env/lib/python3.8/site-packages/airflow/example_dags/example_xcom.py
[2022-06-29 20:14:37,800] {logging_mixin.py:115} INFO - [2022-06-29 20:14:37,800] {dag.py:2371} INFO - Sync 1 DAGs
[2022-06-29 20:14:37,814] {logging_mixin.py:115} INFO - [2022-06-29 20:14:37,814] {dag.py:2915} INFO - Setting next_dagrun for example_xcom to 2021-01-01T00:00:00+00:00, run_after=2021-01-01T00:00:00+00:00
[2022-06-29 20:14:37,838] {processor.py:161} INFO - Processing /root/airflow_env/lib/python3.8/site-packages/airflow/example_dags/example_xcom.py took 0.178 seconds
[2022-06-29 20:16:07,626] {processor.py:153} INFO - Started process (PID=4141) to work on /root/airflow_env/lib/python3.8/site-packages/airflow/example_dags/example_xcom.py
[2022-06-29 20:16:07,666] {processor.py:641} INFO - Processing file /root/airflow_env/lib/python3.8/site-packages/airflow/example_dags/example_xcom.py for tasks to queue
[2022-06-29 20:16:07,668] {logging_mixin.py:115} INFO - [2022-06-29 20:16:07,668] {dagbag.py:507} INFO - Filling up the DagBag from /root/airflow_env/lib/python3.8/site-packages/airflow/example_dags/example_xcom.py
[2022-06-29 20:16:07,705] {processor.py:651} INFO - DAG(s) dict_keys(['example_xcom']) retrieved from /root/airflow_env/lib/python3.8/site-packages/airflow/example_dags/example_xcom.py
[2022-06-29 20:16:07,762] {logging_mixin.py:115} INFO - [2022-06-29 20:16:07,762] {dag.py:2371} INFO - Sync 1 DAGs
[2022-06-29 20:16:07,773] {logging_mixin.py:115} INFO - [2022-06-29 20:16:07,773] {dag.py:2915} INFO - Setting next_dagrun for example_xcom to 2021-01-01T00:00:00+00:00, run_after=2021-01-01T00:00:00+00:00
[2022-06-29 20:16:07,812] {processor.py:161} INFO - Processing /root/airflow_env/lib/python3.8/site-packages/airflow/example_dags/example_xcom.py took 0.193 seconds
[2022-06-29 20:17:46,656] {processor.py:153} INFO - Started process (PID=4799) to work on /root/airflow_env/lib/python3.8/site-packages/airflow/example_dags/example_xcom.py
[2022-06-29 20:17:46,657] {processor.py:641} INFO - Processing file /root/airflow_env/lib/python3.8/site-packages/airflow/example_dags/example_xcom.py for tasks to queue
[2022-06-29 20:17:46,658] {logging_mixin.py:115} INFO - [2022-06-29 20:17:46,658] {dagbag.py:507} INFO - Filling up the DagBag from /root/airflow_env/lib/python3.8/site-packages/airflow/example_dags/example_xcom.py
[2022-06-29 20:17:46,682] {processor.py:651} INFO - DAG(s) dict_keys(['example_xcom']) retrieved from /root/airflow_env/lib/python3.8/site-packages/airflow/example_dags/example_xcom.py
[2022-06-29 20:17:46,695] {logging_mixin.py:115} INFO - [2022-06-29 20:17:46,695] {dag.py:2371} INFO - Sync 1 DAGs
[2022-06-29 20:17:46,707] {logging_mixin.py:115} INFO - [2022-06-29 20:17:46,707] {dag.py:2915} INFO - Setting next_dagrun for example_xcom to 2021-01-01T00:00:00+00:00, run_after=2021-01-01T00:00:00+00:00
[2022-06-29 20:17:46,728] {processor.py:161} INFO - Processing /root/airflow_env/lib/python3.8/site-packages/airflow/example_dags/example_xcom.py took 0.076 seconds
[2022-06-29 20:19:13,619] {processor.py:153} INFO - Started process (PID=5384) to work on /root/airflow_env/lib/python3.8/site-packages/airflow/example_dags/example_xcom.py
[2022-06-29 20:19:13,622] {processor.py:641} INFO - Processing file /root/airflow_env/lib/python3.8/site-packages/airflow/example_dags/example_xcom.py for tasks to queue
[2022-06-29 20:19:13,623] {logging_mixin.py:115} INFO - [2022-06-29 20:19:13,623] {dagbag.py:507} INFO - Filling up the DagBag from /root/airflow_env/lib/python3.8/site-packages/airflow/example_dags/example_xcom.py
[2022-06-29 20:19:13,655] {processor.py:651} INFO - DAG(s) dict_keys(['example_xcom']) retrieved from /root/airflow_env/lib/python3.8/site-packages/airflow/example_dags/example_xcom.py
[2022-06-29 20:19:13,700] {logging_mixin.py:115} INFO - [2022-06-29 20:19:13,700] {dag.py:2371} INFO - Sync 1 DAGs
[2022-06-29 20:19:13,725] {logging_mixin.py:115} INFO - [2022-06-29 20:19:13,725] {dag.py:2915} INFO - Setting next_dagrun for example_xcom to 2021-01-01T00:00:00+00:00, run_after=2021-01-01T00:00:00+00:00
[2022-06-29 20:19:13,760] {processor.py:161} INFO - Processing /root/airflow_env/lib/python3.8/site-packages/airflow/example_dags/example_xcom.py took 0.147 seconds
[2022-06-29 20:20:45,737] {processor.py:153} INFO - Started process (PID=5986) to work on /root/airflow_env/lib/python3.8/site-packages/airflow/example_dags/example_xcom.py
[2022-06-29 20:20:45,740] {processor.py:641} INFO - Processing file /root/airflow_env/lib/python3.8/site-packages/airflow/example_dags/example_xcom.py for tasks to queue
[2022-06-29 20:20:45,741] {logging_mixin.py:115} INFO - [2022-06-29 20:20:45,741] {dagbag.py:507} INFO - Filling up the DagBag from /root/airflow_env/lib/python3.8/site-packages/airflow/example_dags/example_xcom.py
[2022-06-29 20:20:45,775] {processor.py:651} INFO - DAG(s) dict_keys(['example_xcom']) retrieved from /root/airflow_env/lib/python3.8/site-packages/airflow/example_dags/example_xcom.py
[2022-06-29 20:20:45,819] {logging_mixin.py:115} INFO - [2022-06-29 20:20:45,819] {dag.py:2371} INFO - Sync 1 DAGs
[2022-06-29 20:20:45,830] {logging_mixin.py:115} INFO - [2022-06-29 20:20:45,830] {dag.py:2915} INFO - Setting next_dagrun for example_xcom to 2021-01-01T00:00:00+00:00, run_after=2021-01-01T00:00:00+00:00
[2022-06-29 20:20:45,855] {processor.py:161} INFO - Processing /root/airflow_env/lib/python3.8/site-packages/airflow/example_dags/example_xcom.py took 0.124 seconds
[2022-06-29 20:22:25,972] {processor.py:153} INFO - Started process (PID=6644) to work on /root/airflow_env/lib/python3.8/site-packages/airflow/example_dags/example_xcom.py
[2022-06-29 20:22:26,012] {processor.py:641} INFO - Processing file /root/airflow_env/lib/python3.8/site-packages/airflow/example_dags/example_xcom.py for tasks to queue
[2022-06-29 20:22:26,013] {logging_mixin.py:115} INFO - [2022-06-29 20:22:26,013] {dagbag.py:507} INFO - Filling up the DagBag from /root/airflow_env/lib/python3.8/site-packages/airflow/example_dags/example_xcom.py
[2022-06-29 20:22:26,050] {processor.py:651} INFO - DAG(s) dict_keys(['example_xcom']) retrieved from /root/airflow_env/lib/python3.8/site-packages/airflow/example_dags/example_xcom.py
[2022-06-29 20:22:26,120] {logging_mixin.py:115} INFO - [2022-06-29 20:22:26,120] {dag.py:2371} INFO - Sync 1 DAGs
[2022-06-29 20:22:26,130] {logging_mixin.py:115} INFO - [2022-06-29 20:22:26,130] {dag.py:2915} INFO - Setting next_dagrun for example_xcom to 2021-01-01T00:00:00+00:00, run_after=2021-01-01T00:00:00+00:00
[2022-06-29 20:22:26,157] {processor.py:161} INFO - Processing /root/airflow_env/lib/python3.8/site-packages/airflow/example_dags/example_xcom.py took 0.190 seconds
[2022-06-29 20:23:55,788] {processor.py:153} INFO - Started process (PID=7229) to work on /root/airflow_env/lib/python3.8/site-packages/airflow/example_dags/example_xcom.py
[2022-06-29 20:23:55,790] {processor.py:641} INFO - Processing file /root/airflow_env/lib/python3.8/site-packages/airflow/example_dags/example_xcom.py for tasks to queue
[2022-06-29 20:23:55,791] {logging_mixin.py:115} INFO - [2022-06-29 20:23:55,791] {dagbag.py:507} INFO - Filling up the DagBag from /root/airflow_env/lib/python3.8/site-packages/airflow/example_dags/example_xcom.py
[2022-06-29 20:23:55,818] {processor.py:651} INFO - DAG(s) dict_keys(['example_xcom']) retrieved from /root/airflow_env/lib/python3.8/site-packages/airflow/example_dags/example_xcom.py
[2022-06-29 20:23:55,874] {logging_mixin.py:115} INFO - [2022-06-29 20:23:55,874] {dag.py:2371} INFO - Sync 1 DAGs
[2022-06-29 20:23:55,893] {logging_mixin.py:115} INFO - [2022-06-29 20:23:55,892] {dag.py:2915} INFO - Setting next_dagrun for example_xcom to 2021-01-01T00:00:00+00:00, run_after=2021-01-01T00:00:00+00:00
[2022-06-29 20:23:55,938] {processor.py:161} INFO - Processing /root/airflow_env/lib/python3.8/site-packages/airflow/example_dags/example_xcom.py took 0.159 seconds
[2022-06-29 20:25:27,610] {processor.py:153} INFO - Started process (PID=7831) to work on /root/airflow_env/lib/python3.8/site-packages/airflow/example_dags/example_xcom.py
[2022-06-29 20:25:27,640] {processor.py:641} INFO - Processing file /root/airflow_env/lib/python3.8/site-packages/airflow/example_dags/example_xcom.py for tasks to queue
[2022-06-29 20:25:27,641] {logging_mixin.py:115} INFO - [2022-06-29 20:25:27,641] {dagbag.py:507} INFO - Filling up the DagBag from /root/airflow_env/lib/python3.8/site-packages/airflow/example_dags/example_xcom.py
[2022-06-29 20:25:27,675] {processor.py:651} INFO - DAG(s) dict_keys(['example_xcom']) retrieved from /root/airflow_env/lib/python3.8/site-packages/airflow/example_dags/example_xcom.py
[2022-06-29 20:25:27,690] {logging_mixin.py:115} INFO - [2022-06-29 20:25:27,689] {dag.py:2371} INFO - Sync 1 DAGs
[2022-06-29 20:25:27,703] {logging_mixin.py:115} INFO - [2022-06-29 20:25:27,702] {dag.py:2915} INFO - Setting next_dagrun for example_xcom to 2021-01-01T00:00:00+00:00, run_after=2021-01-01T00:00:00+00:00
[2022-06-29 20:25:27,725] {processor.py:161} INFO - Processing /root/airflow_env/lib/python3.8/site-packages/airflow/example_dags/example_xcom.py took 0.122 seconds
[2022-06-29 20:27:10,500] {processor.py:153} INFO - Started process (PID=8489) to work on /root/airflow_env/lib/python3.8/site-packages/airflow/example_dags/example_xcom.py
[2022-06-29 20:27:10,502] {processor.py:641} INFO - Processing file /root/airflow_env/lib/python3.8/site-packages/airflow/example_dags/example_xcom.py for tasks to queue
[2022-06-29 20:27:10,503] {logging_mixin.py:115} INFO - [2022-06-29 20:27:10,502] {dagbag.py:507} INFO - Filling up the DagBag from /root/airflow_env/lib/python3.8/site-packages/airflow/example_dags/example_xcom.py
[2022-06-29 20:27:10,538] {processor.py:651} INFO - DAG(s) dict_keys(['example_xcom']) retrieved from /root/airflow_env/lib/python3.8/site-packages/airflow/example_dags/example_xcom.py
[2022-06-29 20:27:10,612] {logging_mixin.py:115} INFO - [2022-06-29 20:27:10,612] {dag.py:2371} INFO - Sync 1 DAGs
[2022-06-29 20:27:10,626] {logging_mixin.py:115} INFO - [2022-06-29 20:27:10,625] {dag.py:2915} INFO - Setting next_dagrun for example_xcom to 2021-01-01T00:00:00+00:00, run_after=2021-01-01T00:00:00+00:00
[2022-06-29 20:27:10,694] {processor.py:161} INFO - Processing /root/airflow_env/lib/python3.8/site-packages/airflow/example_dags/example_xcom.py took 0.201 seconds
[2022-06-29 20:28:44,733] {processor.py:153} INFO - Started process (PID=9074) to work on /root/airflow_env/lib/python3.8/site-packages/airflow/example_dags/example_xcom.py
[2022-06-29 20:28:44,773] {processor.py:641} INFO - Processing file /root/airflow_env/lib/python3.8/site-packages/airflow/example_dags/example_xcom.py for tasks to queue
[2022-06-29 20:28:44,774] {logging_mixin.py:115} INFO - [2022-06-29 20:28:44,774] {dagbag.py:507} INFO - Filling up the DagBag from /root/airflow_env/lib/python3.8/site-packages/airflow/example_dags/example_xcom.py
[2022-06-29 20:28:44,800] {processor.py:651} INFO - DAG(s) dict_keys(['example_xcom']) retrieved from /root/airflow_env/lib/python3.8/site-packages/airflow/example_dags/example_xcom.py
[2022-06-29 20:28:44,840] {logging_mixin.py:115} INFO - [2022-06-29 20:28:44,839] {dag.py:2371} INFO - Sync 1 DAGs
[2022-06-29 20:28:44,854] {logging_mixin.py:115} INFO - [2022-06-29 20:28:44,854] {dag.py:2915} INFO - Setting next_dagrun for example_xcom to 2021-01-01T00:00:00+00:00, run_after=2021-01-01T00:00:00+00:00
[2022-06-29 20:28:44,884] {processor.py:161} INFO - Processing /root/airflow_env/lib/python3.8/site-packages/airflow/example_dags/example_xcom.py took 0.158 seconds
[2022-06-29 20:30:22,631] {processor.py:153} INFO - Started process (PID=9695) to work on /root/airflow_env/lib/python3.8/site-packages/airflow/example_dags/example_xcom.py
[2022-06-29 20:30:22,633] {processor.py:641} INFO - Processing file /root/airflow_env/lib/python3.8/site-packages/airflow/example_dags/example_xcom.py for tasks to queue
[2022-06-29 20:30:22,634] {logging_mixin.py:115} INFO - [2022-06-29 20:30:22,633] {dagbag.py:507} INFO - Filling up the DagBag from /root/airflow_env/lib/python3.8/site-packages/airflow/example_dags/example_xcom.py
[2022-06-29 20:30:22,664] {processor.py:651} INFO - DAG(s) dict_keys(['example_xcom']) retrieved from /root/airflow_env/lib/python3.8/site-packages/airflow/example_dags/example_xcom.py
[2022-06-29 20:30:22,694] {logging_mixin.py:115} INFO - [2022-06-29 20:30:22,694] {dag.py:2371} INFO - Sync 1 DAGs
[2022-06-29 20:30:22,733] {logging_mixin.py:115} INFO - [2022-06-29 20:30:22,733] {dag.py:2915} INFO - Setting next_dagrun for example_xcom to 2021-01-01T00:00:00+00:00, run_after=2021-01-01T00:00:00+00:00
[2022-06-29 20:30:22,780] {processor.py:161} INFO - Processing /root/airflow_env/lib/python3.8/site-packages/airflow/example_dags/example_xcom.py took 0.153 seconds
[2022-06-29 20:31:38,913] {processor.py:153} INFO - Started process (PID=10227) to work on /root/airflow_env/lib/python3.8/site-packages/airflow/example_dags/example_xcom.py
[2022-06-29 20:31:38,914] {processor.py:641} INFO - Processing file /root/airflow_env/lib/python3.8/site-packages/airflow/example_dags/example_xcom.py for tasks to queue
[2022-06-29 20:31:38,915] {logging_mixin.py:115} INFO - [2022-06-29 20:31:38,915] {dagbag.py:507} INFO - Filling up the DagBag from /root/airflow_env/lib/python3.8/site-packages/airflow/example_dags/example_xcom.py
[2022-06-29 20:31:38,949] {processor.py:651} INFO - DAG(s) dict_keys(['example_xcom']) retrieved from /root/airflow_env/lib/python3.8/site-packages/airflow/example_dags/example_xcom.py
[2022-06-29 20:31:38,999] {logging_mixin.py:115} INFO - [2022-06-29 20:31:38,999] {dag.py:2371} INFO - Sync 1 DAGs
[2022-06-29 20:31:39,010] {logging_mixin.py:115} INFO - [2022-06-29 20:31:39,010] {dag.py:2915} INFO - Setting next_dagrun for example_xcom to 2021-01-01T00:00:00+00:00, run_after=2021-01-01T00:00:00+00:00
[2022-06-29 20:31:39,034] {processor.py:161} INFO - Processing /root/airflow_env/lib/python3.8/site-packages/airflow/example_dags/example_xcom.py took 0.124 seconds
[2022-06-29 21:16:48,352] {processor.py:153} INFO - Started process (PID=10936) to work on /root/airflow_env/lib/python3.8/site-packages/airflow/example_dags/example_xcom.py
[2022-06-29 21:16:48,354] {processor.py:641} INFO - Processing file /root/airflow_env/lib/python3.8/site-packages/airflow/example_dags/example_xcom.py for tasks to queue
[2022-06-29 21:16:48,355] {logging_mixin.py:115} INFO - [2022-06-29 21:16:48,355] {dagbag.py:507} INFO - Filling up the DagBag from /root/airflow_env/lib/python3.8/site-packages/airflow/example_dags/example_xcom.py
[2022-06-29 21:16:48,381] {processor.py:651} INFO - DAG(s) dict_keys(['example_xcom']) retrieved from /root/airflow_env/lib/python3.8/site-packages/airflow/example_dags/example_xcom.py
[2022-06-29 21:16:48,428] {logging_mixin.py:115} INFO - [2022-06-29 21:16:48,428] {dag.py:2371} INFO - Sync 1 DAGs
[2022-06-29 21:16:48,445] {logging_mixin.py:115} INFO - [2022-06-29 21:16:48,444] {dag.py:2915} INFO - Setting next_dagrun for example_xcom to 2021-01-01T00:00:00+00:00, run_after=2021-01-01T00:00:00+00:00
[2022-06-29 21:16:48,470] {processor.py:161} INFO - Processing /root/airflow_env/lib/python3.8/site-packages/airflow/example_dags/example_xcom.py took 0.125 seconds
[2022-06-29 21:20:06,796] {processor.py:153} INFO - Started process (PID=11146) to work on /root/airflow_env/lib/python3.8/site-packages/airflow/example_dags/example_xcom.py
[2022-06-29 21:20:06,797] {processor.py:641} INFO - Processing file /root/airflow_env/lib/python3.8/site-packages/airflow/example_dags/example_xcom.py for tasks to queue
[2022-06-29 21:20:06,798] {logging_mixin.py:115} INFO - [2022-06-29 21:20:06,798] {dagbag.py:507} INFO - Filling up the DagBag from /root/airflow_env/lib/python3.8/site-packages/airflow/example_dags/example_xcom.py
[2022-06-29 21:20:06,823] {processor.py:651} INFO - DAG(s) dict_keys(['example_xcom']) retrieved from /root/airflow_env/lib/python3.8/site-packages/airflow/example_dags/example_xcom.py
[2022-06-29 21:20:06,857] {logging_mixin.py:115} INFO - [2022-06-29 21:20:06,857] {dag.py:2371} INFO - Sync 1 DAGs
[2022-06-29 21:20:06,880] {logging_mixin.py:115} INFO - [2022-06-29 21:20:06,880] {dag.py:2915} INFO - Setting next_dagrun for example_xcom to 2021-01-01T00:00:00+00:00, run_after=2021-01-01T00:00:00+00:00
[2022-06-29 21:20:06,917] {processor.py:161} INFO - Processing /root/airflow_env/lib/python3.8/site-packages/airflow/example_dags/example_xcom.py took 0.127 seconds
[2022-06-29 21:21:49,142] {processor.py:153} INFO - Started process (PID=11445) to work on /root/airflow_env/lib/python3.8/site-packages/airflow/example_dags/example_xcom.py
[2022-06-29 21:21:49,143] {processor.py:641} INFO - Processing file /root/airflow_env/lib/python3.8/site-packages/airflow/example_dags/example_xcom.py for tasks to queue
[2022-06-29 21:21:49,143] {logging_mixin.py:115} INFO - [2022-06-29 21:21:49,143] {dagbag.py:507} INFO - Filling up the DagBag from /root/airflow_env/lib/python3.8/site-packages/airflow/example_dags/example_xcom.py
[2022-06-29 21:21:49,154] {processor.py:651} INFO - DAG(s) dict_keys(['example_xcom']) retrieved from /root/airflow_env/lib/python3.8/site-packages/airflow/example_dags/example_xcom.py
[2022-06-29 21:21:49,179] {logging_mixin.py:115} INFO - [2022-06-29 21:21:49,179] {dag.py:2371} INFO - Sync 1 DAGs
[2022-06-29 21:21:49,187] {logging_mixin.py:115} INFO - [2022-06-29 21:21:49,187] {dag.py:2915} INFO - Setting next_dagrun for example_xcom to 2021-01-01T00:00:00+00:00, run_after=2021-01-01T00:00:00+00:00
[2022-06-29 21:21:49,212] {processor.py:161} INFO - Processing /root/airflow_env/lib/python3.8/site-packages/airflow/example_dags/example_xcom.py took 0.073 seconds
[2022-06-29 21:23:15,586] {processor.py:153} INFO - Started process (PID=12236) to work on /root/airflow_env/lib/python3.8/site-packages/airflow/example_dags/example_xcom.py
[2022-06-29 21:23:15,588] {processor.py:641} INFO - Processing file /root/airflow_env/lib/python3.8/site-packages/airflow/example_dags/example_xcom.py for tasks to queue
[2022-06-29 21:23:15,589] {logging_mixin.py:115} INFO - [2022-06-29 21:23:15,589] {dagbag.py:507} INFO - Filling up the DagBag from /root/airflow_env/lib/python3.8/site-packages/airflow/example_dags/example_xcom.py
[2022-06-29 21:23:15,600] {processor.py:651} INFO - DAG(s) dict_keys(['example_xcom']) retrieved from /root/airflow_env/lib/python3.8/site-packages/airflow/example_dags/example_xcom.py
[2022-06-29 21:23:15,629] {logging_mixin.py:115} INFO - [2022-06-29 21:23:15,629] {dag.py:2371} INFO - Sync 1 DAGs
[2022-06-29 21:23:15,639] {logging_mixin.py:115} INFO - [2022-06-29 21:23:15,639] {dag.py:2915} INFO - Setting next_dagrun for example_xcom to 2021-01-01T00:00:00+00:00, run_after=2021-01-01T00:00:00+00:00
[2022-06-29 21:23:15,660] {processor.py:161} INFO - Processing /root/airflow_env/lib/python3.8/site-packages/airflow/example_dags/example_xcom.py took 0.076 seconds
[2022-06-29 21:24:09,172] {processor.py:153} INFO - Started process (PID=12726) to work on /root/airflow_env/lib/python3.8/site-packages/airflow/example_dags/example_xcom.py
[2022-06-29 21:24:09,176] {processor.py:641} INFO - Processing file /root/airflow_env/lib/python3.8/site-packages/airflow/example_dags/example_xcom.py for tasks to queue
[2022-06-29 21:24:09,176] {logging_mixin.py:115} INFO - [2022-06-29 21:24:09,176] {dagbag.py:507} INFO - Filling up the DagBag from /root/airflow_env/lib/python3.8/site-packages/airflow/example_dags/example_xcom.py
[2022-06-29 21:24:09,188] {processor.py:651} INFO - DAG(s) dict_keys(['example_xcom']) retrieved from /root/airflow_env/lib/python3.8/site-packages/airflow/example_dags/example_xcom.py
[2022-06-29 21:24:09,210] {logging_mixin.py:115} INFO - [2022-06-29 21:24:09,210] {dag.py:2371} INFO - Sync 1 DAGs
[2022-06-29 21:24:09,220] {logging_mixin.py:115} INFO - [2022-06-29 21:24:09,220] {dag.py:2915} INFO - Setting next_dagrun for example_xcom to 2021-01-01T00:00:00+00:00, run_after=2021-01-01T00:00:00+00:00
[2022-06-29 21:24:09,241] {processor.py:161} INFO - Processing /root/airflow_env/lib/python3.8/site-packages/airflow/example_dags/example_xcom.py took 0.072 seconds
[2022-06-29 21:25:07,192] {processor.py:153} INFO - Started process (PID=13290) to work on /root/airflow_env/lib/python3.8/site-packages/airflow/example_dags/example_xcom.py
[2022-06-29 21:25:07,194] {processor.py:641} INFO - Processing file /root/airflow_env/lib/python3.8/site-packages/airflow/example_dags/example_xcom.py for tasks to queue
[2022-06-29 21:25:07,195] {logging_mixin.py:115} INFO - [2022-06-29 21:25:07,195] {dagbag.py:507} INFO - Filling up the DagBag from /root/airflow_env/lib/python3.8/site-packages/airflow/example_dags/example_xcom.py
[2022-06-29 21:25:07,206] {processor.py:651} INFO - DAG(s) dict_keys(['example_xcom']) retrieved from /root/airflow_env/lib/python3.8/site-packages/airflow/example_dags/example_xcom.py
[2022-06-29 21:25:07,232] {logging_mixin.py:115} INFO - [2022-06-29 21:25:07,232] {dag.py:2371} INFO - Sync 1 DAGs
[2022-06-29 21:25:07,241] {logging_mixin.py:115} INFO - [2022-06-29 21:25:07,241] {dag.py:2915} INFO - Setting next_dagrun for example_xcom to 2021-01-01T00:00:00+00:00, run_after=2021-01-01T00:00:00+00:00
[2022-06-29 21:25:07,262] {processor.py:161} INFO - Processing /root/airflow_env/lib/python3.8/site-packages/airflow/example_dags/example_xcom.py took 0.072 seconds
[2022-06-29 21:26:00,530] {processor.py:153} INFO - Started process (PID=13781) to work on /root/airflow_env/lib/python3.8/site-packages/airflow/example_dags/example_xcom.py
[2022-06-29 21:26:00,531] {processor.py:641} INFO - Processing file /root/airflow_env/lib/python3.8/site-packages/airflow/example_dags/example_xcom.py for tasks to queue
[2022-06-29 21:26:00,531] {logging_mixin.py:115} INFO - [2022-06-29 21:26:00,531] {dagbag.py:507} INFO - Filling up the DagBag from /root/airflow_env/lib/python3.8/site-packages/airflow/example_dags/example_xcom.py
[2022-06-29 21:26:00,544] {processor.py:651} INFO - DAG(s) dict_keys(['example_xcom']) retrieved from /root/airflow_env/lib/python3.8/site-packages/airflow/example_dags/example_xcom.py
[2022-06-29 21:26:00,553] {logging_mixin.py:115} INFO - [2022-06-29 21:26:00,553] {dag.py:2371} INFO - Sync 1 DAGs
[2022-06-29 21:26:00,563] {logging_mixin.py:115} INFO - [2022-06-29 21:26:00,563] {dag.py:2915} INFO - Setting next_dagrun for example_xcom to 2021-01-01T00:00:00+00:00, run_after=2021-01-01T00:00:00+00:00
[2022-06-29 21:26:00,586] {processor.py:161} INFO - Processing /root/airflow_env/lib/python3.8/site-packages/airflow/example_dags/example_xcom.py took 0.059 seconds
[2022-06-29 21:27:01,039] {processor.py:153} INFO - Started process (PID=14345) to work on /root/airflow_env/lib/python3.8/site-packages/airflow/example_dags/example_xcom.py
[2022-06-29 21:27:01,041] {processor.py:641} INFO - Processing file /root/airflow_env/lib/python3.8/site-packages/airflow/example_dags/example_xcom.py for tasks to queue
[2022-06-29 21:27:01,041] {logging_mixin.py:115} INFO - [2022-06-29 21:27:01,041] {dagbag.py:507} INFO - Filling up the DagBag from /root/airflow_env/lib/python3.8/site-packages/airflow/example_dags/example_xcom.py
[2022-06-29 21:27:01,052] {processor.py:651} INFO - DAG(s) dict_keys(['example_xcom']) retrieved from /root/airflow_env/lib/python3.8/site-packages/airflow/example_dags/example_xcom.py
[2022-06-29 21:27:01,078] {logging_mixin.py:115} INFO - [2022-06-29 21:27:01,078] {dag.py:2371} INFO - Sync 1 DAGs
[2022-06-29 21:27:01,091] {logging_mixin.py:115} INFO - [2022-06-29 21:27:01,090] {dag.py:2915} INFO - Setting next_dagrun for example_xcom to 2021-01-01T00:00:00+00:00, run_after=2021-01-01T00:00:00+00:00
[2022-06-29 21:27:01,119] {processor.py:161} INFO - Processing /root/airflow_env/lib/python3.8/site-packages/airflow/example_dags/example_xcom.py took 0.082 seconds
[2022-06-29 21:27:53,633] {processor.py:153} INFO - Started process (PID=14835) to work on /root/airflow_env/lib/python3.8/site-packages/airflow/example_dags/example_xcom.py
[2022-06-29 21:27:53,634] {processor.py:641} INFO - Processing file /root/airflow_env/lib/python3.8/site-packages/airflow/example_dags/example_xcom.py for tasks to queue
[2022-06-29 21:27:53,634] {logging_mixin.py:115} INFO - [2022-06-29 21:27:53,634] {dagbag.py:507} INFO - Filling up the DagBag from /root/airflow_env/lib/python3.8/site-packages/airflow/example_dags/example_xcom.py
[2022-06-29 21:27:53,647] {processor.py:651} INFO - DAG(s) dict_keys(['example_xcom']) retrieved from /root/airflow_env/lib/python3.8/site-packages/airflow/example_dags/example_xcom.py
[2022-06-29 21:27:53,656] {logging_mixin.py:115} INFO - [2022-06-29 21:27:53,656] {dag.py:2371} INFO - Sync 1 DAGs
[2022-06-29 21:27:53,665] {logging_mixin.py:115} INFO - [2022-06-29 21:27:53,665] {dag.py:2915} INFO - Setting next_dagrun for example_xcom to 2021-01-01T00:00:00+00:00, run_after=2021-01-01T00:00:00+00:00
[2022-06-29 21:27:53,686] {processor.py:161} INFO - Processing /root/airflow_env/lib/python3.8/site-packages/airflow/example_dags/example_xcom.py took 0.056 seconds
[2022-06-29 21:28:54,159] {processor.py:153} INFO - Started process (PID=15399) to work on /root/airflow_env/lib/python3.8/site-packages/airflow/example_dags/example_xcom.py
[2022-06-29 21:28:54,159] {processor.py:641} INFO - Processing file /root/airflow_env/lib/python3.8/site-packages/airflow/example_dags/example_xcom.py for tasks to queue
[2022-06-29 21:28:54,160] {logging_mixin.py:115} INFO - [2022-06-29 21:28:54,160] {dagbag.py:507} INFO - Filling up the DagBag from /root/airflow_env/lib/python3.8/site-packages/airflow/example_dags/example_xcom.py
[2022-06-29 21:28:54,170] {processor.py:651} INFO - DAG(s) dict_keys(['example_xcom']) retrieved from /root/airflow_env/lib/python3.8/site-packages/airflow/example_dags/example_xcom.py
[2022-06-29 21:28:54,179] {logging_mixin.py:115} INFO - [2022-06-29 21:28:54,179] {dag.py:2371} INFO - Sync 1 DAGs
[2022-06-29 21:28:54,189] {logging_mixin.py:115} INFO - [2022-06-29 21:28:54,189] {dag.py:2915} INFO - Setting next_dagrun for example_xcom to 2021-01-01T00:00:00+00:00, run_after=2021-01-01T00:00:00+00:00
[2022-06-29 21:28:54,209] {processor.py:161} INFO - Processing /root/airflow_env/lib/python3.8/site-packages/airflow/example_dags/example_xcom.py took 0.053 seconds
[2022-06-29 21:29:46,502] {processor.py:153} INFO - Started process (PID=15908) to work on /root/airflow_env/lib/python3.8/site-packages/airflow/example_dags/example_xcom.py
[2022-06-29 21:29:46,503] {processor.py:641} INFO - Processing file /root/airflow_env/lib/python3.8/site-packages/airflow/example_dags/example_xcom.py for tasks to queue
[2022-06-29 21:29:46,503] {logging_mixin.py:115} INFO - [2022-06-29 21:29:46,503] {dagbag.py:507} INFO - Filling up the DagBag from /root/airflow_env/lib/python3.8/site-packages/airflow/example_dags/example_xcom.py
[2022-06-29 21:29:46,513] {processor.py:651} INFO - DAG(s) dict_keys(['example_xcom']) retrieved from /root/airflow_env/lib/python3.8/site-packages/airflow/example_dags/example_xcom.py
[2022-06-29 21:29:46,537] {logging_mixin.py:115} INFO - [2022-06-29 21:29:46,537] {dag.py:2371} INFO - Sync 1 DAGs
[2022-06-29 21:29:46,545] {logging_mixin.py:115} INFO - [2022-06-29 21:29:46,545] {dag.py:2915} INFO - Setting next_dagrun for example_xcom to 2021-01-01T00:00:00+00:00, run_after=2021-01-01T00:00:00+00:00
[2022-06-29 21:29:46,567] {processor.py:161} INFO - Processing /root/airflow_env/lib/python3.8/site-packages/airflow/example_dags/example_xcom.py took 0.068 seconds
[2022-06-29 21:30:30,666] {processor.py:153} INFO - Started process (PID=16381) to work on /root/airflow_env/lib/python3.8/site-packages/airflow/example_dags/example_xcom.py
[2022-06-29 21:30:30,667] {processor.py:641} INFO - Processing file /root/airflow_env/lib/python3.8/site-packages/airflow/example_dags/example_xcom.py for tasks to queue
[2022-06-29 21:30:30,668] {logging_mixin.py:115} INFO - [2022-06-29 21:30:30,667] {dagbag.py:507} INFO - Filling up the DagBag from /root/airflow_env/lib/python3.8/site-packages/airflow/example_dags/example_xcom.py
[2022-06-29 21:30:30,679] {processor.py:651} INFO - DAG(s) dict_keys(['example_xcom']) retrieved from /root/airflow_env/lib/python3.8/site-packages/airflow/example_dags/example_xcom.py
[2022-06-29 21:30:30,705] {logging_mixin.py:115} INFO - [2022-06-29 21:30:30,705] {dag.py:2371} INFO - Sync 1 DAGs
[2022-06-29 21:30:30,713] {logging_mixin.py:115} INFO - [2022-06-29 21:30:30,713] {dag.py:2915} INFO - Setting next_dagrun for example_xcom to 2021-01-01T00:00:00+00:00, run_after=2021-01-01T00:00:00+00:00
[2022-06-29 21:30:30,734] {processor.py:161} INFO - Processing /root/airflow_env/lib/python3.8/site-packages/airflow/example_dags/example_xcom.py took 0.071 seconds
[2022-06-29 21:31:14,800] {processor.py:153} INFO - Started process (PID=16814) to work on /root/airflow_env/lib/python3.8/site-packages/airflow/example_dags/example_xcom.py
[2022-06-29 21:31:14,802] {processor.py:641} INFO - Processing file /root/airflow_env/lib/python3.8/site-packages/airflow/example_dags/example_xcom.py for tasks to queue
[2022-06-29 21:31:14,802] {logging_mixin.py:115} INFO - [2022-06-29 21:31:14,802] {dagbag.py:507} INFO - Filling up the DagBag from /root/airflow_env/lib/python3.8/site-packages/airflow/example_dags/example_xcom.py
[2022-06-29 21:31:14,812] {processor.py:651} INFO - DAG(s) dict_keys(['example_xcom']) retrieved from /root/airflow_env/lib/python3.8/site-packages/airflow/example_dags/example_xcom.py
[2022-06-29 21:31:14,821] {logging_mixin.py:115} INFO - [2022-06-29 21:31:14,821] {dag.py:2371} INFO - Sync 1 DAGs
[2022-06-29 21:31:14,831] {logging_mixin.py:115} INFO - [2022-06-29 21:31:14,831] {dag.py:2915} INFO - Setting next_dagrun for example_xcom to 2021-01-01T00:00:00+00:00, run_after=2021-01-01T00:00:00+00:00
[2022-06-29 21:31:14,854] {processor.py:161} INFO - Processing /root/airflow_env/lib/python3.8/site-packages/airflow/example_dags/example_xcom.py took 0.057 seconds
[2022-06-29 21:32:05,571] {processor.py:153} INFO - Started process (PID=17286) to work on /root/airflow_env/lib/python3.8/site-packages/airflow/example_dags/example_xcom.py
[2022-06-29 21:32:05,575] {processor.py:641} INFO - Processing file /root/airflow_env/lib/python3.8/site-packages/airflow/example_dags/example_xcom.py for tasks to queue
[2022-06-29 21:32:05,575] {logging_mixin.py:115} INFO - [2022-06-29 21:32:05,575] {dagbag.py:507} INFO - Filling up the DagBag from /root/airflow_env/lib/python3.8/site-packages/airflow/example_dags/example_xcom.py
[2022-06-29 21:32:05,586] {processor.py:651} INFO - DAG(s) dict_keys(['example_xcom']) retrieved from /root/airflow_env/lib/python3.8/site-packages/airflow/example_dags/example_xcom.py
[2022-06-29 21:32:05,609] {logging_mixin.py:115} INFO - [2022-06-29 21:32:05,609] {dag.py:2371} INFO - Sync 1 DAGs
[2022-06-29 21:32:05,617] {logging_mixin.py:115} INFO - [2022-06-29 21:32:05,617] {dag.py:2915} INFO - Setting next_dagrun for example_xcom to 2021-01-01T00:00:00+00:00, run_after=2021-01-01T00:00:00+00:00
[2022-06-29 21:32:05,639] {processor.py:161} INFO - Processing /root/airflow_env/lib/python3.8/site-packages/airflow/example_dags/example_xcom.py took 0.071 seconds
[2022-06-29 21:33:04,839] {processor.py:153} INFO - Started process (PID=17850) to work on /root/airflow_env/lib/python3.8/site-packages/airflow/example_dags/example_xcom.py
[2022-06-29 21:33:04,841] {processor.py:641} INFO - Processing file /root/airflow_env/lib/python3.8/site-packages/airflow/example_dags/example_xcom.py for tasks to queue
[2022-06-29 21:33:04,841] {logging_mixin.py:115} INFO - [2022-06-29 21:33:04,841] {dagbag.py:507} INFO - Filling up the DagBag from /root/airflow_env/lib/python3.8/site-packages/airflow/example_dags/example_xcom.py
[2022-06-29 21:33:04,853] {processor.py:651} INFO - DAG(s) dict_keys(['example_xcom']) retrieved from /root/airflow_env/lib/python3.8/site-packages/airflow/example_dags/example_xcom.py
[2022-06-29 21:33:04,862] {logging_mixin.py:115} INFO - [2022-06-29 21:33:04,862] {dag.py:2371} INFO - Sync 1 DAGs
[2022-06-29 21:33:04,871] {logging_mixin.py:115} INFO - [2022-06-29 21:33:04,871] {dag.py:2915} INFO - Setting next_dagrun for example_xcom to 2021-01-01T00:00:00+00:00, run_after=2021-01-01T00:00:00+00:00
[2022-06-29 21:33:04,896] {processor.py:161} INFO - Processing /root/airflow_env/lib/python3.8/site-packages/airflow/example_dags/example_xcom.py took 0.060 seconds
[2022-06-29 21:33:55,146] {processor.py:153} INFO - Started process (PID=18340) to work on /root/airflow_env/lib/python3.8/site-packages/airflow/example_dags/example_xcom.py
[2022-06-29 21:33:55,147] {processor.py:641} INFO - Processing file /root/airflow_env/lib/python3.8/site-packages/airflow/example_dags/example_xcom.py for tasks to queue
[2022-06-29 21:33:55,147] {logging_mixin.py:115} INFO - [2022-06-29 21:33:55,147] {dagbag.py:507} INFO - Filling up the DagBag from /root/airflow_env/lib/python3.8/site-packages/airflow/example_dags/example_xcom.py
[2022-06-29 21:33:55,158] {processor.py:651} INFO - DAG(s) dict_keys(['example_xcom']) retrieved from /root/airflow_env/lib/python3.8/site-packages/airflow/example_dags/example_xcom.py
[2022-06-29 21:33:55,166] {logging_mixin.py:115} INFO - [2022-06-29 21:33:55,166] {dag.py:2371} INFO - Sync 1 DAGs
[2022-06-29 21:33:55,176] {logging_mixin.py:115} INFO - [2022-06-29 21:33:55,176] {dag.py:2915} INFO - Setting next_dagrun for example_xcom to 2021-01-01T00:00:00+00:00, run_after=2021-01-01T00:00:00+00:00
[2022-06-29 21:33:55,197] {processor.py:161} INFO - Processing /root/airflow_env/lib/python3.8/site-packages/airflow/example_dags/example_xcom.py took 0.053 seconds
[2022-06-29 22:56:37,074] {processor.py:153} INFO - Started process (PID=18888) to work on /root/airflow_env/lib/python3.8/site-packages/airflow/example_dags/example_xcom.py
[2022-06-29 22:56:37,075] {processor.py:641} INFO - Processing file /root/airflow_env/lib/python3.8/site-packages/airflow/example_dags/example_xcom.py for tasks to queue
[2022-06-29 22:56:37,075] {logging_mixin.py:115} INFO - [2022-06-29 22:56:37,075] {dagbag.py:507} INFO - Filling up the DagBag from /root/airflow_env/lib/python3.8/site-packages/airflow/example_dags/example_xcom.py
[2022-06-29 22:56:37,086] {processor.py:651} INFO - DAG(s) dict_keys(['example_xcom']) retrieved from /root/airflow_env/lib/python3.8/site-packages/airflow/example_dags/example_xcom.py
[2022-06-29 22:56:37,112] {logging_mixin.py:115} INFO - [2022-06-29 22:56:37,112] {dag.py:2371} INFO - Sync 1 DAGs
[2022-06-29 22:56:37,120] {logging_mixin.py:115} INFO - [2022-06-29 22:56:37,120] {dag.py:2915} INFO - Setting next_dagrun for example_xcom to 2021-01-01T00:00:00+00:00, run_after=2021-01-01T00:00:00+00:00
[2022-06-29 22:56:37,137] {processor.py:161} INFO - Processing /root/airflow_env/lib/python3.8/site-packages/airflow/example_dags/example_xcom.py took 0.065 seconds
