[2022-06-29 20:11:02,414] {processor.py:153} INFO - Started process (PID=2163) to work on /root/airflow_env/lib/python3.8/site-packages/airflow/example_dags/example_short_circuit_operator.py
[2022-06-29 20:11:02,415] {processor.py:641} INFO - Processing file /root/airflow_env/lib/python3.8/site-packages/airflow/example_dags/example_short_circuit_operator.py for tasks to queue
[2022-06-29 20:11:02,416] {logging_mixin.py:115} INFO - [2022-06-29 20:11:02,415] {dagbag.py:507} INFO - Filling up the DagBag from /root/airflow_env/lib/python3.8/site-packages/airflow/example_dags/example_short_circuit_operator.py
[2022-06-29 20:11:02,424] {processor.py:651} INFO - DAG(s) dict_keys(['example_short_circuit_operator']) retrieved from /root/airflow_env/lib/python3.8/site-packages/airflow/example_dags/example_short_circuit_operator.py
[2022-06-29 20:11:02,439] {logging_mixin.py:115} INFO - [2022-06-29 20:11:02,438] {dag.py:2371} INFO - Sync 1 DAGs
[2022-06-29 20:11:02,455] {logging_mixin.py:115} INFO - [2022-06-29 20:11:02,455] {dag.py:2915} INFO - Setting next_dagrun for example_short_circuit_operator to 2022-06-28T18:11:02.455077+00:00, run_after=2022-06-29T18:11:02.455077+00:00
[2022-06-29 20:11:02,478] {processor.py:161} INFO - Processing /root/airflow_env/lib/python3.8/site-packages/airflow/example_dags/example_short_circuit_operator.py took 0.067 seconds
[2022-06-29 20:13:09,124] {processor.py:153} INFO - Started process (PID=2954) to work on /root/airflow_env/lib/python3.8/site-packages/airflow/example_dags/example_short_circuit_operator.py
[2022-06-29 20:13:09,125] {processor.py:641} INFO - Processing file /root/airflow_env/lib/python3.8/site-packages/airflow/example_dags/example_short_circuit_operator.py for tasks to queue
[2022-06-29 20:13:09,126] {logging_mixin.py:115} INFO - [2022-06-29 20:13:09,126] {dagbag.py:507} INFO - Filling up the DagBag from /root/airflow_env/lib/python3.8/site-packages/airflow/example_dags/example_short_circuit_operator.py
[2022-06-29 20:13:09,133] {processor.py:651} INFO - DAG(s) dict_keys(['example_short_circuit_operator']) retrieved from /root/airflow_env/lib/python3.8/site-packages/airflow/example_dags/example_short_circuit_operator.py
[2022-06-29 20:13:09,146] {logging_mixin.py:115} INFO - [2022-06-29 20:13:09,146] {dag.py:2371} INFO - Sync 1 DAGs
[2022-06-29 20:13:09,160] {logging_mixin.py:115} INFO - [2022-06-29 20:13:09,160] {dag.py:2915} INFO - Setting next_dagrun for example_short_circuit_operator to 2022-06-28T18:13:09.159832+00:00, run_after=2022-06-29T18:13:09.159832+00:00
[2022-06-29 20:13:09,183] {processor.py:161} INFO - Processing /root/airflow_env/lib/python3.8/site-packages/airflow/example_dags/example_short_circuit_operator.py took 0.062 seconds
[2022-06-29 20:14:36,359] {processor.py:153} INFO - Started process (PID=3538) to work on /root/airflow_env/lib/python3.8/site-packages/airflow/example_dags/example_short_circuit_operator.py
[2022-06-29 20:14:36,400] {processor.py:641} INFO - Processing file /root/airflow_env/lib/python3.8/site-packages/airflow/example_dags/example_short_circuit_operator.py for tasks to queue
[2022-06-29 20:14:36,401] {logging_mixin.py:115} INFO - [2022-06-29 20:14:36,401] {dagbag.py:507} INFO - Filling up the DagBag from /root/airflow_env/lib/python3.8/site-packages/airflow/example_dags/example_short_circuit_operator.py
[2022-06-29 20:14:36,418] {processor.py:651} INFO - DAG(s) dict_keys(['example_short_circuit_operator']) retrieved from /root/airflow_env/lib/python3.8/site-packages/airflow/example_dags/example_short_circuit_operator.py
[2022-06-29 20:14:36,452] {logging_mixin.py:115} INFO - [2022-06-29 20:14:36,452] {dag.py:2371} INFO - Sync 1 DAGs
[2022-06-29 20:14:36,484] {logging_mixin.py:115} INFO - [2022-06-29 20:14:36,484] {dag.py:2915} INFO - Setting next_dagrun for example_short_circuit_operator to 2022-06-28T18:14:36.484081+00:00, run_after=2022-06-29T18:14:36.484081+00:00
[2022-06-29 20:14:36,518] {processor.py:161} INFO - Processing /root/airflow_env/lib/python3.8/site-packages/airflow/example_dags/example_short_circuit_operator.py took 0.166 seconds
[2022-06-29 20:16:06,303] {processor.py:153} INFO - Started process (PID=4140) to work on /root/airflow_env/lib/python3.8/site-packages/airflow/example_dags/example_short_circuit_operator.py
[2022-06-29 20:16:06,305] {processor.py:641} INFO - Processing file /root/airflow_env/lib/python3.8/site-packages/airflow/example_dags/example_short_circuit_operator.py for tasks to queue
[2022-06-29 20:16:06,306] {logging_mixin.py:115} INFO - [2022-06-29 20:16:06,306] {dagbag.py:507} INFO - Filling up the DagBag from /root/airflow_env/lib/python3.8/site-packages/airflow/example_dags/example_short_circuit_operator.py
[2022-06-29 20:16:06,323] {processor.py:651} INFO - DAG(s) dict_keys(['example_short_circuit_operator']) retrieved from /root/airflow_env/lib/python3.8/site-packages/airflow/example_dags/example_short_circuit_operator.py
[2022-06-29 20:16:06,343] {logging_mixin.py:115} INFO - [2022-06-29 20:16:06,343] {dag.py:2371} INFO - Sync 1 DAGs
[2022-06-29 20:16:06,364] {logging_mixin.py:115} INFO - [2022-06-29 20:16:06,363] {dag.py:2915} INFO - Setting next_dagrun for example_short_circuit_operator to 2022-06-28T18:16:06.363192+00:00, run_after=2022-06-29T18:16:06.363192+00:00
[2022-06-29 20:16:06,399] {processor.py:161} INFO - Processing /root/airflow_env/lib/python3.8/site-packages/airflow/example_dags/example_short_circuit_operator.py took 0.102 seconds
[2022-06-29 20:17:41,587] {processor.py:153} INFO - Started process (PID=4762) to work on /root/airflow_env/lib/python3.8/site-packages/airflow/example_dags/example_short_circuit_operator.py
[2022-06-29 20:17:41,588] {processor.py:641} INFO - Processing file /root/airflow_env/lib/python3.8/site-packages/airflow/example_dags/example_short_circuit_operator.py for tasks to queue
[2022-06-29 20:17:41,589] {logging_mixin.py:115} INFO - [2022-06-29 20:17:41,588] {dagbag.py:507} INFO - Filling up the DagBag from /root/airflow_env/lib/python3.8/site-packages/airflow/example_dags/example_short_circuit_operator.py
[2022-06-29 20:17:41,596] {processor.py:651} INFO - DAG(s) dict_keys(['example_short_circuit_operator']) retrieved from /root/airflow_env/lib/python3.8/site-packages/airflow/example_dags/example_short_circuit_operator.py
[2022-06-29 20:17:41,610] {logging_mixin.py:115} INFO - [2022-06-29 20:17:41,610] {dag.py:2371} INFO - Sync 1 DAGs
[2022-06-29 20:17:41,626] {logging_mixin.py:115} INFO - [2022-06-29 20:17:41,625] {dag.py:2915} INFO - Setting next_dagrun for example_short_circuit_operator to 2022-06-28T18:17:41.625774+00:00, run_after=2022-06-29T18:17:41.625774+00:00
[2022-06-29 20:17:41,647] {processor.py:161} INFO - Processing /root/airflow_env/lib/python3.8/site-packages/airflow/example_dags/example_short_circuit_operator.py took 0.063 seconds
[2022-06-29 20:19:12,317] {processor.py:153} INFO - Started process (PID=5383) to work on /root/airflow_env/lib/python3.8/site-packages/airflow/example_dags/example_short_circuit_operator.py
[2022-06-29 20:19:12,356] {processor.py:641} INFO - Processing file /root/airflow_env/lib/python3.8/site-packages/airflow/example_dags/example_short_circuit_operator.py for tasks to queue
[2022-06-29 20:19:12,357] {logging_mixin.py:115} INFO - [2022-06-29 20:19:12,357] {dagbag.py:507} INFO - Filling up the DagBag from /root/airflow_env/lib/python3.8/site-packages/airflow/example_dags/example_short_circuit_operator.py
[2022-06-29 20:19:12,373] {processor.py:651} INFO - DAG(s) dict_keys(['example_short_circuit_operator']) retrieved from /root/airflow_env/lib/python3.8/site-packages/airflow/example_dags/example_short_circuit_operator.py
[2022-06-29 20:19:12,402] {logging_mixin.py:115} INFO - [2022-06-29 20:19:12,402] {dag.py:2371} INFO - Sync 1 DAGs
[2022-06-29 20:19:12,425] {logging_mixin.py:115} INFO - [2022-06-29 20:19:12,425] {dag.py:2915} INFO - Setting next_dagrun for example_short_circuit_operator to 2022-06-28T18:19:12.424770+00:00, run_after=2022-06-29T18:19:12.424770+00:00
[2022-06-29 20:19:12,464] {processor.py:161} INFO - Processing /root/airflow_env/lib/python3.8/site-packages/airflow/example_dags/example_short_circuit_operator.py took 0.154 seconds
[2022-06-29 20:20:44,531] {processor.py:153} INFO - Started process (PID=5985) to work on /root/airflow_env/lib/python3.8/site-packages/airflow/example_dags/example_short_circuit_operator.py
[2022-06-29 20:20:44,532] {processor.py:641} INFO - Processing file /root/airflow_env/lib/python3.8/site-packages/airflow/example_dags/example_short_circuit_operator.py for tasks to queue
[2022-06-29 20:20:44,533] {logging_mixin.py:115} INFO - [2022-06-29 20:20:44,533] {dagbag.py:507} INFO - Filling up the DagBag from /root/airflow_env/lib/python3.8/site-packages/airflow/example_dags/example_short_circuit_operator.py
[2022-06-29 20:20:44,545] {processor.py:651} INFO - DAG(s) dict_keys(['example_short_circuit_operator']) retrieved from /root/airflow_env/lib/python3.8/site-packages/airflow/example_dags/example_short_circuit_operator.py
[2022-06-29 20:20:44,562] {logging_mixin.py:115} INFO - [2022-06-29 20:20:44,562] {dag.py:2371} INFO - Sync 1 DAGs
[2022-06-29 20:20:44,575] {logging_mixin.py:115} INFO - [2022-06-29 20:20:44,575] {dag.py:2915} INFO - Setting next_dagrun for example_short_circuit_operator to 2022-06-28T18:20:44.574588+00:00, run_after=2022-06-29T18:20:44.574588+00:00
[2022-06-29 20:20:44,597] {processor.py:161} INFO - Processing /root/airflow_env/lib/python3.8/site-packages/airflow/example_dags/example_short_circuit_operator.py took 0.073 seconds
[2022-06-29 20:22:21,020] {processor.py:153} INFO - Started process (PID=6607) to work on /root/airflow_env/lib/python3.8/site-packages/airflow/example_dags/example_short_circuit_operator.py
[2022-06-29 20:22:21,022] {processor.py:641} INFO - Processing file /root/airflow_env/lib/python3.8/site-packages/airflow/example_dags/example_short_circuit_operator.py for tasks to queue
[2022-06-29 20:22:21,023] {logging_mixin.py:115} INFO - [2022-06-29 20:22:21,023] {dagbag.py:507} INFO - Filling up the DagBag from /root/airflow_env/lib/python3.8/site-packages/airflow/example_dags/example_short_circuit_operator.py
[2022-06-29 20:22:21,042] {processor.py:651} INFO - DAG(s) dict_keys(['example_short_circuit_operator']) retrieved from /root/airflow_env/lib/python3.8/site-packages/airflow/example_dags/example_short_circuit_operator.py
[2022-06-29 20:22:21,062] {logging_mixin.py:115} INFO - [2022-06-29 20:22:21,062] {dag.py:2371} INFO - Sync 1 DAGs
[2022-06-29 20:22:21,082] {logging_mixin.py:115} INFO - [2022-06-29 20:22:21,082] {dag.py:2915} INFO - Setting next_dagrun for example_short_circuit_operator to 2022-06-28T18:22:21.082204+00:00, run_after=2022-06-29T18:22:21.082204+00:00
[2022-06-29 20:22:21,115] {processor.py:161} INFO - Processing /root/airflow_env/lib/python3.8/site-packages/airflow/example_dags/example_short_circuit_operator.py took 0.100 seconds
[2022-06-29 20:23:54,476] {processor.py:153} INFO - Started process (PID=7228) to work on /root/airflow_env/lib/python3.8/site-packages/airflow/example_dags/example_short_circuit_operator.py
[2022-06-29 20:23:54,490] {processor.py:641} INFO - Processing file /root/airflow_env/lib/python3.8/site-packages/airflow/example_dags/example_short_circuit_operator.py for tasks to queue
[2022-06-29 20:23:54,491] {logging_mixin.py:115} INFO - [2022-06-29 20:23:54,490] {dagbag.py:507} INFO - Filling up the DagBag from /root/airflow_env/lib/python3.8/site-packages/airflow/example_dags/example_short_circuit_operator.py
[2022-06-29 20:23:54,509] {processor.py:651} INFO - DAG(s) dict_keys(['example_short_circuit_operator']) retrieved from /root/airflow_env/lib/python3.8/site-packages/airflow/example_dags/example_short_circuit_operator.py
[2022-06-29 20:23:54,529] {logging_mixin.py:115} INFO - [2022-06-29 20:23:54,529] {dag.py:2371} INFO - Sync 1 DAGs
[2022-06-29 20:23:54,542] {logging_mixin.py:115} INFO - [2022-06-29 20:23:54,542] {dag.py:2915} INFO - Setting next_dagrun for example_short_circuit_operator to 2022-06-28T18:23:54.542547+00:00, run_after=2022-06-29T18:23:54.542547+00:00
[2022-06-29 20:23:54,567] {processor.py:161} INFO - Processing /root/airflow_env/lib/python3.8/site-packages/airflow/example_dags/example_short_circuit_operator.py took 0.096 seconds
[2022-06-29 20:25:26,300] {processor.py:153} INFO - Started process (PID=7830) to work on /root/airflow_env/lib/python3.8/site-packages/airflow/example_dags/example_short_circuit_operator.py
[2022-06-29 20:25:26,302] {processor.py:641} INFO - Processing file /root/airflow_env/lib/python3.8/site-packages/airflow/example_dags/example_short_circuit_operator.py for tasks to queue
[2022-06-29 20:25:26,304] {logging_mixin.py:115} INFO - [2022-06-29 20:25:26,303] {dagbag.py:507} INFO - Filling up the DagBag from /root/airflow_env/lib/python3.8/site-packages/airflow/example_dags/example_short_circuit_operator.py
[2022-06-29 20:25:26,323] {processor.py:651} INFO - DAG(s) dict_keys(['example_short_circuit_operator']) retrieved from /root/airflow_env/lib/python3.8/site-packages/airflow/example_dags/example_short_circuit_operator.py
[2022-06-29 20:25:26,353] {logging_mixin.py:115} INFO - [2022-06-29 20:25:26,353] {dag.py:2371} INFO - Sync 1 DAGs
[2022-06-29 20:25:26,370] {logging_mixin.py:115} INFO - [2022-06-29 20:25:26,370] {dag.py:2915} INFO - Setting next_dagrun for example_short_circuit_operator to 2022-06-28T18:25:26.370132+00:00, run_after=2022-06-29T18:25:26.370132+00:00
[2022-06-29 20:25:26,396] {processor.py:161} INFO - Processing /root/airflow_env/lib/python3.8/site-packages/airflow/example_dags/example_short_circuit_operator.py took 0.099 seconds
[2022-06-29 20:27:05,066] {processor.py:153} INFO - Started process (PID=8452) to work on /root/airflow_env/lib/python3.8/site-packages/airflow/example_dags/example_short_circuit_operator.py
[2022-06-29 20:27:05,068] {processor.py:641} INFO - Processing file /root/airflow_env/lib/python3.8/site-packages/airflow/example_dags/example_short_circuit_operator.py for tasks to queue
[2022-06-29 20:27:05,070] {logging_mixin.py:115} INFO - [2022-06-29 20:27:05,069] {dagbag.py:507} INFO - Filling up the DagBag from /root/airflow_env/lib/python3.8/site-packages/airflow/example_dags/example_short_circuit_operator.py
[2022-06-29 20:27:05,088] {processor.py:651} INFO - DAG(s) dict_keys(['example_short_circuit_operator']) retrieved from /root/airflow_env/lib/python3.8/site-packages/airflow/example_dags/example_short_circuit_operator.py
[2022-06-29 20:27:05,122] {logging_mixin.py:115} INFO - [2022-06-29 20:27:05,122] {dag.py:2371} INFO - Sync 1 DAGs
[2022-06-29 20:27:05,155] {logging_mixin.py:115} INFO - [2022-06-29 20:27:05,154] {dag.py:2915} INFO - Setting next_dagrun for example_short_circuit_operator to 2022-06-28T18:27:05.154239+00:00, run_after=2022-06-29T18:27:05.154239+00:00
[2022-06-29 20:27:05,190] {processor.py:161} INFO - Processing /root/airflow_env/lib/python3.8/site-packages/airflow/example_dags/example_short_circuit_operator.py took 0.130 seconds
[2022-06-29 20:28:43,510] {processor.py:153} INFO - Started process (PID=9073) to work on /root/airflow_env/lib/python3.8/site-packages/airflow/example_dags/example_short_circuit_operator.py
[2022-06-29 20:28:43,512] {processor.py:641} INFO - Processing file /root/airflow_env/lib/python3.8/site-packages/airflow/example_dags/example_short_circuit_operator.py for tasks to queue
[2022-06-29 20:28:43,513] {logging_mixin.py:115} INFO - [2022-06-29 20:28:43,513] {dagbag.py:507} INFO - Filling up the DagBag from /root/airflow_env/lib/python3.8/site-packages/airflow/example_dags/example_short_circuit_operator.py
[2022-06-29 20:28:43,527] {processor.py:651} INFO - DAG(s) dict_keys(['example_short_circuit_operator']) retrieved from /root/airflow_env/lib/python3.8/site-packages/airflow/example_dags/example_short_circuit_operator.py
[2022-06-29 20:28:43,551] {logging_mixin.py:115} INFO - [2022-06-29 20:28:43,551] {dag.py:2371} INFO - Sync 1 DAGs
[2022-06-29 20:28:43,569] {logging_mixin.py:115} INFO - [2022-06-29 20:28:43,569] {dag.py:2915} INFO - Setting next_dagrun for example_short_circuit_operator to 2022-06-28T18:28:43.569427+00:00, run_after=2022-06-29T18:28:43.569427+00:00
[2022-06-29 20:28:43,599] {processor.py:161} INFO - Processing /root/airflow_env/lib/python3.8/site-packages/airflow/example_dags/example_short_circuit_operator.py took 0.094 seconds
[2022-06-29 20:30:19,365] {processor.py:153} INFO - Started process (PID=9676) to work on /root/airflow_env/lib/python3.8/site-packages/airflow/example_dags/example_short_circuit_operator.py
[2022-06-29 20:30:19,380] {processor.py:641} INFO - Processing file /root/airflow_env/lib/python3.8/site-packages/airflow/example_dags/example_short_circuit_operator.py for tasks to queue
[2022-06-29 20:30:19,380] {logging_mixin.py:115} INFO - [2022-06-29 20:30:19,380] {dagbag.py:507} INFO - Filling up the DagBag from /root/airflow_env/lib/python3.8/site-packages/airflow/example_dags/example_short_circuit_operator.py
[2022-06-29 20:30:19,391] {processor.py:651} INFO - DAG(s) dict_keys(['example_short_circuit_operator']) retrieved from /root/airflow_env/lib/python3.8/site-packages/airflow/example_dags/example_short_circuit_operator.py
[2022-06-29 20:30:19,409] {logging_mixin.py:115} INFO - [2022-06-29 20:30:19,408] {dag.py:2371} INFO - Sync 1 DAGs
[2022-06-29 20:30:19,424] {logging_mixin.py:115} INFO - [2022-06-29 20:30:19,424] {dag.py:2915} INFO - Setting next_dagrun for example_short_circuit_operator to 2022-06-28T18:30:19.424423+00:00, run_after=2022-06-29T18:30:19.424423+00:00
[2022-06-29 20:30:19,451] {processor.py:161} INFO - Processing /root/airflow_env/lib/python3.8/site-packages/airflow/example_dags/example_short_circuit_operator.py took 0.090 seconds
[2022-06-29 20:31:35,506] {processor.py:153} INFO - Started process (PID=10208) to work on /root/airflow_env/lib/python3.8/site-packages/airflow/example_dags/example_short_circuit_operator.py
[2022-06-29 20:31:35,546] {processor.py:641} INFO - Processing file /root/airflow_env/lib/python3.8/site-packages/airflow/example_dags/example_short_circuit_operator.py for tasks to queue
[2022-06-29 20:31:35,548] {logging_mixin.py:115} INFO - [2022-06-29 20:31:35,548] {dagbag.py:507} INFO - Filling up the DagBag from /root/airflow_env/lib/python3.8/site-packages/airflow/example_dags/example_short_circuit_operator.py
[2022-06-29 20:31:35,569] {processor.py:651} INFO - DAG(s) dict_keys(['example_short_circuit_operator']) retrieved from /root/airflow_env/lib/python3.8/site-packages/airflow/example_dags/example_short_circuit_operator.py
[2022-06-29 20:31:35,595] {logging_mixin.py:115} INFO - [2022-06-29 20:31:35,594] {dag.py:2371} INFO - Sync 1 DAGs
[2022-06-29 20:31:35,622] {logging_mixin.py:115} INFO - [2022-06-29 20:31:35,621] {dag.py:2915} INFO - Setting next_dagrun for example_short_circuit_operator to 2022-06-28T18:31:35.621541+00:00, run_after=2022-06-29T18:31:35.621541+00:00
[2022-06-29 20:31:35,667] {processor.py:161} INFO - Processing /root/airflow_env/lib/python3.8/site-packages/airflow/example_dags/example_short_circuit_operator.py took 0.165 seconds
[2022-06-29 21:16:42,815] {processor.py:153} INFO - Started process (PID=10899) to work on /root/airflow_env/lib/python3.8/site-packages/airflow/example_dags/example_short_circuit_operator.py
[2022-06-29 21:16:42,818] {processor.py:641} INFO - Processing file /root/airflow_env/lib/python3.8/site-packages/airflow/example_dags/example_short_circuit_operator.py for tasks to queue
[2022-06-29 21:16:42,818] {logging_mixin.py:115} INFO - [2022-06-29 21:16:42,818] {dagbag.py:507} INFO - Filling up the DagBag from /root/airflow_env/lib/python3.8/site-packages/airflow/example_dags/example_short_circuit_operator.py
[2022-06-29 21:16:42,832] {processor.py:651} INFO - DAG(s) dict_keys(['example_short_circuit_operator']) retrieved from /root/airflow_env/lib/python3.8/site-packages/airflow/example_dags/example_short_circuit_operator.py
[2022-06-29 21:16:42,860] {logging_mixin.py:115} INFO - [2022-06-29 21:16:42,860] {dag.py:2371} INFO - Sync 1 DAGs
[2022-06-29 21:16:42,876] {logging_mixin.py:115} INFO - [2022-06-29 21:16:42,876] {dag.py:2915} INFO - Setting next_dagrun for example_short_circuit_operator to 2022-06-28T19:16:42.876276+00:00, run_after=2022-06-29T19:16:42.876276+00:00
[2022-06-29 21:16:42,901] {processor.py:161} INFO - Processing /root/airflow_env/lib/python3.8/site-packages/airflow/example_dags/example_short_circuit_operator.py took 0.092 seconds
[2022-06-29 21:20:05,899] {processor.py:153} INFO - Started process (PID=11145) to work on /root/airflow_env/lib/python3.8/site-packages/airflow/example_dags/example_short_circuit_operator.py
[2022-06-29 21:20:05,937] {processor.py:641} INFO - Processing file /root/airflow_env/lib/python3.8/site-packages/airflow/example_dags/example_short_circuit_operator.py for tasks to queue
[2022-06-29 21:20:05,938] {logging_mixin.py:115} INFO - [2022-06-29 21:20:05,938] {dagbag.py:507} INFO - Filling up the DagBag from /root/airflow_env/lib/python3.8/site-packages/airflow/example_dags/example_short_circuit_operator.py
[2022-06-29 21:20:05,955] {processor.py:651} INFO - DAG(s) dict_keys(['example_short_circuit_operator']) retrieved from /root/airflow_env/lib/python3.8/site-packages/airflow/example_dags/example_short_circuit_operator.py
[2022-06-29 21:20:05,987] {logging_mixin.py:115} INFO - [2022-06-29 21:20:05,986] {dag.py:2371} INFO - Sync 1 DAGs
[2022-06-29 21:20:06,019] {logging_mixin.py:115} INFO - [2022-06-29 21:20:06,019] {dag.py:2915} INFO - Setting next_dagrun for example_short_circuit_operator to 2022-06-28T19:20:06.018997+00:00, run_after=2022-06-29T19:20:06.018997+00:00
[2022-06-29 21:20:06,056] {processor.py:161} INFO - Processing /root/airflow_env/lib/python3.8/site-packages/airflow/example_dags/example_short_circuit_operator.py took 0.162 seconds
[2022-06-29 21:21:47,374] {processor.py:153} INFO - Started process (PID=11426) to work on /root/airflow_env/lib/python3.8/site-packages/airflow/example_dags/example_short_circuit_operator.py
[2022-06-29 21:21:47,376] {processor.py:641} INFO - Processing file /root/airflow_env/lib/python3.8/site-packages/airflow/example_dags/example_short_circuit_operator.py for tasks to queue
[2022-06-29 21:21:47,376] {logging_mixin.py:115} INFO - [2022-06-29 21:21:47,376] {dagbag.py:507} INFO - Filling up the DagBag from /root/airflow_env/lib/python3.8/site-packages/airflow/example_dags/example_short_circuit_operator.py
[2022-06-29 21:21:47,383] {processor.py:651} INFO - DAG(s) dict_keys(['example_short_circuit_operator']) retrieved from /root/airflow_env/lib/python3.8/site-packages/airflow/example_dags/example_short_circuit_operator.py
[2022-06-29 21:21:47,398] {logging_mixin.py:115} INFO - [2022-06-29 21:21:47,398] {dag.py:2371} INFO - Sync 1 DAGs
[2022-06-29 21:21:47,413] {logging_mixin.py:115} INFO - [2022-06-29 21:21:47,413] {dag.py:2915} INFO - Setting next_dagrun for example_short_circuit_operator to 2022-06-28T19:21:47.413262+00:00, run_after=2022-06-29T19:21:47.413262+00:00
[2022-06-29 21:21:47,441] {processor.py:161} INFO - Processing /root/airflow_env/lib/python3.8/site-packages/airflow/example_dags/example_short_circuit_operator.py took 0.070 seconds
[2022-06-29 21:23:14,094] {processor.py:153} INFO - Started process (PID=12217) to work on /root/airflow_env/lib/python3.8/site-packages/airflow/example_dags/example_short_circuit_operator.py
[2022-06-29 21:23:14,096] {processor.py:641} INFO - Processing file /root/airflow_env/lib/python3.8/site-packages/airflow/example_dags/example_short_circuit_operator.py for tasks to queue
[2022-06-29 21:23:14,096] {logging_mixin.py:115} INFO - [2022-06-29 21:23:14,096] {dagbag.py:507} INFO - Filling up the DagBag from /root/airflow_env/lib/python3.8/site-packages/airflow/example_dags/example_short_circuit_operator.py
[2022-06-29 21:23:14,103] {processor.py:651} INFO - DAG(s) dict_keys(['example_short_circuit_operator']) retrieved from /root/airflow_env/lib/python3.8/site-packages/airflow/example_dags/example_short_circuit_operator.py
[2022-06-29 21:23:14,113] {logging_mixin.py:115} INFO - [2022-06-29 21:23:14,113] {dag.py:2371} INFO - Sync 1 DAGs
[2022-06-29 21:23:14,124] {logging_mixin.py:115} INFO - [2022-06-29 21:23:14,124] {dag.py:2915} INFO - Setting next_dagrun for example_short_circuit_operator to 2022-06-28T19:23:14.124206+00:00, run_after=2022-06-29T19:23:14.124206+00:00
[2022-06-29 21:23:14,146] {processor.py:161} INFO - Processing /root/airflow_env/lib/python3.8/site-packages/airflow/example_dags/example_short_circuit_operator.py took 0.054 seconds
[2022-06-29 21:24:08,001] {processor.py:153} INFO - Started process (PID=12725) to work on /root/airflow_env/lib/python3.8/site-packages/airflow/example_dags/example_short_circuit_operator.py
[2022-06-29 21:24:08,003] {processor.py:641} INFO - Processing file /root/airflow_env/lib/python3.8/site-packages/airflow/example_dags/example_short_circuit_operator.py for tasks to queue
[2022-06-29 21:24:08,004] {logging_mixin.py:115} INFO - [2022-06-29 21:24:08,004] {dagbag.py:507} INFO - Filling up the DagBag from /root/airflow_env/lib/python3.8/site-packages/airflow/example_dags/example_short_circuit_operator.py
[2022-06-29 21:24:08,014] {processor.py:651} INFO - DAG(s) dict_keys(['example_short_circuit_operator']) retrieved from /root/airflow_env/lib/python3.8/site-packages/airflow/example_dags/example_short_circuit_operator.py
[2022-06-29 21:24:08,025] {logging_mixin.py:115} INFO - [2022-06-29 21:24:08,025] {dag.py:2371} INFO - Sync 1 DAGs
[2022-06-29 21:24:08,041] {logging_mixin.py:115} INFO - [2022-06-29 21:24:08,041] {dag.py:2915} INFO - Setting next_dagrun for example_short_circuit_operator to 2022-06-28T19:24:08.041188+00:00, run_after=2022-06-29T19:24:08.041188+00:00
[2022-06-29 21:24:08,064] {processor.py:161} INFO - Processing /root/airflow_env/lib/python3.8/site-packages/airflow/example_dags/example_short_circuit_operator.py took 0.066 seconds
[2022-06-29 21:25:05,696] {processor.py:153} INFO - Started process (PID=13271) to work on /root/airflow_env/lib/python3.8/site-packages/airflow/example_dags/example_short_circuit_operator.py
[2022-06-29 21:25:05,697] {processor.py:641} INFO - Processing file /root/airflow_env/lib/python3.8/site-packages/airflow/example_dags/example_short_circuit_operator.py for tasks to queue
[2022-06-29 21:25:05,697] {logging_mixin.py:115} INFO - [2022-06-29 21:25:05,697] {dagbag.py:507} INFO - Filling up the DagBag from /root/airflow_env/lib/python3.8/site-packages/airflow/example_dags/example_short_circuit_operator.py
[2022-06-29 21:25:05,703] {processor.py:651} INFO - DAG(s) dict_keys(['example_short_circuit_operator']) retrieved from /root/airflow_env/lib/python3.8/site-packages/airflow/example_dags/example_short_circuit_operator.py
[2022-06-29 21:25:05,713] {logging_mixin.py:115} INFO - [2022-06-29 21:25:05,713] {dag.py:2371} INFO - Sync 1 DAGs
[2022-06-29 21:25:05,726] {logging_mixin.py:115} INFO - [2022-06-29 21:25:05,725] {dag.py:2915} INFO - Setting next_dagrun for example_short_circuit_operator to 2022-06-28T19:25:05.725804+00:00, run_after=2022-06-29T19:25:05.725804+00:00
[2022-06-29 21:25:05,749] {processor.py:161} INFO - Processing /root/airflow_env/lib/python3.8/site-packages/airflow/example_dags/example_short_circuit_operator.py took 0.055 seconds
[2022-06-29 21:25:59,355] {processor.py:153} INFO - Started process (PID=13780) to work on /root/airflow_env/lib/python3.8/site-packages/airflow/example_dags/example_short_circuit_operator.py
[2022-06-29 21:25:59,358] {processor.py:641} INFO - Processing file /root/airflow_env/lib/python3.8/site-packages/airflow/example_dags/example_short_circuit_operator.py for tasks to queue
[2022-06-29 21:25:59,358] {logging_mixin.py:115} INFO - [2022-06-29 21:25:59,358] {dagbag.py:507} INFO - Filling up the DagBag from /root/airflow_env/lib/python3.8/site-packages/airflow/example_dags/example_short_circuit_operator.py
[2022-06-29 21:25:59,365] {processor.py:651} INFO - DAG(s) dict_keys(['example_short_circuit_operator']) retrieved from /root/airflow_env/lib/python3.8/site-packages/airflow/example_dags/example_short_circuit_operator.py
[2022-06-29 21:25:59,376] {logging_mixin.py:115} INFO - [2022-06-29 21:25:59,376] {dag.py:2371} INFO - Sync 1 DAGs
[2022-06-29 21:25:59,387] {logging_mixin.py:115} INFO - [2022-06-29 21:25:59,387] {dag.py:2915} INFO - Setting next_dagrun for example_short_circuit_operator to 2022-06-28T19:25:59.387267+00:00, run_after=2022-06-29T19:25:59.387267+00:00
[2022-06-29 21:25:59,408] {processor.py:161} INFO - Processing /root/airflow_env/lib/python3.8/site-packages/airflow/example_dags/example_short_circuit_operator.py took 0.055 seconds
[2022-06-29 21:26:59,424] {processor.py:153} INFO - Started process (PID=14326) to work on /root/airflow_env/lib/python3.8/site-packages/airflow/example_dags/example_short_circuit_operator.py
[2022-06-29 21:26:59,425] {processor.py:641} INFO - Processing file /root/airflow_env/lib/python3.8/site-packages/airflow/example_dags/example_short_circuit_operator.py for tasks to queue
[2022-06-29 21:26:59,425] {logging_mixin.py:115} INFO - [2022-06-29 21:26:59,425] {dagbag.py:507} INFO - Filling up the DagBag from /root/airflow_env/lib/python3.8/site-packages/airflow/example_dags/example_short_circuit_operator.py
[2022-06-29 21:26:59,430] {processor.py:651} INFO - DAG(s) dict_keys(['example_short_circuit_operator']) retrieved from /root/airflow_env/lib/python3.8/site-packages/airflow/example_dags/example_short_circuit_operator.py
[2022-06-29 21:26:59,441] {logging_mixin.py:115} INFO - [2022-06-29 21:26:59,441] {dag.py:2371} INFO - Sync 1 DAGs
[2022-06-29 21:26:59,451] {logging_mixin.py:115} INFO - [2022-06-29 21:26:59,451] {dag.py:2915} INFO - Setting next_dagrun for example_short_circuit_operator to 2022-06-28T19:26:59.451093+00:00, run_after=2022-06-29T19:26:59.451093+00:00
[2022-06-29 21:26:59,473] {processor.py:161} INFO - Processing /root/airflow_env/lib/python3.8/site-packages/airflow/example_dags/example_short_circuit_operator.py took 0.051 seconds
[2022-06-29 21:27:52,463] {processor.py:153} INFO - Started process (PID=14834) to work on /root/airflow_env/lib/python3.8/site-packages/airflow/example_dags/example_short_circuit_operator.py
[2022-06-29 21:27:52,464] {processor.py:641} INFO - Processing file /root/airflow_env/lib/python3.8/site-packages/airflow/example_dags/example_short_circuit_operator.py for tasks to queue
[2022-06-29 21:27:52,465] {logging_mixin.py:115} INFO - [2022-06-29 21:27:52,465] {dagbag.py:507} INFO - Filling up the DagBag from /root/airflow_env/lib/python3.8/site-packages/airflow/example_dags/example_short_circuit_operator.py
[2022-06-29 21:27:52,473] {processor.py:651} INFO - DAG(s) dict_keys(['example_short_circuit_operator']) retrieved from /root/airflow_env/lib/python3.8/site-packages/airflow/example_dags/example_short_circuit_operator.py
[2022-06-29 21:27:52,488] {logging_mixin.py:115} INFO - [2022-06-29 21:27:52,488] {dag.py:2371} INFO - Sync 1 DAGs
[2022-06-29 21:27:52,499] {logging_mixin.py:115} INFO - [2022-06-29 21:27:52,499] {dag.py:2915} INFO - Setting next_dagrun for example_short_circuit_operator to 2022-06-28T19:27:52.498975+00:00, run_after=2022-06-29T19:27:52.498975+00:00
[2022-06-29 21:27:52,520] {processor.py:161} INFO - Processing /root/airflow_env/lib/python3.8/site-packages/airflow/example_dags/example_short_circuit_operator.py took 0.060 seconds
[2022-06-29 21:28:52,675] {processor.py:153} INFO - Started process (PID=15380) to work on /root/airflow_env/lib/python3.8/site-packages/airflow/example_dags/example_short_circuit_operator.py
[2022-06-29 21:28:52,677] {processor.py:641} INFO - Processing file /root/airflow_env/lib/python3.8/site-packages/airflow/example_dags/example_short_circuit_operator.py for tasks to queue
[2022-06-29 21:28:52,678] {logging_mixin.py:115} INFO - [2022-06-29 21:28:52,678] {dagbag.py:507} INFO - Filling up the DagBag from /root/airflow_env/lib/python3.8/site-packages/airflow/example_dags/example_short_circuit_operator.py
[2022-06-29 21:28:52,683] {processor.py:651} INFO - DAG(s) dict_keys(['example_short_circuit_operator']) retrieved from /root/airflow_env/lib/python3.8/site-packages/airflow/example_dags/example_short_circuit_operator.py
[2022-06-29 21:28:52,693] {logging_mixin.py:115} INFO - [2022-06-29 21:28:52,693] {dag.py:2371} INFO - Sync 1 DAGs
[2022-06-29 21:28:52,702] {logging_mixin.py:115} INFO - [2022-06-29 21:28:52,702] {dag.py:2915} INFO - Setting next_dagrun for example_short_circuit_operator to 2022-06-28T19:28:52.702272+00:00, run_after=2022-06-29T19:28:52.702272+00:00
[2022-06-29 21:28:52,723] {processor.py:161} INFO - Processing /root/airflow_env/lib/python3.8/site-packages/airflow/example_dags/example_short_circuit_operator.py took 0.050 seconds
[2022-06-29 21:29:44,403] {processor.py:153} INFO - Started process (PID=15889) to work on /root/airflow_env/lib/python3.8/site-packages/airflow/example_dags/example_short_circuit_operator.py
[2022-06-29 21:29:44,405] {processor.py:641} INFO - Processing file /root/airflow_env/lib/python3.8/site-packages/airflow/example_dags/example_short_circuit_operator.py for tasks to queue
[2022-06-29 21:29:44,405] {logging_mixin.py:115} INFO - [2022-06-29 21:29:44,405] {dagbag.py:507} INFO - Filling up the DagBag from /root/airflow_env/lib/python3.8/site-packages/airflow/example_dags/example_short_circuit_operator.py
[2022-06-29 21:29:44,411] {processor.py:651} INFO - DAG(s) dict_keys(['example_short_circuit_operator']) retrieved from /root/airflow_env/lib/python3.8/site-packages/airflow/example_dags/example_short_circuit_operator.py
[2022-06-29 21:29:44,420] {logging_mixin.py:115} INFO - [2022-06-29 21:29:44,419] {dag.py:2371} INFO - Sync 1 DAGs
[2022-06-29 21:29:44,429] {logging_mixin.py:115} INFO - [2022-06-29 21:29:44,429] {dag.py:2915} INFO - Setting next_dagrun for example_short_circuit_operator to 2022-06-28T19:29:44.429175+00:00, run_after=2022-06-29T19:29:44.429175+00:00
[2022-06-29 21:29:44,449] {processor.py:161} INFO - Processing /root/airflow_env/lib/python3.8/site-packages/airflow/example_dags/example_short_circuit_operator.py took 0.047 seconds
[2022-06-29 21:30:29,222] {processor.py:153} INFO - Started process (PID=16362) to work on /root/airflow_env/lib/python3.8/site-packages/airflow/example_dags/example_short_circuit_operator.py
[2022-06-29 21:30:29,224] {processor.py:641} INFO - Processing file /root/airflow_env/lib/python3.8/site-packages/airflow/example_dags/example_short_circuit_operator.py for tasks to queue
[2022-06-29 21:30:29,224] {logging_mixin.py:115} INFO - [2022-06-29 21:30:29,224] {dagbag.py:507} INFO - Filling up the DagBag from /root/airflow_env/lib/python3.8/site-packages/airflow/example_dags/example_short_circuit_operator.py
[2022-06-29 21:30:29,230] {processor.py:651} INFO - DAG(s) dict_keys(['example_short_circuit_operator']) retrieved from /root/airflow_env/lib/python3.8/site-packages/airflow/example_dags/example_short_circuit_operator.py
[2022-06-29 21:30:29,240] {logging_mixin.py:115} INFO - [2022-06-29 21:30:29,240] {dag.py:2371} INFO - Sync 1 DAGs
[2022-06-29 21:30:29,251] {logging_mixin.py:115} INFO - [2022-06-29 21:30:29,251] {dag.py:2915} INFO - Setting next_dagrun for example_short_circuit_operator to 2022-06-28T19:30:29.251109+00:00, run_after=2022-06-29T19:30:29.251109+00:00
[2022-06-29 21:30:29,272] {processor.py:161} INFO - Processing /root/airflow_env/lib/python3.8/site-packages/airflow/example_dags/example_short_circuit_operator.py took 0.052 seconds
[2022-06-29 21:31:11,345] {processor.py:153} INFO - Started process (PID=16777) to work on /root/airflow_env/lib/python3.8/site-packages/airflow/example_dags/example_short_circuit_operator.py
[2022-06-29 21:31:11,346] {processor.py:641} INFO - Processing file /root/airflow_env/lib/python3.8/site-packages/airflow/example_dags/example_short_circuit_operator.py for tasks to queue
[2022-06-29 21:31:11,347] {logging_mixin.py:115} INFO - [2022-06-29 21:31:11,346] {dagbag.py:507} INFO - Filling up the DagBag from /root/airflow_env/lib/python3.8/site-packages/airflow/example_dags/example_short_circuit_operator.py
[2022-06-29 21:31:11,354] {processor.py:651} INFO - DAG(s) dict_keys(['example_short_circuit_operator']) retrieved from /root/airflow_env/lib/python3.8/site-packages/airflow/example_dags/example_short_circuit_operator.py
[2022-06-29 21:31:11,364] {logging_mixin.py:115} INFO - [2022-06-29 21:31:11,364] {dag.py:2371} INFO - Sync 1 DAGs
[2022-06-29 21:31:11,374] {logging_mixin.py:115} INFO - [2022-06-29 21:31:11,373] {dag.py:2915} INFO - Setting next_dagrun for example_short_circuit_operator to 2022-06-28T19:31:11.373242+00:00, run_after=2022-06-29T19:31:11.373242+00:00
[2022-06-29 21:31:11,399] {processor.py:161} INFO - Processing /root/airflow_env/lib/python3.8/site-packages/airflow/example_dags/example_short_circuit_operator.py took 0.057 seconds
[2022-06-29 21:32:04,899] {processor.py:153} INFO - Started process (PID=17285) to work on /root/airflow_env/lib/python3.8/site-packages/airflow/example_dags/example_short_circuit_operator.py
[2022-06-29 21:32:04,900] {processor.py:641} INFO - Processing file /root/airflow_env/lib/python3.8/site-packages/airflow/example_dags/example_short_circuit_operator.py for tasks to queue
[2022-06-29 21:32:04,901] {logging_mixin.py:115} INFO - [2022-06-29 21:32:04,901] {dagbag.py:507} INFO - Filling up the DagBag from /root/airflow_env/lib/python3.8/site-packages/airflow/example_dags/example_short_circuit_operator.py
[2022-06-29 21:32:04,906] {processor.py:651} INFO - DAG(s) dict_keys(['example_short_circuit_operator']) retrieved from /root/airflow_env/lib/python3.8/site-packages/airflow/example_dags/example_short_circuit_operator.py
[2022-06-29 21:32:04,915] {logging_mixin.py:115} INFO - [2022-06-29 21:32:04,915] {dag.py:2371} INFO - Sync 1 DAGs
[2022-06-29 21:32:04,925] {logging_mixin.py:115} INFO - [2022-06-29 21:32:04,925] {dag.py:2915} INFO - Setting next_dagrun for example_short_circuit_operator to 2022-06-28T19:32:04.925361+00:00, run_after=2022-06-29T19:32:04.925361+00:00
[2022-06-29 21:32:04,947] {processor.py:161} INFO - Processing /root/airflow_env/lib/python3.8/site-packages/airflow/example_dags/example_short_circuit_operator.py took 0.050 seconds
[2022-06-29 21:33:03,290] {processor.py:153} INFO - Started process (PID=17831) to work on /root/airflow_env/lib/python3.8/site-packages/airflow/example_dags/example_short_circuit_operator.py
[2022-06-29 21:33:03,291] {processor.py:641} INFO - Processing file /root/airflow_env/lib/python3.8/site-packages/airflow/example_dags/example_short_circuit_operator.py for tasks to queue
[2022-06-29 21:33:03,291] {logging_mixin.py:115} INFO - [2022-06-29 21:33:03,291] {dagbag.py:507} INFO - Filling up the DagBag from /root/airflow_env/lib/python3.8/site-packages/airflow/example_dags/example_short_circuit_operator.py
[2022-06-29 21:33:03,296] {processor.py:651} INFO - DAG(s) dict_keys(['example_short_circuit_operator']) retrieved from /root/airflow_env/lib/python3.8/site-packages/airflow/example_dags/example_short_circuit_operator.py
[2022-06-29 21:33:03,309] {logging_mixin.py:115} INFO - [2022-06-29 21:33:03,309] {dag.py:2371} INFO - Sync 1 DAGs
[2022-06-29 21:33:03,319] {logging_mixin.py:115} INFO - [2022-06-29 21:33:03,319] {dag.py:2915} INFO - Setting next_dagrun for example_short_circuit_operator to 2022-06-28T19:33:03.318903+00:00, run_after=2022-06-29T19:33:03.318903+00:00
[2022-06-29 21:33:03,341] {processor.py:161} INFO - Processing /root/airflow_env/lib/python3.8/site-packages/airflow/example_dags/example_short_circuit_operator.py took 0.053 seconds
[2022-06-29 21:33:53,961] {processor.py:153} INFO - Started process (PID=18339) to work on /root/airflow_env/lib/python3.8/site-packages/airflow/example_dags/example_short_circuit_operator.py
[2022-06-29 21:33:53,963] {processor.py:641} INFO - Processing file /root/airflow_env/lib/python3.8/site-packages/airflow/example_dags/example_short_circuit_operator.py for tasks to queue
[2022-06-29 21:33:53,964] {logging_mixin.py:115} INFO - [2022-06-29 21:33:53,964] {dagbag.py:507} INFO - Filling up the DagBag from /root/airflow_env/lib/python3.8/site-packages/airflow/example_dags/example_short_circuit_operator.py
[2022-06-29 21:33:53,969] {processor.py:651} INFO - DAG(s) dict_keys(['example_short_circuit_operator']) retrieved from /root/airflow_env/lib/python3.8/site-packages/airflow/example_dags/example_short_circuit_operator.py
[2022-06-29 21:33:53,978] {logging_mixin.py:115} INFO - [2022-06-29 21:33:53,978] {dag.py:2371} INFO - Sync 1 DAGs
[2022-06-29 21:33:53,990] {logging_mixin.py:115} INFO - [2022-06-29 21:33:53,990] {dag.py:2915} INFO - Setting next_dagrun for example_short_circuit_operator to 2022-06-28T19:33:53.990189+00:00, run_after=2022-06-29T19:33:53.990189+00:00
[2022-06-29 21:33:54,011] {processor.py:161} INFO - Processing /root/airflow_env/lib/python3.8/site-packages/airflow/example_dags/example_short_circuit_operator.py took 0.052 seconds
[2022-06-29 22:56:33,927] {processor.py:153} INFO - Started process (PID=18851) to work on /root/airflow_env/lib/python3.8/site-packages/airflow/example_dags/example_short_circuit_operator.py
[2022-06-29 22:56:33,929] {processor.py:641} INFO - Processing file /root/airflow_env/lib/python3.8/site-packages/airflow/example_dags/example_short_circuit_operator.py for tasks to queue
[2022-06-29 22:56:33,929] {logging_mixin.py:115} INFO - [2022-06-29 22:56:33,929] {dagbag.py:507} INFO - Filling up the DagBag from /root/airflow_env/lib/python3.8/site-packages/airflow/example_dags/example_short_circuit_operator.py
[2022-06-29 22:56:33,935] {processor.py:651} INFO - DAG(s) dict_keys(['example_short_circuit_operator']) retrieved from /root/airflow_env/lib/python3.8/site-packages/airflow/example_dags/example_short_circuit_operator.py
[2022-06-29 22:56:33,945] {logging_mixin.py:115} INFO - [2022-06-29 22:56:33,945] {dag.py:2371} INFO - Sync 1 DAGs
[2022-06-29 22:56:33,956] {logging_mixin.py:115} INFO - [2022-06-29 22:56:33,956] {dag.py:2915} INFO - Setting next_dagrun for example_short_circuit_operator to 2022-06-28T20:56:33.956179+00:00, run_after=2022-06-29T20:56:33.956179+00:00
[2022-06-29 22:56:33,974] {processor.py:161} INFO - Processing /root/airflow_env/lib/python3.8/site-packages/airflow/example_dags/example_short_circuit_operator.py took 0.049 seconds
