[2022-06-29 20:11:33,780] {processor.py:153} INFO - Started process (PID=2352) to work on /root/airflow_env/lib/python3.8/site-packages/airflow/example_dags/example_skip_dag.py
[2022-06-29 20:11:33,781] {processor.py:641} INFO - Processing file /root/airflow_env/lib/python3.8/site-packages/airflow/example_dags/example_skip_dag.py for tasks to queue
[2022-06-29 20:11:33,781] {logging_mixin.py:115} INFO - [2022-06-29 20:11:33,781] {dagbag.py:507} INFO - Filling up the DagBag from /root/airflow_env/lib/python3.8/site-packages/airflow/example_dags/example_skip_dag.py
[2022-06-29 20:11:33,785] {processor.py:651} INFO - DAG(s) dict_keys(['example_skip_dag']) retrieved from /root/airflow_env/lib/python3.8/site-packages/airflow/example_dags/example_skip_dag.py
[2022-06-29 20:11:33,798] {logging_mixin.py:115} INFO - [2022-06-29 20:11:33,798] {dag.py:2371} INFO - Sync 1 DAGs
[2022-06-29 20:11:33,812] {logging_mixin.py:115} INFO - [2022-06-29 20:11:33,812] {dag.py:2915} INFO - Setting next_dagrun for example_skip_dag to 2022-06-28T18:11:33.811853+00:00, run_after=2022-06-29T18:11:33.811853+00:00
[2022-06-29 20:11:33,833] {processor.py:161} INFO - Processing /root/airflow_env/lib/python3.8/site-packages/airflow/example_dags/example_skip_dag.py took 0.055 seconds
[2022-06-29 20:13:38,150] {processor.py:153} INFO - Started process (PID=3143) to work on /root/airflow_env/lib/python3.8/site-packages/airflow/example_dags/example_skip_dag.py
[2022-06-29 20:13:38,152] {processor.py:641} INFO - Processing file /root/airflow_env/lib/python3.8/site-packages/airflow/example_dags/example_skip_dag.py for tasks to queue
[2022-06-29 20:13:38,153] {logging_mixin.py:115} INFO - [2022-06-29 20:13:38,153] {dagbag.py:507} INFO - Filling up the DagBag from /root/airflow_env/lib/python3.8/site-packages/airflow/example_dags/example_skip_dag.py
[2022-06-29 20:13:38,163] {processor.py:651} INFO - DAG(s) dict_keys(['example_skip_dag']) retrieved from /root/airflow_env/lib/python3.8/site-packages/airflow/example_dags/example_skip_dag.py
[2022-06-29 20:13:38,184] {logging_mixin.py:115} INFO - [2022-06-29 20:13:38,184] {dag.py:2371} INFO - Sync 1 DAGs
[2022-06-29 20:13:38,214] {logging_mixin.py:115} INFO - [2022-06-29 20:13:38,214] {dag.py:2915} INFO - Setting next_dagrun for example_skip_dag to 2022-06-28T18:13:38.213739+00:00, run_after=2022-06-29T18:13:38.213739+00:00
[2022-06-29 20:13:38,245] {processor.py:161} INFO - Processing /root/airflow_env/lib/python3.8/site-packages/airflow/example_dags/example_skip_dag.py took 0.101 seconds
[2022-06-29 20:15:07,887] {processor.py:153} INFO - Started process (PID=3745) to work on /root/airflow_env/lib/python3.8/site-packages/airflow/example_dags/example_skip_dag.py
[2022-06-29 20:15:07,888] {processor.py:641} INFO - Processing file /root/airflow_env/lib/python3.8/site-packages/airflow/example_dags/example_skip_dag.py for tasks to queue
[2022-06-29 20:15:07,889] {logging_mixin.py:115} INFO - [2022-06-29 20:15:07,889] {dagbag.py:507} INFO - Filling up the DagBag from /root/airflow_env/lib/python3.8/site-packages/airflow/example_dags/example_skip_dag.py
[2022-06-29 20:15:07,895] {processor.py:651} INFO - DAG(s) dict_keys(['example_skip_dag']) retrieved from /root/airflow_env/lib/python3.8/site-packages/airflow/example_dags/example_skip_dag.py
[2022-06-29 20:15:07,910] {logging_mixin.py:115} INFO - [2022-06-29 20:15:07,910] {dag.py:2371} INFO - Sync 1 DAGs
[2022-06-29 20:15:07,923] {logging_mixin.py:115} INFO - [2022-06-29 20:15:07,923] {dag.py:2915} INFO - Setting next_dagrun for example_skip_dag to 2022-06-28T18:15:07.922897+00:00, run_after=2022-06-29T18:15:07.922897+00:00
[2022-06-29 20:15:07,944] {processor.py:161} INFO - Processing /root/airflow_env/lib/python3.8/site-packages/airflow/example_dags/example_skip_dag.py took 0.062 seconds
[2022-06-29 20:16:38,125] {processor.py:153} INFO - Started process (PID=4347) to work on /root/airflow_env/lib/python3.8/site-packages/airflow/example_dags/example_skip_dag.py
[2022-06-29 20:16:38,126] {processor.py:641} INFO - Processing file /root/airflow_env/lib/python3.8/site-packages/airflow/example_dags/example_skip_dag.py for tasks to queue
[2022-06-29 20:16:38,126] {logging_mixin.py:115} INFO - [2022-06-29 20:16:38,126] {dagbag.py:507} INFO - Filling up the DagBag from /root/airflow_env/lib/python3.8/site-packages/airflow/example_dags/example_skip_dag.py
[2022-06-29 20:16:38,134] {processor.py:651} INFO - DAG(s) dict_keys(['example_skip_dag']) retrieved from /root/airflow_env/lib/python3.8/site-packages/airflow/example_dags/example_skip_dag.py
[2022-06-29 20:16:38,151] {logging_mixin.py:115} INFO - [2022-06-29 20:16:38,151] {dag.py:2371} INFO - Sync 1 DAGs
[2022-06-29 20:16:38,174] {logging_mixin.py:115} INFO - [2022-06-29 20:16:38,174] {dag.py:2915} INFO - Setting next_dagrun for example_skip_dag to 2022-06-28T18:16:38.173900+00:00, run_after=2022-06-29T18:16:38.173900+00:00
[2022-06-29 20:16:38,198] {processor.py:161} INFO - Processing /root/airflow_env/lib/python3.8/site-packages/airflow/example_dags/example_skip_dag.py took 0.076 seconds
[2022-06-29 20:18:09,466] {processor.py:153} INFO - Started process (PID=4951) to work on /root/airflow_env/lib/python3.8/site-packages/airflow/example_dags/example_skip_dag.py
[2022-06-29 20:18:09,507] {processor.py:641} INFO - Processing file /root/airflow_env/lib/python3.8/site-packages/airflow/example_dags/example_skip_dag.py for tasks to queue
[2022-06-29 20:18:09,508] {logging_mixin.py:115} INFO - [2022-06-29 20:18:09,508] {dagbag.py:507} INFO - Filling up the DagBag from /root/airflow_env/lib/python3.8/site-packages/airflow/example_dags/example_skip_dag.py
[2022-06-29 20:18:09,519] {processor.py:651} INFO - DAG(s) dict_keys(['example_skip_dag']) retrieved from /root/airflow_env/lib/python3.8/site-packages/airflow/example_dags/example_skip_dag.py
[2022-06-29 20:18:09,548] {logging_mixin.py:115} INFO - [2022-06-29 20:18:09,548] {dag.py:2371} INFO - Sync 1 DAGs
[2022-06-29 20:18:09,571] {logging_mixin.py:115} INFO - [2022-06-29 20:18:09,571] {dag.py:2915} INFO - Setting next_dagrun for example_skip_dag to 2022-06-28T18:18:09.570913+00:00, run_after=2022-06-29T18:18:09.570913+00:00
[2022-06-29 20:18:09,596] {processor.py:161} INFO - Processing /root/airflow_env/lib/python3.8/site-packages/airflow/example_dags/example_skip_dag.py took 0.136 seconds
[2022-06-29 20:19:44,782] {processor.py:153} INFO - Started process (PID=5590) to work on /root/airflow_env/lib/python3.8/site-packages/airflow/example_dags/example_skip_dag.py
[2022-06-29 20:19:44,783] {processor.py:641} INFO - Processing file /root/airflow_env/lib/python3.8/site-packages/airflow/example_dags/example_skip_dag.py for tasks to queue
[2022-06-29 20:19:44,784] {logging_mixin.py:115} INFO - [2022-06-29 20:19:44,784] {dagbag.py:507} INFO - Filling up the DagBag from /root/airflow_env/lib/python3.8/site-packages/airflow/example_dags/example_skip_dag.py
[2022-06-29 20:19:44,790] {processor.py:651} INFO - DAG(s) dict_keys(['example_skip_dag']) retrieved from /root/airflow_env/lib/python3.8/site-packages/airflow/example_dags/example_skip_dag.py
[2022-06-29 20:19:44,813] {logging_mixin.py:115} INFO - [2022-06-29 20:19:44,813] {dag.py:2371} INFO - Sync 1 DAGs
[2022-06-29 20:19:44,827] {logging_mixin.py:115} INFO - [2022-06-29 20:19:44,827] {dag.py:2915} INFO - Setting next_dagrun for example_skip_dag to 2022-06-28T18:19:44.827474+00:00, run_after=2022-06-29T18:19:44.827474+00:00
[2022-06-29 20:19:44,847] {processor.py:161} INFO - Processing /root/airflow_env/lib/python3.8/site-packages/airflow/example_dags/example_skip_dag.py took 0.068 seconds
[2022-06-29 20:21:16,765] {processor.py:153} INFO - Started process (PID=6192) to work on /root/airflow_env/lib/python3.8/site-packages/airflow/example_dags/example_skip_dag.py
[2022-06-29 20:21:16,782] {processor.py:641} INFO - Processing file /root/airflow_env/lib/python3.8/site-packages/airflow/example_dags/example_skip_dag.py for tasks to queue
[2022-06-29 20:21:16,783] {logging_mixin.py:115} INFO - [2022-06-29 20:21:16,783] {dagbag.py:507} INFO - Filling up the DagBag from /root/airflow_env/lib/python3.8/site-packages/airflow/example_dags/example_skip_dag.py
[2022-06-29 20:21:16,788] {processor.py:651} INFO - DAG(s) dict_keys(['example_skip_dag']) retrieved from /root/airflow_env/lib/python3.8/site-packages/airflow/example_dags/example_skip_dag.py
[2022-06-29 20:21:16,803] {logging_mixin.py:115} INFO - [2022-06-29 20:21:16,803] {dag.py:2371} INFO - Sync 1 DAGs
[2022-06-29 20:21:16,816] {logging_mixin.py:115} INFO - [2022-06-29 20:21:16,816] {dag.py:2915} INFO - Setting next_dagrun for example_skip_dag to 2022-06-28T18:21:16.816209+00:00, run_after=2022-06-29T18:21:16.816209+00:00
[2022-06-29 20:21:16,839] {processor.py:161} INFO - Processing /root/airflow_env/lib/python3.8/site-packages/airflow/example_dags/example_skip_dag.py took 0.076 seconds
[2022-06-29 20:22:49,619] {processor.py:153} INFO - Started process (PID=6796) to work on /root/airflow_env/lib/python3.8/site-packages/airflow/example_dags/example_skip_dag.py
[2022-06-29 20:22:49,621] {processor.py:641} INFO - Processing file /root/airflow_env/lib/python3.8/site-packages/airflow/example_dags/example_skip_dag.py for tasks to queue
[2022-06-29 20:22:49,622] {logging_mixin.py:115} INFO - [2022-06-29 20:22:49,622] {dagbag.py:507} INFO - Filling up the DagBag from /root/airflow_env/lib/python3.8/site-packages/airflow/example_dags/example_skip_dag.py
[2022-06-29 20:22:49,632] {processor.py:651} INFO - DAG(s) dict_keys(['example_skip_dag']) retrieved from /root/airflow_env/lib/python3.8/site-packages/airflow/example_dags/example_skip_dag.py
[2022-06-29 20:22:49,658] {logging_mixin.py:115} INFO - [2022-06-29 20:22:49,658] {dag.py:2371} INFO - Sync 1 DAGs
[2022-06-29 20:22:49,690] {logging_mixin.py:115} INFO - [2022-06-29 20:22:49,690] {dag.py:2915} INFO - Setting next_dagrun for example_skip_dag to 2022-06-28T18:22:49.689563+00:00, run_after=2022-06-29T18:22:49.689563+00:00
[2022-06-29 20:22:49,727] {processor.py:161} INFO - Processing /root/airflow_env/lib/python3.8/site-packages/airflow/example_dags/example_skip_dag.py took 0.114 seconds
[2022-06-29 20:24:27,225] {processor.py:153} INFO - Started process (PID=7435) to work on /root/airflow_env/lib/python3.8/site-packages/airflow/example_dags/example_skip_dag.py
[2022-06-29 20:24:27,226] {processor.py:641} INFO - Processing file /root/airflow_env/lib/python3.8/site-packages/airflow/example_dags/example_skip_dag.py for tasks to queue
[2022-06-29 20:24:27,227] {logging_mixin.py:115} INFO - [2022-06-29 20:24:27,227] {dagbag.py:507} INFO - Filling up the DagBag from /root/airflow_env/lib/python3.8/site-packages/airflow/example_dags/example_skip_dag.py
[2022-06-29 20:24:27,237] {processor.py:651} INFO - DAG(s) dict_keys(['example_skip_dag']) retrieved from /root/airflow_env/lib/python3.8/site-packages/airflow/example_dags/example_skip_dag.py
[2022-06-29 20:24:27,266] {logging_mixin.py:115} INFO - [2022-06-29 20:24:27,265] {dag.py:2371} INFO - Sync 1 DAGs
[2022-06-29 20:24:27,283] {logging_mixin.py:115} INFO - [2022-06-29 20:24:27,283] {dag.py:2915} INFO - Setting next_dagrun for example_skip_dag to 2022-06-28T18:24:27.282738+00:00, run_after=2022-06-29T18:24:27.282738+00:00
[2022-06-29 20:24:27,304] {processor.py:161} INFO - Processing /root/airflow_env/lib/python3.8/site-packages/airflow/example_dags/example_skip_dag.py took 0.085 seconds
[2022-06-29 20:25:58,699] {processor.py:153} INFO - Started process (PID=8037) to work on /root/airflow_env/lib/python3.8/site-packages/airflow/example_dags/example_skip_dag.py
[2022-06-29 20:25:58,701] {processor.py:641} INFO - Processing file /root/airflow_env/lib/python3.8/site-packages/airflow/example_dags/example_skip_dag.py for tasks to queue
[2022-06-29 20:25:58,702] {logging_mixin.py:115} INFO - [2022-06-29 20:25:58,702] {dagbag.py:507} INFO - Filling up the DagBag from /root/airflow_env/lib/python3.8/site-packages/airflow/example_dags/example_skip_dag.py
[2022-06-29 20:25:58,709] {processor.py:651} INFO - DAG(s) dict_keys(['example_skip_dag']) retrieved from /root/airflow_env/lib/python3.8/site-packages/airflow/example_dags/example_skip_dag.py
[2022-06-29 20:25:58,730] {logging_mixin.py:115} INFO - [2022-06-29 20:25:58,730] {dag.py:2371} INFO - Sync 1 DAGs
[2022-06-29 20:25:58,751] {logging_mixin.py:115} INFO - [2022-06-29 20:25:58,751] {dag.py:2915} INFO - Setting next_dagrun for example_skip_dag to 2022-06-28T18:25:58.750820+00:00, run_after=2022-06-29T18:25:58.750820+00:00
[2022-06-29 20:25:58,773] {processor.py:161} INFO - Processing /root/airflow_env/lib/python3.8/site-packages/airflow/example_dags/example_skip_dag.py took 0.078 seconds
[2022-06-29 20:27:35,010] {processor.py:153} INFO - Started process (PID=8641) to work on /root/airflow_env/lib/python3.8/site-packages/airflow/example_dags/example_skip_dag.py
[2022-06-29 20:27:35,011] {processor.py:641} INFO - Processing file /root/airflow_env/lib/python3.8/site-packages/airflow/example_dags/example_skip_dag.py for tasks to queue
[2022-06-29 20:27:35,011] {logging_mixin.py:115} INFO - [2022-06-29 20:27:35,011] {dagbag.py:507} INFO - Filling up the DagBag from /root/airflow_env/lib/python3.8/site-packages/airflow/example_dags/example_skip_dag.py
[2022-06-29 20:27:35,019] {processor.py:651} INFO - DAG(s) dict_keys(['example_skip_dag']) retrieved from /root/airflow_env/lib/python3.8/site-packages/airflow/example_dags/example_skip_dag.py
[2022-06-29 20:27:35,038] {logging_mixin.py:115} INFO - [2022-06-29 20:27:35,038] {dag.py:2371} INFO - Sync 1 DAGs
[2022-06-29 20:27:35,065] {logging_mixin.py:115} INFO - [2022-06-29 20:27:35,065] {dag.py:2915} INFO - Setting next_dagrun for example_skip_dag to 2022-06-28T18:27:35.065347+00:00, run_after=2022-06-29T18:27:35.065347+00:00
[2022-06-29 20:27:35,088] {processor.py:161} INFO - Processing /root/airflow_env/lib/python3.8/site-packages/airflow/example_dags/example_skip_dag.py took 0.082 seconds
[2022-06-29 20:29:17,883] {processor.py:153} INFO - Started process (PID=9280) to work on /root/airflow_env/lib/python3.8/site-packages/airflow/example_dags/example_skip_dag.py
[2022-06-29 20:29:17,885] {processor.py:641} INFO - Processing file /root/airflow_env/lib/python3.8/site-packages/airflow/example_dags/example_skip_dag.py for tasks to queue
[2022-06-29 20:29:17,886] {logging_mixin.py:115} INFO - [2022-06-29 20:29:17,886] {dagbag.py:507} INFO - Filling up the DagBag from /root/airflow_env/lib/python3.8/site-packages/airflow/example_dags/example_skip_dag.py
[2022-06-29 20:29:17,897] {processor.py:651} INFO - DAG(s) dict_keys(['example_skip_dag']) retrieved from /root/airflow_env/lib/python3.8/site-packages/airflow/example_dags/example_skip_dag.py
[2022-06-29 20:29:17,919] {logging_mixin.py:115} INFO - [2022-06-29 20:29:17,919] {dag.py:2371} INFO - Sync 1 DAGs
[2022-06-29 20:29:17,940] {logging_mixin.py:115} INFO - [2022-06-29 20:29:17,940] {dag.py:2915} INFO - Setting next_dagrun for example_skip_dag to 2022-06-28T18:29:17.940078+00:00, run_after=2022-06-29T18:29:17.940078+00:00
[2022-06-29 20:29:17,974] {processor.py:161} INFO - Processing /root/airflow_env/lib/python3.8/site-packages/airflow/example_dags/example_skip_dag.py took 0.098 seconds
[2022-06-29 20:30:44,910] {processor.py:153} INFO - Started process (PID=9847) to work on /root/airflow_env/lib/python3.8/site-packages/airflow/example_dags/example_skip_dag.py
[2022-06-29 20:30:44,912] {processor.py:641} INFO - Processing file /root/airflow_env/lib/python3.8/site-packages/airflow/example_dags/example_skip_dag.py for tasks to queue
[2022-06-29 20:30:44,913] {logging_mixin.py:115} INFO - [2022-06-29 20:30:44,913] {dagbag.py:507} INFO - Filling up the DagBag from /root/airflow_env/lib/python3.8/site-packages/airflow/example_dags/example_skip_dag.py
[2022-06-29 20:30:44,921] {processor.py:651} INFO - DAG(s) dict_keys(['example_skip_dag']) retrieved from /root/airflow_env/lib/python3.8/site-packages/airflow/example_dags/example_skip_dag.py
[2022-06-29 20:30:44,943] {logging_mixin.py:115} INFO - [2022-06-29 20:30:44,943] {dag.py:2371} INFO - Sync 1 DAGs
[2022-06-29 20:30:44,970] {logging_mixin.py:115} INFO - [2022-06-29 20:30:44,970] {dag.py:2915} INFO - Setting next_dagrun for example_skip_dag to 2022-06-28T18:30:44.970309+00:00, run_after=2022-06-29T18:30:44.970309+00:00
[2022-06-29 20:30:44,997] {processor.py:161} INFO - Processing /root/airflow_env/lib/python3.8/site-packages/airflow/example_dags/example_skip_dag.py took 0.091 seconds
[2022-06-29 20:32:01,720] {processor.py:153} INFO - Started process (PID=10379) to work on /root/airflow_env/lib/python3.8/site-packages/airflow/example_dags/example_skip_dag.py
[2022-06-29 20:32:01,721] {processor.py:641} INFO - Processing file /root/airflow_env/lib/python3.8/site-packages/airflow/example_dags/example_skip_dag.py for tasks to queue
[2022-06-29 20:32:01,724] {logging_mixin.py:115} INFO - [2022-06-29 20:32:01,724] {dagbag.py:507} INFO - Filling up the DagBag from /root/airflow_env/lib/python3.8/site-packages/airflow/example_dags/example_skip_dag.py
[2022-06-29 20:32:01,734] {processor.py:651} INFO - DAG(s) dict_keys(['example_skip_dag']) retrieved from /root/airflow_env/lib/python3.8/site-packages/airflow/example_dags/example_skip_dag.py
[2022-06-29 20:32:01,774] {logging_mixin.py:115} INFO - [2022-06-29 20:32:01,773] {dag.py:2371} INFO - Sync 1 DAGs
[2022-06-29 20:32:01,804] {logging_mixin.py:115} INFO - [2022-06-29 20:32:01,804] {dag.py:2915} INFO - Setting next_dagrun for example_skip_dag to 2022-06-28T18:32:01.803763+00:00, run_after=2022-06-29T18:32:01.803763+00:00
[2022-06-29 20:32:01,837] {processor.py:161} INFO - Processing /root/airflow_env/lib/python3.8/site-packages/airflow/example_dags/example_skip_dag.py took 0.122 seconds
[2022-06-29 21:22:10,354] {processor.py:153} INFO - Started process (PID=11615) to work on /root/airflow_env/lib/python3.8/site-packages/airflow/example_dags/example_skip_dag.py
[2022-06-29 21:22:10,356] {processor.py:641} INFO - Processing file /root/airflow_env/lib/python3.8/site-packages/airflow/example_dags/example_skip_dag.py for tasks to queue
[2022-06-29 21:22:10,357] {logging_mixin.py:115} INFO - [2022-06-29 21:22:10,357] {dagbag.py:507} INFO - Filling up the DagBag from /root/airflow_env/lib/python3.8/site-packages/airflow/example_dags/example_skip_dag.py
[2022-06-29 21:22:10,362] {processor.py:651} INFO - DAG(s) dict_keys(['example_skip_dag']) retrieved from /root/airflow_env/lib/python3.8/site-packages/airflow/example_dags/example_skip_dag.py
[2022-06-29 21:22:10,374] {logging_mixin.py:115} INFO - [2022-06-29 21:22:10,374] {dag.py:2371} INFO - Sync 1 DAGs
[2022-06-29 21:22:10,396] {logging_mixin.py:115} INFO - [2022-06-29 21:22:10,396] {dag.py:2915} INFO - Setting next_dagrun for example_skip_dag to 2022-06-28T19:22:10.396399+00:00, run_after=2022-06-29T19:22:10.396399+00:00
[2022-06-29 21:22:10,422] {processor.py:161} INFO - Processing /root/airflow_env/lib/python3.8/site-packages/airflow/example_dags/example_skip_dag.py took 0.072 seconds
[2022-06-29 21:23:34,219] {processor.py:153} INFO - Started process (PID=12406) to work on /root/airflow_env/lib/python3.8/site-packages/airflow/example_dags/example_skip_dag.py
[2022-06-29 21:23:34,220] {processor.py:641} INFO - Processing file /root/airflow_env/lib/python3.8/site-packages/airflow/example_dags/example_skip_dag.py for tasks to queue
[2022-06-29 21:23:34,221] {logging_mixin.py:115} INFO - [2022-06-29 21:23:34,220] {dagbag.py:507} INFO - Filling up the DagBag from /root/airflow_env/lib/python3.8/site-packages/airflow/example_dags/example_skip_dag.py
[2022-06-29 21:23:34,224] {processor.py:651} INFO - DAG(s) dict_keys(['example_skip_dag']) retrieved from /root/airflow_env/lib/python3.8/site-packages/airflow/example_dags/example_skip_dag.py
[2022-06-29 21:23:34,237] {logging_mixin.py:115} INFO - [2022-06-29 21:23:34,237] {dag.py:2371} INFO - Sync 1 DAGs
[2022-06-29 21:23:34,250] {logging_mixin.py:115} INFO - [2022-06-29 21:23:34,250] {dag.py:2915} INFO - Setting next_dagrun for example_skip_dag to 2022-06-28T19:23:34.250207+00:00, run_after=2022-06-29T19:23:34.250207+00:00
[2022-06-29 21:23:34,269] {processor.py:161} INFO - Processing /root/airflow_env/lib/python3.8/site-packages/airflow/example_dags/example_skip_dag.py took 0.052 seconds
[2022-06-29 21:25:26,746] {processor.py:153} INFO - Started process (PID=13461) to work on /root/airflow_env/lib/python3.8/site-packages/airflow/example_dags/example_skip_dag.py
[2022-06-29 21:25:26,747] {processor.py:641} INFO - Processing file /root/airflow_env/lib/python3.8/site-packages/airflow/example_dags/example_skip_dag.py for tasks to queue
[2022-06-29 21:25:26,748] {logging_mixin.py:115} INFO - [2022-06-29 21:25:26,748] {dagbag.py:507} INFO - Filling up the DagBag from /root/airflow_env/lib/python3.8/site-packages/airflow/example_dags/example_skip_dag.py
[2022-06-29 21:25:26,751] {processor.py:651} INFO - DAG(s) dict_keys(['example_skip_dag']) retrieved from /root/airflow_env/lib/python3.8/site-packages/airflow/example_dags/example_skip_dag.py
[2022-06-29 21:25:26,761] {logging_mixin.py:115} INFO - [2022-06-29 21:25:26,761] {dag.py:2371} INFO - Sync 1 DAGs
[2022-06-29 21:25:26,771] {logging_mixin.py:115} INFO - [2022-06-29 21:25:26,771] {dag.py:2915} INFO - Setting next_dagrun for example_skip_dag to 2022-06-28T19:25:26.771029+00:00, run_after=2022-06-29T19:25:26.771029+00:00
[2022-06-29 21:25:26,791] {processor.py:161} INFO - Processing /root/airflow_env/lib/python3.8/site-packages/airflow/example_dags/example_skip_dag.py took 0.047 seconds
[2022-06-29 21:27:19,684] {processor.py:153} INFO - Started process (PID=14515) to work on /root/airflow_env/lib/python3.8/site-packages/airflow/example_dags/example_skip_dag.py
[2022-06-29 21:27:19,685] {processor.py:641} INFO - Processing file /root/airflow_env/lib/python3.8/site-packages/airflow/example_dags/example_skip_dag.py for tasks to queue
[2022-06-29 21:27:19,685] {logging_mixin.py:115} INFO - [2022-06-29 21:27:19,685] {dagbag.py:507} INFO - Filling up the DagBag from /root/airflow_env/lib/python3.8/site-packages/airflow/example_dags/example_skip_dag.py
[2022-06-29 21:27:19,689] {processor.py:651} INFO - DAG(s) dict_keys(['example_skip_dag']) retrieved from /root/airflow_env/lib/python3.8/site-packages/airflow/example_dags/example_skip_dag.py
[2022-06-29 21:27:19,700] {logging_mixin.py:115} INFO - [2022-06-29 21:27:19,700] {dag.py:2371} INFO - Sync 1 DAGs
[2022-06-29 21:27:19,713] {logging_mixin.py:115} INFO - [2022-06-29 21:27:19,713] {dag.py:2915} INFO - Setting next_dagrun for example_skip_dag to 2022-06-28T19:27:19.713064+00:00, run_after=2022-06-29T19:27:19.713064+00:00
[2022-06-29 21:27:19,733] {processor.py:161} INFO - Processing /root/airflow_env/lib/python3.8/site-packages/airflow/example_dags/example_skip_dag.py took 0.052 seconds
[2022-06-29 21:29:12,387] {processor.py:153} INFO - Started process (PID=15569) to work on /root/airflow_env/lib/python3.8/site-packages/airflow/example_dags/example_skip_dag.py
[2022-06-29 21:29:12,389] {processor.py:641} INFO - Processing file /root/airflow_env/lib/python3.8/site-packages/airflow/example_dags/example_skip_dag.py for tasks to queue
[2022-06-29 21:29:12,389] {logging_mixin.py:115} INFO - [2022-06-29 21:29:12,389] {dagbag.py:507} INFO - Filling up the DagBag from /root/airflow_env/lib/python3.8/site-packages/airflow/example_dags/example_skip_dag.py
[2022-06-29 21:29:12,392] {processor.py:651} INFO - DAG(s) dict_keys(['example_skip_dag']) retrieved from /root/airflow_env/lib/python3.8/site-packages/airflow/example_dags/example_skip_dag.py
[2022-06-29 21:29:12,402] {logging_mixin.py:115} INFO - [2022-06-29 21:29:12,402] {dag.py:2371} INFO - Sync 1 DAGs
[2022-06-29 21:29:12,412] {logging_mixin.py:115} INFO - [2022-06-29 21:29:12,412] {dag.py:2915} INFO - Setting next_dagrun for example_skip_dag to 2022-06-28T19:29:12.412119+00:00, run_after=2022-06-29T19:29:12.412119+00:00
[2022-06-29 21:29:12,430] {processor.py:161} INFO - Processing /root/airflow_env/lib/python3.8/site-packages/airflow/example_dags/example_skip_dag.py took 0.045 seconds
[2022-06-29 21:30:40,660] {processor.py:153} INFO - Started process (PID=16475) to work on /root/airflow_env/lib/python3.8/site-packages/airflow/example_dags/example_skip_dag.py
[2022-06-29 21:30:40,662] {processor.py:641} INFO - Processing file /root/airflow_env/lib/python3.8/site-packages/airflow/example_dags/example_skip_dag.py for tasks to queue
[2022-06-29 21:30:40,662] {logging_mixin.py:115} INFO - [2022-06-29 21:30:40,662] {dagbag.py:507} INFO - Filling up the DagBag from /root/airflow_env/lib/python3.8/site-packages/airflow/example_dags/example_skip_dag.py
[2022-06-29 21:30:40,666] {processor.py:651} INFO - DAG(s) dict_keys(['example_skip_dag']) retrieved from /root/airflow_env/lib/python3.8/site-packages/airflow/example_dags/example_skip_dag.py
[2022-06-29 21:30:40,675] {logging_mixin.py:115} INFO - [2022-06-29 21:30:40,675] {dag.py:2371} INFO - Sync 1 DAGs
[2022-06-29 21:30:40,688] {logging_mixin.py:115} INFO - [2022-06-29 21:30:40,688] {dag.py:2915} INFO - Setting next_dagrun for example_skip_dag to 2022-06-28T19:30:40.687907+00:00, run_after=2022-06-29T19:30:40.687907+00:00
[2022-06-29 21:30:40,708] {processor.py:161} INFO - Processing /root/airflow_env/lib/python3.8/site-packages/airflow/example_dags/example_skip_dag.py took 0.051 seconds
[2022-06-29 21:32:28,364] {processor.py:153} INFO - Started process (PID=17492) to work on /root/airflow_env/lib/python3.8/site-packages/airflow/example_dags/example_skip_dag.py
[2022-06-29 21:32:28,365] {processor.py:641} INFO - Processing file /root/airflow_env/lib/python3.8/site-packages/airflow/example_dags/example_skip_dag.py for tasks to queue
[2022-06-29 21:32:28,366] {logging_mixin.py:115} INFO - [2022-06-29 21:32:28,366] {dagbag.py:507} INFO - Filling up the DagBag from /root/airflow_env/lib/python3.8/site-packages/airflow/example_dags/example_skip_dag.py
[2022-06-29 21:32:28,370] {processor.py:651} INFO - DAG(s) dict_keys(['example_skip_dag']) retrieved from /root/airflow_env/lib/python3.8/site-packages/airflow/example_dags/example_skip_dag.py
[2022-06-29 21:32:28,380] {logging_mixin.py:115} INFO - [2022-06-29 21:32:28,380] {dag.py:2371} INFO - Sync 1 DAGs
[2022-06-29 21:32:28,392] {logging_mixin.py:115} INFO - [2022-06-29 21:32:28,392] {dag.py:2915} INFO - Setting next_dagrun for example_skip_dag to 2022-06-28T19:32:28.392225+00:00, run_after=2022-06-29T19:32:28.392225+00:00
[2022-06-29 21:32:28,414] {processor.py:161} INFO - Processing /root/airflow_env/lib/python3.8/site-packages/airflow/example_dags/example_skip_dag.py took 0.052 seconds
[2022-06-29 22:55:59,828] {processor.py:153} INFO - Started process (PID=18512) to work on /root/airflow_env/lib/python3.8/site-packages/airflow/example_dags/example_skip_dag.py
[2022-06-29 22:55:59,829] {processor.py:641} INFO - Processing file /root/airflow_env/lib/python3.8/site-packages/airflow/example_dags/example_skip_dag.py for tasks to queue
[2022-06-29 22:55:59,829] {logging_mixin.py:115} INFO - [2022-06-29 22:55:59,829] {dagbag.py:507} INFO - Filling up the DagBag from /root/airflow_env/lib/python3.8/site-packages/airflow/example_dags/example_skip_dag.py
[2022-06-29 22:55:59,833] {processor.py:651} INFO - DAG(s) dict_keys(['example_skip_dag']) retrieved from /root/airflow_env/lib/python3.8/site-packages/airflow/example_dags/example_skip_dag.py
[2022-06-29 22:55:59,843] {logging_mixin.py:115} INFO - [2022-06-29 22:55:59,843] {dag.py:2371} INFO - Sync 1 DAGs
[2022-06-29 22:55:59,854] {logging_mixin.py:115} INFO - [2022-06-29 22:55:59,854] {dag.py:2915} INFO - Setting next_dagrun for example_skip_dag to 2022-06-28T20:55:59.854650+00:00, run_after=2022-06-29T20:55:59.854650+00:00
[2022-06-29 22:55:59,873] {processor.py:161} INFO - Processing /root/airflow_env/lib/python3.8/site-packages/airflow/example_dags/example_skip_dag.py took 0.047 seconds
