[2022-06-29 20:12:35,508] {processor.py:153} INFO - Started process (PID=2747) to work on /root/airflow_env/lib/python3.8/site-packages/airflow/example_dags/example_latest_only_with_trigger.py
[2022-06-29 20:12:35,509] {processor.py:641} INFO - Processing file /root/airflow_env/lib/python3.8/site-packages/airflow/example_dags/example_latest_only_with_trigger.py for tasks to queue
[2022-06-29 20:12:35,509] {logging_mixin.py:115} INFO - [2022-06-29 20:12:35,509] {dagbag.py:507} INFO - Filling up the DagBag from /root/airflow_env/lib/python3.8/site-packages/airflow/example_dags/example_latest_only_with_trigger.py
[2022-06-29 20:12:35,515] {processor.py:651} INFO - DAG(s) dict_keys(['latest_only_with_trigger']) retrieved from /root/airflow_env/lib/python3.8/site-packages/airflow/example_dags/example_latest_only_with_trigger.py
[2022-06-29 20:12:35,530] {logging_mixin.py:115} INFO - [2022-06-29 20:12:35,530] {dag.py:2371} INFO - Sync 1 DAGs
[2022-06-29 20:12:35,546] {logging_mixin.py:115} INFO - [2022-06-29 20:12:35,546] {dag.py:2915} INFO - Setting next_dagrun for latest_only_with_trigger to 2022-06-29T14:12:35.545865+00:00, run_after=2022-06-29T18:12:35.545865+00:00
[2022-06-29 20:12:35,570] {processor.py:161} INFO - Processing /root/airflow_env/lib/python3.8/site-packages/airflow/example_dags/example_latest_only_with_trigger.py took 0.064 seconds
[2022-06-29 20:15:31,202] {processor.py:153} INFO - Started process (PID=3897) to work on /root/airflow_env/lib/python3.8/site-packages/airflow/example_dags/example_latest_only_with_trigger.py
[2022-06-29 20:15:31,243] {processor.py:641} INFO - Processing file /root/airflow_env/lib/python3.8/site-packages/airflow/example_dags/example_latest_only_with_trigger.py for tasks to queue
[2022-06-29 20:15:31,244] {logging_mixin.py:115} INFO - [2022-06-29 20:15:31,244] {dagbag.py:507} INFO - Filling up the DagBag from /root/airflow_env/lib/python3.8/site-packages/airflow/example_dags/example_latest_only_with_trigger.py
[2022-06-29 20:15:31,256] {processor.py:651} INFO - DAG(s) dict_keys(['latest_only_with_trigger']) retrieved from /root/airflow_env/lib/python3.8/site-packages/airflow/example_dags/example_latest_only_with_trigger.py
[2022-06-29 20:15:31,286] {logging_mixin.py:115} INFO - [2022-06-29 20:15:31,286] {dag.py:2371} INFO - Sync 1 DAGs
[2022-06-29 20:15:31,313] {logging_mixin.py:115} INFO - [2022-06-29 20:15:31,313] {dag.py:2915} INFO - Setting next_dagrun for latest_only_with_trigger to 2022-06-29T14:15:31.313030+00:00, run_after=2022-06-29T18:15:31.313030+00:00
[2022-06-29 20:15:31,349] {processor.py:161} INFO - Processing /root/airflow_env/lib/python3.8/site-packages/airflow/example_dags/example_latest_only_with_trigger.py took 0.150 seconds
[2022-06-29 20:18:39,509] {processor.py:153} INFO - Started process (PID=5158) to work on /root/airflow_env/lib/python3.8/site-packages/airflow/example_dags/example_latest_only_with_trigger.py
[2022-06-29 20:18:39,552] {processor.py:641} INFO - Processing file /root/airflow_env/lib/python3.8/site-packages/airflow/example_dags/example_latest_only_with_trigger.py for tasks to queue
[2022-06-29 20:18:39,553] {logging_mixin.py:115} INFO - [2022-06-29 20:18:39,553] {dagbag.py:507} INFO - Filling up the DagBag from /root/airflow_env/lib/python3.8/site-packages/airflow/example_dags/example_latest_only_with_trigger.py
[2022-06-29 20:18:39,565] {processor.py:651} INFO - DAG(s) dict_keys(['latest_only_with_trigger']) retrieved from /root/airflow_env/lib/python3.8/site-packages/airflow/example_dags/example_latest_only_with_trigger.py
[2022-06-29 20:18:39,594] {logging_mixin.py:115} INFO - [2022-06-29 20:18:39,594] {dag.py:2371} INFO - Sync 1 DAGs
[2022-06-29 20:18:39,616] {logging_mixin.py:115} INFO - [2022-06-29 20:18:39,616] {dag.py:2915} INFO - Setting next_dagrun for latest_only_with_trigger to 2022-06-29T14:18:39.616419+00:00, run_after=2022-06-29T18:18:39.616419+00:00
[2022-06-29 20:18:39,653] {processor.py:161} INFO - Processing /root/airflow_env/lib/python3.8/site-packages/airflow/example_dags/example_latest_only_with_trigger.py took 0.150 seconds
[2022-06-29 20:21:51,578] {processor.py:153} INFO - Started process (PID=6418) to work on /root/airflow_env/lib/python3.8/site-packages/airflow/example_dags/example_latest_only_with_trigger.py
[2022-06-29 20:21:51,580] {processor.py:641} INFO - Processing file /root/airflow_env/lib/python3.8/site-packages/airflow/example_dags/example_latest_only_with_trigger.py for tasks to queue
[2022-06-29 20:21:51,580] {logging_mixin.py:115} INFO - [2022-06-29 20:21:51,580] {dagbag.py:507} INFO - Filling up the DagBag from /root/airflow_env/lib/python3.8/site-packages/airflow/example_dags/example_latest_only_with_trigger.py
[2022-06-29 20:21:51,587] {processor.py:651} INFO - DAG(s) dict_keys(['latest_only_with_trigger']) retrieved from /root/airflow_env/lib/python3.8/site-packages/airflow/example_dags/example_latest_only_with_trigger.py
[2022-06-29 20:21:51,604] {logging_mixin.py:115} INFO - [2022-06-29 20:21:51,604] {dag.py:2371} INFO - Sync 1 DAGs
[2022-06-29 20:21:51,620] {logging_mixin.py:115} INFO - [2022-06-29 20:21:51,620] {dag.py:2915} INFO - Setting next_dagrun for latest_only_with_trigger to 2022-06-29T14:21:51.620411+00:00, run_after=2022-06-29T18:21:51.620411+00:00
[2022-06-29 20:21:51,646] {processor.py:161} INFO - Processing /root/airflow_env/lib/python3.8/site-packages/airflow/example_dags/example_latest_only_with_trigger.py took 0.073 seconds
[2022-06-29 20:24:50,892] {processor.py:153} INFO - Started process (PID=7587) to work on /root/airflow_env/lib/python3.8/site-packages/airflow/example_dags/example_latest_only_with_trigger.py
[2022-06-29 20:24:50,894] {processor.py:641} INFO - Processing file /root/airflow_env/lib/python3.8/site-packages/airflow/example_dags/example_latest_only_with_trigger.py for tasks to queue
[2022-06-29 20:24:50,895] {logging_mixin.py:115} INFO - [2022-06-29 20:24:50,894] {dagbag.py:507} INFO - Filling up the DagBag from /root/airflow_env/lib/python3.8/site-packages/airflow/example_dags/example_latest_only_with_trigger.py
[2022-06-29 20:24:50,906] {processor.py:651} INFO - DAG(s) dict_keys(['latest_only_with_trigger']) retrieved from /root/airflow_env/lib/python3.8/site-packages/airflow/example_dags/example_latest_only_with_trigger.py
[2022-06-29 20:24:50,934] {logging_mixin.py:115} INFO - [2022-06-29 20:24:50,934] {dag.py:2371} INFO - Sync 1 DAGs
[2022-06-29 20:24:50,963] {logging_mixin.py:115} INFO - [2022-06-29 20:24:50,963] {dag.py:2915} INFO - Setting next_dagrun for latest_only_with_trigger to 2022-06-29T14:24:50.962883+00:00, run_after=2022-06-29T18:24:50.962883+00:00
[2022-06-29 20:24:50,991] {processor.py:161} INFO - Processing /root/airflow_env/lib/python3.8/site-packages/airflow/example_dags/example_latest_only_with_trigger.py took 0.105 seconds
[2022-06-29 20:28:07,199] {processor.py:153} INFO - Started process (PID=8848) to work on /root/airflow_env/lib/python3.8/site-packages/airflow/example_dags/example_latest_only_with_trigger.py
[2022-06-29 20:28:07,201] {processor.py:641} INFO - Processing file /root/airflow_env/lib/python3.8/site-packages/airflow/example_dags/example_latest_only_with_trigger.py for tasks to queue
[2022-06-29 20:28:07,202] {logging_mixin.py:115} INFO - [2022-06-29 20:28:07,202] {dagbag.py:507} INFO - Filling up the DagBag from /root/airflow_env/lib/python3.8/site-packages/airflow/example_dags/example_latest_only_with_trigger.py
[2022-06-29 20:28:07,214] {processor.py:651} INFO - DAG(s) dict_keys(['latest_only_with_trigger']) retrieved from /root/airflow_env/lib/python3.8/site-packages/airflow/example_dags/example_latest_only_with_trigger.py
[2022-06-29 20:28:07,236] {logging_mixin.py:115} INFO - [2022-06-29 20:28:07,236] {dag.py:2371} INFO - Sync 1 DAGs
[2022-06-29 20:28:07,254] {logging_mixin.py:115} INFO - [2022-06-29 20:28:07,254] {dag.py:2915} INFO - Setting next_dagrun for latest_only_with_trigger to 2022-06-29T14:28:07.254206+00:00, run_after=2022-06-29T18:28:07.254206+00:00
[2022-06-29 20:28:07,290] {processor.py:161} INFO - Processing /root/airflow_env/lib/python3.8/site-packages/airflow/example_dags/example_latest_only_with_trigger.py took 0.097 seconds
[2022-06-29 20:31:11,125] {processor.py:153} INFO - Started process (PID=10037) to work on /root/airflow_env/lib/python3.8/site-packages/airflow/example_dags/example_latest_only_with_trigger.py
[2022-06-29 20:31:11,127] {processor.py:641} INFO - Processing file /root/airflow_env/lib/python3.8/site-packages/airflow/example_dags/example_latest_only_with_trigger.py for tasks to queue
[2022-06-29 20:31:11,128] {logging_mixin.py:115} INFO - [2022-06-29 20:31:11,128] {dagbag.py:507} INFO - Filling up the DagBag from /root/airflow_env/lib/python3.8/site-packages/airflow/example_dags/example_latest_only_with_trigger.py
[2022-06-29 20:31:11,138] {processor.py:651} INFO - DAG(s) dict_keys(['latest_only_with_trigger']) retrieved from /root/airflow_env/lib/python3.8/site-packages/airflow/example_dags/example_latest_only_with_trigger.py
[2022-06-29 20:31:11,156] {logging_mixin.py:115} INFO - [2022-06-29 20:31:11,156] {dag.py:2371} INFO - Sync 1 DAGs
[2022-06-29 20:31:11,170] {logging_mixin.py:115} INFO - [2022-06-29 20:31:11,170] {dag.py:2915} INFO - Setting next_dagrun for latest_only_with_trigger to 2022-06-29T14:31:11.170089+00:00, run_after=2022-06-29T18:31:11.170089+00:00
[2022-06-29 20:31:11,198] {processor.py:161} INFO - Processing /root/airflow_env/lib/python3.8/site-packages/airflow/example_dags/example_latest_only_with_trigger.py took 0.079 seconds
[2022-06-29 21:22:51,942] {processor.py:153} INFO - Started process (PID=12010) to work on /root/airflow_env/lib/python3.8/site-packages/airflow/example_dags/example_latest_only_with_trigger.py
[2022-06-29 21:22:51,943] {processor.py:641} INFO - Processing file /root/airflow_env/lib/python3.8/site-packages/airflow/example_dags/example_latest_only_with_trigger.py for tasks to queue
[2022-06-29 21:22:51,944] {logging_mixin.py:115} INFO - [2022-06-29 21:22:51,943] {dagbag.py:507} INFO - Filling up the DagBag from /root/airflow_env/lib/python3.8/site-packages/airflow/example_dags/example_latest_only_with_trigger.py
[2022-06-29 21:22:51,948] {processor.py:651} INFO - DAG(s) dict_keys(['latest_only_with_trigger']) retrieved from /root/airflow_env/lib/python3.8/site-packages/airflow/example_dags/example_latest_only_with_trigger.py
[2022-06-29 21:22:51,957] {logging_mixin.py:115} INFO - [2022-06-29 21:22:51,957] {dag.py:2371} INFO - Sync 1 DAGs
[2022-06-29 21:22:51,967] {logging_mixin.py:115} INFO - [2022-06-29 21:22:51,967] {dag.py:2915} INFO - Setting next_dagrun for latest_only_with_trigger to 2022-06-29T15:22:51.967394+00:00, run_after=2022-06-29T19:22:51.967394+00:00
[2022-06-29 21:22:51,987] {processor.py:161} INFO - Processing /root/airflow_env/lib/python3.8/site-packages/airflow/example_dags/example_latest_only_with_trigger.py took 0.046 seconds
[2022-06-29 21:24:43,413] {processor.py:153} INFO - Started process (PID=13064) to work on /root/airflow_env/lib/python3.8/site-packages/airflow/example_dags/example_latest_only_with_trigger.py
[2022-06-29 21:24:43,416] {processor.py:641} INFO - Processing file /root/airflow_env/lib/python3.8/site-packages/airflow/example_dags/example_latest_only_with_trigger.py for tasks to queue
[2022-06-29 21:24:43,416] {logging_mixin.py:115} INFO - [2022-06-29 21:24:43,416] {dagbag.py:507} INFO - Filling up the DagBag from /root/airflow_env/lib/python3.8/site-packages/airflow/example_dags/example_latest_only_with_trigger.py
[2022-06-29 21:24:43,420] {processor.py:651} INFO - DAG(s) dict_keys(['latest_only_with_trigger']) retrieved from /root/airflow_env/lib/python3.8/site-packages/airflow/example_dags/example_latest_only_with_trigger.py
[2022-06-29 21:24:43,430] {logging_mixin.py:115} INFO - [2022-06-29 21:24:43,430] {dag.py:2371} INFO - Sync 1 DAGs
[2022-06-29 21:24:43,441] {logging_mixin.py:115} INFO - [2022-06-29 21:24:43,441] {dag.py:2915} INFO - Setting next_dagrun for latest_only_with_trigger to 2022-06-29T15:24:43.441565+00:00, run_after=2022-06-29T19:24:43.441565+00:00
[2022-06-29 21:24:43,463] {processor.py:161} INFO - Processing /root/airflow_env/lib/python3.8/site-packages/airflow/example_dags/example_latest_only_with_trigger.py took 0.053 seconds
[2022-06-29 21:26:35,865] {processor.py:153} INFO - Started process (PID=14119) to work on /root/airflow_env/lib/python3.8/site-packages/airflow/example_dags/example_latest_only_with_trigger.py
[2022-06-29 21:26:35,867] {processor.py:641} INFO - Processing file /root/airflow_env/lib/python3.8/site-packages/airflow/example_dags/example_latest_only_with_trigger.py for tasks to queue
[2022-06-29 21:26:35,868] {logging_mixin.py:115} INFO - [2022-06-29 21:26:35,868] {dagbag.py:507} INFO - Filling up the DagBag from /root/airflow_env/lib/python3.8/site-packages/airflow/example_dags/example_latest_only_with_trigger.py
[2022-06-29 21:26:35,871] {processor.py:651} INFO - DAG(s) dict_keys(['latest_only_with_trigger']) retrieved from /root/airflow_env/lib/python3.8/site-packages/airflow/example_dags/example_latest_only_with_trigger.py
[2022-06-29 21:26:35,879] {logging_mixin.py:115} INFO - [2022-06-29 21:26:35,879] {dag.py:2371} INFO - Sync 1 DAGs
[2022-06-29 21:26:35,889] {logging_mixin.py:115} INFO - [2022-06-29 21:26:35,889] {dag.py:2915} INFO - Setting next_dagrun for latest_only_with_trigger to 2022-06-29T15:26:35.889449+00:00, run_after=2022-06-29T19:26:35.889449+00:00
[2022-06-29 21:26:35,911] {processor.py:161} INFO - Processing /root/airflow_env/lib/python3.8/site-packages/airflow/example_dags/example_latest_only_with_trigger.py took 0.048 seconds
[2022-06-29 21:28:29,472] {processor.py:153} INFO - Started process (PID=15173) to work on /root/airflow_env/lib/python3.8/site-packages/airflow/example_dags/example_latest_only_with_trigger.py
[2022-06-29 21:28:29,473] {processor.py:641} INFO - Processing file /root/airflow_env/lib/python3.8/site-packages/airflow/example_dags/example_latest_only_with_trigger.py for tasks to queue
[2022-06-29 21:28:29,473] {logging_mixin.py:115} INFO - [2022-06-29 21:28:29,473] {dagbag.py:507} INFO - Filling up the DagBag from /root/airflow_env/lib/python3.8/site-packages/airflow/example_dags/example_latest_only_with_trigger.py
[2022-06-29 21:28:29,477] {processor.py:651} INFO - DAG(s) dict_keys(['latest_only_with_trigger']) retrieved from /root/airflow_env/lib/python3.8/site-packages/airflow/example_dags/example_latest_only_with_trigger.py
[2022-06-29 21:28:29,487] {logging_mixin.py:115} INFO - [2022-06-29 21:28:29,487] {dag.py:2371} INFO - Sync 1 DAGs
[2022-06-29 21:28:29,503] {logging_mixin.py:115} INFO - [2022-06-29 21:28:29,503] {dag.py:2915} INFO - Setting next_dagrun for latest_only_with_trigger to 2022-06-29T15:28:29.503021+00:00, run_after=2022-06-29T19:28:29.503021+00:00
[2022-06-29 21:28:29,523] {processor.py:161} INFO - Processing /root/airflow_env/lib/python3.8/site-packages/airflow/example_dags/example_latest_only_with_trigger.py took 0.055 seconds
[2022-06-29 21:30:09,479] {processor.py:153} INFO - Started process (PID=16155) to work on /root/airflow_env/lib/python3.8/site-packages/airflow/example_dags/example_latest_only_with_trigger.py
[2022-06-29 21:30:09,480] {processor.py:641} INFO - Processing file /root/airflow_env/lib/python3.8/site-packages/airflow/example_dags/example_latest_only_with_trigger.py for tasks to queue
[2022-06-29 21:30:09,481] {logging_mixin.py:115} INFO - [2022-06-29 21:30:09,481] {dagbag.py:507} INFO - Filling up the DagBag from /root/airflow_env/lib/python3.8/site-packages/airflow/example_dags/example_latest_only_with_trigger.py
[2022-06-29 21:30:09,485] {processor.py:651} INFO - DAG(s) dict_keys(['latest_only_with_trigger']) retrieved from /root/airflow_env/lib/python3.8/site-packages/airflow/example_dags/example_latest_only_with_trigger.py
[2022-06-29 21:30:09,494] {logging_mixin.py:115} INFO - [2022-06-29 21:30:09,494] {dag.py:2371} INFO - Sync 1 DAGs
[2022-06-29 21:30:09,504] {logging_mixin.py:115} INFO - [2022-06-29 21:30:09,504] {dag.py:2915} INFO - Setting next_dagrun for latest_only_with_trigger to 2022-06-29T15:30:09.504202+00:00, run_after=2022-06-29T19:30:09.504202+00:00
[2022-06-29 21:30:09,525] {processor.py:161} INFO - Processing /root/airflow_env/lib/python3.8/site-packages/airflow/example_dags/example_latest_only_with_trigger.py took 0.048 seconds
[2022-06-29 21:31:40,737] {processor.py:153} INFO - Started process (PID=17060) to work on /root/airflow_env/lib/python3.8/site-packages/airflow/example_dags/example_latest_only_with_trigger.py
[2022-06-29 21:31:40,740] {processor.py:641} INFO - Processing file /root/airflow_env/lib/python3.8/site-packages/airflow/example_dags/example_latest_only_with_trigger.py for tasks to queue
[2022-06-29 21:31:40,741] {logging_mixin.py:115} INFO - [2022-06-29 21:31:40,741] {dagbag.py:507} INFO - Filling up the DagBag from /root/airflow_env/lib/python3.8/site-packages/airflow/example_dags/example_latest_only_with_trigger.py
[2022-06-29 21:31:40,746] {processor.py:651} INFO - DAG(s) dict_keys(['latest_only_with_trigger']) retrieved from /root/airflow_env/lib/python3.8/site-packages/airflow/example_dags/example_latest_only_with_trigger.py
[2022-06-29 21:31:40,756] {logging_mixin.py:115} INFO - [2022-06-29 21:31:40,756] {dag.py:2371} INFO - Sync 1 DAGs
[2022-06-29 21:31:40,768] {logging_mixin.py:115} INFO - [2022-06-29 21:31:40,768] {dag.py:2915} INFO - Setting next_dagrun for latest_only_with_trigger to 2022-06-29T15:31:40.767975+00:00, run_after=2022-06-29T19:31:40.767975+00:00
[2022-06-29 21:31:40,790] {processor.py:161} INFO - Processing /root/airflow_env/lib/python3.8/site-packages/airflow/example_dags/example_latest_only_with_trigger.py took 0.057 seconds
[2022-06-29 21:33:30,597] {processor.py:153} INFO - Started process (PID=18096) to work on /root/airflow_env/lib/python3.8/site-packages/airflow/example_dags/example_latest_only_with_trigger.py
[2022-06-29 21:33:30,599] {processor.py:641} INFO - Processing file /root/airflow_env/lib/python3.8/site-packages/airflow/example_dags/example_latest_only_with_trigger.py for tasks to queue
[2022-06-29 21:33:30,600] {logging_mixin.py:115} INFO - [2022-06-29 21:33:30,600] {dagbag.py:507} INFO - Filling up the DagBag from /root/airflow_env/lib/python3.8/site-packages/airflow/example_dags/example_latest_only_with_trigger.py
[2022-06-29 21:33:30,604] {processor.py:651} INFO - DAG(s) dict_keys(['latest_only_with_trigger']) retrieved from /root/airflow_env/lib/python3.8/site-packages/airflow/example_dags/example_latest_only_with_trigger.py
[2022-06-29 21:33:30,612] {logging_mixin.py:115} INFO - [2022-06-29 21:33:30,612] {dag.py:2371} INFO - Sync 1 DAGs
[2022-06-29 21:33:30,625] {logging_mixin.py:115} INFO - [2022-06-29 21:33:30,625] {dag.py:2915} INFO - Setting next_dagrun for latest_only_with_trigger to 2022-06-29T15:33:30.625387+00:00, run_after=2022-06-29T19:33:30.625387+00:00
[2022-06-29 21:33:30,645] {processor.py:161} INFO - Processing /root/airflow_env/lib/python3.8/site-packages/airflow/example_dags/example_latest_only_with_trigger.py took 0.050 seconds
