[2022-06-29 20:11:25,052] {processor.py:153} INFO - Started process (PID=2296) to work on /root/airflow_env/lib/python3.8/site-packages/airflow/example_dags/example_complex.py
[2022-06-29 20:11:25,053] {processor.py:641} INFO - Processing file /root/airflow_env/lib/python3.8/site-packages/airflow/example_dags/example_complex.py for tasks to queue
[2022-06-29 20:11:25,054] {logging_mixin.py:115} INFO - [2022-06-29 20:11:25,054] {dagbag.py:507} INFO - Filling up the DagBag from /root/airflow_env/lib/python3.8/site-packages/airflow/example_dags/example_complex.py
[2022-06-29 20:11:25,078] {processor.py:651} INFO - DAG(s) dict_keys(['example_complex']) retrieved from /root/airflow_env/lib/python3.8/site-packages/airflow/example_dags/example_complex.py
[2022-06-29 20:11:25,113] {logging_mixin.py:115} INFO - [2022-06-29 20:11:25,113] {dag.py:2371} INFO - Sync 1 DAGs
[2022-06-29 20:11:25,136] {logging_mixin.py:115} INFO - [2022-06-29 20:11:25,135] {dag.py:2915} INFO - Setting next_dagrun for example_complex to None, run_after=None
[2022-06-29 20:11:25,164] {processor.py:161} INFO - Processing /root/airflow_env/lib/python3.8/site-packages/airflow/example_dags/example_complex.py took 0.119 seconds
[2022-06-29 20:13:29,710] {processor.py:153} INFO - Started process (PID=3087) to work on /root/airflow_env/lib/python3.8/site-packages/airflow/example_dags/example_complex.py
[2022-06-29 20:13:29,751] {processor.py:641} INFO - Processing file /root/airflow_env/lib/python3.8/site-packages/airflow/example_dags/example_complex.py for tasks to queue
[2022-06-29 20:13:29,752] {logging_mixin.py:115} INFO - [2022-06-29 20:13:29,752] {dagbag.py:507} INFO - Filling up the DagBag from /root/airflow_env/lib/python3.8/site-packages/airflow/example_dags/example_complex.py
[2022-06-29 20:13:29,772] {processor.py:651} INFO - DAG(s) dict_keys(['example_complex']) retrieved from /root/airflow_env/lib/python3.8/site-packages/airflow/example_dags/example_complex.py
[2022-06-29 20:13:29,800] {logging_mixin.py:115} INFO - [2022-06-29 20:13:29,800] {dag.py:2371} INFO - Sync 1 DAGs
[2022-06-29 20:13:29,814] {logging_mixin.py:115} INFO - [2022-06-29 20:13:29,814] {dag.py:2915} INFO - Setting next_dagrun for example_complex to None, run_after=None
[2022-06-29 20:13:29,844] {processor.py:161} INFO - Processing /root/airflow_env/lib/python3.8/site-packages/airflow/example_dags/example_complex.py took 0.139 seconds
[2022-06-29 20:14:57,652] {processor.py:153} INFO - Started process (PID=3671) to work on /root/airflow_env/lib/python3.8/site-packages/airflow/example_dags/example_complex.py
[2022-06-29 20:14:57,655] {processor.py:641} INFO - Processing file /root/airflow_env/lib/python3.8/site-packages/airflow/example_dags/example_complex.py for tasks to queue
[2022-06-29 20:14:57,656] {logging_mixin.py:115} INFO - [2022-06-29 20:14:57,656] {dagbag.py:507} INFO - Filling up the DagBag from /root/airflow_env/lib/python3.8/site-packages/airflow/example_dags/example_complex.py
[2022-06-29 20:14:57,678] {processor.py:651} INFO - DAG(s) dict_keys(['example_complex']) retrieved from /root/airflow_env/lib/python3.8/site-packages/airflow/example_dags/example_complex.py
[2022-06-29 20:14:57,694] {logging_mixin.py:115} INFO - [2022-06-29 20:14:57,694] {dag.py:2371} INFO - Sync 1 DAGs
[2022-06-29 20:14:57,707] {logging_mixin.py:115} INFO - [2022-06-29 20:14:57,706] {dag.py:2915} INFO - Setting next_dagrun for example_complex to None, run_after=None
[2022-06-29 20:14:57,728] {processor.py:161} INFO - Processing /root/airflow_env/lib/python3.8/site-packages/airflow/example_dags/example_complex.py took 0.082 seconds
[2022-06-29 20:16:27,633] {processor.py:153} INFO - Started process (PID=4273) to work on /root/airflow_env/lib/python3.8/site-packages/airflow/example_dags/example_complex.py
[2022-06-29 20:16:27,635] {processor.py:641} INFO - Processing file /root/airflow_env/lib/python3.8/site-packages/airflow/example_dags/example_complex.py for tasks to queue
[2022-06-29 20:16:27,636] {logging_mixin.py:115} INFO - [2022-06-29 20:16:27,636] {dagbag.py:507} INFO - Filling up the DagBag from /root/airflow_env/lib/python3.8/site-packages/airflow/example_dags/example_complex.py
[2022-06-29 20:16:27,660] {processor.py:651} INFO - DAG(s) dict_keys(['example_complex']) retrieved from /root/airflow_env/lib/python3.8/site-packages/airflow/example_dags/example_complex.py
[2022-06-29 20:16:27,693] {logging_mixin.py:115} INFO - [2022-06-29 20:16:27,693] {dag.py:2371} INFO - Sync 1 DAGs
[2022-06-29 20:16:27,709] {logging_mixin.py:115} INFO - [2022-06-29 20:16:27,709] {dag.py:2915} INFO - Setting next_dagrun for example_complex to None, run_after=None
[2022-06-29 20:16:27,737] {processor.py:161} INFO - Processing /root/airflow_env/lib/python3.8/site-packages/airflow/example_dags/example_complex.py took 0.110 seconds
[2022-06-29 20:18:05,004] {processor.py:153} INFO - Started process (PID=4931) to work on /root/airflow_env/lib/python3.8/site-packages/airflow/example_dags/example_complex.py
[2022-06-29 20:18:05,006] {processor.py:641} INFO - Processing file /root/airflow_env/lib/python3.8/site-packages/airflow/example_dags/example_complex.py for tasks to queue
[2022-06-29 20:18:05,007] {logging_mixin.py:115} INFO - [2022-06-29 20:18:05,006] {dagbag.py:507} INFO - Filling up the DagBag from /root/airflow_env/lib/python3.8/site-packages/airflow/example_dags/example_complex.py
[2022-06-29 20:18:05,029] {processor.py:651} INFO - DAG(s) dict_keys(['example_complex']) retrieved from /root/airflow_env/lib/python3.8/site-packages/airflow/example_dags/example_complex.py
[2022-06-29 20:18:05,066] {logging_mixin.py:115} INFO - [2022-06-29 20:18:05,066] {dag.py:2371} INFO - Sync 1 DAGs
[2022-06-29 20:18:05,098] {logging_mixin.py:115} INFO - [2022-06-29 20:18:05,098] {dag.py:2915} INFO - Setting next_dagrun for example_complex to None, run_after=None
[2022-06-29 20:18:05,130] {processor.py:161} INFO - Processing /root/airflow_env/lib/python3.8/site-packages/airflow/example_dags/example_complex.py took 0.132 seconds
[2022-06-29 20:19:34,185] {processor.py:153} INFO - Started process (PID=5516) to work on /root/airflow_env/lib/python3.8/site-packages/airflow/example_dags/example_complex.py
[2022-06-29 20:19:34,187] {processor.py:641} INFO - Processing file /root/airflow_env/lib/python3.8/site-packages/airflow/example_dags/example_complex.py for tasks to queue
[2022-06-29 20:19:34,187] {logging_mixin.py:115} INFO - [2022-06-29 20:19:34,187] {dagbag.py:507} INFO - Filling up the DagBag from /root/airflow_env/lib/python3.8/site-packages/airflow/example_dags/example_complex.py
[2022-06-29 20:19:34,202] {processor.py:651} INFO - DAG(s) dict_keys(['example_complex']) retrieved from /root/airflow_env/lib/python3.8/site-packages/airflow/example_dags/example_complex.py
[2022-06-29 20:19:34,228] {logging_mixin.py:115} INFO - [2022-06-29 20:19:34,228] {dag.py:2371} INFO - Sync 1 DAGs
[2022-06-29 20:19:34,243] {logging_mixin.py:115} INFO - [2022-06-29 20:19:34,243] {dag.py:2915} INFO - Setting next_dagrun for example_complex to None, run_after=None
[2022-06-29 20:19:34,268] {processor.py:161} INFO - Processing /root/airflow_env/lib/python3.8/site-packages/airflow/example_dags/example_complex.py took 0.087 seconds
[2022-06-29 20:21:06,326] {processor.py:153} INFO - Started process (PID=6118) to work on /root/airflow_env/lib/python3.8/site-packages/airflow/example_dags/example_complex.py
[2022-06-29 20:21:06,328] {processor.py:641} INFO - Processing file /root/airflow_env/lib/python3.8/site-packages/airflow/example_dags/example_complex.py for tasks to queue
[2022-06-29 20:21:06,329] {logging_mixin.py:115} INFO - [2022-06-29 20:21:06,329] {dagbag.py:507} INFO - Filling up the DagBag from /root/airflow_env/lib/python3.8/site-packages/airflow/example_dags/example_complex.py
[2022-06-29 20:21:06,351] {processor.py:651} INFO - DAG(s) dict_keys(['example_complex']) retrieved from /root/airflow_env/lib/python3.8/site-packages/airflow/example_dags/example_complex.py
[2022-06-29 20:21:06,373] {logging_mixin.py:115} INFO - [2022-06-29 20:21:06,372] {dag.py:2371} INFO - Sync 1 DAGs
[2022-06-29 20:21:06,399] {logging_mixin.py:115} INFO - [2022-06-29 20:21:06,399] {dag.py:2915} INFO - Setting next_dagrun for example_complex to None, run_after=None
[2022-06-29 20:21:06,430] {processor.py:161} INFO - Processing /root/airflow_env/lib/python3.8/site-packages/airflow/example_dags/example_complex.py took 0.109 seconds
[2022-06-29 20:22:44,995] {processor.py:153} INFO - Started process (PID=6776) to work on /root/airflow_env/lib/python3.8/site-packages/airflow/example_dags/example_complex.py
[2022-06-29 20:22:45,036] {processor.py:641} INFO - Processing file /root/airflow_env/lib/python3.8/site-packages/airflow/example_dags/example_complex.py for tasks to queue
[2022-06-29 20:22:45,037] {logging_mixin.py:115} INFO - [2022-06-29 20:22:45,036] {dagbag.py:507} INFO - Filling up the DagBag from /root/airflow_env/lib/python3.8/site-packages/airflow/example_dags/example_complex.py
[2022-06-29 20:22:45,056] {processor.py:651} INFO - DAG(s) dict_keys(['example_complex']) retrieved from /root/airflow_env/lib/python3.8/site-packages/airflow/example_dags/example_complex.py
[2022-06-29 20:22:45,080] {logging_mixin.py:115} INFO - [2022-06-29 20:22:45,080] {dag.py:2371} INFO - Sync 1 DAGs
[2022-06-29 20:22:45,094] {logging_mixin.py:115} INFO - [2022-06-29 20:22:45,094] {dag.py:2915} INFO - Setting next_dagrun for example_complex to None, run_after=None
[2022-06-29 20:22:45,120] {processor.py:161} INFO - Processing /root/airflow_env/lib/python3.8/site-packages/airflow/example_dags/example_complex.py took 0.129 seconds
[2022-06-29 20:24:17,136] {processor.py:153} INFO - Started process (PID=7361) to work on /root/airflow_env/lib/python3.8/site-packages/airflow/example_dags/example_complex.py
[2022-06-29 20:24:17,138] {processor.py:641} INFO - Processing file /root/airflow_env/lib/python3.8/site-packages/airflow/example_dags/example_complex.py for tasks to queue
[2022-06-29 20:24:17,139] {logging_mixin.py:115} INFO - [2022-06-29 20:24:17,139] {dagbag.py:507} INFO - Filling up the DagBag from /root/airflow_env/lib/python3.8/site-packages/airflow/example_dags/example_complex.py
[2022-06-29 20:24:17,163] {processor.py:651} INFO - DAG(s) dict_keys(['example_complex']) retrieved from /root/airflow_env/lib/python3.8/site-packages/airflow/example_dags/example_complex.py
[2022-06-29 20:24:17,196] {logging_mixin.py:115} INFO - [2022-06-29 20:24:17,195] {dag.py:2371} INFO - Sync 1 DAGs
[2022-06-29 20:24:17,209] {logging_mixin.py:115} INFO - [2022-06-29 20:24:17,209] {dag.py:2915} INFO - Setting next_dagrun for example_complex to None, run_after=None
[2022-06-29 20:24:17,234] {processor.py:161} INFO - Processing /root/airflow_env/lib/python3.8/site-packages/airflow/example_dags/example_complex.py took 0.104 seconds
[2022-06-29 20:25:48,035] {processor.py:153} INFO - Started process (PID=7963) to work on /root/airflow_env/lib/python3.8/site-packages/airflow/example_dags/example_complex.py
[2022-06-29 20:25:48,037] {processor.py:641} INFO - Processing file /root/airflow_env/lib/python3.8/site-packages/airflow/example_dags/example_complex.py for tasks to queue
[2022-06-29 20:25:48,037] {logging_mixin.py:115} INFO - [2022-06-29 20:25:48,037] {dagbag.py:507} INFO - Filling up the DagBag from /root/airflow_env/lib/python3.8/site-packages/airflow/example_dags/example_complex.py
[2022-06-29 20:25:48,052] {processor.py:651} INFO - DAG(s) dict_keys(['example_complex']) retrieved from /root/airflow_env/lib/python3.8/site-packages/airflow/example_dags/example_complex.py
[2022-06-29 20:25:48,079] {logging_mixin.py:115} INFO - [2022-06-29 20:25:48,079] {dag.py:2371} INFO - Sync 1 DAGs
[2022-06-29 20:25:48,093] {logging_mixin.py:115} INFO - [2022-06-29 20:25:48,093] {dag.py:2915} INFO - Setting next_dagrun for example_complex to None, run_after=None
[2022-06-29 20:25:48,123] {processor.py:161} INFO - Processing /root/airflow_env/lib/python3.8/site-packages/airflow/example_dags/example_complex.py took 0.091 seconds
[2022-06-29 20:27:30,593] {processor.py:153} INFO - Started process (PID=8621) to work on /root/airflow_env/lib/python3.8/site-packages/airflow/example_dags/example_complex.py
[2022-06-29 20:27:30,595] {processor.py:641} INFO - Processing file /root/airflow_env/lib/python3.8/site-packages/airflow/example_dags/example_complex.py for tasks to queue
[2022-06-29 20:27:30,596] {logging_mixin.py:115} INFO - [2022-06-29 20:27:30,596] {dagbag.py:507} INFO - Filling up the DagBag from /root/airflow_env/lib/python3.8/site-packages/airflow/example_dags/example_complex.py
[2022-06-29 20:27:30,618] {processor.py:651} INFO - DAG(s) dict_keys(['example_complex']) retrieved from /root/airflow_env/lib/python3.8/site-packages/airflow/example_dags/example_complex.py
[2022-06-29 20:27:30,644] {logging_mixin.py:115} INFO - [2022-06-29 20:27:30,644] {dag.py:2371} INFO - Sync 1 DAGs
[2022-06-29 20:27:30,659] {logging_mixin.py:115} INFO - [2022-06-29 20:27:30,659] {dag.py:2915} INFO - Setting next_dagrun for example_complex to None, run_after=None
[2022-06-29 20:27:30,685] {processor.py:161} INFO - Processing /root/airflow_env/lib/python3.8/site-packages/airflow/example_dags/example_complex.py took 0.096 seconds
[2022-06-29 20:29:07,062] {processor.py:153} INFO - Started process (PID=9206) to work on /root/airflow_env/lib/python3.8/site-packages/airflow/example_dags/example_complex.py
[2022-06-29 20:29:07,064] {processor.py:641} INFO - Processing file /root/airflow_env/lib/python3.8/site-packages/airflow/example_dags/example_complex.py for tasks to queue
[2022-06-29 20:29:07,066] {logging_mixin.py:115} INFO - [2022-06-29 20:29:07,065] {dagbag.py:507} INFO - Filling up the DagBag from /root/airflow_env/lib/python3.8/site-packages/airflow/example_dags/example_complex.py
[2022-06-29 20:29:07,084] {processor.py:651} INFO - DAG(s) dict_keys(['example_complex']) retrieved from /root/airflow_env/lib/python3.8/site-packages/airflow/example_dags/example_complex.py
[2022-06-29 20:29:07,117] {logging_mixin.py:115} INFO - [2022-06-29 20:29:07,117] {dag.py:2371} INFO - Sync 1 DAGs
[2022-06-29 20:29:07,132] {logging_mixin.py:115} INFO - [2022-06-29 20:29:07,132] {dag.py:2915} INFO - Setting next_dagrun for example_complex to None, run_after=None
[2022-06-29 20:29:07,157] {processor.py:161} INFO - Processing /root/airflow_env/lib/python3.8/site-packages/airflow/example_dags/example_complex.py took 0.101 seconds
[2022-06-29 20:30:39,625] {processor.py:153} INFO - Started process (PID=9809) to work on /root/airflow_env/lib/python3.8/site-packages/airflow/example_dags/example_complex.py
[2022-06-29 20:30:39,627] {processor.py:641} INFO - Processing file /root/airflow_env/lib/python3.8/site-packages/airflow/example_dags/example_complex.py for tasks to queue
[2022-06-29 20:30:39,627] {logging_mixin.py:115} INFO - [2022-06-29 20:30:39,627] {dagbag.py:507} INFO - Filling up the DagBag from /root/airflow_env/lib/python3.8/site-packages/airflow/example_dags/example_complex.py
[2022-06-29 20:30:39,644] {processor.py:651} INFO - DAG(s) dict_keys(['example_complex']) retrieved from /root/airflow_env/lib/python3.8/site-packages/airflow/example_dags/example_complex.py
[2022-06-29 20:30:39,664] {logging_mixin.py:115} INFO - [2022-06-29 20:30:39,663] {dag.py:2371} INFO - Sync 1 DAGs
[2022-06-29 20:30:39,676] {logging_mixin.py:115} INFO - [2022-06-29 20:30:39,676] {dag.py:2915} INFO - Setting next_dagrun for example_complex to None, run_after=None
[2022-06-29 20:30:39,703] {processor.py:161} INFO - Processing /root/airflow_env/lib/python3.8/site-packages/airflow/example_dags/example_complex.py took 0.081 seconds
[2022-06-29 20:31:56,234] {processor.py:153} INFO - Started process (PID=10341) to work on /root/airflow_env/lib/python3.8/site-packages/airflow/example_dags/example_complex.py
[2022-06-29 20:31:56,236] {processor.py:641} INFO - Processing file /root/airflow_env/lib/python3.8/site-packages/airflow/example_dags/example_complex.py for tasks to queue
[2022-06-29 20:31:56,237] {logging_mixin.py:115} INFO - [2022-06-29 20:31:56,237] {dagbag.py:507} INFO - Filling up the DagBag from /root/airflow_env/lib/python3.8/site-packages/airflow/example_dags/example_complex.py
[2022-06-29 20:31:56,255] {processor.py:651} INFO - DAG(s) dict_keys(['example_complex']) retrieved from /root/airflow_env/lib/python3.8/site-packages/airflow/example_dags/example_complex.py
[2022-06-29 20:31:56,282] {logging_mixin.py:115} INFO - [2022-06-29 20:31:56,282] {dag.py:2371} INFO - Sync 1 DAGs
[2022-06-29 20:31:56,308] {logging_mixin.py:115} INFO - [2022-06-29 20:31:56,308] {dag.py:2915} INFO - Setting next_dagrun for example_complex to None, run_after=None
[2022-06-29 20:31:56,339] {processor.py:161} INFO - Processing /root/airflow_env/lib/python3.8/site-packages/airflow/example_dags/example_complex.py took 0.110 seconds
[2022-06-29 21:22:03,900] {processor.py:153} INFO - Started process (PID=11559) to work on /root/airflow_env/lib/python3.8/site-packages/airflow/example_dags/example_complex.py
[2022-06-29 21:22:03,901] {processor.py:641} INFO - Processing file /root/airflow_env/lib/python3.8/site-packages/airflow/example_dags/example_complex.py for tasks to queue
[2022-06-29 21:22:03,902] {logging_mixin.py:115} INFO - [2022-06-29 21:22:03,902] {dagbag.py:507} INFO - Filling up the DagBag from /root/airflow_env/lib/python3.8/site-packages/airflow/example_dags/example_complex.py
[2022-06-29 21:22:03,910] {processor.py:651} INFO - DAG(s) dict_keys(['example_complex']) retrieved from /root/airflow_env/lib/python3.8/site-packages/airflow/example_dags/example_complex.py
[2022-06-29 21:22:03,922] {logging_mixin.py:115} INFO - [2022-06-29 21:22:03,922] {dag.py:2371} INFO - Sync 1 DAGs
[2022-06-29 21:22:03,933] {logging_mixin.py:115} INFO - [2022-06-29 21:22:03,933] {dag.py:2915} INFO - Setting next_dagrun for example_complex to None, run_after=None
[2022-06-29 21:22:03,955] {processor.py:161} INFO - Processing /root/airflow_env/lib/python3.8/site-packages/airflow/example_dags/example_complex.py took 0.058 seconds
[2022-06-29 21:23:28,558] {processor.py:153} INFO - Started process (PID=12350) to work on /root/airflow_env/lib/python3.8/site-packages/airflow/example_dags/example_complex.py
[2022-06-29 21:23:28,561] {processor.py:641} INFO - Processing file /root/airflow_env/lib/python3.8/site-packages/airflow/example_dags/example_complex.py for tasks to queue
[2022-06-29 21:23:28,562] {logging_mixin.py:115} INFO - [2022-06-29 21:23:28,562] {dagbag.py:507} INFO - Filling up the DagBag from /root/airflow_env/lib/python3.8/site-packages/airflow/example_dags/example_complex.py
[2022-06-29 21:23:28,569] {processor.py:651} INFO - DAG(s) dict_keys(['example_complex']) retrieved from /root/airflow_env/lib/python3.8/site-packages/airflow/example_dags/example_complex.py
[2022-06-29 21:23:28,580] {logging_mixin.py:115} INFO - [2022-06-29 21:23:28,580] {dag.py:2371} INFO - Sync 1 DAGs
[2022-06-29 21:23:28,592] {logging_mixin.py:115} INFO - [2022-06-29 21:23:28,592] {dag.py:2915} INFO - Setting next_dagrun for example_complex to None, run_after=None
[2022-06-29 21:23:28,613] {processor.py:161} INFO - Processing /root/airflow_env/lib/python3.8/site-packages/airflow/example_dags/example_complex.py took 0.057 seconds
[2022-06-29 21:24:23,213] {processor.py:153} INFO - Started process (PID=12858) to work on /root/airflow_env/lib/python3.8/site-packages/airflow/example_dags/example_complex.py
[2022-06-29 21:24:23,216] {processor.py:641} INFO - Processing file /root/airflow_env/lib/python3.8/site-packages/airflow/example_dags/example_complex.py for tasks to queue
[2022-06-29 21:24:23,216] {logging_mixin.py:115} INFO - [2022-06-29 21:24:23,216] {dagbag.py:507} INFO - Filling up the DagBag from /root/airflow_env/lib/python3.8/site-packages/airflow/example_dags/example_complex.py
[2022-06-29 21:24:23,223] {processor.py:651} INFO - DAG(s) dict_keys(['example_complex']) retrieved from /root/airflow_env/lib/python3.8/site-packages/airflow/example_dags/example_complex.py
[2022-06-29 21:24:23,236] {logging_mixin.py:115} INFO - [2022-06-29 21:24:23,236] {dag.py:2371} INFO - Sync 1 DAGs
[2022-06-29 21:24:23,245] {logging_mixin.py:115} INFO - [2022-06-29 21:24:23,245] {dag.py:2915} INFO - Setting next_dagrun for example_complex to None, run_after=None
[2022-06-29 21:24:23,270] {processor.py:161} INFO - Processing /root/airflow_env/lib/python3.8/site-packages/airflow/example_dags/example_complex.py took 0.060 seconds
[2022-06-29 21:25:20,699] {processor.py:153} INFO - Started process (PID=13405) to work on /root/airflow_env/lib/python3.8/site-packages/airflow/example_dags/example_complex.py
[2022-06-29 21:25:20,702] {processor.py:641} INFO - Processing file /root/airflow_env/lib/python3.8/site-packages/airflow/example_dags/example_complex.py for tasks to queue
[2022-06-29 21:25:20,703] {logging_mixin.py:115} INFO - [2022-06-29 21:25:20,703] {dagbag.py:507} INFO - Filling up the DagBag from /root/airflow_env/lib/python3.8/site-packages/airflow/example_dags/example_complex.py
[2022-06-29 21:25:20,713] {processor.py:651} INFO - DAG(s) dict_keys(['example_complex']) retrieved from /root/airflow_env/lib/python3.8/site-packages/airflow/example_dags/example_complex.py
[2022-06-29 21:25:20,727] {logging_mixin.py:115} INFO - [2022-06-29 21:25:20,727] {dag.py:2371} INFO - Sync 1 DAGs
[2022-06-29 21:25:20,741] {logging_mixin.py:115} INFO - [2022-06-29 21:25:20,741] {dag.py:2915} INFO - Setting next_dagrun for example_complex to None, run_after=None
[2022-06-29 21:25:20,764] {processor.py:161} INFO - Processing /root/airflow_env/lib/python3.8/site-packages/airflow/example_dags/example_complex.py took 0.067 seconds
[2022-06-29 21:26:15,016] {processor.py:153} INFO - Started process (PID=13913) to work on /root/airflow_env/lib/python3.8/site-packages/airflow/example_dags/example_complex.py
[2022-06-29 21:26:15,018] {processor.py:641} INFO - Processing file /root/airflow_env/lib/python3.8/site-packages/airflow/example_dags/example_complex.py for tasks to queue
[2022-06-29 21:26:15,018] {logging_mixin.py:115} INFO - [2022-06-29 21:26:15,018] {dagbag.py:507} INFO - Filling up the DagBag from /root/airflow_env/lib/python3.8/site-packages/airflow/example_dags/example_complex.py
[2022-06-29 21:26:15,027] {processor.py:651} INFO - DAG(s) dict_keys(['example_complex']) retrieved from /root/airflow_env/lib/python3.8/site-packages/airflow/example_dags/example_complex.py
[2022-06-29 21:26:15,046] {logging_mixin.py:115} INFO - [2022-06-29 21:26:15,046] {dag.py:2371} INFO - Sync 1 DAGs
[2022-06-29 21:26:15,069] {logging_mixin.py:115} INFO - [2022-06-29 21:26:15,068] {dag.py:2915} INFO - Setting next_dagrun for example_complex to None, run_after=None
[2022-06-29 21:26:15,096] {processor.py:161} INFO - Processing /root/airflow_env/lib/python3.8/site-packages/airflow/example_dags/example_complex.py took 0.082 seconds
[2022-06-29 21:27:13,933] {processor.py:153} INFO - Started process (PID=14459) to work on /root/airflow_env/lib/python3.8/site-packages/airflow/example_dags/example_complex.py
[2022-06-29 21:27:13,936] {processor.py:641} INFO - Processing file /root/airflow_env/lib/python3.8/site-packages/airflow/example_dags/example_complex.py for tasks to queue
[2022-06-29 21:27:13,937] {logging_mixin.py:115} INFO - [2022-06-29 21:27:13,937] {dagbag.py:507} INFO - Filling up the DagBag from /root/airflow_env/lib/python3.8/site-packages/airflow/example_dags/example_complex.py
[2022-06-29 21:27:13,943] {processor.py:651} INFO - DAG(s) dict_keys(['example_complex']) retrieved from /root/airflow_env/lib/python3.8/site-packages/airflow/example_dags/example_complex.py
[2022-06-29 21:27:13,954] {logging_mixin.py:115} INFO - [2022-06-29 21:27:13,954] {dag.py:2371} INFO - Sync 1 DAGs
[2022-06-29 21:27:13,968] {logging_mixin.py:115} INFO - [2022-06-29 21:27:13,967] {dag.py:2915} INFO - Setting next_dagrun for example_complex to None, run_after=None
[2022-06-29 21:27:13,989] {processor.py:161} INFO - Processing /root/airflow_env/lib/python3.8/site-packages/airflow/example_dags/example_complex.py took 0.058 seconds
[2022-06-29 21:28:08,466] {processor.py:153} INFO - Started process (PID=14967) to work on /root/airflow_env/lib/python3.8/site-packages/airflow/example_dags/example_complex.py
[2022-06-29 21:28:08,467] {processor.py:641} INFO - Processing file /root/airflow_env/lib/python3.8/site-packages/airflow/example_dags/example_complex.py for tasks to queue
[2022-06-29 21:28:08,468] {logging_mixin.py:115} INFO - [2022-06-29 21:28:08,468] {dagbag.py:507} INFO - Filling up the DagBag from /root/airflow_env/lib/python3.8/site-packages/airflow/example_dags/example_complex.py
[2022-06-29 21:28:08,474] {processor.py:651} INFO - DAG(s) dict_keys(['example_complex']) retrieved from /root/airflow_env/lib/python3.8/site-packages/airflow/example_dags/example_complex.py
[2022-06-29 21:28:08,487] {logging_mixin.py:115} INFO - [2022-06-29 21:28:08,487] {dag.py:2371} INFO - Sync 1 DAGs
[2022-06-29 21:28:08,496] {logging_mixin.py:115} INFO - [2022-06-29 21:28:08,496] {dag.py:2915} INFO - Setting next_dagrun for example_complex to None, run_after=None
[2022-06-29 21:28:08,519] {processor.py:161} INFO - Processing /root/airflow_env/lib/python3.8/site-packages/airflow/example_dags/example_complex.py took 0.055 seconds
[2022-06-29 21:29:06,968] {processor.py:153} INFO - Started process (PID=15513) to work on /root/airflow_env/lib/python3.8/site-packages/airflow/example_dags/example_complex.py
[2022-06-29 21:29:06,970] {processor.py:641} INFO - Processing file /root/airflow_env/lib/python3.8/site-packages/airflow/example_dags/example_complex.py for tasks to queue
[2022-06-29 21:29:06,971] {logging_mixin.py:115} INFO - [2022-06-29 21:29:06,971] {dagbag.py:507} INFO - Filling up the DagBag from /root/airflow_env/lib/python3.8/site-packages/airflow/example_dags/example_complex.py
[2022-06-29 21:29:06,977] {processor.py:651} INFO - DAG(s) dict_keys(['example_complex']) retrieved from /root/airflow_env/lib/python3.8/site-packages/airflow/example_dags/example_complex.py
[2022-06-29 21:29:06,987] {logging_mixin.py:115} INFO - [2022-06-29 21:29:06,987] {dag.py:2371} INFO - Sync 1 DAGs
[2022-06-29 21:29:06,997] {logging_mixin.py:115} INFO - [2022-06-29 21:29:06,997] {dag.py:2915} INFO - Setting next_dagrun for example_complex to None, run_after=None
[2022-06-29 21:29:07,020] {processor.py:161} INFO - Processing /root/airflow_env/lib/python3.8/site-packages/airflow/example_dags/example_complex.py took 0.054 seconds
[2022-06-29 21:29:57,215] {processor.py:153} INFO - Started process (PID=16022) to work on /root/airflow_env/lib/python3.8/site-packages/airflow/example_dags/example_complex.py
[2022-06-29 21:29:57,216] {processor.py:641} INFO - Processing file /root/airflow_env/lib/python3.8/site-packages/airflow/example_dags/example_complex.py for tasks to queue
[2022-06-29 21:29:57,216] {logging_mixin.py:115} INFO - [2022-06-29 21:29:57,216] {dagbag.py:507} INFO - Filling up the DagBag from /root/airflow_env/lib/python3.8/site-packages/airflow/example_dags/example_complex.py
[2022-06-29 21:29:57,223] {processor.py:651} INFO - DAG(s) dict_keys(['example_complex']) retrieved from /root/airflow_env/lib/python3.8/site-packages/airflow/example_dags/example_complex.py
[2022-06-29 21:29:57,234] {logging_mixin.py:115} INFO - [2022-06-29 21:29:57,233] {dag.py:2371} INFO - Sync 1 DAGs
[2022-06-29 21:29:57,243] {logging_mixin.py:115} INFO - [2022-06-29 21:29:57,243] {dag.py:2915} INFO - Setting next_dagrun for example_complex to None, run_after=None
[2022-06-29 21:29:57,264] {processor.py:161} INFO - Processing /root/airflow_env/lib/python3.8/site-packages/airflow/example_dags/example_complex.py took 0.053 seconds
[2022-06-29 21:31:26,471] {processor.py:153} INFO - Started process (PID=16927) to work on /root/airflow_env/lib/python3.8/site-packages/airflow/example_dags/example_complex.py
[2022-06-29 21:31:26,473] {processor.py:641} INFO - Processing file /root/airflow_env/lib/python3.8/site-packages/airflow/example_dags/example_complex.py for tasks to queue
[2022-06-29 21:31:26,474] {logging_mixin.py:115} INFO - [2022-06-29 21:31:26,474] {dagbag.py:507} INFO - Filling up the DagBag from /root/airflow_env/lib/python3.8/site-packages/airflow/example_dags/example_complex.py
[2022-06-29 21:31:26,482] {processor.py:651} INFO - DAG(s) dict_keys(['example_complex']) retrieved from /root/airflow_env/lib/python3.8/site-packages/airflow/example_dags/example_complex.py
[2022-06-29 21:31:26,493] {logging_mixin.py:115} INFO - [2022-06-29 21:31:26,493] {dag.py:2371} INFO - Sync 1 DAGs
[2022-06-29 21:31:26,503] {logging_mixin.py:115} INFO - [2022-06-29 21:31:26,503] {dag.py:2915} INFO - Setting next_dagrun for example_complex to None, run_after=None
[2022-06-29 21:31:26,526] {processor.py:161} INFO - Processing /root/airflow_env/lib/python3.8/site-packages/airflow/example_dags/example_complex.py took 0.057 seconds
[2022-06-29 21:32:20,485] {processor.py:153} INFO - Started process (PID=17418) to work on /root/airflow_env/lib/python3.8/site-packages/airflow/example_dags/example_complex.py
[2022-06-29 21:32:20,489] {processor.py:641} INFO - Processing file /root/airflow_env/lib/python3.8/site-packages/airflow/example_dags/example_complex.py for tasks to queue
[2022-06-29 21:32:20,489] {logging_mixin.py:115} INFO - [2022-06-29 21:32:20,489] {dagbag.py:507} INFO - Filling up the DagBag from /root/airflow_env/lib/python3.8/site-packages/airflow/example_dags/example_complex.py
[2022-06-29 21:32:20,498] {processor.py:651} INFO - DAG(s) dict_keys(['example_complex']) retrieved from /root/airflow_env/lib/python3.8/site-packages/airflow/example_dags/example_complex.py
[2022-06-29 21:32:20,510] {logging_mixin.py:115} INFO - [2022-06-29 21:32:20,510] {dag.py:2371} INFO - Sync 1 DAGs
[2022-06-29 21:32:20,521] {logging_mixin.py:115} INFO - [2022-06-29 21:32:20,521] {dag.py:2915} INFO - Setting next_dagrun for example_complex to None, run_after=None
[2022-06-29 21:32:20,545] {processor.py:161} INFO - Processing /root/airflow_env/lib/python3.8/site-packages/airflow/example_dags/example_complex.py took 0.062 seconds
[2022-06-29 21:33:16,943] {processor.py:153} INFO - Started process (PID=17964) to work on /root/airflow_env/lib/python3.8/site-packages/airflow/example_dags/example_complex.py
[2022-06-29 21:33:16,946] {processor.py:641} INFO - Processing file /root/airflow_env/lib/python3.8/site-packages/airflow/example_dags/example_complex.py for tasks to queue
[2022-06-29 21:33:16,947] {logging_mixin.py:115} INFO - [2022-06-29 21:33:16,946] {dagbag.py:507} INFO - Filling up the DagBag from /root/airflow_env/lib/python3.8/site-packages/airflow/example_dags/example_complex.py
[2022-06-29 21:33:16,954] {processor.py:651} INFO - DAG(s) dict_keys(['example_complex']) retrieved from /root/airflow_env/lib/python3.8/site-packages/airflow/example_dags/example_complex.py
[2022-06-29 21:33:16,966] {logging_mixin.py:115} INFO - [2022-06-29 21:33:16,966] {dag.py:2371} INFO - Sync 1 DAGs
[2022-06-29 21:33:16,976] {logging_mixin.py:115} INFO - [2022-06-29 21:33:16,976] {dag.py:2915} INFO - Setting next_dagrun for example_complex to None, run_after=None
[2022-06-29 21:33:16,996] {processor.py:161} INFO - Processing /root/airflow_env/lib/python3.8/site-packages/airflow/example_dags/example_complex.py took 0.055 seconds
[2022-06-29 21:34:10,303] {processor.py:153} INFO - Started process (PID=18472) to work on /root/airflow_env/lib/python3.8/site-packages/airflow/example_dags/example_complex.py
[2022-06-29 21:34:10,333] {processor.py:641} INFO - Processing file /root/airflow_env/lib/python3.8/site-packages/airflow/example_dags/example_complex.py for tasks to queue
[2022-06-29 21:34:10,333] {logging_mixin.py:115} INFO - [2022-06-29 21:34:10,333] {dagbag.py:507} INFO - Filling up the DagBag from /root/airflow_env/lib/python3.8/site-packages/airflow/example_dags/example_complex.py
[2022-06-29 21:34:10,342] {processor.py:651} INFO - DAG(s) dict_keys(['example_complex']) retrieved from /root/airflow_env/lib/python3.8/site-packages/airflow/example_dags/example_complex.py
[2022-06-29 21:34:10,356] {logging_mixin.py:115} INFO - [2022-06-29 21:34:10,356] {dag.py:2371} INFO - Sync 1 DAGs
[2022-06-29 21:34:10,366] {logging_mixin.py:115} INFO - [2022-06-29 21:34:10,366] {dag.py:2915} INFO - Setting next_dagrun for example_complex to None, run_after=None
[2022-06-29 21:34:10,391] {processor.py:161} INFO - Processing /root/airflow_env/lib/python3.8/site-packages/airflow/example_dags/example_complex.py took 0.092 seconds
