[2022-06-29 20:12:01,239] {processor.py:153} INFO - Started process (PID=2522) to work on /root/airflow_env/lib/python3.8/site-packages/airflow/example_dags/example_branch_operator.py
[2022-06-29 20:12:01,240] {processor.py:641} INFO - Processing file /root/airflow_env/lib/python3.8/site-packages/airflow/example_dags/example_branch_operator.py for tasks to queue
[2022-06-29 20:12:01,241] {logging_mixin.py:115} INFO - [2022-06-29 20:12:01,241] {dagbag.py:507} INFO - Filling up the DagBag from /root/airflow_env/lib/python3.8/site-packages/airflow/example_dags/example_branch_operator.py
[2022-06-29 20:12:01,262] {processor.py:651} INFO - DAG(s) dict_keys(['example_branch_operator']) retrieved from /root/airflow_env/lib/python3.8/site-packages/airflow/example_dags/example_branch_operator.py
[2022-06-29 20:12:01,286] {logging_mixin.py:115} INFO - [2022-06-29 20:12:01,286] {dag.py:2371} INFO - Sync 1 DAGs
[2022-06-29 20:12:01,300] {logging_mixin.py:115} INFO - [2022-06-29 20:12:01,300] {dag.py:2915} INFO - Setting next_dagrun for example_branch_operator to 2022-06-28T00:00:00+00:00, run_after=2022-06-29T00:00:00+00:00
[2022-06-29 20:12:01,325] {processor.py:161} INFO - Processing /root/airflow_env/lib/python3.8/site-packages/airflow/example_dags/example_branch_operator.py took 0.092 seconds
[2022-06-29 20:14:03,490] {processor.py:153} INFO - Started process (PID=3313) to work on /root/airflow_env/lib/python3.8/site-packages/airflow/example_dags/example_branch_operator.py
[2022-06-29 20:14:03,492] {processor.py:641} INFO - Processing file /root/airflow_env/lib/python3.8/site-packages/airflow/example_dags/example_branch_operator.py for tasks to queue
[2022-06-29 20:14:03,493] {logging_mixin.py:115} INFO - [2022-06-29 20:14:03,492] {dagbag.py:507} INFO - Filling up the DagBag from /root/airflow_env/lib/python3.8/site-packages/airflow/example_dags/example_branch_operator.py
[2022-06-29 20:14:03,511] {processor.py:651} INFO - DAG(s) dict_keys(['example_branch_operator']) retrieved from /root/airflow_env/lib/python3.8/site-packages/airflow/example_dags/example_branch_operator.py
[2022-06-29 20:14:03,535] {logging_mixin.py:115} INFO - [2022-06-29 20:14:03,535] {dag.py:2371} INFO - Sync 1 DAGs
[2022-06-29 20:14:03,549] {logging_mixin.py:115} INFO - [2022-06-29 20:14:03,549] {dag.py:2915} INFO - Setting next_dagrun for example_branch_operator to 2022-06-28T00:00:00+00:00, run_after=2022-06-29T00:00:00+00:00
[2022-06-29 20:14:03,572] {processor.py:161} INFO - Processing /root/airflow_env/lib/python3.8/site-packages/airflow/example_dags/example_branch_operator.py took 0.088 seconds
[2022-06-29 20:17:01,966] {processor.py:153} INFO - Started process (PID=4499) to work on /root/airflow_env/lib/python3.8/site-packages/airflow/example_dags/example_branch_operator.py
[2022-06-29 20:17:01,967] {processor.py:641} INFO - Processing file /root/airflow_env/lib/python3.8/site-packages/airflow/example_dags/example_branch_operator.py for tasks to queue
[2022-06-29 20:17:01,968] {logging_mixin.py:115} INFO - [2022-06-29 20:17:01,968] {dagbag.py:507} INFO - Filling up the DagBag from /root/airflow_env/lib/python3.8/site-packages/airflow/example_dags/example_branch_operator.py
[2022-06-29 20:17:01,978] {processor.py:651} INFO - DAG(s) dict_keys(['example_branch_operator']) retrieved from /root/airflow_env/lib/python3.8/site-packages/airflow/example_dags/example_branch_operator.py
[2022-06-29 20:17:01,992] {logging_mixin.py:115} INFO - [2022-06-29 20:17:01,992] {dag.py:2371} INFO - Sync 1 DAGs
[2022-06-29 20:17:02,019] {logging_mixin.py:115} INFO - [2022-06-29 20:17:02,019] {dag.py:2915} INFO - Setting next_dagrun for example_branch_operator to 2022-06-28T00:00:00+00:00, run_after=2022-06-29T00:00:00+00:00
[2022-06-29 20:17:02,043] {processor.py:161} INFO - Processing /root/airflow_env/lib/python3.8/site-packages/airflow/example_dags/example_branch_operator.py took 0.082 seconds
[2022-06-29 20:18:38,207] {processor.py:153} INFO - Started process (PID=5157) to work on /root/airflow_env/lib/python3.8/site-packages/airflow/example_dags/example_branch_operator.py
[2022-06-29 20:18:38,245] {processor.py:641} INFO - Processing file /root/airflow_env/lib/python3.8/site-packages/airflow/example_dags/example_branch_operator.py for tasks to queue
[2022-06-29 20:18:38,246] {logging_mixin.py:115} INFO - [2022-06-29 20:18:38,246] {dagbag.py:507} INFO - Filling up the DagBag from /root/airflow_env/lib/python3.8/site-packages/airflow/example_dags/example_branch_operator.py
[2022-06-29 20:18:38,268] {processor.py:651} INFO - DAG(s) dict_keys(['example_branch_operator']) retrieved from /root/airflow_env/lib/python3.8/site-packages/airflow/example_dags/example_branch_operator.py
[2022-06-29 20:18:38,298] {logging_mixin.py:115} INFO - [2022-06-29 20:18:38,297] {dag.py:2371} INFO - Sync 1 DAGs
[2022-06-29 20:18:38,314] {logging_mixin.py:115} INFO - [2022-06-29 20:18:38,314] {dag.py:2915} INFO - Setting next_dagrun for example_branch_operator to 2022-06-28T00:00:00+00:00, run_after=2022-06-29T00:00:00+00:00
[2022-06-29 20:18:38,341] {processor.py:161} INFO - Processing /root/airflow_env/lib/python3.8/site-packages/airflow/example_dags/example_branch_operator.py took 0.142 seconds
[2022-06-29 20:21:40,492] {processor.py:153} INFO - Started process (PID=6344) to work on /root/airflow_env/lib/python3.8/site-packages/airflow/example_dags/example_branch_operator.py
[2022-06-29 20:21:40,493] {processor.py:641} INFO - Processing file /root/airflow_env/lib/python3.8/site-packages/airflow/example_dags/example_branch_operator.py for tasks to queue
[2022-06-29 20:21:40,494] {logging_mixin.py:115} INFO - [2022-06-29 20:21:40,494] {dagbag.py:507} INFO - Filling up the DagBag from /root/airflow_env/lib/python3.8/site-packages/airflow/example_dags/example_branch_operator.py
[2022-06-29 20:21:40,506] {processor.py:651} INFO - DAG(s) dict_keys(['example_branch_operator']) retrieved from /root/airflow_env/lib/python3.8/site-packages/airflow/example_dags/example_branch_operator.py
[2022-06-29 20:21:40,530] {logging_mixin.py:115} INFO - [2022-06-29 20:21:40,529] {dag.py:2371} INFO - Sync 1 DAGs
[2022-06-29 20:21:40,569] {logging_mixin.py:115} INFO - [2022-06-29 20:21:40,569] {dag.py:2915} INFO - Setting next_dagrun for example_branch_operator to 2022-06-28T00:00:00+00:00, run_after=2022-06-29T00:00:00+00:00
[2022-06-29 20:21:40,601] {processor.py:161} INFO - Processing /root/airflow_env/lib/python3.8/site-packages/airflow/example_dags/example_branch_operator.py took 0.112 seconds
[2022-06-29 20:23:19,760] {processor.py:153} INFO - Started process (PID=7002) to work on /root/airflow_env/lib/python3.8/site-packages/airflow/example_dags/example_branch_operator.py
[2022-06-29 20:23:19,814] {processor.py:641} INFO - Processing file /root/airflow_env/lib/python3.8/site-packages/airflow/example_dags/example_branch_operator.py for tasks to queue
[2022-06-29 20:23:19,815] {logging_mixin.py:115} INFO - [2022-06-29 20:23:19,815] {dagbag.py:507} INFO - Filling up the DagBag from /root/airflow_env/lib/python3.8/site-packages/airflow/example_dags/example_branch_operator.py
[2022-06-29 20:23:19,833] {processor.py:651} INFO - DAG(s) dict_keys(['example_branch_operator']) retrieved from /root/airflow_env/lib/python3.8/site-packages/airflow/example_dags/example_branch_operator.py
[2022-06-29 20:23:19,860] {logging_mixin.py:115} INFO - [2022-06-29 20:23:19,860] {dag.py:2371} INFO - Sync 1 DAGs
[2022-06-29 20:23:19,881] {logging_mixin.py:115} INFO - [2022-06-29 20:23:19,881] {dag.py:2915} INFO - Setting next_dagrun for example_branch_operator to 2022-06-28T00:00:00+00:00, run_after=2022-06-29T00:00:00+00:00
[2022-06-29 20:23:19,907] {processor.py:161} INFO - Processing /root/airflow_env/lib/python3.8/site-packages/airflow/example_dags/example_branch_operator.py took 0.152 seconds
[2022-06-29 20:26:24,020] {processor.py:153} INFO - Started process (PID=8189) to work on /root/airflow_env/lib/python3.8/site-packages/airflow/example_dags/example_branch_operator.py
[2022-06-29 20:26:24,022] {processor.py:641} INFO - Processing file /root/airflow_env/lib/python3.8/site-packages/airflow/example_dags/example_branch_operator.py for tasks to queue
[2022-06-29 20:26:24,023] {logging_mixin.py:115} INFO - [2022-06-29 20:26:24,022] {dagbag.py:507} INFO - Filling up the DagBag from /root/airflow_env/lib/python3.8/site-packages/airflow/example_dags/example_branch_operator.py
[2022-06-29 20:26:24,038] {processor.py:651} INFO - DAG(s) dict_keys(['example_branch_operator']) retrieved from /root/airflow_env/lib/python3.8/site-packages/airflow/example_dags/example_branch_operator.py
[2022-06-29 20:26:24,056] {logging_mixin.py:115} INFO - [2022-06-29 20:26:24,056] {dag.py:2371} INFO - Sync 1 DAGs
[2022-06-29 20:26:24,086] {logging_mixin.py:115} INFO - [2022-06-29 20:26:24,086] {dag.py:2915} INFO - Setting next_dagrun for example_branch_operator to 2022-06-28T00:00:00+00:00, run_after=2022-06-29T00:00:00+00:00
[2022-06-29 20:26:24,113] {processor.py:161} INFO - Processing /root/airflow_env/lib/python3.8/site-packages/airflow/example_dags/example_branch_operator.py took 0.099 seconds
[2022-06-29 20:28:05,890] {processor.py:153} INFO - Started process (PID=8847) to work on /root/airflow_env/lib/python3.8/site-packages/airflow/example_dags/example_branch_operator.py
[2022-06-29 20:28:05,931] {processor.py:641} INFO - Processing file /root/airflow_env/lib/python3.8/site-packages/airflow/example_dags/example_branch_operator.py for tasks to queue
[2022-06-29 20:28:05,932] {logging_mixin.py:115} INFO - [2022-06-29 20:28:05,932] {dagbag.py:507} INFO - Filling up the DagBag from /root/airflow_env/lib/python3.8/site-packages/airflow/example_dags/example_branch_operator.py
[2022-06-29 20:28:05,952] {processor.py:651} INFO - DAG(s) dict_keys(['example_branch_operator']) retrieved from /root/airflow_env/lib/python3.8/site-packages/airflow/example_dags/example_branch_operator.py
[2022-06-29 20:28:05,979] {logging_mixin.py:115} INFO - [2022-06-29 20:28:05,979] {dag.py:2371} INFO - Sync 1 DAGs
[2022-06-29 20:28:06,003] {logging_mixin.py:115} INFO - [2022-06-29 20:28:06,003] {dag.py:2915} INFO - Setting next_dagrun for example_branch_operator to 2022-06-28T00:00:00+00:00, run_after=2022-06-29T00:00:00+00:00
[2022-06-29 20:28:06,027] {processor.py:161} INFO - Processing /root/airflow_env/lib/python3.8/site-packages/airflow/example_dags/example_branch_operator.py took 0.141 seconds
[2022-06-29 20:31:05,756] {processor.py:153} INFO - Started process (PID=9999) to work on /root/airflow_env/lib/python3.8/site-packages/airflow/example_dags/example_branch_operator.py
[2022-06-29 20:31:05,758] {processor.py:641} INFO - Processing file /root/airflow_env/lib/python3.8/site-packages/airflow/example_dags/example_branch_operator.py for tasks to queue
[2022-06-29 20:31:05,760] {logging_mixin.py:115} INFO - [2022-06-29 20:31:05,760] {dagbag.py:507} INFO - Filling up the DagBag from /root/airflow_env/lib/python3.8/site-packages/airflow/example_dags/example_branch_operator.py
[2022-06-29 20:31:05,777] {processor.py:651} INFO - DAG(s) dict_keys(['example_branch_operator']) retrieved from /root/airflow_env/lib/python3.8/site-packages/airflow/example_dags/example_branch_operator.py
[2022-06-29 20:31:05,796] {logging_mixin.py:115} INFO - [2022-06-29 20:31:05,796] {dag.py:2371} INFO - Sync 1 DAGs
[2022-06-29 20:31:05,813] {logging_mixin.py:115} INFO - [2022-06-29 20:31:05,813] {dag.py:2915} INFO - Setting next_dagrun for example_branch_operator to 2022-06-28T00:00:00+00:00, run_after=2022-06-29T00:00:00+00:00
[2022-06-29 20:31:05,842] {processor.py:161} INFO - Processing /root/airflow_env/lib/python3.8/site-packages/airflow/example_dags/example_branch_operator.py took 0.091 seconds
[2022-06-29 21:22:29,753] {processor.py:153} INFO - Started process (PID=11785) to work on /root/airflow_env/lib/python3.8/site-packages/airflow/example_dags/example_branch_operator.py
[2022-06-29 21:22:29,753] {processor.py:641} INFO - Processing file /root/airflow_env/lib/python3.8/site-packages/airflow/example_dags/example_branch_operator.py for tasks to queue
[2022-06-29 21:22:29,754] {logging_mixin.py:115} INFO - [2022-06-29 21:22:29,754] {dagbag.py:507} INFO - Filling up the DagBag from /root/airflow_env/lib/python3.8/site-packages/airflow/example_dags/example_branch_operator.py
[2022-06-29 21:22:29,762] {processor.py:651} INFO - DAG(s) dict_keys(['example_branch_operator']) retrieved from /root/airflow_env/lib/python3.8/site-packages/airflow/example_dags/example_branch_operator.py
[2022-06-29 21:22:29,778] {logging_mixin.py:115} INFO - [2022-06-29 21:22:29,778] {dag.py:2371} INFO - Sync 1 DAGs
[2022-06-29 21:22:29,792] {logging_mixin.py:115} INFO - [2022-06-29 21:22:29,792] {dag.py:2915} INFO - Setting next_dagrun for example_branch_operator to 2022-06-28T00:00:00+00:00, run_after=2022-06-29T00:00:00+00:00
[2022-06-29 21:22:29,813] {processor.py:161} INFO - Processing /root/airflow_env/lib/python3.8/site-packages/airflow/example_dags/example_branch_operator.py took 0.064 seconds
[2022-06-29 21:23:53,790] {processor.py:153} INFO - Started process (PID=12576) to work on /root/airflow_env/lib/python3.8/site-packages/airflow/example_dags/example_branch_operator.py
[2022-06-29 21:23:53,794] {processor.py:641} INFO - Processing file /root/airflow_env/lib/python3.8/site-packages/airflow/example_dags/example_branch_operator.py for tasks to queue
[2022-06-29 21:23:53,794] {logging_mixin.py:115} INFO - [2022-06-29 21:23:53,794] {dagbag.py:507} INFO - Filling up the DagBag from /root/airflow_env/lib/python3.8/site-packages/airflow/example_dags/example_branch_operator.py
[2022-06-29 21:23:53,801] {processor.py:651} INFO - DAG(s) dict_keys(['example_branch_operator']) retrieved from /root/airflow_env/lib/python3.8/site-packages/airflow/example_dags/example_branch_operator.py
[2022-06-29 21:23:53,809] {logging_mixin.py:115} INFO - [2022-06-29 21:23:53,809] {dag.py:2371} INFO - Sync 1 DAGs
[2022-06-29 21:23:53,821] {logging_mixin.py:115} INFO - [2022-06-29 21:23:53,821] {dag.py:2915} INFO - Setting next_dagrun for example_branch_operator to 2022-06-28T00:00:00+00:00, run_after=2022-06-29T00:00:00+00:00
[2022-06-29 21:23:53,842] {processor.py:161} INFO - Processing /root/airflow_env/lib/python3.8/site-packages/airflow/example_dags/example_branch_operator.py took 0.056 seconds
[2022-06-29 21:25:45,090] {processor.py:153} INFO - Started process (PID=13631) to work on /root/airflow_env/lib/python3.8/site-packages/airflow/example_dags/example_branch_operator.py
[2022-06-29 21:25:45,094] {processor.py:641} INFO - Processing file /root/airflow_env/lib/python3.8/site-packages/airflow/example_dags/example_branch_operator.py for tasks to queue
[2022-06-29 21:25:45,095] {logging_mixin.py:115} INFO - [2022-06-29 21:25:45,094] {dagbag.py:507} INFO - Filling up the DagBag from /root/airflow_env/lib/python3.8/site-packages/airflow/example_dags/example_branch_operator.py
[2022-06-29 21:25:45,106] {processor.py:651} INFO - DAG(s) dict_keys(['example_branch_operator']) retrieved from /root/airflow_env/lib/python3.8/site-packages/airflow/example_dags/example_branch_operator.py
[2022-06-29 21:25:45,117] {logging_mixin.py:115} INFO - [2022-06-29 21:25:45,117] {dag.py:2371} INFO - Sync 1 DAGs
[2022-06-29 21:25:45,128] {logging_mixin.py:115} INFO - [2022-06-29 21:25:45,128] {dag.py:2915} INFO - Setting next_dagrun for example_branch_operator to 2022-06-28T00:00:00+00:00, run_after=2022-06-29T00:00:00+00:00
[2022-06-29 21:25:45,151] {processor.py:161} INFO - Processing /root/airflow_env/lib/python3.8/site-packages/airflow/example_dags/example_branch_operator.py took 0.064 seconds
[2022-06-29 21:27:37,581] {processor.py:153} INFO - Started process (PID=14685) to work on /root/airflow_env/lib/python3.8/site-packages/airflow/example_dags/example_branch_operator.py
[2022-06-29 21:27:37,582] {processor.py:641} INFO - Processing file /root/airflow_env/lib/python3.8/site-packages/airflow/example_dags/example_branch_operator.py for tasks to queue
[2022-06-29 21:27:37,582] {logging_mixin.py:115} INFO - [2022-06-29 21:27:37,582] {dagbag.py:507} INFO - Filling up the DagBag from /root/airflow_env/lib/python3.8/site-packages/airflow/example_dags/example_branch_operator.py
[2022-06-29 21:27:37,589] {processor.py:651} INFO - DAG(s) dict_keys(['example_branch_operator']) retrieved from /root/airflow_env/lib/python3.8/site-packages/airflow/example_dags/example_branch_operator.py
[2022-06-29 21:27:37,600] {logging_mixin.py:115} INFO - [2022-06-29 21:27:37,600] {dag.py:2371} INFO - Sync 1 DAGs
[2022-06-29 21:27:37,612] {logging_mixin.py:115} INFO - [2022-06-29 21:27:37,612] {dag.py:2915} INFO - Setting next_dagrun for example_branch_operator to 2022-06-28T00:00:00+00:00, run_after=2022-06-29T00:00:00+00:00
[2022-06-29 21:27:37,634] {processor.py:161} INFO - Processing /root/airflow_env/lib/python3.8/site-packages/airflow/example_dags/example_branch_operator.py took 0.056 seconds
[2022-06-29 21:29:30,083] {processor.py:153} INFO - Started process (PID=15739) to work on /root/airflow_env/lib/python3.8/site-packages/airflow/example_dags/example_branch_operator.py
[2022-06-29 21:29:30,085] {processor.py:641} INFO - Processing file /root/airflow_env/lib/python3.8/site-packages/airflow/example_dags/example_branch_operator.py for tasks to queue
[2022-06-29 21:29:30,086] {logging_mixin.py:115} INFO - [2022-06-29 21:29:30,086] {dagbag.py:507} INFO - Filling up the DagBag from /root/airflow_env/lib/python3.8/site-packages/airflow/example_dags/example_branch_operator.py
[2022-06-29 21:29:30,092] {processor.py:651} INFO - DAG(s) dict_keys(['example_branch_operator']) retrieved from /root/airflow_env/lib/python3.8/site-packages/airflow/example_dags/example_branch_operator.py
[2022-06-29 21:29:30,101] {logging_mixin.py:115} INFO - [2022-06-29 21:29:30,101] {dag.py:2371} INFO - Sync 1 DAGs
[2022-06-29 21:29:30,113] {logging_mixin.py:115} INFO - [2022-06-29 21:29:30,113] {dag.py:2915} INFO - Setting next_dagrun for example_branch_operator to 2022-06-28T00:00:00+00:00, run_after=2022-06-29T00:00:00+00:00
[2022-06-29 21:29:30,141] {processor.py:161} INFO - Processing /root/airflow_env/lib/python3.8/site-packages/airflow/example_dags/example_branch_operator.py took 0.062 seconds
[2022-06-29 21:30:56,027] {processor.py:153} INFO - Started process (PID=16627) to work on /root/airflow_env/lib/python3.8/site-packages/airflow/example_dags/example_branch_operator.py
[2022-06-29 21:30:56,028] {processor.py:641} INFO - Processing file /root/airflow_env/lib/python3.8/site-packages/airflow/example_dags/example_branch_operator.py for tasks to queue
[2022-06-29 21:30:56,029] {logging_mixin.py:115} INFO - [2022-06-29 21:30:56,029] {dagbag.py:507} INFO - Filling up the DagBag from /root/airflow_env/lib/python3.8/site-packages/airflow/example_dags/example_branch_operator.py
[2022-06-29 21:30:56,035] {processor.py:651} INFO - DAG(s) dict_keys(['example_branch_operator']) retrieved from /root/airflow_env/lib/python3.8/site-packages/airflow/example_dags/example_branch_operator.py
[2022-06-29 21:30:56,044] {logging_mixin.py:115} INFO - [2022-06-29 21:30:56,044] {dag.py:2371} INFO - Sync 1 DAGs
[2022-06-29 21:30:56,054] {logging_mixin.py:115} INFO - [2022-06-29 21:30:56,054] {dag.py:2915} INFO - Setting next_dagrun for example_branch_operator to 2022-06-28T00:00:00+00:00, run_after=2022-06-29T00:00:00+00:00
[2022-06-29 21:30:56,079] {processor.py:161} INFO - Processing /root/airflow_env/lib/python3.8/site-packages/airflow/example_dags/example_branch_operator.py took 0.055 seconds
[2022-06-29 21:32:43,173] {processor.py:153} INFO - Started process (PID=17644) to work on /root/airflow_env/lib/python3.8/site-packages/airflow/example_dags/example_branch_operator.py
[2022-06-29 21:32:43,174] {processor.py:641} INFO - Processing file /root/airflow_env/lib/python3.8/site-packages/airflow/example_dags/example_branch_operator.py for tasks to queue
[2022-06-29 21:32:43,174] {logging_mixin.py:115} INFO - [2022-06-29 21:32:43,174] {dagbag.py:507} INFO - Filling up the DagBag from /root/airflow_env/lib/python3.8/site-packages/airflow/example_dags/example_branch_operator.py
[2022-06-29 21:32:43,180] {processor.py:651} INFO - DAG(s) dict_keys(['example_branch_operator']) retrieved from /root/airflow_env/lib/python3.8/site-packages/airflow/example_dags/example_branch_operator.py
[2022-06-29 21:32:43,189] {logging_mixin.py:115} INFO - [2022-06-29 21:32:43,189] {dag.py:2371} INFO - Sync 1 DAGs
[2022-06-29 21:32:43,199] {logging_mixin.py:115} INFO - [2022-06-29 21:32:43,199] {dag.py:2915} INFO - Setting next_dagrun for example_branch_operator to 2022-06-28T00:00:00+00:00, run_after=2022-06-29T00:00:00+00:00
[2022-06-29 21:32:43,223] {processor.py:161} INFO - Processing /root/airflow_env/lib/python3.8/site-packages/airflow/example_dags/example_branch_operator.py took 0.053 seconds
[2022-06-29 22:56:16,852] {processor.py:153} INFO - Started process (PID=18682) to work on /root/airflow_env/lib/python3.8/site-packages/airflow/example_dags/example_branch_operator.py
[2022-06-29 22:56:16,853] {processor.py:641} INFO - Processing file /root/airflow_env/lib/python3.8/site-packages/airflow/example_dags/example_branch_operator.py for tasks to queue
[2022-06-29 22:56:16,853] {logging_mixin.py:115} INFO - [2022-06-29 22:56:16,853] {dagbag.py:507} INFO - Filling up the DagBag from /root/airflow_env/lib/python3.8/site-packages/airflow/example_dags/example_branch_operator.py
[2022-06-29 22:56:16,860] {processor.py:651} INFO - DAG(s) dict_keys(['example_branch_operator']) retrieved from /root/airflow_env/lib/python3.8/site-packages/airflow/example_dags/example_branch_operator.py
[2022-06-29 22:56:16,870] {logging_mixin.py:115} INFO - [2022-06-29 22:56:16,870] {dag.py:2371} INFO - Sync 1 DAGs
[2022-06-29 22:56:16,881] {logging_mixin.py:115} INFO - [2022-06-29 22:56:16,881] {dag.py:2915} INFO - Setting next_dagrun for example_branch_operator to 2022-06-28T00:00:00+00:00, run_after=2022-06-29T00:00:00+00:00
[2022-06-29 22:56:16,901] {processor.py:161} INFO - Processing /root/airflow_env/lib/python3.8/site-packages/airflow/example_dags/example_branch_operator.py took 0.050 seconds
