[2022-06-29 20:11:46,656] {processor.py:153} INFO - Started process (PID=2428) to work on /root/airflow_env/lib/python3.8/site-packages/airflow/example_dags/example_latest_only.py
[2022-06-29 20:11:46,657] {processor.py:641} INFO - Processing file /root/airflow_env/lib/python3.8/site-packages/airflow/example_dags/example_latest_only.py for tasks to queue
[2022-06-29 20:11:46,658] {logging_mixin.py:115} INFO - [2022-06-29 20:11:46,658] {dagbag.py:507} INFO - Filling up the DagBag from /root/airflow_env/lib/python3.8/site-packages/airflow/example_dags/example_latest_only.py
[2022-06-29 20:11:46,664] {processor.py:651} INFO - DAG(s) dict_keys(['latest_only']) retrieved from /root/airflow_env/lib/python3.8/site-packages/airflow/example_dags/example_latest_only.py
[2022-06-29 20:11:46,676] {logging_mixin.py:115} INFO - [2022-06-29 20:11:46,676] {dag.py:2371} INFO - Sync 1 DAGs
[2022-06-29 20:11:46,695] {logging_mixin.py:115} INFO - [2022-06-29 20:11:46,695] {dag.py:2915} INFO - Setting next_dagrun for latest_only to 2022-06-29T14:11:46.695392+00:00, run_after=2022-06-29T18:11:46.695392+00:00
[2022-06-29 20:11:46,726] {processor.py:161} INFO - Processing /root/airflow_env/lib/python3.8/site-packages/airflow/example_dags/example_latest_only.py took 0.075 seconds
[2022-06-29 20:13:50,232] {processor.py:153} INFO - Started process (PID=3219) to work on /root/airflow_env/lib/python3.8/site-packages/airflow/example_dags/example_latest_only.py
[2022-06-29 20:13:50,234] {processor.py:641} INFO - Processing file /root/airflow_env/lib/python3.8/site-packages/airflow/example_dags/example_latest_only.py for tasks to queue
[2022-06-29 20:13:50,235] {logging_mixin.py:115} INFO - [2022-06-29 20:13:50,235] {dagbag.py:507} INFO - Filling up the DagBag from /root/airflow_env/lib/python3.8/site-packages/airflow/example_dags/example_latest_only.py
[2022-06-29 20:13:50,246] {processor.py:651} INFO - DAG(s) dict_keys(['latest_only']) retrieved from /root/airflow_env/lib/python3.8/site-packages/airflow/example_dags/example_latest_only.py
[2022-06-29 20:13:50,275] {logging_mixin.py:115} INFO - [2022-06-29 20:13:50,275] {dag.py:2371} INFO - Sync 1 DAGs
[2022-06-29 20:13:50,304] {logging_mixin.py:115} INFO - [2022-06-29 20:13:50,303] {dag.py:2915} INFO - Setting next_dagrun for latest_only to 2022-06-29T14:13:50.303209+00:00, run_after=2022-06-29T18:13:50.303209+00:00
[2022-06-29 20:13:50,334] {processor.py:161} INFO - Processing /root/airflow_env/lib/python3.8/site-packages/airflow/example_dags/example_latest_only.py took 0.108 seconds
[2022-06-29 20:15:19,656] {processor.py:153} INFO - Started process (PID=3821) to work on /root/airflow_env/lib/python3.8/site-packages/airflow/example_dags/example_latest_only.py
[2022-06-29 20:15:19,657] {processor.py:641} INFO - Processing file /root/airflow_env/lib/python3.8/site-packages/airflow/example_dags/example_latest_only.py for tasks to queue
[2022-06-29 20:15:19,658] {logging_mixin.py:115} INFO - [2022-06-29 20:15:19,658] {dagbag.py:507} INFO - Filling up the DagBag from /root/airflow_env/lib/python3.8/site-packages/airflow/example_dags/example_latest_only.py
[2022-06-29 20:15:19,668] {processor.py:651} INFO - DAG(s) dict_keys(['latest_only']) retrieved from /root/airflow_env/lib/python3.8/site-packages/airflow/example_dags/example_latest_only.py
[2022-06-29 20:15:19,686] {logging_mixin.py:115} INFO - [2022-06-29 20:15:19,686] {dag.py:2371} INFO - Sync 1 DAGs
[2022-06-29 20:15:19,700] {logging_mixin.py:115} INFO - [2022-06-29 20:15:19,699] {dag.py:2915} INFO - Setting next_dagrun for latest_only to 2022-06-29T14:15:19.699693+00:00, run_after=2022-06-29T18:15:19.699693+00:00
[2022-06-29 20:15:19,720] {processor.py:161} INFO - Processing /root/airflow_env/lib/python3.8/site-packages/airflow/example_dags/example_latest_only.py took 0.069 seconds
[2022-06-29 20:16:50,147] {processor.py:153} INFO - Started process (PID=4423) to work on /root/airflow_env/lib/python3.8/site-packages/airflow/example_dags/example_latest_only.py
[2022-06-29 20:16:50,149] {processor.py:641} INFO - Processing file /root/airflow_env/lib/python3.8/site-packages/airflow/example_dags/example_latest_only.py for tasks to queue
[2022-06-29 20:16:50,150] {logging_mixin.py:115} INFO - [2022-06-29 20:16:50,150] {dagbag.py:507} INFO - Filling up the DagBag from /root/airflow_env/lib/python3.8/site-packages/airflow/example_dags/example_latest_only.py
[2022-06-29 20:16:50,161] {processor.py:651} INFO - DAG(s) dict_keys(['latest_only']) retrieved from /root/airflow_env/lib/python3.8/site-packages/airflow/example_dags/example_latest_only.py
[2022-06-29 20:16:50,191] {logging_mixin.py:115} INFO - [2022-06-29 20:16:50,191] {dag.py:2371} INFO - Sync 1 DAGs
[2022-06-29 20:16:50,223] {logging_mixin.py:115} INFO - [2022-06-29 20:16:50,223] {dag.py:2915} INFO - Setting next_dagrun for latest_only to 2022-06-29T14:16:50.222542+00:00, run_after=2022-06-29T18:16:50.222542+00:00
[2022-06-29 20:16:50,256] {processor.py:161} INFO - Processing /root/airflow_env/lib/python3.8/site-packages/airflow/example_dags/example_latest_only.py took 0.115 seconds
[2022-06-29 20:18:23,043] {processor.py:153} INFO - Started process (PID=5045) to work on /root/airflow_env/lib/python3.8/site-packages/airflow/example_dags/example_latest_only.py
[2022-06-29 20:18:23,044] {processor.py:641} INFO - Processing file /root/airflow_env/lib/python3.8/site-packages/airflow/example_dags/example_latest_only.py for tasks to queue
[2022-06-29 20:18:23,045] {logging_mixin.py:115} INFO - [2022-06-29 20:18:23,045] {dagbag.py:507} INFO - Filling up the DagBag from /root/airflow_env/lib/python3.8/site-packages/airflow/example_dags/example_latest_only.py
[2022-06-29 20:18:23,052] {processor.py:651} INFO - DAG(s) dict_keys(['latest_only']) retrieved from /root/airflow_env/lib/python3.8/site-packages/airflow/example_dags/example_latest_only.py
[2022-06-29 20:18:23,073] {logging_mixin.py:115} INFO - [2022-06-29 20:18:23,073] {dag.py:2371} INFO - Sync 1 DAGs
[2022-06-29 20:18:23,102] {logging_mixin.py:115} INFO - [2022-06-29 20:18:23,102] {dag.py:2915} INFO - Setting next_dagrun for latest_only to 2022-06-29T14:18:23.101733+00:00, run_after=2022-06-29T18:18:23.101733+00:00
[2022-06-29 20:18:23,132] {processor.py:161} INFO - Processing /root/airflow_env/lib/python3.8/site-packages/airflow/example_dags/example_latest_only.py took 0.094 seconds
[2022-06-29 20:19:56,634] {processor.py:153} INFO - Started process (PID=5666) to work on /root/airflow_env/lib/python3.8/site-packages/airflow/example_dags/example_latest_only.py
[2022-06-29 20:19:56,642] {processor.py:641} INFO - Processing file /root/airflow_env/lib/python3.8/site-packages/airflow/example_dags/example_latest_only.py for tasks to queue
[2022-06-29 20:19:56,642] {logging_mixin.py:115} INFO - [2022-06-29 20:19:56,642] {dagbag.py:507} INFO - Filling up the DagBag from /root/airflow_env/lib/python3.8/site-packages/airflow/example_dags/example_latest_only.py
[2022-06-29 20:19:56,652] {processor.py:651} INFO - DAG(s) dict_keys(['latest_only']) retrieved from /root/airflow_env/lib/python3.8/site-packages/airflow/example_dags/example_latest_only.py
[2022-06-29 20:19:56,674] {logging_mixin.py:115} INFO - [2022-06-29 20:19:56,674] {dag.py:2371} INFO - Sync 1 DAGs
[2022-06-29 20:19:56,691] {logging_mixin.py:115} INFO - [2022-06-29 20:19:56,690] {dag.py:2915} INFO - Setting next_dagrun for latest_only to 2022-06-29T14:19:56.690472+00:00, run_after=2022-06-29T18:19:56.690472+00:00
[2022-06-29 20:19:56,716] {processor.py:161} INFO - Processing /root/airflow_env/lib/python3.8/site-packages/airflow/example_dags/example_latest_only.py took 0.085 seconds
[2022-06-29 20:21:28,468] {processor.py:153} INFO - Started process (PID=6268) to work on /root/airflow_env/lib/python3.8/site-packages/airflow/example_dags/example_latest_only.py
[2022-06-29 20:21:28,470] {processor.py:641} INFO - Processing file /root/airflow_env/lib/python3.8/site-packages/airflow/example_dags/example_latest_only.py for tasks to queue
[2022-06-29 20:21:28,471] {logging_mixin.py:115} INFO - [2022-06-29 20:21:28,471] {dagbag.py:507} INFO - Filling up the DagBag from /root/airflow_env/lib/python3.8/site-packages/airflow/example_dags/example_latest_only.py
[2022-06-29 20:21:28,484] {processor.py:651} INFO - DAG(s) dict_keys(['latest_only']) retrieved from /root/airflow_env/lib/python3.8/site-packages/airflow/example_dags/example_latest_only.py
[2022-06-29 20:21:28,513] {logging_mixin.py:115} INFO - [2022-06-29 20:21:28,513] {dag.py:2371} INFO - Sync 1 DAGs
[2022-06-29 20:21:28,542] {logging_mixin.py:115} INFO - [2022-06-29 20:21:28,542] {dag.py:2915} INFO - Setting next_dagrun for latest_only to 2022-06-29T14:21:28.541765+00:00, run_after=2022-06-29T18:21:28.541765+00:00
[2022-06-29 20:21:28,568] {processor.py:161} INFO - Processing /root/airflow_env/lib/python3.8/site-packages/airflow/example_dags/example_latest_only.py took 0.106 seconds
[2022-06-29 20:23:03,691] {processor.py:153} INFO - Started process (PID=6890) to work on /root/airflow_env/lib/python3.8/site-packages/airflow/example_dags/example_latest_only.py
[2022-06-29 20:23:03,733] {processor.py:641} INFO - Processing file /root/airflow_env/lib/python3.8/site-packages/airflow/example_dags/example_latest_only.py for tasks to queue
[2022-06-29 20:23:03,734] {logging_mixin.py:115} INFO - [2022-06-29 20:23:03,734] {dagbag.py:507} INFO - Filling up the DagBag from /root/airflow_env/lib/python3.8/site-packages/airflow/example_dags/example_latest_only.py
[2022-06-29 20:23:03,746] {processor.py:651} INFO - DAG(s) dict_keys(['latest_only']) retrieved from /root/airflow_env/lib/python3.8/site-packages/airflow/example_dags/example_latest_only.py
[2022-06-29 20:23:03,770] {logging_mixin.py:115} INFO - [2022-06-29 20:23:03,770] {dag.py:2371} INFO - Sync 1 DAGs
[2022-06-29 20:23:03,788] {logging_mixin.py:115} INFO - [2022-06-29 20:23:03,788] {dag.py:2915} INFO - Setting next_dagrun for latest_only to 2022-06-29T14:23:03.787910+00:00, run_after=2022-06-29T18:23:03.787910+00:00
[2022-06-29 20:23:03,815] {processor.py:161} INFO - Processing /root/airflow_env/lib/python3.8/site-packages/airflow/example_dags/example_latest_only.py took 0.132 seconds
[2022-06-29 20:24:38,848] {processor.py:153} INFO - Started process (PID=7511) to work on /root/airflow_env/lib/python3.8/site-packages/airflow/example_dags/example_latest_only.py
[2022-06-29 20:24:38,850] {processor.py:641} INFO - Processing file /root/airflow_env/lib/python3.8/site-packages/airflow/example_dags/example_latest_only.py for tasks to queue
[2022-06-29 20:24:38,851] {logging_mixin.py:115} INFO - [2022-06-29 20:24:38,851] {dagbag.py:507} INFO - Filling up the DagBag from /root/airflow_env/lib/python3.8/site-packages/airflow/example_dags/example_latest_only.py
[2022-06-29 20:24:38,860] {processor.py:651} INFO - DAG(s) dict_keys(['latest_only']) retrieved from /root/airflow_env/lib/python3.8/site-packages/airflow/example_dags/example_latest_only.py
[2022-06-29 20:24:38,883] {logging_mixin.py:115} INFO - [2022-06-29 20:24:38,883] {dag.py:2371} INFO - Sync 1 DAGs
[2022-06-29 20:24:38,916] {logging_mixin.py:115} INFO - [2022-06-29 20:24:38,916] {dag.py:2915} INFO - Setting next_dagrun for latest_only to 2022-06-29T14:24:38.915602+00:00, run_after=2022-06-29T18:24:38.915602+00:00
[2022-06-29 20:24:38,948] {processor.py:161} INFO - Processing /root/airflow_env/lib/python3.8/site-packages/airflow/example_dags/example_latest_only.py took 0.105 seconds
[2022-06-29 20:26:11,242] {processor.py:153} INFO - Started process (PID=8113) to work on /root/airflow_env/lib/python3.8/site-packages/airflow/example_dags/example_latest_only.py
[2022-06-29 20:26:11,243] {processor.py:641} INFO - Processing file /root/airflow_env/lib/python3.8/site-packages/airflow/example_dags/example_latest_only.py for tasks to queue
[2022-06-29 20:26:11,244] {logging_mixin.py:115} INFO - [2022-06-29 20:26:11,244] {dagbag.py:507} INFO - Filling up the DagBag from /root/airflow_env/lib/python3.8/site-packages/airflow/example_dags/example_latest_only.py
[2022-06-29 20:26:11,250] {processor.py:651} INFO - DAG(s) dict_keys(['latest_only']) retrieved from /root/airflow_env/lib/python3.8/site-packages/airflow/example_dags/example_latest_only.py
[2022-06-29 20:26:11,264] {logging_mixin.py:115} INFO - [2022-06-29 20:26:11,263] {dag.py:2371} INFO - Sync 1 DAGs
[2022-06-29 20:26:11,291] {logging_mixin.py:115} INFO - [2022-06-29 20:26:11,290] {dag.py:2915} INFO - Setting next_dagrun for latest_only to 2022-06-29T14:26:11.290586+00:00, run_after=2022-06-29T18:26:11.290586+00:00
[2022-06-29 20:26:11,318] {processor.py:161} INFO - Processing /root/airflow_env/lib/python3.8/site-packages/airflow/example_dags/example_latest_only.py took 0.079 seconds
[2022-06-29 20:27:49,393] {processor.py:153} INFO - Started process (PID=8735) to work on /root/airflow_env/lib/python3.8/site-packages/airflow/example_dags/example_latest_only.py
[2022-06-29 20:27:49,404] {processor.py:641} INFO - Processing file /root/airflow_env/lib/python3.8/site-packages/airflow/example_dags/example_latest_only.py for tasks to queue
[2022-06-29 20:27:49,405] {logging_mixin.py:115} INFO - [2022-06-29 20:27:49,405] {dagbag.py:507} INFO - Filling up the DagBag from /root/airflow_env/lib/python3.8/site-packages/airflow/example_dags/example_latest_only.py
[2022-06-29 20:27:49,417] {processor.py:651} INFO - DAG(s) dict_keys(['latest_only']) retrieved from /root/airflow_env/lib/python3.8/site-packages/airflow/example_dags/example_latest_only.py
[2022-06-29 20:27:49,441] {logging_mixin.py:115} INFO - [2022-06-29 20:27:49,441] {dag.py:2371} INFO - Sync 1 DAGs
[2022-06-29 20:27:49,457] {logging_mixin.py:115} INFO - [2022-06-29 20:27:49,457] {dag.py:2915} INFO - Setting next_dagrun for latest_only to 2022-06-29T14:27:49.456669+00:00, run_after=2022-06-29T18:27:49.456669+00:00
[2022-06-29 20:27:49,488] {processor.py:161} INFO - Processing /root/airflow_env/lib/python3.8/site-packages/airflow/example_dags/example_latest_only.py took 0.102 seconds
[2022-06-29 20:29:30,642] {processor.py:153} INFO - Started process (PID=9356) to work on /root/airflow_env/lib/python3.8/site-packages/airflow/example_dags/example_latest_only.py
[2022-06-29 20:29:30,643] {processor.py:641} INFO - Processing file /root/airflow_env/lib/python3.8/site-packages/airflow/example_dags/example_latest_only.py for tasks to queue
[2022-06-29 20:29:30,644] {logging_mixin.py:115} INFO - [2022-06-29 20:29:30,644] {dagbag.py:507} INFO - Filling up the DagBag from /root/airflow_env/lib/python3.8/site-packages/airflow/example_dags/example_latest_only.py
[2022-06-29 20:29:30,652] {processor.py:651} INFO - DAG(s) dict_keys(['latest_only']) retrieved from /root/airflow_env/lib/python3.8/site-packages/airflow/example_dags/example_latest_only.py
[2022-06-29 20:29:30,674] {logging_mixin.py:115} INFO - [2022-06-29 20:29:30,674] {dag.py:2371} INFO - Sync 1 DAGs
[2022-06-29 20:29:30,694] {logging_mixin.py:115} INFO - [2022-06-29 20:29:30,694] {dag.py:2915} INFO - Setting next_dagrun for latest_only to 2022-06-29T14:29:30.693923+00:00, run_after=2022-06-29T18:29:30.693923+00:00
[2022-06-29 20:29:30,724] {processor.py:161} INFO - Processing /root/airflow_env/lib/python3.8/site-packages/airflow/example_dags/example_latest_only.py took 0.086 seconds
[2022-06-29 20:30:55,292] {processor.py:153} INFO - Started process (PID=9923) to work on /root/airflow_env/lib/python3.8/site-packages/airflow/example_dags/example_latest_only.py
[2022-06-29 20:30:55,294] {processor.py:641} INFO - Processing file /root/airflow_env/lib/python3.8/site-packages/airflow/example_dags/example_latest_only.py for tasks to queue
[2022-06-29 20:30:55,294] {logging_mixin.py:115} INFO - [2022-06-29 20:30:55,294] {dagbag.py:507} INFO - Filling up the DagBag from /root/airflow_env/lib/python3.8/site-packages/airflow/example_dags/example_latest_only.py
[2022-06-29 20:30:55,304] {processor.py:651} INFO - DAG(s) dict_keys(['latest_only']) retrieved from /root/airflow_env/lib/python3.8/site-packages/airflow/example_dags/example_latest_only.py
[2022-06-29 20:30:55,329] {logging_mixin.py:115} INFO - [2022-06-29 20:30:55,328] {dag.py:2371} INFO - Sync 1 DAGs
[2022-06-29 20:30:55,347] {logging_mixin.py:115} INFO - [2022-06-29 20:30:55,347] {dag.py:2915} INFO - Setting next_dagrun for latest_only to 2022-06-29T14:30:55.346841+00:00, run_after=2022-06-29T18:30:55.346841+00:00
[2022-06-29 20:30:55,368] {processor.py:161} INFO - Processing /root/airflow_env/lib/python3.8/site-packages/airflow/example_dags/example_latest_only.py took 0.081 seconds
[2022-06-29 20:32:13,789] {processor.py:153} INFO - Started process (PID=10455) to work on /root/airflow_env/lib/python3.8/site-packages/airflow/example_dags/example_latest_only.py
[2022-06-29 20:32:13,790] {processor.py:641} INFO - Processing file /root/airflow_env/lib/python3.8/site-packages/airflow/example_dags/example_latest_only.py for tasks to queue
[2022-06-29 20:32:13,791] {logging_mixin.py:115} INFO - [2022-06-29 20:32:13,791] {dagbag.py:507} INFO - Filling up the DagBag from /root/airflow_env/lib/python3.8/site-packages/airflow/example_dags/example_latest_only.py
[2022-06-29 20:32:13,796] {processor.py:651} INFO - DAG(s) dict_keys(['latest_only']) retrieved from /root/airflow_env/lib/python3.8/site-packages/airflow/example_dags/example_latest_only.py
[2022-06-29 20:32:13,810] {logging_mixin.py:115} INFO - [2022-06-29 20:32:13,810] {dag.py:2371} INFO - Sync 1 DAGs
[2022-06-29 20:32:13,823] {logging_mixin.py:115} INFO - [2022-06-29 20:32:13,823] {dag.py:2915} INFO - Setting next_dagrun for latest_only to 2022-06-29T14:32:13.823322+00:00, run_after=2022-06-29T18:32:13.823322+00:00
[2022-06-29 20:32:13,849] {processor.py:161} INFO - Processing /root/airflow_env/lib/python3.8/site-packages/airflow/example_dags/example_latest_only.py took 0.065 seconds
[2022-06-29 21:22:19,655] {processor.py:153} INFO - Started process (PID=11691) to work on /root/airflow_env/lib/python3.8/site-packages/airflow/example_dags/example_latest_only.py
[2022-06-29 21:22:19,658] {processor.py:641} INFO - Processing file /root/airflow_env/lib/python3.8/site-packages/airflow/example_dags/example_latest_only.py for tasks to queue
[2022-06-29 21:22:19,658] {logging_mixin.py:115} INFO - [2022-06-29 21:22:19,658] {dagbag.py:507} INFO - Filling up the DagBag from /root/airflow_env/lib/python3.8/site-packages/airflow/example_dags/example_latest_only.py
[2022-06-29 21:22:19,663] {processor.py:651} INFO - DAG(s) dict_keys(['latest_only']) retrieved from /root/airflow_env/lib/python3.8/site-packages/airflow/example_dags/example_latest_only.py
[2022-06-29 21:22:19,676] {logging_mixin.py:115} INFO - [2022-06-29 21:22:19,676] {dag.py:2371} INFO - Sync 1 DAGs
[2022-06-29 21:22:19,690] {logging_mixin.py:115} INFO - [2022-06-29 21:22:19,690] {dag.py:2915} INFO - Setting next_dagrun for latest_only to 2022-06-29T15:22:19.690149+00:00, run_after=2022-06-29T19:22:19.690149+00:00
[2022-06-29 21:22:19,715] {processor.py:161} INFO - Processing /root/airflow_env/lib/python3.8/site-packages/airflow/example_dags/example_latest_only.py took 0.061 seconds
[2022-06-29 21:23:43,498] {processor.py:153} INFO - Started process (PID=12482) to work on /root/airflow_env/lib/python3.8/site-packages/airflow/example_dags/example_latest_only.py
[2022-06-29 21:23:43,499] {processor.py:641} INFO - Processing file /root/airflow_env/lib/python3.8/site-packages/airflow/example_dags/example_latest_only.py for tasks to queue
[2022-06-29 21:23:43,499] {logging_mixin.py:115} INFO - [2022-06-29 21:23:43,499] {dagbag.py:507} INFO - Filling up the DagBag from /root/airflow_env/lib/python3.8/site-packages/airflow/example_dags/example_latest_only.py
[2022-06-29 21:23:43,503] {processor.py:651} INFO - DAG(s) dict_keys(['latest_only']) retrieved from /root/airflow_env/lib/python3.8/site-packages/airflow/example_dags/example_latest_only.py
[2022-06-29 21:23:43,514] {logging_mixin.py:115} INFO - [2022-06-29 21:23:43,514] {dag.py:2371} INFO - Sync 1 DAGs
[2022-06-29 21:23:43,528] {logging_mixin.py:115} INFO - [2022-06-29 21:23:43,528] {dag.py:2915} INFO - Setting next_dagrun for latest_only to 2022-06-29T15:23:43.528177+00:00, run_after=2022-06-29T19:23:43.528177+00:00
[2022-06-29 21:23:43,552] {processor.py:161} INFO - Processing /root/airflow_env/lib/python3.8/site-packages/airflow/example_dags/example_latest_only.py took 0.057 seconds
[2022-06-29 21:25:35,297] {processor.py:153} INFO - Started process (PID=13537) to work on /root/airflow_env/lib/python3.8/site-packages/airflow/example_dags/example_latest_only.py
[2022-06-29 21:25:35,299] {processor.py:641} INFO - Processing file /root/airflow_env/lib/python3.8/site-packages/airflow/example_dags/example_latest_only.py for tasks to queue
[2022-06-29 21:25:35,299] {logging_mixin.py:115} INFO - [2022-06-29 21:25:35,299] {dagbag.py:507} INFO - Filling up the DagBag from /root/airflow_env/lib/python3.8/site-packages/airflow/example_dags/example_latest_only.py
[2022-06-29 21:25:35,303] {processor.py:651} INFO - DAG(s) dict_keys(['latest_only']) retrieved from /root/airflow_env/lib/python3.8/site-packages/airflow/example_dags/example_latest_only.py
[2022-06-29 21:25:35,315] {logging_mixin.py:115} INFO - [2022-06-29 21:25:35,315] {dag.py:2371} INFO - Sync 1 DAGs
[2022-06-29 21:25:35,326] {logging_mixin.py:115} INFO - [2022-06-29 21:25:35,326] {dag.py:2915} INFO - Setting next_dagrun for latest_only to 2022-06-29T15:25:35.326155+00:00, run_after=2022-06-29T19:25:35.326155+00:00
[2022-06-29 21:25:35,348] {processor.py:161} INFO - Processing /root/airflow_env/lib/python3.8/site-packages/airflow/example_dags/example_latest_only.py took 0.054 seconds
[2022-06-29 21:27:27,944] {processor.py:153} INFO - Started process (PID=14591) to work on /root/airflow_env/lib/python3.8/site-packages/airflow/example_dags/example_latest_only.py
[2022-06-29 21:27:27,946] {processor.py:641} INFO - Processing file /root/airflow_env/lib/python3.8/site-packages/airflow/example_dags/example_latest_only.py for tasks to queue
[2022-06-29 21:27:27,946] {logging_mixin.py:115} INFO - [2022-06-29 21:27:27,946] {dagbag.py:507} INFO - Filling up the DagBag from /root/airflow_env/lib/python3.8/site-packages/airflow/example_dags/example_latest_only.py
[2022-06-29 21:27:27,951] {processor.py:651} INFO - DAG(s) dict_keys(['latest_only']) retrieved from /root/airflow_env/lib/python3.8/site-packages/airflow/example_dags/example_latest_only.py
[2022-06-29 21:27:27,959] {logging_mixin.py:115} INFO - [2022-06-29 21:27:27,959] {dag.py:2371} INFO - Sync 1 DAGs
[2022-06-29 21:27:27,971] {logging_mixin.py:115} INFO - [2022-06-29 21:27:27,971] {dag.py:2915} INFO - Setting next_dagrun for latest_only to 2022-06-29T15:27:27.971009+00:00, run_after=2022-06-29T19:27:27.971009+00:00
[2022-06-29 21:27:27,991] {processor.py:161} INFO - Processing /root/airflow_env/lib/python3.8/site-packages/airflow/example_dags/example_latest_only.py took 0.049 seconds
[2022-06-29 21:29:20,596] {processor.py:153} INFO - Started process (PID=15645) to work on /root/airflow_env/lib/python3.8/site-packages/airflow/example_dags/example_latest_only.py
[2022-06-29 21:29:20,599] {processor.py:641} INFO - Processing file /root/airflow_env/lib/python3.8/site-packages/airflow/example_dags/example_latest_only.py for tasks to queue
[2022-06-29 21:29:20,599] {logging_mixin.py:115} INFO - [2022-06-29 21:29:20,599] {dagbag.py:507} INFO - Filling up the DagBag from /root/airflow_env/lib/python3.8/site-packages/airflow/example_dags/example_latest_only.py
[2022-06-29 21:29:20,602] {processor.py:651} INFO - DAG(s) dict_keys(['latest_only']) retrieved from /root/airflow_env/lib/python3.8/site-packages/airflow/example_dags/example_latest_only.py
[2022-06-29 21:29:20,612] {logging_mixin.py:115} INFO - [2022-06-29 21:29:20,612] {dag.py:2371} INFO - Sync 1 DAGs
[2022-06-29 21:29:20,624] {logging_mixin.py:115} INFO - [2022-06-29 21:29:20,624] {dag.py:2915} INFO - Setting next_dagrun for latest_only to 2022-06-29T15:29:20.624055+00:00, run_after=2022-06-29T19:29:20.624055+00:00
[2022-06-29 21:29:20,646] {processor.py:161} INFO - Processing /root/airflow_env/lib/python3.8/site-packages/airflow/example_dags/example_latest_only.py took 0.053 seconds
[2022-06-29 21:30:47,828] {processor.py:153} INFO - Started process (PID=16551) to work on /root/airflow_env/lib/python3.8/site-packages/airflow/example_dags/example_latest_only.py
[2022-06-29 21:30:47,830] {processor.py:641} INFO - Processing file /root/airflow_env/lib/python3.8/site-packages/airflow/example_dags/example_latest_only.py for tasks to queue
[2022-06-29 21:30:47,830] {logging_mixin.py:115} INFO - [2022-06-29 21:30:47,830] {dagbag.py:507} INFO - Filling up the DagBag from /root/airflow_env/lib/python3.8/site-packages/airflow/example_dags/example_latest_only.py
[2022-06-29 21:30:47,833] {processor.py:651} INFO - DAG(s) dict_keys(['latest_only']) retrieved from /root/airflow_env/lib/python3.8/site-packages/airflow/example_dags/example_latest_only.py
[2022-06-29 21:30:47,843] {logging_mixin.py:115} INFO - [2022-06-29 21:30:47,843] {dag.py:2371} INFO - Sync 1 DAGs
[2022-06-29 21:30:47,852] {logging_mixin.py:115} INFO - [2022-06-29 21:30:47,852] {dag.py:2915} INFO - Setting next_dagrun for latest_only to 2022-06-29T15:30:47.852498+00:00, run_after=2022-06-29T19:30:47.852498+00:00
[2022-06-29 21:30:47,873] {processor.py:161} INFO - Processing /root/airflow_env/lib/python3.8/site-packages/airflow/example_dags/example_latest_only.py took 0.048 seconds
[2022-06-29 21:32:36,040] {processor.py:153} INFO - Started process (PID=17568) to work on /root/airflow_env/lib/python3.8/site-packages/airflow/example_dags/example_latest_only.py
[2022-06-29 21:32:36,041] {processor.py:641} INFO - Processing file /root/airflow_env/lib/python3.8/site-packages/airflow/example_dags/example_latest_only.py for tasks to queue
[2022-06-29 21:32:36,041] {logging_mixin.py:115} INFO - [2022-06-29 21:32:36,041] {dagbag.py:507} INFO - Filling up the DagBag from /root/airflow_env/lib/python3.8/site-packages/airflow/example_dags/example_latest_only.py
[2022-06-29 21:32:36,046] {processor.py:651} INFO - DAG(s) dict_keys(['latest_only']) retrieved from /root/airflow_env/lib/python3.8/site-packages/airflow/example_dags/example_latest_only.py
[2022-06-29 21:32:36,055] {logging_mixin.py:115} INFO - [2022-06-29 21:32:36,055] {dag.py:2371} INFO - Sync 1 DAGs
[2022-06-29 21:32:36,065] {logging_mixin.py:115} INFO - [2022-06-29 21:32:36,065] {dag.py:2915} INFO - Setting next_dagrun for latest_only to 2022-06-29T15:32:36.065083+00:00, run_after=2022-06-29T19:32:36.065083+00:00
[2022-06-29 21:32:36,086] {processor.py:161} INFO - Processing /root/airflow_env/lib/python3.8/site-packages/airflow/example_dags/example_latest_only.py took 0.048 seconds
[2022-06-29 22:56:08,765] {processor.py:153} INFO - Started process (PID=18588) to work on /root/airflow_env/lib/python3.8/site-packages/airflow/example_dags/example_latest_only.py
[2022-06-29 22:56:08,767] {processor.py:641} INFO - Processing file /root/airflow_env/lib/python3.8/site-packages/airflow/example_dags/example_latest_only.py for tasks to queue
[2022-06-29 22:56:08,767] {logging_mixin.py:115} INFO - [2022-06-29 22:56:08,767] {dagbag.py:507} INFO - Filling up the DagBag from /root/airflow_env/lib/python3.8/site-packages/airflow/example_dags/example_latest_only.py
[2022-06-29 22:56:08,770] {processor.py:651} INFO - DAG(s) dict_keys(['latest_only']) retrieved from /root/airflow_env/lib/python3.8/site-packages/airflow/example_dags/example_latest_only.py
[2022-06-29 22:56:08,778] {logging_mixin.py:115} INFO - [2022-06-29 22:56:08,778] {dag.py:2371} INFO - Sync 1 DAGs
[2022-06-29 22:56:08,787] {logging_mixin.py:115} INFO - [2022-06-29 22:56:08,787] {dag.py:2915} INFO - Setting next_dagrun for latest_only to 2022-06-29T16:56:08.787747+00:00, run_after=2022-06-29T20:56:08.787747+00:00
[2022-06-29 22:56:08,804] {processor.py:161} INFO - Processing /root/airflow_env/lib/python3.8/site-packages/airflow/example_dags/example_latest_only.py took 0.041 seconds
