[2022-06-29 20:12:15,413] {processor.py:153} INFO - Started process (PID=2615) to work on /root/airflow_env/lib/python3.8/site-packages/airflow/example_dags/example_bash_operator.py
[2022-06-29 20:12:15,414] {processor.py:641} INFO - Processing file /root/airflow_env/lib/python3.8/site-packages/airflow/example_dags/example_bash_operator.py for tasks to queue
[2022-06-29 20:12:15,415] {logging_mixin.py:115} INFO - [2022-06-29 20:12:15,414] {dagbag.py:507} INFO - Filling up the DagBag from /root/airflow_env/lib/python3.8/site-packages/airflow/example_dags/example_bash_operator.py
[2022-06-29 20:12:15,433] {processor.py:651} INFO - DAG(s) dict_keys(['example_bash_operator']) retrieved from /root/airflow_env/lib/python3.8/site-packages/airflow/example_dags/example_bash_operator.py
[2022-06-29 20:12:15,447] {logging_mixin.py:115} INFO - [2022-06-29 20:12:15,447] {dag.py:2371} INFO - Sync 1 DAGs
[2022-06-29 20:12:15,461] {logging_mixin.py:115} INFO - [2022-06-29 20:12:15,461] {dag.py:2915} INFO - Setting next_dagrun for example_bash_operator to 2022-06-28T00:00:00+00:00, run_after=2022-06-29T00:00:00+00:00
[2022-06-29 20:12:15,487] {processor.py:161} INFO - Processing /root/airflow_env/lib/python3.8/site-packages/airflow/example_dags/example_bash_operator.py took 0.079 seconds
[2022-06-29 20:14:17,013] {processor.py:153} INFO - Started process (PID=3406) to work on /root/airflow_env/lib/python3.8/site-packages/airflow/example_dags/example_bash_operator.py
[2022-06-29 20:14:17,015] {processor.py:641} INFO - Processing file /root/airflow_env/lib/python3.8/site-packages/airflow/example_dags/example_bash_operator.py for tasks to queue
[2022-06-29 20:14:17,016] {logging_mixin.py:115} INFO - [2022-06-29 20:14:17,016] {dagbag.py:507} INFO - Filling up the DagBag from /root/airflow_env/lib/python3.8/site-packages/airflow/example_dags/example_bash_operator.py
[2022-06-29 20:14:17,034] {processor.py:651} INFO - DAG(s) dict_keys(['example_bash_operator']) retrieved from /root/airflow_env/lib/python3.8/site-packages/airflow/example_dags/example_bash_operator.py
[2022-06-29 20:14:17,059] {logging_mixin.py:115} INFO - [2022-06-29 20:14:17,059] {dag.py:2371} INFO - Sync 1 DAGs
[2022-06-29 20:14:17,084] {logging_mixin.py:115} INFO - [2022-06-29 20:14:17,084] {dag.py:2915} INFO - Setting next_dagrun for example_bash_operator to 2022-06-28T00:00:00+00:00, run_after=2022-06-29T00:00:00+00:00
[2022-06-29 20:14:17,113] {processor.py:161} INFO - Processing /root/airflow_env/lib/python3.8/site-packages/airflow/example_dags/example_bash_operator.py took 0.105 seconds
[2022-06-29 20:17:14,491] {processor.py:153} INFO - Started process (PID=4592) to work on /root/airflow_env/lib/python3.8/site-packages/airflow/example_dags/example_bash_operator.py
[2022-06-29 20:17:14,532] {processor.py:641} INFO - Processing file /root/airflow_env/lib/python3.8/site-packages/airflow/example_dags/example_bash_operator.py for tasks to queue
[2022-06-29 20:17:14,534] {logging_mixin.py:115} INFO - [2022-06-29 20:17:14,533] {dagbag.py:507} INFO - Filling up the DagBag from /root/airflow_env/lib/python3.8/site-packages/airflow/example_dags/example_bash_operator.py
[2022-06-29 20:17:14,556] {processor.py:651} INFO - DAG(s) dict_keys(['example_bash_operator']) retrieved from /root/airflow_env/lib/python3.8/site-packages/airflow/example_dags/example_bash_operator.py
[2022-06-29 20:17:14,574] {logging_mixin.py:115} INFO - [2022-06-29 20:17:14,574] {dag.py:2371} INFO - Sync 1 DAGs
[2022-06-29 20:17:14,588] {logging_mixin.py:115} INFO - [2022-06-29 20:17:14,588] {dag.py:2915} INFO - Setting next_dagrun for example_bash_operator to 2022-06-28T00:00:00+00:00, run_after=2022-06-29T00:00:00+00:00
[2022-06-29 20:17:14,611] {processor.py:161} INFO - Processing /root/airflow_env/lib/python3.8/site-packages/airflow/example_dags/example_bash_operator.py took 0.127 seconds
[2022-06-29 20:20:13,612] {processor.py:153} INFO - Started process (PID=5779) to work on /root/airflow_env/lib/python3.8/site-packages/airflow/example_dags/example_bash_operator.py
[2022-06-29 20:20:13,614] {processor.py:641} INFO - Processing file /root/airflow_env/lib/python3.8/site-packages/airflow/example_dags/example_bash_operator.py for tasks to queue
[2022-06-29 20:20:13,614] {logging_mixin.py:115} INFO - [2022-06-29 20:20:13,614] {dagbag.py:507} INFO - Filling up the DagBag from /root/airflow_env/lib/python3.8/site-packages/airflow/example_dags/example_bash_operator.py
[2022-06-29 20:20:13,636] {processor.py:651} INFO - DAG(s) dict_keys(['example_bash_operator']) retrieved from /root/airflow_env/lib/python3.8/site-packages/airflow/example_dags/example_bash_operator.py
[2022-06-29 20:20:13,668] {logging_mixin.py:115} INFO - [2022-06-29 20:20:13,668] {dag.py:2371} INFO - Sync 1 DAGs
[2022-06-29 20:20:13,698] {logging_mixin.py:115} INFO - [2022-06-29 20:20:13,698] {dag.py:2915} INFO - Setting next_dagrun for example_bash_operator to 2022-06-28T00:00:00+00:00, run_after=2022-06-29T00:00:00+00:00
[2022-06-29 20:20:13,722] {processor.py:161} INFO - Processing /root/airflow_env/lib/python3.8/site-packages/airflow/example_dags/example_bash_operator.py took 0.116 seconds
[2022-06-29 20:23:24,375] {processor.py:153} INFO - Started process (PID=7022) to work on /root/airflow_env/lib/python3.8/site-packages/airflow/example_dags/example_bash_operator.py
[2022-06-29 20:23:24,376] {processor.py:641} INFO - Processing file /root/airflow_env/lib/python3.8/site-packages/airflow/example_dags/example_bash_operator.py for tasks to queue
[2022-06-29 20:23:24,377] {logging_mixin.py:115} INFO - [2022-06-29 20:23:24,377] {dagbag.py:507} INFO - Filling up the DagBag from /root/airflow_env/lib/python3.8/site-packages/airflow/example_dags/example_bash_operator.py
[2022-06-29 20:23:24,397] {processor.py:651} INFO - DAG(s) dict_keys(['example_bash_operator']) retrieved from /root/airflow_env/lib/python3.8/site-packages/airflow/example_dags/example_bash_operator.py
[2022-06-29 20:23:24,413] {logging_mixin.py:115} INFO - [2022-06-29 20:23:24,412] {dag.py:2371} INFO - Sync 1 DAGs
[2022-06-29 20:23:24,430] {logging_mixin.py:115} INFO - [2022-06-29 20:23:24,430] {dag.py:2915} INFO - Setting next_dagrun for example_bash_operator to 2022-06-28T00:00:00+00:00, run_after=2022-06-29T00:00:00+00:00
[2022-06-29 20:23:24,452] {processor.py:161} INFO - Processing /root/airflow_env/lib/python3.8/site-packages/airflow/example_dags/example_bash_operator.py took 0.080 seconds
[2022-06-29 20:26:36,784] {processor.py:153} INFO - Started process (PID=8282) to work on /root/airflow_env/lib/python3.8/site-packages/airflow/example_dags/example_bash_operator.py
[2022-06-29 20:26:36,825] {processor.py:641} INFO - Processing file /root/airflow_env/lib/python3.8/site-packages/airflow/example_dags/example_bash_operator.py for tasks to queue
[2022-06-29 20:26:36,826] {logging_mixin.py:115} INFO - [2022-06-29 20:26:36,826] {dagbag.py:507} INFO - Filling up the DagBag from /root/airflow_env/lib/python3.8/site-packages/airflow/example_dags/example_bash_operator.py
[2022-06-29 20:26:36,842] {processor.py:651} INFO - DAG(s) dict_keys(['example_bash_operator']) retrieved from /root/airflow_env/lib/python3.8/site-packages/airflow/example_dags/example_bash_operator.py
[2022-06-29 20:26:36,856] {logging_mixin.py:115} INFO - [2022-06-29 20:26:36,856] {dag.py:2371} INFO - Sync 1 DAGs
[2022-06-29 20:26:36,886] {logging_mixin.py:115} INFO - [2022-06-29 20:26:36,885] {dag.py:2915} INFO - Setting next_dagrun for example_bash_operator to 2022-06-28T00:00:00+00:00, run_after=2022-06-29T00:00:00+00:00
[2022-06-29 20:26:36,918] {processor.py:161} INFO - Processing /root/airflow_env/lib/python3.8/site-packages/airflow/example_dags/example_bash_operator.py took 0.140 seconds
[2022-06-29 20:29:53,791] {processor.py:153} INFO - Started process (PID=9506) to work on /root/airflow_env/lib/python3.8/site-packages/airflow/example_dags/example_bash_operator.py
[2022-06-29 20:29:53,792] {processor.py:641} INFO - Processing file /root/airflow_env/lib/python3.8/site-packages/airflow/example_dags/example_bash_operator.py for tasks to queue
[2022-06-29 20:29:53,793] {logging_mixin.py:115} INFO - [2022-06-29 20:29:53,793] {dagbag.py:507} INFO - Filling up the DagBag from /root/airflow_env/lib/python3.8/site-packages/airflow/example_dags/example_bash_operator.py
[2022-06-29 20:29:53,803] {processor.py:651} INFO - DAG(s) dict_keys(['example_bash_operator']) retrieved from /root/airflow_env/lib/python3.8/site-packages/airflow/example_dags/example_bash_operator.py
[2022-06-29 20:29:53,817] {logging_mixin.py:115} INFO - [2022-06-29 20:29:53,817] {dag.py:2371} INFO - Sync 1 DAGs
[2022-06-29 20:29:53,840] {logging_mixin.py:115} INFO - [2022-06-29 20:29:53,840] {dag.py:2915} INFO - Setting next_dagrun for example_bash_operator to 2022-06-28T00:00:00+00:00, run_after=2022-06-29T00:00:00+00:00
[2022-06-29 20:29:53,861] {processor.py:161} INFO - Processing /root/airflow_env/lib/python3.8/site-packages/airflow/example_dags/example_bash_operator.py took 0.075 seconds
[2022-06-29 20:32:21,885] {processor.py:153} INFO - Started process (PID=10512) to work on /root/airflow_env/lib/python3.8/site-packages/airflow/example_dags/example_bash_operator.py
[2022-06-29 20:32:21,926] {processor.py:641} INFO - Processing file /root/airflow_env/lib/python3.8/site-packages/airflow/example_dags/example_bash_operator.py for tasks to queue
[2022-06-29 20:32:21,928] {logging_mixin.py:115} INFO - [2022-06-29 20:32:21,927] {dagbag.py:507} INFO - Filling up the DagBag from /root/airflow_env/lib/python3.8/site-packages/airflow/example_dags/example_bash_operator.py
[2022-06-29 20:32:21,954] {processor.py:651} INFO - DAG(s) dict_keys(['example_bash_operator']) retrieved from /root/airflow_env/lib/python3.8/site-packages/airflow/example_dags/example_bash_operator.py
[2022-06-29 20:32:21,986] {logging_mixin.py:115} INFO - [2022-06-29 20:32:21,986] {dag.py:2371} INFO - Sync 1 DAGs
[2022-06-29 20:32:22,018] {logging_mixin.py:115} INFO - [2022-06-29 20:32:22,018] {dag.py:2915} INFO - Setting next_dagrun for example_bash_operator to 2022-06-28T00:00:00+00:00, run_after=2022-06-29T00:00:00+00:00
[2022-06-29 20:32:22,050] {processor.py:161} INFO - Processing /root/airflow_env/lib/python3.8/site-packages/airflow/example_dags/example_bash_operator.py took 0.171 seconds
[2022-06-29 21:22:38,779] {processor.py:153} INFO - Started process (PID=11878) to work on /root/airflow_env/lib/python3.8/site-packages/airflow/example_dags/example_bash_operator.py
[2022-06-29 21:22:38,782] {processor.py:641} INFO - Processing file /root/airflow_env/lib/python3.8/site-packages/airflow/example_dags/example_bash_operator.py for tasks to queue
[2022-06-29 21:22:38,782] {logging_mixin.py:115} INFO - [2022-06-29 21:22:38,782] {dagbag.py:507} INFO - Filling up the DagBag from /root/airflow_env/lib/python3.8/site-packages/airflow/example_dags/example_bash_operator.py
[2022-06-29 21:22:38,790] {processor.py:651} INFO - DAG(s) dict_keys(['example_bash_operator']) retrieved from /root/airflow_env/lib/python3.8/site-packages/airflow/example_dags/example_bash_operator.py
[2022-06-29 21:22:38,799] {logging_mixin.py:115} INFO - [2022-06-29 21:22:38,799] {dag.py:2371} INFO - Sync 1 DAGs
[2022-06-29 21:22:38,809] {logging_mixin.py:115} INFO - [2022-06-29 21:22:38,809] {dag.py:2915} INFO - Setting next_dagrun for example_bash_operator to 2022-06-28T00:00:00+00:00, run_after=2022-06-29T00:00:00+00:00
[2022-06-29 21:22:38,831] {processor.py:161} INFO - Processing /root/airflow_env/lib/python3.8/site-packages/airflow/example_dags/example_bash_operator.py took 0.055 seconds
[2022-06-29 21:24:30,204] {processor.py:153} INFO - Started process (PID=12932) to work on /root/airflow_env/lib/python3.8/site-packages/airflow/example_dags/example_bash_operator.py
[2022-06-29 21:24:30,206] {processor.py:641} INFO - Processing file /root/airflow_env/lib/python3.8/site-packages/airflow/example_dags/example_bash_operator.py for tasks to queue
[2022-06-29 21:24:30,207] {logging_mixin.py:115} INFO - [2022-06-29 21:24:30,207] {dagbag.py:507} INFO - Filling up the DagBag from /root/airflow_env/lib/python3.8/site-packages/airflow/example_dags/example_bash_operator.py
[2022-06-29 21:24:30,215] {processor.py:651} INFO - DAG(s) dict_keys(['example_bash_operator']) retrieved from /root/airflow_env/lib/python3.8/site-packages/airflow/example_dags/example_bash_operator.py
[2022-06-29 21:24:30,226] {logging_mixin.py:115} INFO - [2022-06-29 21:24:30,226] {dag.py:2371} INFO - Sync 1 DAGs
[2022-06-29 21:24:30,236] {logging_mixin.py:115} INFO - [2022-06-29 21:24:30,236] {dag.py:2915} INFO - Setting next_dagrun for example_bash_operator to 2022-06-28T00:00:00+00:00, run_after=2022-06-29T00:00:00+00:00
[2022-06-29 21:24:30,257] {processor.py:161} INFO - Processing /root/airflow_env/lib/python3.8/site-packages/airflow/example_dags/example_bash_operator.py took 0.055 seconds
[2022-06-29 21:26:22,648] {processor.py:153} INFO - Started process (PID=13987) to work on /root/airflow_env/lib/python3.8/site-packages/airflow/example_dags/example_bash_operator.py
[2022-06-29 21:26:22,651] {processor.py:641} INFO - Processing file /root/airflow_env/lib/python3.8/site-packages/airflow/example_dags/example_bash_operator.py for tasks to queue
[2022-06-29 21:26:22,651] {logging_mixin.py:115} INFO - [2022-06-29 21:26:22,651] {dagbag.py:507} INFO - Filling up the DagBag from /root/airflow_env/lib/python3.8/site-packages/airflow/example_dags/example_bash_operator.py
[2022-06-29 21:26:22,668] {processor.py:651} INFO - DAG(s) dict_keys(['example_bash_operator']) retrieved from /root/airflow_env/lib/python3.8/site-packages/airflow/example_dags/example_bash_operator.py
[2022-06-29 21:26:22,691] {logging_mixin.py:115} INFO - [2022-06-29 21:26:22,691] {dag.py:2371} INFO - Sync 1 DAGs
[2022-06-29 21:26:22,711] {logging_mixin.py:115} INFO - [2022-06-29 21:26:22,711] {dag.py:2915} INFO - Setting next_dagrun for example_bash_operator to 2022-06-28T00:00:00+00:00, run_after=2022-06-29T00:00:00+00:00
[2022-06-29 21:26:22,738] {processor.py:161} INFO - Processing /root/airflow_env/lib/python3.8/site-packages/airflow/example_dags/example_bash_operator.py took 0.095 seconds
[2022-06-29 21:28:15,380] {processor.py:153} INFO - Started process (PID=15041) to work on /root/airflow_env/lib/python3.8/site-packages/airflow/example_dags/example_bash_operator.py
[2022-06-29 21:28:15,383] {processor.py:641} INFO - Processing file /root/airflow_env/lib/python3.8/site-packages/airflow/example_dags/example_bash_operator.py for tasks to queue
[2022-06-29 21:28:15,383] {logging_mixin.py:115} INFO - [2022-06-29 21:28:15,383] {dagbag.py:507} INFO - Filling up the DagBag from /root/airflow_env/lib/python3.8/site-packages/airflow/example_dags/example_bash_operator.py
[2022-06-29 21:28:15,392] {processor.py:651} INFO - DAG(s) dict_keys(['example_bash_operator']) retrieved from /root/airflow_env/lib/python3.8/site-packages/airflow/example_dags/example_bash_operator.py
[2022-06-29 21:28:15,406] {logging_mixin.py:115} INFO - [2022-06-29 21:28:15,406] {dag.py:2371} INFO - Sync 1 DAGs
[2022-06-29 21:28:15,418] {logging_mixin.py:115} INFO - [2022-06-29 21:28:15,418] {dag.py:2915} INFO - Setting next_dagrun for example_bash_operator to 2022-06-28T00:00:00+00:00, run_after=2022-06-29T00:00:00+00:00
[2022-06-29 21:28:15,439] {processor.py:161} INFO - Processing /root/airflow_env/lib/python3.8/site-packages/airflow/example_dags/example_bash_operator.py took 0.061 seconds
[2022-06-29 21:29:39,196] {processor.py:153} INFO - Started process (PID=15832) to work on /root/airflow_env/lib/python3.8/site-packages/airflow/example_dags/example_bash_operator.py
[2022-06-29 21:29:39,198] {processor.py:641} INFO - Processing file /root/airflow_env/lib/python3.8/site-packages/airflow/example_dags/example_bash_operator.py for tasks to queue
[2022-06-29 21:29:39,198] {logging_mixin.py:115} INFO - [2022-06-29 21:29:39,198] {dagbag.py:507} INFO - Filling up the DagBag from /root/airflow_env/lib/python3.8/site-packages/airflow/example_dags/example_bash_operator.py
[2022-06-29 21:29:39,206] {processor.py:651} INFO - DAG(s) dict_keys(['example_bash_operator']) retrieved from /root/airflow_env/lib/python3.8/site-packages/airflow/example_dags/example_bash_operator.py
[2022-06-29 21:29:39,216] {logging_mixin.py:115} INFO - [2022-06-29 21:29:39,216] {dag.py:2371} INFO - Sync 1 DAGs
[2022-06-29 21:29:39,227] {logging_mixin.py:115} INFO - [2022-06-29 21:29:39,227] {dag.py:2915} INFO - Setting next_dagrun for example_bash_operator to 2022-06-28T00:00:00+00:00, run_after=2022-06-29T00:00:00+00:00
[2022-06-29 21:29:39,247] {processor.py:161} INFO - Processing /root/airflow_env/lib/python3.8/site-packages/airflow/example_dags/example_bash_operator.py took 0.053 seconds
[2022-06-29 21:31:04,465] {processor.py:153} INFO - Started process (PID=16720) to work on /root/airflow_env/lib/python3.8/site-packages/airflow/example_dags/example_bash_operator.py
[2022-06-29 21:31:04,466] {processor.py:641} INFO - Processing file /root/airflow_env/lib/python3.8/site-packages/airflow/example_dags/example_bash_operator.py for tasks to queue
[2022-06-29 21:31:04,467] {logging_mixin.py:115} INFO - [2022-06-29 21:31:04,467] {dagbag.py:507} INFO - Filling up the DagBag from /root/airflow_env/lib/python3.8/site-packages/airflow/example_dags/example_bash_operator.py
[2022-06-29 21:31:04,473] {processor.py:651} INFO - DAG(s) dict_keys(['example_bash_operator']) retrieved from /root/airflow_env/lib/python3.8/site-packages/airflow/example_dags/example_bash_operator.py
[2022-06-29 21:31:04,482] {logging_mixin.py:115} INFO - [2022-06-29 21:31:04,482] {dag.py:2371} INFO - Sync 1 DAGs
[2022-06-29 21:31:04,492] {logging_mixin.py:115} INFO - [2022-06-29 21:31:04,492] {dag.py:2915} INFO - Setting next_dagrun for example_bash_operator to 2022-06-28T00:00:00+00:00, run_after=2022-06-29T00:00:00+00:00
[2022-06-29 21:31:04,518] {processor.py:161} INFO - Processing /root/airflow_env/lib/python3.8/site-packages/airflow/example_dags/example_bash_operator.py took 0.055 seconds
[2022-06-29 21:32:51,672] {processor.py:153} INFO - Started process (PID=17737) to work on /root/airflow_env/lib/python3.8/site-packages/airflow/example_dags/example_bash_operator.py
[2022-06-29 21:32:51,674] {processor.py:641} INFO - Processing file /root/airflow_env/lib/python3.8/site-packages/airflow/example_dags/example_bash_operator.py for tasks to queue
[2022-06-29 21:32:51,675] {logging_mixin.py:115} INFO - [2022-06-29 21:32:51,675] {dagbag.py:507} INFO - Filling up the DagBag from /root/airflow_env/lib/python3.8/site-packages/airflow/example_dags/example_bash_operator.py
[2022-06-29 21:32:51,682] {processor.py:651} INFO - DAG(s) dict_keys(['example_bash_operator']) retrieved from /root/airflow_env/lib/python3.8/site-packages/airflow/example_dags/example_bash_operator.py
[2022-06-29 21:32:51,693] {logging_mixin.py:115} INFO - [2022-06-29 21:32:51,693] {dag.py:2371} INFO - Sync 1 DAGs
[2022-06-29 21:32:51,705] {logging_mixin.py:115} INFO - [2022-06-29 21:32:51,705] {dag.py:2915} INFO - Setting next_dagrun for example_bash_operator to 2022-06-28T00:00:00+00:00, run_after=2022-06-29T00:00:00+00:00
[2022-06-29 21:32:51,726] {processor.py:161} INFO - Processing /root/airflow_env/lib/python3.8/site-packages/airflow/example_dags/example_bash_operator.py took 0.056 seconds
[2022-06-29 22:56:25,279] {processor.py:153} INFO - Started process (PID=18775) to work on /root/airflow_env/lib/python3.8/site-packages/airflow/example_dags/example_bash_operator.py
[2022-06-29 22:56:25,279] {processor.py:641} INFO - Processing file /root/airflow_env/lib/python3.8/site-packages/airflow/example_dags/example_bash_operator.py for tasks to queue
[2022-06-29 22:56:25,280] {logging_mixin.py:115} INFO - [2022-06-29 22:56:25,280] {dagbag.py:507} INFO - Filling up the DagBag from /root/airflow_env/lib/python3.8/site-packages/airflow/example_dags/example_bash_operator.py
[2022-06-29 22:56:25,288] {processor.py:651} INFO - DAG(s) dict_keys(['example_bash_operator']) retrieved from /root/airflow_env/lib/python3.8/site-packages/airflow/example_dags/example_bash_operator.py
[2022-06-29 22:56:25,298] {logging_mixin.py:115} INFO - [2022-06-29 22:56:25,298] {dag.py:2371} INFO - Sync 1 DAGs
[2022-06-29 22:56:25,309] {logging_mixin.py:115} INFO - [2022-06-29 22:56:25,309] {dag.py:2915} INFO - Setting next_dagrun for example_bash_operator to 2022-06-28T00:00:00+00:00, run_after=2022-06-29T00:00:00+00:00
[2022-06-29 22:56:25,331] {processor.py:161} INFO - Processing /root/airflow_env/lib/python3.8/site-packages/airflow/example_dags/example_bash_operator.py took 0.054 seconds
