[2022-06-29 20:12:51,313] {processor.py:153} INFO - Started process (PID=2841) to work on /root/airflow_env/lib/python3.8/site-packages/airflow/example_dags/example_xcomargs.py
[2022-06-29 20:12:51,314] {processor.py:641} INFO - Processing file /root/airflow_env/lib/python3.8/site-packages/airflow/example_dags/example_xcomargs.py for tasks to queue
[2022-06-29 20:12:51,314] {logging_mixin.py:115} INFO - [2022-06-29 20:12:51,314] {dagbag.py:507} INFO - Filling up the DagBag from /root/airflow_env/lib/python3.8/site-packages/airflow/example_dags/example_xcomargs.py
[2022-06-29 20:12:51,331] {processor.py:651} INFO - DAG(s) dict_keys(['example_xcom_args', 'example_xcom_args_with_operators']) retrieved from /root/airflow_env/lib/python3.8/site-packages/airflow/example_dags/example_xcomargs.py
[2022-06-29 20:12:51,369] {logging_mixin.py:115} INFO - [2022-06-29 20:12:51,369] {dag.py:2371} INFO - Sync 2 DAGs
[2022-06-29 20:12:51,381] {logging_mixin.py:115} INFO - [2022-06-29 20:12:51,381] {dag.py:2915} INFO - Setting next_dagrun for example_xcom_args to None, run_after=None
[2022-06-29 20:12:51,381] {logging_mixin.py:115} INFO - [2022-06-29 20:12:51,381] {dag.py:2915} INFO - Setting next_dagrun for example_xcom_args_with_operators to None, run_after=None
[2022-06-29 20:12:51,401] {processor.py:161} INFO - Processing /root/airflow_env/lib/python3.8/site-packages/airflow/example_dags/example_xcomargs.py took 0.092 seconds
[2022-06-29 20:15:44,886] {processor.py:153} INFO - Started process (PID=3991) to work on /root/airflow_env/lib/python3.8/site-packages/airflow/example_dags/example_xcomargs.py
[2022-06-29 20:15:44,888] {processor.py:641} INFO - Processing file /root/airflow_env/lib/python3.8/site-packages/airflow/example_dags/example_xcomargs.py for tasks to queue
[2022-06-29 20:15:44,889] {logging_mixin.py:115} INFO - [2022-06-29 20:15:44,889] {dagbag.py:507} INFO - Filling up the DagBag from /root/airflow_env/lib/python3.8/site-packages/airflow/example_dags/example_xcomargs.py
[2022-06-29 20:15:44,921] {processor.py:651} INFO - DAG(s) dict_keys(['example_xcom_args', 'example_xcom_args_with_operators']) retrieved from /root/airflow_env/lib/python3.8/site-packages/airflow/example_dags/example_xcomargs.py
[2022-06-29 20:15:44,964] {logging_mixin.py:115} INFO - [2022-06-29 20:15:44,964] {dag.py:2371} INFO - Sync 2 DAGs
[2022-06-29 20:15:44,977] {logging_mixin.py:115} INFO - [2022-06-29 20:15:44,976] {dag.py:2915} INFO - Setting next_dagrun for example_xcom_args to None, run_after=None
[2022-06-29 20:15:44,977] {logging_mixin.py:115} INFO - [2022-06-29 20:15:44,977] {dag.py:2915} INFO - Setting next_dagrun for example_xcom_args_with_operators to None, run_after=None
[2022-06-29 20:15:45,000] {processor.py:161} INFO - Processing /root/airflow_env/lib/python3.8/site-packages/airflow/example_dags/example_xcomargs.py took 0.120 seconds
[2022-06-29 20:18:55,415] {processor.py:153} INFO - Started process (PID=5270) to work on /root/airflow_env/lib/python3.8/site-packages/airflow/example_dags/example_xcomargs.py
[2022-06-29 20:18:55,416] {processor.py:641} INFO - Processing file /root/airflow_env/lib/python3.8/site-packages/airflow/example_dags/example_xcomargs.py for tasks to queue
[2022-06-29 20:18:55,417] {logging_mixin.py:115} INFO - [2022-06-29 20:18:55,416] {dagbag.py:507} INFO - Filling up the DagBag from /root/airflow_env/lib/python3.8/site-packages/airflow/example_dags/example_xcomargs.py
[2022-06-29 20:18:55,442] {processor.py:651} INFO - DAG(s) dict_keys(['example_xcom_args', 'example_xcom_args_with_operators']) retrieved from /root/airflow_env/lib/python3.8/site-packages/airflow/example_dags/example_xcomargs.py
[2022-06-29 20:18:55,476] {logging_mixin.py:115} INFO - [2022-06-29 20:18:55,476] {dag.py:2371} INFO - Sync 2 DAGs
[2022-06-29 20:18:55,499] {logging_mixin.py:115} INFO - [2022-06-29 20:18:55,498] {dag.py:2915} INFO - Setting next_dagrun for example_xcom_args to None, run_after=None
[2022-06-29 20:18:55,499] {logging_mixin.py:115} INFO - [2022-06-29 20:18:55,499] {dag.py:2915} INFO - Setting next_dagrun for example_xcom_args_with_operators to None, run_after=None
[2022-06-29 20:18:55,530] {processor.py:161} INFO - Processing /root/airflow_env/lib/python3.8/site-packages/airflow/example_dags/example_xcomargs.py took 0.119 seconds
[2022-06-29 20:22:03,415] {processor.py:153} INFO - Started process (PID=6494) to work on /root/airflow_env/lib/python3.8/site-packages/airflow/example_dags/example_xcomargs.py
[2022-06-29 20:22:03,416] {processor.py:641} INFO - Processing file /root/airflow_env/lib/python3.8/site-packages/airflow/example_dags/example_xcomargs.py for tasks to queue
[2022-06-29 20:22:03,417] {logging_mixin.py:115} INFO - [2022-06-29 20:22:03,417] {dagbag.py:507} INFO - Filling up the DagBag from /root/airflow_env/lib/python3.8/site-packages/airflow/example_dags/example_xcomargs.py
[2022-06-29 20:22:03,436] {processor.py:651} INFO - DAG(s) dict_keys(['example_xcom_args', 'example_xcom_args_with_operators']) retrieved from /root/airflow_env/lib/python3.8/site-packages/airflow/example_dags/example_xcomargs.py
[2022-06-29 20:22:03,469] {logging_mixin.py:115} INFO - [2022-06-29 20:22:03,469] {dag.py:2371} INFO - Sync 2 DAGs
[2022-06-29 20:22:03,480] {logging_mixin.py:115} INFO - [2022-06-29 20:22:03,480] {dag.py:2915} INFO - Setting next_dagrun for example_xcom_args to None, run_after=None
[2022-06-29 20:22:03,480] {logging_mixin.py:115} INFO - [2022-06-29 20:22:03,480] {dag.py:2915} INFO - Setting next_dagrun for example_xcom_args_with_operators to None, run_after=None
[2022-06-29 20:22:03,502] {processor.py:161} INFO - Processing /root/airflow_env/lib/python3.8/site-packages/airflow/example_dags/example_xcomargs.py took 0.092 seconds
[2022-06-29 20:25:05,208] {processor.py:153} INFO - Started process (PID=7681) to work on /root/airflow_env/lib/python3.8/site-packages/airflow/example_dags/example_xcomargs.py
[2022-06-29 20:25:05,210] {processor.py:641} INFO - Processing file /root/airflow_env/lib/python3.8/site-packages/airflow/example_dags/example_xcomargs.py for tasks to queue
[2022-06-29 20:25:05,211] {logging_mixin.py:115} INFO - [2022-06-29 20:25:05,211] {dagbag.py:507} INFO - Filling up the DagBag from /root/airflow_env/lib/python3.8/site-packages/airflow/example_dags/example_xcomargs.py
[2022-06-29 20:25:05,243] {processor.py:651} INFO - DAG(s) dict_keys(['example_xcom_args', 'example_xcom_args_with_operators']) retrieved from /root/airflow_env/lib/python3.8/site-packages/airflow/example_dags/example_xcomargs.py
[2022-06-29 20:25:05,281] {logging_mixin.py:115} INFO - [2022-06-29 20:25:05,281] {dag.py:2371} INFO - Sync 2 DAGs
[2022-06-29 20:25:05,292] {logging_mixin.py:115} INFO - [2022-06-29 20:25:05,292] {dag.py:2915} INFO - Setting next_dagrun for example_xcom_args to None, run_after=None
[2022-06-29 20:25:05,292] {logging_mixin.py:115} INFO - [2022-06-29 20:25:05,292] {dag.py:2915} INFO - Setting next_dagrun for example_xcom_args_with_operators to None, run_after=None
[2022-06-29 20:25:05,314] {processor.py:161} INFO - Processing /root/airflow_env/lib/python3.8/site-packages/airflow/example_dags/example_xcomargs.py took 0.113 seconds
[2022-06-29 20:28:24,006] {processor.py:153} INFO - Started process (PID=8960) to work on /root/airflow_env/lib/python3.8/site-packages/airflow/example_dags/example_xcomargs.py
[2022-06-29 20:28:24,007] {processor.py:641} INFO - Processing file /root/airflow_env/lib/python3.8/site-packages/airflow/example_dags/example_xcomargs.py for tasks to queue
[2022-06-29 20:28:24,008] {logging_mixin.py:115} INFO - [2022-06-29 20:28:24,008] {dagbag.py:507} INFO - Filling up the DagBag from /root/airflow_env/lib/python3.8/site-packages/airflow/example_dags/example_xcomargs.py
[2022-06-29 20:28:24,043] {processor.py:651} INFO - DAG(s) dict_keys(['example_xcom_args', 'example_xcom_args_with_operators']) retrieved from /root/airflow_env/lib/python3.8/site-packages/airflow/example_dags/example_xcomargs.py
[2022-06-29 20:28:24,095] {logging_mixin.py:115} INFO - [2022-06-29 20:28:24,095] {dag.py:2371} INFO - Sync 2 DAGs
[2022-06-29 20:28:24,106] {logging_mixin.py:115} INFO - [2022-06-29 20:28:24,106] {dag.py:2915} INFO - Setting next_dagrun for example_xcom_args to None, run_after=None
[2022-06-29 20:28:24,106] {logging_mixin.py:115} INFO - [2022-06-29 20:28:24,106] {dag.py:2915} INFO - Setting next_dagrun for example_xcom_args_with_operators to None, run_after=None
[2022-06-29 20:28:24,137] {processor.py:161} INFO - Processing /root/airflow_env/lib/python3.8/site-packages/airflow/example_dags/example_xcomargs.py took 0.136 seconds
[2022-06-29 20:31:21,837] {processor.py:153} INFO - Started process (PID=10113) to work on /root/airflow_env/lib/python3.8/site-packages/airflow/example_dags/example_xcomargs.py
[2022-06-29 20:31:21,839] {processor.py:641} INFO - Processing file /root/airflow_env/lib/python3.8/site-packages/airflow/example_dags/example_xcomargs.py for tasks to queue
[2022-06-29 20:31:21,841] {logging_mixin.py:115} INFO - [2022-06-29 20:31:21,840] {dagbag.py:507} INFO - Filling up the DagBag from /root/airflow_env/lib/python3.8/site-packages/airflow/example_dags/example_xcomargs.py
[2022-06-29 20:31:21,874] {processor.py:651} INFO - DAG(s) dict_keys(['example_xcom_args', 'example_xcom_args_with_operators']) retrieved from /root/airflow_env/lib/python3.8/site-packages/airflow/example_dags/example_xcomargs.py
[2022-06-29 20:31:21,958] {logging_mixin.py:115} INFO - [2022-06-29 20:31:21,958] {dag.py:2371} INFO - Sync 2 DAGs
[2022-06-29 20:31:21,970] {logging_mixin.py:115} INFO - [2022-06-29 20:31:21,970] {dag.py:2915} INFO - Setting next_dagrun for example_xcom_args to None, run_after=None
[2022-06-29 20:31:21,970] {logging_mixin.py:115} INFO - [2022-06-29 20:31:21,970] {dag.py:2915} INFO - Setting next_dagrun for example_xcom_args_with_operators to None, run_after=None
[2022-06-29 20:31:22,039] {processor.py:161} INFO - Processing /root/airflow_env/lib/python3.8/site-packages/airflow/example_dags/example_xcomargs.py took 0.208 seconds
[2022-06-29 21:23:02,175] {processor.py:153} INFO - Started process (PID=12104) to work on /root/airflow_env/lib/python3.8/site-packages/airflow/example_dags/example_xcomargs.py
[2022-06-29 21:23:02,176] {processor.py:641} INFO - Processing file /root/airflow_env/lib/python3.8/site-packages/airflow/example_dags/example_xcomargs.py for tasks to queue
[2022-06-29 21:23:02,177] {logging_mixin.py:115} INFO - [2022-06-29 21:23:02,177] {dagbag.py:507} INFO - Filling up the DagBag from /root/airflow_env/lib/python3.8/site-packages/airflow/example_dags/example_xcomargs.py
[2022-06-29 21:23:02,190] {processor.py:651} INFO - DAG(s) dict_keys(['example_xcom_args', 'example_xcom_args_with_operators']) retrieved from /root/airflow_env/lib/python3.8/site-packages/airflow/example_dags/example_xcomargs.py
[2022-06-29 21:23:02,215] {logging_mixin.py:115} INFO - [2022-06-29 21:23:02,215] {dag.py:2371} INFO - Sync 2 DAGs
[2022-06-29 21:23:02,224] {logging_mixin.py:115} INFO - [2022-06-29 21:23:02,224] {dag.py:2915} INFO - Setting next_dagrun for example_xcom_args to None, run_after=None
[2022-06-29 21:23:02,224] {logging_mixin.py:115} INFO - [2022-06-29 21:23:02,224] {dag.py:2915} INFO - Setting next_dagrun for example_xcom_args_with_operators to None, run_after=None
[2022-06-29 21:23:02,249] {processor.py:161} INFO - Processing /root/airflow_env/lib/python3.8/site-packages/airflow/example_dags/example_xcomargs.py took 0.075 seconds
[2022-06-29 21:24:53,700] {processor.py:153} INFO - Started process (PID=13158) to work on /root/airflow_env/lib/python3.8/site-packages/airflow/example_dags/example_xcomargs.py
[2022-06-29 21:24:53,702] {processor.py:641} INFO - Processing file /root/airflow_env/lib/python3.8/site-packages/airflow/example_dags/example_xcomargs.py for tasks to queue
[2022-06-29 21:24:53,703] {logging_mixin.py:115} INFO - [2022-06-29 21:24:53,703] {dagbag.py:507} INFO - Filling up the DagBag from /root/airflow_env/lib/python3.8/site-packages/airflow/example_dags/example_xcomargs.py
[2022-06-29 21:24:53,713] {processor.py:651} INFO - DAG(s) dict_keys(['example_xcom_args', 'example_xcom_args_with_operators']) retrieved from /root/airflow_env/lib/python3.8/site-packages/airflow/example_dags/example_xcomargs.py
[2022-06-29 21:24:53,742] {logging_mixin.py:115} INFO - [2022-06-29 21:24:53,741] {dag.py:2371} INFO - Sync 2 DAGs
[2022-06-29 21:24:53,751] {logging_mixin.py:115} INFO - [2022-06-29 21:24:53,751] {dag.py:2915} INFO - Setting next_dagrun for example_xcom_args to None, run_after=None
[2022-06-29 21:24:53,751] {logging_mixin.py:115} INFO - [2022-06-29 21:24:53,751] {dag.py:2915} INFO - Setting next_dagrun for example_xcom_args_with_operators to None, run_after=None
[2022-06-29 21:24:53,774] {processor.py:161} INFO - Processing /root/airflow_env/lib/python3.8/site-packages/airflow/example_dags/example_xcomargs.py took 0.076 seconds
[2022-06-29 21:26:47,053] {processor.py:153} INFO - Started process (PID=14213) to work on /root/airflow_env/lib/python3.8/site-packages/airflow/example_dags/example_xcomargs.py
[2022-06-29 21:26:47,056] {processor.py:641} INFO - Processing file /root/airflow_env/lib/python3.8/site-packages/airflow/example_dags/example_xcomargs.py for tasks to queue
[2022-06-29 21:26:47,057] {logging_mixin.py:115} INFO - [2022-06-29 21:26:47,057] {dagbag.py:507} INFO - Filling up the DagBag from /root/airflow_env/lib/python3.8/site-packages/airflow/example_dags/example_xcomargs.py
[2022-06-29 21:26:47,069] {processor.py:651} INFO - DAG(s) dict_keys(['example_xcom_args', 'example_xcom_args_with_operators']) retrieved from /root/airflow_env/lib/python3.8/site-packages/airflow/example_dags/example_xcomargs.py
[2022-06-29 21:26:47,097] {logging_mixin.py:115} INFO - [2022-06-29 21:26:47,097] {dag.py:2371} INFO - Sync 2 DAGs
[2022-06-29 21:26:47,107] {logging_mixin.py:115} INFO - [2022-06-29 21:26:47,107] {dag.py:2915} INFO - Setting next_dagrun for example_xcom_args to None, run_after=None
[2022-06-29 21:26:47,107] {logging_mixin.py:115} INFO - [2022-06-29 21:26:47,107] {dag.py:2915} INFO - Setting next_dagrun for example_xcom_args_with_operators to None, run_after=None
[2022-06-29 21:26:47,130] {processor.py:161} INFO - Processing /root/airflow_env/lib/python3.8/site-packages/airflow/example_dags/example_xcomargs.py took 0.079 seconds
[2022-06-29 21:28:40,687] {processor.py:153} INFO - Started process (PID=15267) to work on /root/airflow_env/lib/python3.8/site-packages/airflow/example_dags/example_xcomargs.py
[2022-06-29 21:28:40,689] {processor.py:641} INFO - Processing file /root/airflow_env/lib/python3.8/site-packages/airflow/example_dags/example_xcomargs.py for tasks to queue
[2022-06-29 21:28:40,689] {logging_mixin.py:115} INFO - [2022-06-29 21:28:40,689] {dagbag.py:507} INFO - Filling up the DagBag from /root/airflow_env/lib/python3.8/site-packages/airflow/example_dags/example_xcomargs.py
[2022-06-29 21:28:40,703] {processor.py:651} INFO - DAG(s) dict_keys(['example_xcom_args', 'example_xcom_args_with_operators']) retrieved from /root/airflow_env/lib/python3.8/site-packages/airflow/example_dags/example_xcomargs.py
[2022-06-29 21:28:40,730] {logging_mixin.py:115} INFO - [2022-06-29 21:28:40,730] {dag.py:2371} INFO - Sync 2 DAGs
[2022-06-29 21:28:40,738] {logging_mixin.py:115} INFO - [2022-06-29 21:28:40,738] {dag.py:2915} INFO - Setting next_dagrun for example_xcom_args to None, run_after=None
[2022-06-29 21:28:40,738] {logging_mixin.py:115} INFO - [2022-06-29 21:28:40,738] {dag.py:2915} INFO - Setting next_dagrun for example_xcom_args_with_operators to None, run_after=None
[2022-06-29 21:28:40,760] {processor.py:161} INFO - Processing /root/airflow_env/lib/python3.8/site-packages/airflow/example_dags/example_xcomargs.py took 0.076 seconds
[2022-06-29 21:30:16,602] {processor.py:153} INFO - Started process (PID=16231) to work on /root/airflow_env/lib/python3.8/site-packages/airflow/example_dags/example_xcomargs.py
[2022-06-29 21:30:16,603] {processor.py:641} INFO - Processing file /root/airflow_env/lib/python3.8/site-packages/airflow/example_dags/example_xcomargs.py for tasks to queue
[2022-06-29 21:30:16,603] {logging_mixin.py:115} INFO - [2022-06-29 21:30:16,603] {dagbag.py:507} INFO - Filling up the DagBag from /root/airflow_env/lib/python3.8/site-packages/airflow/example_dags/example_xcomargs.py
[2022-06-29 21:30:16,614] {processor.py:651} INFO - DAG(s) dict_keys(['example_xcom_args', 'example_xcom_args_with_operators']) retrieved from /root/airflow_env/lib/python3.8/site-packages/airflow/example_dags/example_xcomargs.py
[2022-06-29 21:30:16,638] {logging_mixin.py:115} INFO - [2022-06-29 21:30:16,638] {dag.py:2371} INFO - Sync 2 DAGs
[2022-06-29 21:30:16,646] {logging_mixin.py:115} INFO - [2022-06-29 21:30:16,646] {dag.py:2915} INFO - Setting next_dagrun for example_xcom_args to None, run_after=None
[2022-06-29 21:30:16,646] {logging_mixin.py:115} INFO - [2022-06-29 21:30:16,646] {dag.py:2915} INFO - Setting next_dagrun for example_xcom_args_with_operators to None, run_after=None
[2022-06-29 21:30:16,668] {processor.py:161} INFO - Processing /root/airflow_env/lib/python3.8/site-packages/airflow/example_dags/example_xcomargs.py took 0.068 seconds
[2022-06-29 21:31:52,666] {processor.py:153} INFO - Started process (PID=17172) to work on /root/airflow_env/lib/python3.8/site-packages/airflow/example_dags/example_xcomargs.py
[2022-06-29 21:31:52,667] {processor.py:641} INFO - Processing file /root/airflow_env/lib/python3.8/site-packages/airflow/example_dags/example_xcomargs.py for tasks to queue
[2022-06-29 21:31:52,667] {logging_mixin.py:115} INFO - [2022-06-29 21:31:52,667] {dagbag.py:507} INFO - Filling up the DagBag from /root/airflow_env/lib/python3.8/site-packages/airflow/example_dags/example_xcomargs.py
[2022-06-29 21:31:52,679] {processor.py:651} INFO - DAG(s) dict_keys(['example_xcom_args', 'example_xcom_args_with_operators']) retrieved from /root/airflow_env/lib/python3.8/site-packages/airflow/example_dags/example_xcomargs.py
[2022-06-29 21:31:52,705] {logging_mixin.py:115} INFO - [2022-06-29 21:31:52,704] {dag.py:2371} INFO - Sync 2 DAGs
[2022-06-29 21:31:52,713] {logging_mixin.py:115} INFO - [2022-06-29 21:31:52,713] {dag.py:2915} INFO - Setting next_dagrun for example_xcom_args to None, run_after=None
[2022-06-29 21:31:52,713] {logging_mixin.py:115} INFO - [2022-06-29 21:31:52,713] {dag.py:2915} INFO - Setting next_dagrun for example_xcom_args_with_operators to None, run_after=None
[2022-06-29 21:31:52,735] {processor.py:161} INFO - Processing /root/airflow_env/lib/python3.8/site-packages/airflow/example_dags/example_xcomargs.py took 0.071 seconds
[2022-06-29 21:33:40,079] {processor.py:153} INFO - Started process (PID=18190) to work on /root/airflow_env/lib/python3.8/site-packages/airflow/example_dags/example_xcomargs.py
[2022-06-29 21:33:40,080] {processor.py:641} INFO - Processing file /root/airflow_env/lib/python3.8/site-packages/airflow/example_dags/example_xcomargs.py for tasks to queue
[2022-06-29 21:33:40,081] {logging_mixin.py:115} INFO - [2022-06-29 21:33:40,081] {dagbag.py:507} INFO - Filling up the DagBag from /root/airflow_env/lib/python3.8/site-packages/airflow/example_dags/example_xcomargs.py
[2022-06-29 21:33:40,094] {processor.py:651} INFO - DAG(s) dict_keys(['example_xcom_args', 'example_xcom_args_with_operators']) retrieved from /root/airflow_env/lib/python3.8/site-packages/airflow/example_dags/example_xcomargs.py
[2022-06-29 21:33:40,119] {logging_mixin.py:115} INFO - [2022-06-29 21:33:40,119] {dag.py:2371} INFO - Sync 2 DAGs
[2022-06-29 21:33:40,127] {logging_mixin.py:115} INFO - [2022-06-29 21:33:40,127] {dag.py:2915} INFO - Setting next_dagrun for example_xcom_args to None, run_after=None
[2022-06-29 21:33:40,127] {logging_mixin.py:115} INFO - [2022-06-29 21:33:40,127] {dag.py:2915} INFO - Setting next_dagrun for example_xcom_args_with_operators to None, run_after=None
[2022-06-29 21:33:40,147] {processor.py:161} INFO - Processing /root/airflow_env/lib/python3.8/site-packages/airflow/example_dags/example_xcomargs.py took 0.069 seconds
