[2022-06-29 20:11:39,400] {processor.py:153} INFO - Started process (PID=2389) to work on /root/airflow_env/lib/python3.8/site-packages/airflow/example_dags/tutorial_taskflow_api_etl.py
[2022-06-29 20:11:39,401] {processor.py:641} INFO - Processing file /root/airflow_env/lib/python3.8/site-packages/airflow/example_dags/tutorial_taskflow_api_etl.py for tasks to queue
[2022-06-29 20:11:39,401] {logging_mixin.py:115} INFO - [2022-06-29 20:11:39,401] {dagbag.py:507} INFO - Filling up the DagBag from /root/airflow_env/lib/python3.8/site-packages/airflow/example_dags/tutorial_taskflow_api_etl.py
[2022-06-29 20:11:39,423] {processor.py:651} INFO - DAG(s) dict_keys(['tutorial_taskflow_api_etl']) retrieved from /root/airflow_env/lib/python3.8/site-packages/airflow/example_dags/tutorial_taskflow_api_etl.py
[2022-06-29 20:11:39,460] {logging_mixin.py:115} INFO - [2022-06-29 20:11:39,460] {dag.py:2371} INFO - Sync 1 DAGs
[2022-06-29 20:11:39,473] {logging_mixin.py:115} INFO - [2022-06-29 20:11:39,473] {dag.py:2915} INFO - Setting next_dagrun for tutorial_taskflow_api_etl to None, run_after=None
[2022-06-29 20:11:39,498] {processor.py:161} INFO - Processing /root/airflow_env/lib/python3.8/site-packages/airflow/example_dags/tutorial_taskflow_api_etl.py took 0.102 seconds
[2022-06-29 20:13:43,407] {processor.py:153} INFO - Started process (PID=3180) to work on /root/airflow_env/lib/python3.8/site-packages/airflow/example_dags/tutorial_taskflow_api_etl.py
[2022-06-29 20:13:43,409] {processor.py:641} INFO - Processing file /root/airflow_env/lib/python3.8/site-packages/airflow/example_dags/tutorial_taskflow_api_etl.py for tasks to queue
[2022-06-29 20:13:43,410] {logging_mixin.py:115} INFO - [2022-06-29 20:13:43,410] {dagbag.py:507} INFO - Filling up the DagBag from /root/airflow_env/lib/python3.8/site-packages/airflow/example_dags/tutorial_taskflow_api_etl.py
[2022-06-29 20:13:43,441] {processor.py:651} INFO - DAG(s) dict_keys(['tutorial_taskflow_api_etl']) retrieved from /root/airflow_env/lib/python3.8/site-packages/airflow/example_dags/tutorial_taskflow_api_etl.py
[2022-06-29 20:13:43,506] {logging_mixin.py:115} INFO - [2022-06-29 20:13:43,506] {dag.py:2371} INFO - Sync 1 DAGs
[2022-06-29 20:13:43,518] {logging_mixin.py:115} INFO - [2022-06-29 20:13:43,518] {dag.py:2915} INFO - Setting next_dagrun for tutorial_taskflow_api_etl to None, run_after=None
[2022-06-29 20:13:43,542] {processor.py:161} INFO - Processing /root/airflow_env/lib/python3.8/site-packages/airflow/example_dags/tutorial_taskflow_api_etl.py took 0.140 seconds
[2022-06-29 20:15:09,951] {processor.py:153} INFO - Started process (PID=3764) to work on /root/airflow_env/lib/python3.8/site-packages/airflow/example_dags/tutorial_taskflow_api_etl.py
[2022-06-29 20:15:09,952] {processor.py:641} INFO - Processing file /root/airflow_env/lib/python3.8/site-packages/airflow/example_dags/tutorial_taskflow_api_etl.py for tasks to queue
[2022-06-29 20:15:09,953] {logging_mixin.py:115} INFO - [2022-06-29 20:15:09,953] {dagbag.py:507} INFO - Filling up the DagBag from /root/airflow_env/lib/python3.8/site-packages/airflow/example_dags/tutorial_taskflow_api_etl.py
[2022-06-29 20:15:09,975] {processor.py:651} INFO - DAG(s) dict_keys(['tutorial_taskflow_api_etl']) retrieved from /root/airflow_env/lib/python3.8/site-packages/airflow/example_dags/tutorial_taskflow_api_etl.py
[2022-06-29 20:15:10,027] {logging_mixin.py:115} INFO - [2022-06-29 20:15:10,027] {dag.py:2371} INFO - Sync 1 DAGs
[2022-06-29 20:15:10,042] {logging_mixin.py:115} INFO - [2022-06-29 20:15:10,042] {dag.py:2915} INFO - Setting next_dagrun for tutorial_taskflow_api_etl to None, run_after=None
[2022-06-29 20:15:10,067] {processor.py:161} INFO - Processing /root/airflow_env/lib/python3.8/site-packages/airflow/example_dags/tutorial_taskflow_api_etl.py took 0.121 seconds
[2022-06-29 20:16:40,166] {processor.py:153} INFO - Started process (PID=4366) to work on /root/airflow_env/lib/python3.8/site-packages/airflow/example_dags/tutorial_taskflow_api_etl.py
[2022-06-29 20:16:40,203] {processor.py:641} INFO - Processing file /root/airflow_env/lib/python3.8/site-packages/airflow/example_dags/tutorial_taskflow_api_etl.py for tasks to queue
[2022-06-29 20:16:40,205] {logging_mixin.py:115} INFO - [2022-06-29 20:16:40,204] {dagbag.py:507} INFO - Filling up the DagBag from /root/airflow_env/lib/python3.8/site-packages/airflow/example_dags/tutorial_taskflow_api_etl.py
[2022-06-29 20:16:40,239] {processor.py:651} INFO - DAG(s) dict_keys(['tutorial_taskflow_api_etl']) retrieved from /root/airflow_env/lib/python3.8/site-packages/airflow/example_dags/tutorial_taskflow_api_etl.py
[2022-06-29 20:16:40,282] {logging_mixin.py:115} INFO - [2022-06-29 20:16:40,282] {dag.py:2371} INFO - Sync 1 DAGs
[2022-06-29 20:16:40,295] {logging_mixin.py:115} INFO - [2022-06-29 20:16:40,295] {dag.py:2915} INFO - Setting next_dagrun for tutorial_taskflow_api_etl to None, run_after=None
[2022-06-29 20:16:40,324] {processor.py:161} INFO - Processing /root/airflow_env/lib/python3.8/site-packages/airflow/example_dags/tutorial_taskflow_api_etl.py took 0.160 seconds
[2022-06-29 20:18:14,834] {processor.py:153} INFO - Started process (PID=4988) to work on /root/airflow_env/lib/python3.8/site-packages/airflow/example_dags/tutorial_taskflow_api_etl.py
[2022-06-29 20:18:14,836] {processor.py:641} INFO - Processing file /root/airflow_env/lib/python3.8/site-packages/airflow/example_dags/tutorial_taskflow_api_etl.py for tasks to queue
[2022-06-29 20:18:14,837] {logging_mixin.py:115} INFO - [2022-06-29 20:18:14,837] {dagbag.py:507} INFO - Filling up the DagBag from /root/airflow_env/lib/python3.8/site-packages/airflow/example_dags/tutorial_taskflow_api_etl.py
[2022-06-29 20:18:14,865] {processor.py:651} INFO - DAG(s) dict_keys(['tutorial_taskflow_api_etl']) retrieved from /root/airflow_env/lib/python3.8/site-packages/airflow/example_dags/tutorial_taskflow_api_etl.py
[2022-06-29 20:18:14,878] {logging_mixin.py:115} INFO - [2022-06-29 20:18:14,878] {dag.py:2371} INFO - Sync 1 DAGs
[2022-06-29 20:18:14,891] {logging_mixin.py:115} INFO - [2022-06-29 20:18:14,891] {dag.py:2915} INFO - Setting next_dagrun for tutorial_taskflow_api_etl to None, run_after=None
[2022-06-29 20:18:14,911] {processor.py:161} INFO - Processing /root/airflow_env/lib/python3.8/site-packages/airflow/example_dags/tutorial_taskflow_api_etl.py took 0.083 seconds
[2022-06-29 20:19:46,937] {processor.py:153} INFO - Started process (PID=5609) to work on /root/airflow_env/lib/python3.8/site-packages/airflow/example_dags/tutorial_taskflow_api_etl.py
[2022-06-29 20:19:46,978] {processor.py:641} INFO - Processing file /root/airflow_env/lib/python3.8/site-packages/airflow/example_dags/tutorial_taskflow_api_etl.py for tasks to queue
[2022-06-29 20:19:46,979] {logging_mixin.py:115} INFO - [2022-06-29 20:19:46,979] {dagbag.py:507} INFO - Filling up the DagBag from /root/airflow_env/lib/python3.8/site-packages/airflow/example_dags/tutorial_taskflow_api_etl.py
[2022-06-29 20:19:47,013] {processor.py:651} INFO - DAG(s) dict_keys(['tutorial_taskflow_api_etl']) retrieved from /root/airflow_env/lib/python3.8/site-packages/airflow/example_dags/tutorial_taskflow_api_etl.py
[2022-06-29 20:19:47,068] {logging_mixin.py:115} INFO - [2022-06-29 20:19:47,067] {dag.py:2371} INFO - Sync 1 DAGs
[2022-06-29 20:19:47,093] {logging_mixin.py:115} INFO - [2022-06-29 20:19:47,093] {dag.py:2915} INFO - Setting next_dagrun for tutorial_taskflow_api_etl to None, run_after=None
[2022-06-29 20:19:47,124] {processor.py:161} INFO - Processing /root/airflow_env/lib/python3.8/site-packages/airflow/example_dags/tutorial_taskflow_api_etl.py took 0.193 seconds
[2022-06-29 20:21:18,901] {processor.py:153} INFO - Started process (PID=6211) to work on /root/airflow_env/lib/python3.8/site-packages/airflow/example_dags/tutorial_taskflow_api_etl.py
[2022-06-29 20:21:18,903] {processor.py:641} INFO - Processing file /root/airflow_env/lib/python3.8/site-packages/airflow/example_dags/tutorial_taskflow_api_etl.py for tasks to queue
[2022-06-29 20:21:18,904] {logging_mixin.py:115} INFO - [2022-06-29 20:21:18,904] {dagbag.py:507} INFO - Filling up the DagBag from /root/airflow_env/lib/python3.8/site-packages/airflow/example_dags/tutorial_taskflow_api_etl.py
[2022-06-29 20:21:18,938] {processor.py:651} INFO - DAG(s) dict_keys(['tutorial_taskflow_api_etl']) retrieved from /root/airflow_env/lib/python3.8/site-packages/airflow/example_dags/tutorial_taskflow_api_etl.py
[2022-06-29 20:21:19,007] {logging_mixin.py:115} INFO - [2022-06-29 20:21:19,007] {dag.py:2371} INFO - Sync 1 DAGs
[2022-06-29 20:21:19,026] {logging_mixin.py:115} INFO - [2022-06-29 20:21:19,026] {dag.py:2915} INFO - Setting next_dagrun for tutorial_taskflow_api_etl to None, run_after=None
[2022-06-29 20:21:19,111] {processor.py:161} INFO - Processing /root/airflow_env/lib/python3.8/site-packages/airflow/example_dags/tutorial_taskflow_api_etl.py took 0.216 seconds
[2022-06-29 20:22:55,036] {processor.py:153} INFO - Started process (PID=6833) to work on /root/airflow_env/lib/python3.8/site-packages/airflow/example_dags/tutorial_taskflow_api_etl.py
[2022-06-29 20:22:55,038] {processor.py:641} INFO - Processing file /root/airflow_env/lib/python3.8/site-packages/airflow/example_dags/tutorial_taskflow_api_etl.py for tasks to queue
[2022-06-29 20:22:55,039] {logging_mixin.py:115} INFO - [2022-06-29 20:22:55,039] {dagbag.py:507} INFO - Filling up the DagBag from /root/airflow_env/lib/python3.8/site-packages/airflow/example_dags/tutorial_taskflow_api_etl.py
[2022-06-29 20:22:55,069] {processor.py:651} INFO - DAG(s) dict_keys(['tutorial_taskflow_api_etl']) retrieved from /root/airflow_env/lib/python3.8/site-packages/airflow/example_dags/tutorial_taskflow_api_etl.py
[2022-06-29 20:22:55,121] {logging_mixin.py:115} INFO - [2022-06-29 20:22:55,120] {dag.py:2371} INFO - Sync 1 DAGs
[2022-06-29 20:22:55,131] {logging_mixin.py:115} INFO - [2022-06-29 20:22:55,131] {dag.py:2915} INFO - Setting next_dagrun for tutorial_taskflow_api_etl to None, run_after=None
[2022-06-29 20:22:55,153] {processor.py:161} INFO - Processing /root/airflow_env/lib/python3.8/site-packages/airflow/example_dags/tutorial_taskflow_api_etl.py took 0.123 seconds
[2022-06-29 20:24:29,485] {processor.py:153} INFO - Started process (PID=7454) to work on /root/airflow_env/lib/python3.8/site-packages/airflow/example_dags/tutorial_taskflow_api_etl.py
[2022-06-29 20:24:29,487] {processor.py:641} INFO - Processing file /root/airflow_env/lib/python3.8/site-packages/airflow/example_dags/tutorial_taskflow_api_etl.py for tasks to queue
[2022-06-29 20:24:29,488] {logging_mixin.py:115} INFO - [2022-06-29 20:24:29,488] {dagbag.py:507} INFO - Filling up the DagBag from /root/airflow_env/lib/python3.8/site-packages/airflow/example_dags/tutorial_taskflow_api_etl.py
[2022-06-29 20:24:29,523] {processor.py:651} INFO - DAG(s) dict_keys(['tutorial_taskflow_api_etl']) retrieved from /root/airflow_env/lib/python3.8/site-packages/airflow/example_dags/tutorial_taskflow_api_etl.py
[2022-06-29 20:24:29,579] {logging_mixin.py:115} INFO - [2022-06-29 20:24:29,579] {dag.py:2371} INFO - Sync 1 DAGs
[2022-06-29 20:24:29,598] {logging_mixin.py:115} INFO - [2022-06-29 20:24:29,598] {dag.py:2915} INFO - Setting next_dagrun for tutorial_taskflow_api_etl to None, run_after=None
[2022-06-29 20:24:29,622] {processor.py:161} INFO - Processing /root/airflow_env/lib/python3.8/site-packages/airflow/example_dags/tutorial_taskflow_api_etl.py took 0.142 seconds
[2022-06-29 20:26:00,919] {processor.py:153} INFO - Started process (PID=8056) to work on /root/airflow_env/lib/python3.8/site-packages/airflow/example_dags/tutorial_taskflow_api_etl.py
[2022-06-29 20:26:00,959] {processor.py:641} INFO - Processing file /root/airflow_env/lib/python3.8/site-packages/airflow/example_dags/tutorial_taskflow_api_etl.py for tasks to queue
[2022-06-29 20:26:00,960] {logging_mixin.py:115} INFO - [2022-06-29 20:26:00,960] {dagbag.py:507} INFO - Filling up the DagBag from /root/airflow_env/lib/python3.8/site-packages/airflow/example_dags/tutorial_taskflow_api_etl.py
[2022-06-29 20:26:00,986] {processor.py:651} INFO - DAG(s) dict_keys(['tutorial_taskflow_api_etl']) retrieved from /root/airflow_env/lib/python3.8/site-packages/airflow/example_dags/tutorial_taskflow_api_etl.py
[2022-06-29 20:26:01,030] {logging_mixin.py:115} INFO - [2022-06-29 20:26:01,030] {dag.py:2371} INFO - Sync 1 DAGs
[2022-06-29 20:26:01,049] {logging_mixin.py:115} INFO - [2022-06-29 20:26:01,049] {dag.py:2915} INFO - Setting next_dagrun for tutorial_taskflow_api_etl to None, run_after=None
[2022-06-29 20:26:01,074] {processor.py:161} INFO - Processing /root/airflow_env/lib/python3.8/site-packages/airflow/example_dags/tutorial_taskflow_api_etl.py took 0.162 seconds
[2022-06-29 20:27:40,264] {processor.py:153} INFO - Started process (PID=8678) to work on /root/airflow_env/lib/python3.8/site-packages/airflow/example_dags/tutorial_taskflow_api_etl.py
[2022-06-29 20:27:40,266] {processor.py:641} INFO - Processing file /root/airflow_env/lib/python3.8/site-packages/airflow/example_dags/tutorial_taskflow_api_etl.py for tasks to queue
[2022-06-29 20:27:40,267] {logging_mixin.py:115} INFO - [2022-06-29 20:27:40,267] {dagbag.py:507} INFO - Filling up the DagBag from /root/airflow_env/lib/python3.8/site-packages/airflow/example_dags/tutorial_taskflow_api_etl.py
[2022-06-29 20:27:40,282] {processor.py:651} INFO - DAG(s) dict_keys(['tutorial_taskflow_api_etl']) retrieved from /root/airflow_env/lib/python3.8/site-packages/airflow/example_dags/tutorial_taskflow_api_etl.py
[2022-06-29 20:27:40,317] {logging_mixin.py:115} INFO - [2022-06-29 20:27:40,317] {dag.py:2371} INFO - Sync 1 DAGs
[2022-06-29 20:27:40,328] {logging_mixin.py:115} INFO - [2022-06-29 20:27:40,328] {dag.py:2915} INFO - Setting next_dagrun for tutorial_taskflow_api_etl to None, run_after=None
[2022-06-29 20:27:40,349] {processor.py:161} INFO - Processing /root/airflow_env/lib/python3.8/site-packages/airflow/example_dags/tutorial_taskflow_api_etl.py took 0.090 seconds
[2022-06-29 20:29:20,462] {processor.py:153} INFO - Started process (PID=9299) to work on /root/airflow_env/lib/python3.8/site-packages/airflow/example_dags/tutorial_taskflow_api_etl.py
[2022-06-29 20:29:20,462] {processor.py:641} INFO - Processing file /root/airflow_env/lib/python3.8/site-packages/airflow/example_dags/tutorial_taskflow_api_etl.py for tasks to queue
[2022-06-29 20:29:20,463] {logging_mixin.py:115} INFO - [2022-06-29 20:29:20,463] {dagbag.py:507} INFO - Filling up the DagBag from /root/airflow_env/lib/python3.8/site-packages/airflow/example_dags/tutorial_taskflow_api_etl.py
[2022-06-29 20:29:20,482] {processor.py:651} INFO - DAG(s) dict_keys(['tutorial_taskflow_api_etl']) retrieved from /root/airflow_env/lib/python3.8/site-packages/airflow/example_dags/tutorial_taskflow_api_etl.py
[2022-06-29 20:29:20,502] {logging_mixin.py:115} INFO - [2022-06-29 20:29:20,502] {dag.py:2371} INFO - Sync 1 DAGs
[2022-06-29 20:29:20,533] {logging_mixin.py:115} INFO - [2022-06-29 20:29:20,533] {dag.py:2915} INFO - Setting next_dagrun for tutorial_taskflow_api_etl to None, run_after=None
[2022-06-29 20:29:20,566] {processor.py:161} INFO - Processing /root/airflow_env/lib/python3.8/site-packages/airflow/example_dags/tutorial_taskflow_api_etl.py took 0.109 seconds
[2022-06-29 20:30:47,002] {processor.py:153} INFO - Started process (PID=9866) to work on /root/airflow_env/lib/python3.8/site-packages/airflow/example_dags/tutorial_taskflow_api_etl.py
[2022-06-29 20:30:47,004] {processor.py:641} INFO - Processing file /root/airflow_env/lib/python3.8/site-packages/airflow/example_dags/tutorial_taskflow_api_etl.py for tasks to queue
[2022-06-29 20:30:47,005] {logging_mixin.py:115} INFO - [2022-06-29 20:30:47,005] {dagbag.py:507} INFO - Filling up the DagBag from /root/airflow_env/lib/python3.8/site-packages/airflow/example_dags/tutorial_taskflow_api_etl.py
[2022-06-29 20:30:47,025] {processor.py:651} INFO - DAG(s) dict_keys(['tutorial_taskflow_api_etl']) retrieved from /root/airflow_env/lib/python3.8/site-packages/airflow/example_dags/tutorial_taskflow_api_etl.py
[2022-06-29 20:30:47,053] {logging_mixin.py:115} INFO - [2022-06-29 20:30:47,053] {dag.py:2371} INFO - Sync 1 DAGs
[2022-06-29 20:30:47,072] {logging_mixin.py:115} INFO - [2022-06-29 20:30:47,072] {dag.py:2915} INFO - Setting next_dagrun for tutorial_taskflow_api_etl to None, run_after=None
[2022-06-29 20:30:47,096] {processor.py:161} INFO - Processing /root/airflow_env/lib/python3.8/site-packages/airflow/example_dags/tutorial_taskflow_api_etl.py took 0.097 seconds
[2022-06-29 20:32:04,380] {processor.py:153} INFO - Started process (PID=10398) to work on /root/airflow_env/lib/python3.8/site-packages/airflow/example_dags/tutorial_taskflow_api_etl.py
[2022-06-29 20:32:04,421] {processor.py:641} INFO - Processing file /root/airflow_env/lib/python3.8/site-packages/airflow/example_dags/tutorial_taskflow_api_etl.py for tasks to queue
[2022-06-29 20:32:04,422] {logging_mixin.py:115} INFO - [2022-06-29 20:32:04,422] {dagbag.py:507} INFO - Filling up the DagBag from /root/airflow_env/lib/python3.8/site-packages/airflow/example_dags/tutorial_taskflow_api_etl.py
[2022-06-29 20:32:04,449] {processor.py:651} INFO - DAG(s) dict_keys(['tutorial_taskflow_api_etl']) retrieved from /root/airflow_env/lib/python3.8/site-packages/airflow/example_dags/tutorial_taskflow_api_etl.py
[2022-06-29 20:32:04,498] {logging_mixin.py:115} INFO - [2022-06-29 20:32:04,498] {dag.py:2371} INFO - Sync 1 DAGs
[2022-06-29 20:32:04,512] {logging_mixin.py:115} INFO - [2022-06-29 20:32:04,512] {dag.py:2915} INFO - Setting next_dagrun for tutorial_taskflow_api_etl to None, run_after=None
[2022-06-29 20:32:04,540] {processor.py:161} INFO - Processing /root/airflow_env/lib/python3.8/site-packages/airflow/example_dags/tutorial_taskflow_api_etl.py took 0.165 seconds
[2022-06-29 21:22:14,243] {processor.py:153} INFO - Started process (PID=11652) to work on /root/airflow_env/lib/python3.8/site-packages/airflow/example_dags/tutorial_taskflow_api_etl.py
[2022-06-29 21:22:14,245] {processor.py:641} INFO - Processing file /root/airflow_env/lib/python3.8/site-packages/airflow/example_dags/tutorial_taskflow_api_etl.py for tasks to queue
[2022-06-29 21:22:14,246] {logging_mixin.py:115} INFO - [2022-06-29 21:22:14,245] {dagbag.py:507} INFO - Filling up the DagBag from /root/airflow_env/lib/python3.8/site-packages/airflow/example_dags/tutorial_taskflow_api_etl.py
[2022-06-29 21:22:14,257] {processor.py:651} INFO - DAG(s) dict_keys(['tutorial_taskflow_api_etl']) retrieved from /root/airflow_env/lib/python3.8/site-packages/airflow/example_dags/tutorial_taskflow_api_etl.py
[2022-06-29 21:22:14,287] {logging_mixin.py:115} INFO - [2022-06-29 21:22:14,287] {dag.py:2371} INFO - Sync 1 DAGs
[2022-06-29 21:22:14,298] {logging_mixin.py:115} INFO - [2022-06-29 21:22:14,298] {dag.py:2915} INFO - Setting next_dagrun for tutorial_taskflow_api_etl to None, run_after=None
[2022-06-29 21:22:14,322] {processor.py:161} INFO - Processing /root/airflow_env/lib/python3.8/site-packages/airflow/example_dags/tutorial_taskflow_api_etl.py took 0.081 seconds
[2022-06-29 21:23:38,321] {processor.py:153} INFO - Started process (PID=12443) to work on /root/airflow_env/lib/python3.8/site-packages/airflow/example_dags/tutorial_taskflow_api_etl.py
[2022-06-29 21:23:38,322] {processor.py:641} INFO - Processing file /root/airflow_env/lib/python3.8/site-packages/airflow/example_dags/tutorial_taskflow_api_etl.py for tasks to queue
[2022-06-29 21:23:38,322] {logging_mixin.py:115} INFO - [2022-06-29 21:23:38,322] {dagbag.py:507} INFO - Filling up the DagBag from /root/airflow_env/lib/python3.8/site-packages/airflow/example_dags/tutorial_taskflow_api_etl.py
[2022-06-29 21:23:38,335] {processor.py:651} INFO - DAG(s) dict_keys(['tutorial_taskflow_api_etl']) retrieved from /root/airflow_env/lib/python3.8/site-packages/airflow/example_dags/tutorial_taskflow_api_etl.py
[2022-06-29 21:23:38,361] {logging_mixin.py:115} INFO - [2022-06-29 21:23:38,361] {dag.py:2371} INFO - Sync 1 DAGs
[2022-06-29 21:23:38,378] {logging_mixin.py:115} INFO - [2022-06-29 21:23:38,378] {dag.py:2915} INFO - Setting next_dagrun for tutorial_taskflow_api_etl to None, run_after=None
[2022-06-29 21:23:38,404] {processor.py:161} INFO - Processing /root/airflow_env/lib/python3.8/site-packages/airflow/example_dags/tutorial_taskflow_api_etl.py took 0.085 seconds
[2022-06-29 21:25:30,441] {processor.py:153} INFO - Started process (PID=13498) to work on /root/airflow_env/lib/python3.8/site-packages/airflow/example_dags/tutorial_taskflow_api_etl.py
[2022-06-29 21:25:30,444] {processor.py:641} INFO - Processing file /root/airflow_env/lib/python3.8/site-packages/airflow/example_dags/tutorial_taskflow_api_etl.py for tasks to queue
[2022-06-29 21:25:30,445] {logging_mixin.py:115} INFO - [2022-06-29 21:25:30,444] {dagbag.py:507} INFO - Filling up the DagBag from /root/airflow_env/lib/python3.8/site-packages/airflow/example_dags/tutorial_taskflow_api_etl.py
[2022-06-29 21:25:30,455] {processor.py:651} INFO - DAG(s) dict_keys(['tutorial_taskflow_api_etl']) retrieved from /root/airflow_env/lib/python3.8/site-packages/airflow/example_dags/tutorial_taskflow_api_etl.py
[2022-06-29 21:25:30,479] {logging_mixin.py:115} INFO - [2022-06-29 21:25:30,479] {dag.py:2371} INFO - Sync 1 DAGs
[2022-06-29 21:25:30,488] {logging_mixin.py:115} INFO - [2022-06-29 21:25:30,488] {dag.py:2915} INFO - Setting next_dagrun for tutorial_taskflow_api_etl to None, run_after=None
[2022-06-29 21:25:30,509] {processor.py:161} INFO - Processing /root/airflow_env/lib/python3.8/site-packages/airflow/example_dags/tutorial_taskflow_api_etl.py took 0.070 seconds
[2022-06-29 21:27:23,123] {processor.py:153} INFO - Started process (PID=14552) to work on /root/airflow_env/lib/python3.8/site-packages/airflow/example_dags/tutorial_taskflow_api_etl.py
[2022-06-29 21:27:23,125] {processor.py:641} INFO - Processing file /root/airflow_env/lib/python3.8/site-packages/airflow/example_dags/tutorial_taskflow_api_etl.py for tasks to queue
[2022-06-29 21:27:23,126] {logging_mixin.py:115} INFO - [2022-06-29 21:27:23,126] {dagbag.py:507} INFO - Filling up the DagBag from /root/airflow_env/lib/python3.8/site-packages/airflow/example_dags/tutorial_taskflow_api_etl.py
[2022-06-29 21:27:23,136] {processor.py:651} INFO - DAG(s) dict_keys(['tutorial_taskflow_api_etl']) retrieved from /root/airflow_env/lib/python3.8/site-packages/airflow/example_dags/tutorial_taskflow_api_etl.py
[2022-06-29 21:27:23,159] {logging_mixin.py:115} INFO - [2022-06-29 21:27:23,159] {dag.py:2371} INFO - Sync 1 DAGs
[2022-06-29 21:27:23,168] {logging_mixin.py:115} INFO - [2022-06-29 21:27:23,168] {dag.py:2915} INFO - Setting next_dagrun for tutorial_taskflow_api_etl to None, run_after=None
[2022-06-29 21:27:23,188] {processor.py:161} INFO - Processing /root/airflow_env/lib/python3.8/site-packages/airflow/example_dags/tutorial_taskflow_api_etl.py took 0.067 seconds
[2022-06-29 21:29:15,801] {processor.py:153} INFO - Started process (PID=15606) to work on /root/airflow_env/lib/python3.8/site-packages/airflow/example_dags/tutorial_taskflow_api_etl.py
[2022-06-29 21:29:15,804] {processor.py:641} INFO - Processing file /root/airflow_env/lib/python3.8/site-packages/airflow/example_dags/tutorial_taskflow_api_etl.py for tasks to queue
[2022-06-29 21:29:15,804] {logging_mixin.py:115} INFO - [2022-06-29 21:29:15,804] {dagbag.py:507} INFO - Filling up the DagBag from /root/airflow_env/lib/python3.8/site-packages/airflow/example_dags/tutorial_taskflow_api_etl.py
[2022-06-29 21:29:15,817] {processor.py:651} INFO - DAG(s) dict_keys(['tutorial_taskflow_api_etl']) retrieved from /root/airflow_env/lib/python3.8/site-packages/airflow/example_dags/tutorial_taskflow_api_etl.py
[2022-06-29 21:29:15,842] {logging_mixin.py:115} INFO - [2022-06-29 21:29:15,842] {dag.py:2371} INFO - Sync 1 DAGs
[2022-06-29 21:29:15,851] {logging_mixin.py:115} INFO - [2022-06-29 21:29:15,851] {dag.py:2915} INFO - Setting next_dagrun for tutorial_taskflow_api_etl to None, run_after=None
[2022-06-29 21:29:15,872] {processor.py:161} INFO - Processing /root/airflow_env/lib/python3.8/site-packages/airflow/example_dags/tutorial_taskflow_api_etl.py took 0.073 seconds
[2022-06-29 21:30:42,147] {processor.py:153} INFO - Started process (PID=16494) to work on /root/airflow_env/lib/python3.8/site-packages/airflow/example_dags/tutorial_taskflow_api_etl.py
[2022-06-29 21:30:42,149] {processor.py:641} INFO - Processing file /root/airflow_env/lib/python3.8/site-packages/airflow/example_dags/tutorial_taskflow_api_etl.py for tasks to queue
[2022-06-29 21:30:42,150] {logging_mixin.py:115} INFO - [2022-06-29 21:30:42,149] {dagbag.py:507} INFO - Filling up the DagBag from /root/airflow_env/lib/python3.8/site-packages/airflow/example_dags/tutorial_taskflow_api_etl.py
[2022-06-29 21:30:42,160] {processor.py:651} INFO - DAG(s) dict_keys(['tutorial_taskflow_api_etl']) retrieved from /root/airflow_env/lib/python3.8/site-packages/airflow/example_dags/tutorial_taskflow_api_etl.py
[2022-06-29 21:30:42,183] {logging_mixin.py:115} INFO - [2022-06-29 21:30:42,183] {dag.py:2371} INFO - Sync 1 DAGs
[2022-06-29 21:30:42,192] {logging_mixin.py:115} INFO - [2022-06-29 21:30:42,192] {dag.py:2915} INFO - Setting next_dagrun for tutorial_taskflow_api_etl to None, run_after=None
[2022-06-29 21:30:42,211] {processor.py:161} INFO - Processing /root/airflow_env/lib/python3.8/site-packages/airflow/example_dags/tutorial_taskflow_api_etl.py took 0.066 seconds
[2022-06-29 21:32:29,873] {processor.py:153} INFO - Started process (PID=17511) to work on /root/airflow_env/lib/python3.8/site-packages/airflow/example_dags/tutorial_taskflow_api_etl.py
[2022-06-29 21:32:29,874] {processor.py:641} INFO - Processing file /root/airflow_env/lib/python3.8/site-packages/airflow/example_dags/tutorial_taskflow_api_etl.py for tasks to queue
[2022-06-29 21:32:29,875] {logging_mixin.py:115} INFO - [2022-06-29 21:32:29,875] {dagbag.py:507} INFO - Filling up the DagBag from /root/airflow_env/lib/python3.8/site-packages/airflow/example_dags/tutorial_taskflow_api_etl.py
[2022-06-29 21:32:29,888] {processor.py:651} INFO - DAG(s) dict_keys(['tutorial_taskflow_api_etl']) retrieved from /root/airflow_env/lib/python3.8/site-packages/airflow/example_dags/tutorial_taskflow_api_etl.py
[2022-06-29 21:32:29,914] {logging_mixin.py:115} INFO - [2022-06-29 21:32:29,914] {dag.py:2371} INFO - Sync 1 DAGs
[2022-06-29 21:32:29,922] {logging_mixin.py:115} INFO - [2022-06-29 21:32:29,922] {dag.py:2915} INFO - Setting next_dagrun for tutorial_taskflow_api_etl to None, run_after=None
[2022-06-29 21:32:29,945] {processor.py:161} INFO - Processing /root/airflow_env/lib/python3.8/site-packages/airflow/example_dags/tutorial_taskflow_api_etl.py took 0.074 seconds
[2022-06-29 22:56:03,596] {processor.py:153} INFO - Started process (PID=18549) to work on /root/airflow_env/lib/python3.8/site-packages/airflow/example_dags/tutorial_taskflow_api_etl.py
[2022-06-29 22:56:03,598] {processor.py:641} INFO - Processing file /root/airflow_env/lib/python3.8/site-packages/airflow/example_dags/tutorial_taskflow_api_etl.py for tasks to queue
[2022-06-29 22:56:03,599] {logging_mixin.py:115} INFO - [2022-06-29 22:56:03,599] {dagbag.py:507} INFO - Filling up the DagBag from /root/airflow_env/lib/python3.8/site-packages/airflow/example_dags/tutorial_taskflow_api_etl.py
[2022-06-29 22:56:03,613] {processor.py:651} INFO - DAG(s) dict_keys(['tutorial_taskflow_api_etl']) retrieved from /root/airflow_env/lib/python3.8/site-packages/airflow/example_dags/tutorial_taskflow_api_etl.py
[2022-06-29 22:56:03,638] {logging_mixin.py:115} INFO - [2022-06-29 22:56:03,638] {dag.py:2371} INFO - Sync 1 DAGs
[2022-06-29 22:56:03,645] {logging_mixin.py:115} INFO - [2022-06-29 22:56:03,645] {dag.py:2915} INFO - Setting next_dagrun for tutorial_taskflow_api_etl to None, run_after=None
[2022-06-29 22:56:03,664] {processor.py:161} INFO - Processing /root/airflow_env/lib/python3.8/site-packages/airflow/example_dags/tutorial_taskflow_api_etl.py took 0.071 seconds
