[2022-06-29 20:11:59,940] {processor.py:153} INFO - Started process (PID=2521) to work on /root/airflow_env/lib/python3.8/site-packages/airflow/example_dags/tutorial_taskflow_api_etl_virtualenv.py
[2022-06-29 20:11:59,940] {processor.py:641} INFO - Processing file /root/airflow_env/lib/python3.8/site-packages/airflow/example_dags/tutorial_taskflow_api_etl_virtualenv.py for tasks to queue
[2022-06-29 20:11:59,942] {logging_mixin.py:115} INFO - [2022-06-29 20:11:59,941] {dagbag.py:507} INFO - Filling up the DagBag from /root/airflow_env/lib/python3.8/site-packages/airflow/example_dags/tutorial_taskflow_api_etl_virtualenv.py
[2022-06-29 20:11:59,972] {processor.py:651} INFO - DAG(s) dict_keys(['tutorial_taskflow_api_etl_virtualenv']) retrieved from /root/airflow_env/lib/python3.8/site-packages/airflow/example_dags/tutorial_taskflow_api_etl_virtualenv.py
[2022-06-29 20:12:00,008] {logging_mixin.py:115} INFO - [2022-06-29 20:12:00,008] {dag.py:2371} INFO - Sync 1 DAGs
[2022-06-29 20:12:00,022] {logging_mixin.py:115} INFO - [2022-06-29 20:12:00,022] {dag.py:2915} INFO - Setting next_dagrun for tutorial_taskflow_api_etl_virtualenv to None, run_after=None
[2022-06-29 20:12:00,087] {processor.py:161} INFO - Processing /root/airflow_env/lib/python3.8/site-packages/airflow/example_dags/tutorial_taskflow_api_etl_virtualenv.py took 0.152 seconds
[2022-06-29 20:14:02,184] {processor.py:153} INFO - Started process (PID=3312) to work on /root/airflow_env/lib/python3.8/site-packages/airflow/example_dags/tutorial_taskflow_api_etl_virtualenv.py
[2022-06-29 20:14:02,187] {processor.py:641} INFO - Processing file /root/airflow_env/lib/python3.8/site-packages/airflow/example_dags/tutorial_taskflow_api_etl_virtualenv.py for tasks to queue
[2022-06-29 20:14:02,188] {logging_mixin.py:115} INFO - [2022-06-29 20:14:02,187] {dagbag.py:507} INFO - Filling up the DagBag from /root/airflow_env/lib/python3.8/site-packages/airflow/example_dags/tutorial_taskflow_api_etl_virtualenv.py
[2022-06-29 20:14:02,218] {processor.py:651} INFO - DAG(s) dict_keys(['tutorial_taskflow_api_etl_virtualenv']) retrieved from /root/airflow_env/lib/python3.8/site-packages/airflow/example_dags/tutorial_taskflow_api_etl_virtualenv.py
[2022-06-29 20:14:02,296] {logging_mixin.py:115} INFO - [2022-06-29 20:14:02,296] {dag.py:2371} INFO - Sync 1 DAGs
[2022-06-29 20:14:02,315] {logging_mixin.py:115} INFO - [2022-06-29 20:14:02,315] {dag.py:2915} INFO - Setting next_dagrun for tutorial_taskflow_api_etl_virtualenv to None, run_after=None
[2022-06-29 20:14:02,341] {processor.py:161} INFO - Processing /root/airflow_env/lib/python3.8/site-packages/airflow/example_dags/tutorial_taskflow_api_etl_virtualenv.py took 0.162 seconds
[2022-06-29 20:16:58,733] {processor.py:153} INFO - Started process (PID=4480) to work on /root/airflow_env/lib/python3.8/site-packages/airflow/example_dags/tutorial_taskflow_api_etl_virtualenv.py
[2022-06-29 20:16:58,774] {processor.py:641} INFO - Processing file /root/airflow_env/lib/python3.8/site-packages/airflow/example_dags/tutorial_taskflow_api_etl_virtualenv.py for tasks to queue
[2022-06-29 20:16:58,775] {logging_mixin.py:115} INFO - [2022-06-29 20:16:58,775] {dagbag.py:507} INFO - Filling up the DagBag from /root/airflow_env/lib/python3.8/site-packages/airflow/example_dags/tutorial_taskflow_api_etl_virtualenv.py
[2022-06-29 20:16:58,798] {processor.py:651} INFO - DAG(s) dict_keys(['tutorial_taskflow_api_etl_virtualenv']) retrieved from /root/airflow_env/lib/python3.8/site-packages/airflow/example_dags/tutorial_taskflow_api_etl_virtualenv.py
[2022-06-29 20:16:58,829] {logging_mixin.py:115} INFO - [2022-06-29 20:16:58,829] {dag.py:2371} INFO - Sync 1 DAGs
[2022-06-29 20:16:58,842] {logging_mixin.py:115} INFO - [2022-06-29 20:16:58,842] {dag.py:2915} INFO - Setting next_dagrun for tutorial_taskflow_api_etl_virtualenv to None, run_after=None
[2022-06-29 20:16:58,872] {processor.py:161} INFO - Processing /root/airflow_env/lib/python3.8/site-packages/airflow/example_dags/tutorial_taskflow_api_etl_virtualenv.py took 0.145 seconds
[2022-06-29 20:18:36,016] {processor.py:153} INFO - Started process (PID=5138) to work on /root/airflow_env/lib/python3.8/site-packages/airflow/example_dags/tutorial_taskflow_api_etl_virtualenv.py
[2022-06-29 20:18:36,017] {processor.py:641} INFO - Processing file /root/airflow_env/lib/python3.8/site-packages/airflow/example_dags/tutorial_taskflow_api_etl_virtualenv.py for tasks to queue
[2022-06-29 20:18:36,017] {logging_mixin.py:115} INFO - [2022-06-29 20:18:36,017] {dagbag.py:507} INFO - Filling up the DagBag from /root/airflow_env/lib/python3.8/site-packages/airflow/example_dags/tutorial_taskflow_api_etl_virtualenv.py
[2022-06-29 20:18:36,036] {processor.py:651} INFO - DAG(s) dict_keys(['tutorial_taskflow_api_etl_virtualenv']) retrieved from /root/airflow_env/lib/python3.8/site-packages/airflow/example_dags/tutorial_taskflow_api_etl_virtualenv.py
[2022-06-29 20:18:36,067] {logging_mixin.py:115} INFO - [2022-06-29 20:18:36,067] {dag.py:2371} INFO - Sync 1 DAGs
[2022-06-29 20:18:36,079] {logging_mixin.py:115} INFO - [2022-06-29 20:18:36,079] {dag.py:2915} INFO - Setting next_dagrun for tutorial_taskflow_api_etl_virtualenv to None, run_after=None
[2022-06-29 20:18:36,099] {processor.py:161} INFO - Processing /root/airflow_env/lib/python3.8/site-packages/airflow/example_dags/tutorial_taskflow_api_etl_virtualenv.py took 0.085 seconds
[2022-06-29 20:21:37,206] {processor.py:153} INFO - Started process (PID=6325) to work on /root/airflow_env/lib/python3.8/site-packages/airflow/example_dags/tutorial_taskflow_api_etl_virtualenv.py
[2022-06-29 20:21:37,248] {processor.py:641} INFO - Processing file /root/airflow_env/lib/python3.8/site-packages/airflow/example_dags/tutorial_taskflow_api_etl_virtualenv.py for tasks to queue
[2022-06-29 20:21:37,249] {logging_mixin.py:115} INFO - [2022-06-29 20:21:37,249] {dagbag.py:507} INFO - Filling up the DagBag from /root/airflow_env/lib/python3.8/site-packages/airflow/example_dags/tutorial_taskflow_api_etl_virtualenv.py
[2022-06-29 20:21:37,283] {processor.py:651} INFO - DAG(s) dict_keys(['tutorial_taskflow_api_etl_virtualenv']) retrieved from /root/airflow_env/lib/python3.8/site-packages/airflow/example_dags/tutorial_taskflow_api_etl_virtualenv.py
[2022-06-29 20:21:37,343] {logging_mixin.py:115} INFO - [2022-06-29 20:21:37,343] {dag.py:2371} INFO - Sync 1 DAGs
[2022-06-29 20:21:37,354] {logging_mixin.py:115} INFO - [2022-06-29 20:21:37,354] {dag.py:2915} INFO - Setting next_dagrun for tutorial_taskflow_api_etl_virtualenv to None, run_after=None
[2022-06-29 20:21:37,377] {processor.py:161} INFO - Processing /root/airflow_env/lib/python3.8/site-packages/airflow/example_dags/tutorial_taskflow_api_etl_virtualenv.py took 0.176 seconds
[2022-06-29 20:23:17,548] {processor.py:153} INFO - Started process (PID=6983) to work on /root/airflow_env/lib/python3.8/site-packages/airflow/example_dags/tutorial_taskflow_api_etl_virtualenv.py
[2022-06-29 20:23:17,550] {processor.py:641} INFO - Processing file /root/airflow_env/lib/python3.8/site-packages/airflow/example_dags/tutorial_taskflow_api_etl_virtualenv.py for tasks to queue
[2022-06-29 20:23:17,551] {logging_mixin.py:115} INFO - [2022-06-29 20:23:17,551] {dagbag.py:507} INFO - Filling up the DagBag from /root/airflow_env/lib/python3.8/site-packages/airflow/example_dags/tutorial_taskflow_api_etl_virtualenv.py
[2022-06-29 20:23:17,582] {processor.py:651} INFO - DAG(s) dict_keys(['tutorial_taskflow_api_etl_virtualenv']) retrieved from /root/airflow_env/lib/python3.8/site-packages/airflow/example_dags/tutorial_taskflow_api_etl_virtualenv.py
[2022-06-29 20:23:17,650] {logging_mixin.py:115} INFO - [2022-06-29 20:23:17,650] {dag.py:2371} INFO - Sync 1 DAGs
[2022-06-29 20:23:17,664] {logging_mixin.py:115} INFO - [2022-06-29 20:23:17,664] {dag.py:2915} INFO - Setting next_dagrun for tutorial_taskflow_api_etl_virtualenv to None, run_after=None
[2022-06-29 20:23:17,690] {processor.py:161} INFO - Processing /root/airflow_env/lib/python3.8/site-packages/airflow/example_dags/tutorial_taskflow_api_etl_virtualenv.py took 0.148 seconds
[2022-06-29 20:26:20,634] {processor.py:153} INFO - Started process (PID=8170) to work on /root/airflow_env/lib/python3.8/site-packages/airflow/example_dags/tutorial_taskflow_api_etl_virtualenv.py
[2022-06-29 20:26:20,673] {processor.py:641} INFO - Processing file /root/airflow_env/lib/python3.8/site-packages/airflow/example_dags/tutorial_taskflow_api_etl_virtualenv.py for tasks to queue
[2022-06-29 20:26:20,674] {logging_mixin.py:115} INFO - [2022-06-29 20:26:20,674] {dagbag.py:507} INFO - Filling up the DagBag from /root/airflow_env/lib/python3.8/site-packages/airflow/example_dags/tutorial_taskflow_api_etl_virtualenv.py
[2022-06-29 20:26:20,705] {processor.py:651} INFO - DAG(s) dict_keys(['tutorial_taskflow_api_etl_virtualenv']) retrieved from /root/airflow_env/lib/python3.8/site-packages/airflow/example_dags/tutorial_taskflow_api_etl_virtualenv.py
[2022-06-29 20:26:20,739] {logging_mixin.py:115} INFO - [2022-06-29 20:26:20,739] {dag.py:2371} INFO - Sync 1 DAGs
[2022-06-29 20:26:20,756] {logging_mixin.py:115} INFO - [2022-06-29 20:26:20,756] {dag.py:2915} INFO - Setting next_dagrun for tutorial_taskflow_api_etl_virtualenv to None, run_after=None
[2022-06-29 20:26:20,787] {processor.py:161} INFO - Processing /root/airflow_env/lib/python3.8/site-packages/airflow/example_dags/tutorial_taskflow_api_etl_virtualenv.py took 0.160 seconds
[2022-06-29 20:28:03,375] {processor.py:153} INFO - Started process (PID=8828) to work on /root/airflow_env/lib/python3.8/site-packages/airflow/example_dags/tutorial_taskflow_api_etl_virtualenv.py
[2022-06-29 20:28:03,377] {processor.py:641} INFO - Processing file /root/airflow_env/lib/python3.8/site-packages/airflow/example_dags/tutorial_taskflow_api_etl_virtualenv.py for tasks to queue
[2022-06-29 20:28:03,378] {logging_mixin.py:115} INFO - [2022-06-29 20:28:03,378] {dagbag.py:507} INFO - Filling up the DagBag from /root/airflow_env/lib/python3.8/site-packages/airflow/example_dags/tutorial_taskflow_api_etl_virtualenv.py
[2022-06-29 20:28:03,408] {processor.py:651} INFO - DAG(s) dict_keys(['tutorial_taskflow_api_etl_virtualenv']) retrieved from /root/airflow_env/lib/python3.8/site-packages/airflow/example_dags/tutorial_taskflow_api_etl_virtualenv.py
[2022-06-29 20:28:03,447] {logging_mixin.py:115} INFO - [2022-06-29 20:28:03,447] {dag.py:2371} INFO - Sync 1 DAGs
[2022-06-29 20:28:03,460] {logging_mixin.py:115} INFO - [2022-06-29 20:28:03,460] {dag.py:2915} INFO - Setting next_dagrun for tutorial_taskflow_api_etl_virtualenv to None, run_after=None
[2022-06-29 20:28:03,482] {processor.py:161} INFO - Processing /root/airflow_env/lib/python3.8/site-packages/airflow/example_dags/tutorial_taskflow_api_etl_virtualenv.py took 0.113 seconds
[2022-06-29 20:29:39,651] {processor.py:153} INFO - Started process (PID=9413) to work on /root/airflow_env/lib/python3.8/site-packages/airflow/example_dags/tutorial_taskflow_api_etl_virtualenv.py
[2022-06-29 20:29:39,692] {processor.py:641} INFO - Processing file /root/airflow_env/lib/python3.8/site-packages/airflow/example_dags/tutorial_taskflow_api_etl_virtualenv.py for tasks to queue
[2022-06-29 20:29:39,693] {logging_mixin.py:115} INFO - [2022-06-29 20:29:39,693] {dagbag.py:507} INFO - Filling up the DagBag from /root/airflow_env/lib/python3.8/site-packages/airflow/example_dags/tutorial_taskflow_api_etl_virtualenv.py
[2022-06-29 20:29:39,729] {processor.py:651} INFO - DAG(s) dict_keys(['tutorial_taskflow_api_etl_virtualenv']) retrieved from /root/airflow_env/lib/python3.8/site-packages/airflow/example_dags/tutorial_taskflow_api_etl_virtualenv.py
[2022-06-29 20:29:39,803] {logging_mixin.py:115} INFO - [2022-06-29 20:29:39,803] {dag.py:2371} INFO - Sync 1 DAGs
[2022-06-29 20:29:39,815] {logging_mixin.py:115} INFO - [2022-06-29 20:29:39,815] {dag.py:2915} INFO - Setting next_dagrun for tutorial_taskflow_api_etl_virtualenv to None, run_after=None
[2022-06-29 20:29:39,842] {processor.py:161} INFO - Processing /root/airflow_env/lib/python3.8/site-packages/airflow/example_dags/tutorial_taskflow_api_etl_virtualenv.py took 0.198 seconds
[2022-06-29 20:31:02,513] {processor.py:153} INFO - Started process (PID=9980) to work on /root/airflow_env/lib/python3.8/site-packages/airflow/example_dags/tutorial_taskflow_api_etl_virtualenv.py
[2022-06-29 20:31:02,550] {processor.py:641} INFO - Processing file /root/airflow_env/lib/python3.8/site-packages/airflow/example_dags/tutorial_taskflow_api_etl_virtualenv.py for tasks to queue
[2022-06-29 20:31:02,550] {logging_mixin.py:115} INFO - [2022-06-29 20:31:02,550] {dagbag.py:507} INFO - Filling up the DagBag from /root/airflow_env/lib/python3.8/site-packages/airflow/example_dags/tutorial_taskflow_api_etl_virtualenv.py
[2022-06-29 20:31:02,580] {processor.py:651} INFO - DAG(s) dict_keys(['tutorial_taskflow_api_etl_virtualenv']) retrieved from /root/airflow_env/lib/python3.8/site-packages/airflow/example_dags/tutorial_taskflow_api_etl_virtualenv.py
[2022-06-29 20:31:02,625] {logging_mixin.py:115} INFO - [2022-06-29 20:31:02,625] {dag.py:2371} INFO - Sync 1 DAGs
[2022-06-29 20:31:02,637] {logging_mixin.py:115} INFO - [2022-06-29 20:31:02,637] {dag.py:2915} INFO - Setting next_dagrun for tutorial_taskflow_api_etl_virtualenv to None, run_after=None
[2022-06-29 20:31:02,660] {processor.py:161} INFO - Processing /root/airflow_env/lib/python3.8/site-packages/airflow/example_dags/tutorial_taskflow_api_etl_virtualenv.py took 0.150 seconds
[2022-06-29 21:22:28,578] {processor.py:153} INFO - Started process (PID=11784) to work on /root/airflow_env/lib/python3.8/site-packages/airflow/example_dags/tutorial_taskflow_api_etl_virtualenv.py
[2022-06-29 21:22:28,579] {processor.py:641} INFO - Processing file /root/airflow_env/lib/python3.8/site-packages/airflow/example_dags/tutorial_taskflow_api_etl_virtualenv.py for tasks to queue
[2022-06-29 21:22:28,579] {logging_mixin.py:115} INFO - [2022-06-29 21:22:28,579] {dagbag.py:507} INFO - Filling up the DagBag from /root/airflow_env/lib/python3.8/site-packages/airflow/example_dags/tutorial_taskflow_api_etl_virtualenv.py
[2022-06-29 21:22:28,590] {processor.py:651} INFO - DAG(s) dict_keys(['tutorial_taskflow_api_etl_virtualenv']) retrieved from /root/airflow_env/lib/python3.8/site-packages/airflow/example_dags/tutorial_taskflow_api_etl_virtualenv.py
[2022-06-29 21:22:28,615] {logging_mixin.py:115} INFO - [2022-06-29 21:22:28,615] {dag.py:2371} INFO - Sync 1 DAGs
[2022-06-29 21:22:28,626] {logging_mixin.py:115} INFO - [2022-06-29 21:22:28,626] {dag.py:2915} INFO - Setting next_dagrun for tutorial_taskflow_api_etl_virtualenv to None, run_after=None
[2022-06-29 21:22:28,648] {processor.py:161} INFO - Processing /root/airflow_env/lib/python3.8/site-packages/airflow/example_dags/tutorial_taskflow_api_etl_virtualenv.py took 0.072 seconds
[2022-06-29 21:23:52,620] {processor.py:153} INFO - Started process (PID=12575) to work on /root/airflow_env/lib/python3.8/site-packages/airflow/example_dags/tutorial_taskflow_api_etl_virtualenv.py
[2022-06-29 21:23:52,621] {processor.py:641} INFO - Processing file /root/airflow_env/lib/python3.8/site-packages/airflow/example_dags/tutorial_taskflow_api_etl_virtualenv.py for tasks to queue
[2022-06-29 21:23:52,622] {logging_mixin.py:115} INFO - [2022-06-29 21:23:52,622] {dagbag.py:507} INFO - Filling up the DagBag from /root/airflow_env/lib/python3.8/site-packages/airflow/example_dags/tutorial_taskflow_api_etl_virtualenv.py
[2022-06-29 21:23:52,632] {processor.py:651} INFO - DAG(s) dict_keys(['tutorial_taskflow_api_etl_virtualenv']) retrieved from /root/airflow_env/lib/python3.8/site-packages/airflow/example_dags/tutorial_taskflow_api_etl_virtualenv.py
[2022-06-29 21:23:52,655] {logging_mixin.py:115} INFO - [2022-06-29 21:23:52,655] {dag.py:2371} INFO - Sync 1 DAGs
[2022-06-29 21:23:52,666] {logging_mixin.py:115} INFO - [2022-06-29 21:23:52,666] {dag.py:2915} INFO - Setting next_dagrun for tutorial_taskflow_api_etl_virtualenv to None, run_after=None
[2022-06-29 21:23:52,690] {processor.py:161} INFO - Processing /root/airflow_env/lib/python3.8/site-packages/airflow/example_dags/tutorial_taskflow_api_etl_virtualenv.py took 0.074 seconds
[2022-06-29 21:25:43,900] {processor.py:153} INFO - Started process (PID=13630) to work on /root/airflow_env/lib/python3.8/site-packages/airflow/example_dags/tutorial_taskflow_api_etl_virtualenv.py
[2022-06-29 21:25:43,901] {processor.py:641} INFO - Processing file /root/airflow_env/lib/python3.8/site-packages/airflow/example_dags/tutorial_taskflow_api_etl_virtualenv.py for tasks to queue
[2022-06-29 21:25:43,902] {logging_mixin.py:115} INFO - [2022-06-29 21:25:43,902] {dagbag.py:507} INFO - Filling up the DagBag from /root/airflow_env/lib/python3.8/site-packages/airflow/example_dags/tutorial_taskflow_api_etl_virtualenv.py
[2022-06-29 21:25:43,913] {processor.py:651} INFO - DAG(s) dict_keys(['tutorial_taskflow_api_etl_virtualenv']) retrieved from /root/airflow_env/lib/python3.8/site-packages/airflow/example_dags/tutorial_taskflow_api_etl_virtualenv.py
[2022-06-29 21:25:43,940] {logging_mixin.py:115} INFO - [2022-06-29 21:25:43,940] {dag.py:2371} INFO - Sync 1 DAGs
[2022-06-29 21:25:43,948] {logging_mixin.py:115} INFO - [2022-06-29 21:25:43,948] {dag.py:2915} INFO - Setting next_dagrun for tutorial_taskflow_api_etl_virtualenv to None, run_after=None
[2022-06-29 21:25:43,971] {processor.py:161} INFO - Processing /root/airflow_env/lib/python3.8/site-packages/airflow/example_dags/tutorial_taskflow_api_etl_virtualenv.py took 0.073 seconds
[2022-06-29 21:27:36,400] {processor.py:153} INFO - Started process (PID=14684) to work on /root/airflow_env/lib/python3.8/site-packages/airflow/example_dags/tutorial_taskflow_api_etl_virtualenv.py
[2022-06-29 21:27:36,401] {processor.py:641} INFO - Processing file /root/airflow_env/lib/python3.8/site-packages/airflow/example_dags/tutorial_taskflow_api_etl_virtualenv.py for tasks to queue
[2022-06-29 21:27:36,402] {logging_mixin.py:115} INFO - [2022-06-29 21:27:36,402] {dagbag.py:507} INFO - Filling up the DagBag from /root/airflow_env/lib/python3.8/site-packages/airflow/example_dags/tutorial_taskflow_api_etl_virtualenv.py
[2022-06-29 21:27:36,412] {processor.py:651} INFO - DAG(s) dict_keys(['tutorial_taskflow_api_etl_virtualenv']) retrieved from /root/airflow_env/lib/python3.8/site-packages/airflow/example_dags/tutorial_taskflow_api_etl_virtualenv.py
[2022-06-29 21:27:36,435] {logging_mixin.py:115} INFO - [2022-06-29 21:27:36,435] {dag.py:2371} INFO - Sync 1 DAGs
[2022-06-29 21:27:36,446] {logging_mixin.py:115} INFO - [2022-06-29 21:27:36,446] {dag.py:2915} INFO - Setting next_dagrun for tutorial_taskflow_api_etl_virtualenv to None, run_after=None
[2022-06-29 21:27:36,467] {processor.py:161} INFO - Processing /root/airflow_env/lib/python3.8/site-packages/airflow/example_dags/tutorial_taskflow_api_etl_virtualenv.py took 0.069 seconds
[2022-06-29 21:29:28,874] {processor.py:153} INFO - Started process (PID=15738) to work on /root/airflow_env/lib/python3.8/site-packages/airflow/example_dags/tutorial_taskflow_api_etl_virtualenv.py
[2022-06-29 21:29:28,876] {processor.py:641} INFO - Processing file /root/airflow_env/lib/python3.8/site-packages/airflow/example_dags/tutorial_taskflow_api_etl_virtualenv.py for tasks to queue
[2022-06-29 21:29:28,876] {logging_mixin.py:115} INFO - [2022-06-29 21:29:28,876] {dagbag.py:507} INFO - Filling up the DagBag from /root/airflow_env/lib/python3.8/site-packages/airflow/example_dags/tutorial_taskflow_api_etl_virtualenv.py
[2022-06-29 21:29:28,889] {processor.py:651} INFO - DAG(s) dict_keys(['tutorial_taskflow_api_etl_virtualenv']) retrieved from /root/airflow_env/lib/python3.8/site-packages/airflow/example_dags/tutorial_taskflow_api_etl_virtualenv.py
[2022-06-29 21:29:28,913] {logging_mixin.py:115} INFO - [2022-06-29 21:29:28,913] {dag.py:2371} INFO - Sync 1 DAGs
[2022-06-29 21:29:28,923] {logging_mixin.py:115} INFO - [2022-06-29 21:29:28,922] {dag.py:2915} INFO - Setting next_dagrun for tutorial_taskflow_api_etl_virtualenv to None, run_after=None
[2022-06-29 21:29:28,943] {processor.py:161} INFO - Processing /root/airflow_env/lib/python3.8/site-packages/airflow/example_dags/tutorial_taskflow_api_etl_virtualenv.py took 0.071 seconds
[2022-06-29 21:30:53,933] {processor.py:153} INFO - Started process (PID=16608) to work on /root/airflow_env/lib/python3.8/site-packages/airflow/example_dags/tutorial_taskflow_api_etl_virtualenv.py
[2022-06-29 21:30:53,936] {processor.py:641} INFO - Processing file /root/airflow_env/lib/python3.8/site-packages/airflow/example_dags/tutorial_taskflow_api_etl_virtualenv.py for tasks to queue
[2022-06-29 21:30:53,937] {logging_mixin.py:115} INFO - [2022-06-29 21:30:53,937] {dagbag.py:507} INFO - Filling up the DagBag from /root/airflow_env/lib/python3.8/site-packages/airflow/example_dags/tutorial_taskflow_api_etl_virtualenv.py
[2022-06-29 21:30:53,948] {processor.py:651} INFO - DAG(s) dict_keys(['tutorial_taskflow_api_etl_virtualenv']) retrieved from /root/airflow_env/lib/python3.8/site-packages/airflow/example_dags/tutorial_taskflow_api_etl_virtualenv.py
[2022-06-29 21:30:53,972] {logging_mixin.py:115} INFO - [2022-06-29 21:30:53,972] {dag.py:2371} INFO - Sync 1 DAGs
[2022-06-29 21:30:53,982] {logging_mixin.py:115} INFO - [2022-06-29 21:30:53,982] {dag.py:2915} INFO - Setting next_dagrun for tutorial_taskflow_api_etl_virtualenv to None, run_after=None
[2022-06-29 21:30:54,002] {processor.py:161} INFO - Processing /root/airflow_env/lib/python3.8/site-packages/airflow/example_dags/tutorial_taskflow_api_etl_virtualenv.py took 0.072 seconds
[2022-06-29 21:32:41,048] {processor.py:153} INFO - Started process (PID=17625) to work on /root/airflow_env/lib/python3.8/site-packages/airflow/example_dags/tutorial_taskflow_api_etl_virtualenv.py
[2022-06-29 21:32:41,050] {processor.py:641} INFO - Processing file /root/airflow_env/lib/python3.8/site-packages/airflow/example_dags/tutorial_taskflow_api_etl_virtualenv.py for tasks to queue
[2022-06-29 21:32:41,050] {logging_mixin.py:115} INFO - [2022-06-29 21:32:41,050] {dagbag.py:507} INFO - Filling up the DagBag from /root/airflow_env/lib/python3.8/site-packages/airflow/example_dags/tutorial_taskflow_api_etl_virtualenv.py
[2022-06-29 21:32:41,060] {processor.py:651} INFO - DAG(s) dict_keys(['tutorial_taskflow_api_etl_virtualenv']) retrieved from /root/airflow_env/lib/python3.8/site-packages/airflow/example_dags/tutorial_taskflow_api_etl_virtualenv.py
[2022-06-29 21:32:41,087] {logging_mixin.py:115} INFO - [2022-06-29 21:32:41,087] {dag.py:2371} INFO - Sync 1 DAGs
[2022-06-29 21:32:41,095] {logging_mixin.py:115} INFO - [2022-06-29 21:32:41,095] {dag.py:2915} INFO - Setting next_dagrun for tutorial_taskflow_api_etl_virtualenv to None, run_after=None
[2022-06-29 21:32:41,118] {processor.py:161} INFO - Processing /root/airflow_env/lib/python3.8/site-packages/airflow/example_dags/tutorial_taskflow_api_etl_virtualenv.py took 0.075 seconds
[2022-06-29 22:56:16,570] {processor.py:153} INFO - Started process (PID=18681) to work on /root/airflow_env/lib/python3.8/site-packages/airflow/example_dags/tutorial_taskflow_api_etl_virtualenv.py
[2022-06-29 22:56:16,572] {processor.py:641} INFO - Processing file /root/airflow_env/lib/python3.8/site-packages/airflow/example_dags/tutorial_taskflow_api_etl_virtualenv.py for tasks to queue
[2022-06-29 22:56:16,572] {logging_mixin.py:115} INFO - [2022-06-29 22:56:16,572] {dagbag.py:507} INFO - Filling up the DagBag from /root/airflow_env/lib/python3.8/site-packages/airflow/example_dags/tutorial_taskflow_api_etl_virtualenv.py
[2022-06-29 22:56:16,582] {processor.py:651} INFO - DAG(s) dict_keys(['tutorial_taskflow_api_etl_virtualenv']) retrieved from /root/airflow_env/lib/python3.8/site-packages/airflow/example_dags/tutorial_taskflow_api_etl_virtualenv.py
[2022-06-29 22:56:16,604] {logging_mixin.py:115} INFO - [2022-06-29 22:56:16,604] {dag.py:2371} INFO - Sync 1 DAGs
[2022-06-29 22:56:16,611] {logging_mixin.py:115} INFO - [2022-06-29 22:56:16,611] {dag.py:2915} INFO - Setting next_dagrun for tutorial_taskflow_api_etl_virtualenv to None, run_after=None
[2022-06-29 22:56:16,631] {processor.py:161} INFO - Processing /root/airflow_env/lib/python3.8/site-packages/airflow/example_dags/tutorial_taskflow_api_etl_virtualenv.py took 0.063 seconds
