[2022-06-22 00:21:39,534] {taskinstance.py:1159} INFO - Dependencies all met for <TaskInstance: my_dag.inference scheduled__2022-06-20T00:00:00+00:00 [queued]>
[2022-06-22 00:21:39,537] {taskinstance.py:1159} INFO - Dependencies all met for <TaskInstance: my_dag.inference scheduled__2022-06-20T00:00:00+00:00 [queued]>
[2022-06-22 00:21:39,537] {taskinstance.py:1356} INFO - 
--------------------------------------------------------------------------------
[2022-06-22 00:21:39,537] {taskinstance.py:1357} INFO - Starting attempt 1 of 1
[2022-06-22 00:21:39,538] {taskinstance.py:1358} INFO - 
--------------------------------------------------------------------------------
[2022-06-22 00:21:39,555] {taskinstance.py:1377} INFO - Executing <Task(PythonOperator): inference> on 2022-06-20 00:00:00+00:00
[2022-06-22 00:21:39,557] {standard_task_runner.py:52} INFO - Started process 3903 to run task
[2022-06-22 00:21:39,565] {standard_task_runner.py:79} INFO - Running: ['airflow', 'tasks', 'run', 'my_dag', 'inference', 'scheduled__2022-06-20T00:00:00+00:00', '--job-id', '8', '--raw', '--subdir', 'DAGS_FOLDER/CarPriceDag.py', '--cfg-path', '/tmp/tmp07ombpbu', '--error-file', '/tmp/tmp8agw7xw8']
[2022-06-22 00:21:39,565] {standard_task_runner.py:80} INFO - Job 8: Subtask inference
[2022-06-22 00:21:39,658] {task_command.py:369} INFO - Running <TaskInstance: my_dag.inference scheduled__2022-06-20T00:00:00+00:00 [running]> on host DESKTOP-9B44JSS.localdomain
[2022-06-22 00:21:39,730] {taskinstance.py:1569} INFO - Exporting the following env vars:
AIRFLOW_CTX_DAG_OWNER=airflow
AIRFLOW_CTX_DAG_ID=my_dag
AIRFLOW_CTX_TASK_ID=inference
AIRFLOW_CTX_EXECUTION_DATE=2022-06-20T00:00:00+00:00
AIRFLOW_CTX_TRY_NUMBER=1
AIRFLOW_CTX_DAG_RUN_ID=scheduled__2022-06-20T00:00:00+00:00
[2022-06-22 00:21:39,733] {logging_mixin.py:115} INFO - 5
[2022-06-22 00:21:39,733] {python.py:173} INFO - Done. Returned value was: None
[2022-06-22 00:21:39,740] {taskinstance.py:1395} INFO - Marking task as SUCCESS. dag_id=my_dag, task_id=inference, execution_date=20220620T000000, start_date=20220621T222139, end_date=20220621T222139
[2022-06-22 00:21:39,777] {local_task_job.py:156} INFO - Task exited with return code 0
[2022-06-22 00:21:39,788] {local_task_job.py:273} INFO - 0 downstream tasks scheduled from follow-on schedule check
