[2022-07-01 15:23:11,301] {processor.py:153} INFO - Started process (PID=19112) to work on /root/airflow_env/lib/python3.8/site-packages/airflow/example_dags/example_subdag_operator.py
[2022-07-01 15:23:11,302] {processor.py:641} INFO - Processing file /root/airflow_env/lib/python3.8/site-packages/airflow/example_dags/example_subdag_operator.py for tasks to queue
[2022-07-01 15:23:11,302] {logging_mixin.py:115} INFO - [2022-07-01 15:23:11,302] {dagbag.py:507} INFO - Filling up the DagBag from /root/airflow_env/lib/python3.8/site-packages/airflow/example_dags/example_subdag_operator.py
[2022-07-01 15:23:11,313] {processor.py:651} INFO - DAG(s) dict_keys(['example_subdag_operator.section-1', 'example_subdag_operator.section-2', 'example_subdag_operator']) retrieved from /root/airflow_env/lib/python3.8/site-packages/airflow/example_dags/example_subdag_operator.py
[2022-07-01 15:23:11,335] {logging_mixin.py:115} INFO - [2022-07-01 15:23:11,335] {dag.py:2371} INFO - Sync 3 DAGs
[2022-07-01 15:23:11,344] {logging_mixin.py:115} INFO - [2022-07-01 15:23:11,344] {dag.py:2915} INFO - Setting next_dagrun for example_subdag_operator to 2022-06-29T00:00:00+00:00, run_after=2022-06-29T00:00:00+00:00
[2022-07-01 15:23:11,344] {logging_mixin.py:115} INFO - [2022-07-01 15:23:11,344] {dag.py:2915} INFO - Setting next_dagrun for example_subdag_operator.section-1 to None, run_after=None
[2022-07-01 15:23:11,344] {logging_mixin.py:115} INFO - [2022-07-01 15:23:11,344] {dag.py:2915} INFO - Setting next_dagrun for example_subdag_operator.section-2 to None, run_after=None
[2022-07-01 15:23:11,347] {logging_mixin.py:115} INFO - [2022-07-01 15:23:11,347] {dag.py:2371} INFO - Sync 2 DAGs
[2022-07-01 15:23:11,349] {logging_mixin.py:115} INFO - [2022-07-01 15:23:11,349] {dag.py:2915} INFO - Setting next_dagrun for example_subdag_operator.section-1 to None, run_after=None
[2022-07-01 15:23:11,349] {logging_mixin.py:115} INFO - [2022-07-01 15:23:11,349] {dag.py:2915} INFO - Setting next_dagrun for example_subdag_operator.section-2 to None, run_after=None
[2022-07-01 15:23:11,368] {processor.py:161} INFO - Processing /root/airflow_env/lib/python3.8/site-packages/airflow/example_dags/example_subdag_operator.py took 0.068 seconds
[2022-07-01 15:24:49,438] {processor.py:153} INFO - Started process (PID=20114) to work on /root/airflow_env/lib/python3.8/site-packages/airflow/example_dags/example_subdag_operator.py
[2022-07-01 15:24:49,439] {processor.py:641} INFO - Processing file /root/airflow_env/lib/python3.8/site-packages/airflow/example_dags/example_subdag_operator.py for tasks to queue
[2022-07-01 15:24:49,439] {logging_mixin.py:115} INFO - [2022-07-01 15:24:49,439] {dagbag.py:507} INFO - Filling up the DagBag from /root/airflow_env/lib/python3.8/site-packages/airflow/example_dags/example_subdag_operator.py
[2022-07-01 15:24:49,453] {processor.py:651} INFO - DAG(s) dict_keys(['example_subdag_operator.section-1', 'example_subdag_operator.section-2', 'example_subdag_operator']) retrieved from /root/airflow_env/lib/python3.8/site-packages/airflow/example_dags/example_subdag_operator.py
[2022-07-01 15:24:49,464] {logging_mixin.py:115} INFO - [2022-07-01 15:24:49,464] {dag.py:2371} INFO - Sync 3 DAGs
[2022-07-01 15:24:49,474] {logging_mixin.py:115} INFO - [2022-07-01 15:24:49,474] {dag.py:2915} INFO - Setting next_dagrun for example_subdag_operator to 2022-06-29T00:00:00+00:00, run_after=2022-06-29T00:00:00+00:00
[2022-07-01 15:24:49,474] {logging_mixin.py:115} INFO - [2022-07-01 15:24:49,474] {dag.py:2915} INFO - Setting next_dagrun for example_subdag_operator.section-1 to None, run_after=None
[2022-07-01 15:24:49,474] {logging_mixin.py:115} INFO - [2022-07-01 15:24:49,474] {dag.py:2915} INFO - Setting next_dagrun for example_subdag_operator.section-2 to None, run_after=None
[2022-07-01 15:24:49,477] {logging_mixin.py:115} INFO - [2022-07-01 15:24:49,477] {dag.py:2371} INFO - Sync 2 DAGs
[2022-07-01 15:24:49,479] {logging_mixin.py:115} INFO - [2022-07-01 15:24:49,479] {dag.py:2915} INFO - Setting next_dagrun for example_subdag_operator.section-1 to None, run_after=None
[2022-07-01 15:24:49,479] {logging_mixin.py:115} INFO - [2022-07-01 15:24:49,479] {dag.py:2915} INFO - Setting next_dagrun for example_subdag_operator.section-2 to None, run_after=None
[2022-07-01 15:24:49,497] {processor.py:161} INFO - Processing /root/airflow_env/lib/python3.8/site-packages/airflow/example_dags/example_subdag_operator.py took 0.061 seconds
