[2022-07-01 15:22:54,947] {processor.py:153} INFO - Started process (PID=18941) to work on /root/airflow_env/lib/python3.8/site-packages/airflow/example_dags/example_bash_operator.py
[2022-07-01 15:22:54,948] {processor.py:641} INFO - Processing file /root/airflow_env/lib/python3.8/site-packages/airflow/example_dags/example_bash_operator.py for tasks to queue
[2022-07-01 15:22:54,948] {logging_mixin.py:115} INFO - [2022-07-01 15:22:54,948] {dagbag.py:507} INFO - Filling up the DagBag from /root/airflow_env/lib/python3.8/site-packages/airflow/example_dags/example_bash_operator.py
[2022-07-01 15:22:54,954] {processor.py:651} INFO - DAG(s) dict_keys(['example_bash_operator']) retrieved from /root/airflow_env/lib/python3.8/site-packages/airflow/example_dags/example_bash_operator.py
[2022-07-01 15:22:54,963] {logging_mixin.py:115} INFO - [2022-07-01 15:22:54,963] {dag.py:2371} INFO - Sync 1 DAGs
[2022-07-01 15:22:54,973] {logging_mixin.py:115} INFO - [2022-07-01 15:22:54,973] {dag.py:2915} INFO - Setting next_dagrun for example_bash_operator to 2022-06-30T00:00:00+00:00, run_after=2022-07-01T00:00:00+00:00
[2022-07-01 15:22:54,990] {processor.py:161} INFO - Processing /root/airflow_env/lib/python3.8/site-packages/airflow/example_dags/example_bash_operator.py took 0.044 seconds
[2022-07-01 15:24:29,050] {processor.py:153} INFO - Started process (PID=19907) to work on /root/airflow_env/lib/python3.8/site-packages/airflow/example_dags/example_bash_operator.py
[2022-07-01 15:24:29,051] {processor.py:641} INFO - Processing file /root/airflow_env/lib/python3.8/site-packages/airflow/example_dags/example_bash_operator.py for tasks to queue
[2022-07-01 15:24:29,052] {logging_mixin.py:115} INFO - [2022-07-01 15:24:29,051] {dagbag.py:507} INFO - Filling up the DagBag from /root/airflow_env/lib/python3.8/site-packages/airflow/example_dags/example_bash_operator.py
[2022-07-01 15:24:29,057] {processor.py:651} INFO - DAG(s) dict_keys(['example_bash_operator']) retrieved from /root/airflow_env/lib/python3.8/site-packages/airflow/example_dags/example_bash_operator.py
[2022-07-01 15:24:29,067] {logging_mixin.py:115} INFO - [2022-07-01 15:24:29,067] {dag.py:2371} INFO - Sync 1 DAGs
[2022-07-01 15:24:29,076] {logging_mixin.py:115} INFO - [2022-07-01 15:24:29,076] {dag.py:2915} INFO - Setting next_dagrun for example_bash_operator to 2022-06-30T00:00:00+00:00, run_after=2022-07-01T00:00:00+00:00
[2022-07-01 15:24:29,093] {processor.py:161} INFO - Processing /root/airflow_env/lib/python3.8/site-packages/airflow/example_dags/example_bash_operator.py took 0.044 seconds
[2022-07-01 15:25:48,657] {processor.py:153} INFO - Started process (PID=20738) to work on /root/airflow_env/lib/python3.8/site-packages/airflow/example_dags/example_bash_operator.py
[2022-07-01 15:25:48,661] {processor.py:641} INFO - Processing file /root/airflow_env/lib/python3.8/site-packages/airflow/example_dags/example_bash_operator.py for tasks to queue
[2022-07-01 15:25:48,661] {logging_mixin.py:115} INFO - [2022-07-01 15:25:48,661] {dagbag.py:507} INFO - Filling up the DagBag from /root/airflow_env/lib/python3.8/site-packages/airflow/example_dags/example_bash_operator.py
[2022-07-01 15:25:48,668] {processor.py:651} INFO - DAG(s) dict_keys(['example_bash_operator']) retrieved from /root/airflow_env/lib/python3.8/site-packages/airflow/example_dags/example_bash_operator.py
[2022-07-01 15:25:48,678] {logging_mixin.py:115} INFO - [2022-07-01 15:25:48,678] {dag.py:2371} INFO - Sync 1 DAGs
[2022-07-01 15:25:48,688] {logging_mixin.py:115} INFO - [2022-07-01 15:25:48,688] {dag.py:2915} INFO - Setting next_dagrun for example_bash_operator to 2022-06-30T00:00:00+00:00, run_after=2022-07-01T00:00:00+00:00
[2022-07-01 15:25:48,707] {processor.py:161} INFO - Processing /root/airflow_env/lib/python3.8/site-packages/airflow/example_dags/example_bash_operator.py took 0.052 seconds
