[2022-07-01 15:22:43,030] {processor.py:153} INFO - Started process (PID=18828) to work on /root/airflow_env/lib/python3.8/site-packages/airflow/example_dags/example_sla_dag.py
[2022-07-01 15:22:43,031] {processor.py:641} INFO - Processing file /root/airflow_env/lib/python3.8/site-packages/airflow/example_dags/example_sla_dag.py for tasks to queue
[2022-07-01 15:22:43,031] {logging_mixin.py:115} INFO - [2022-07-01 15:22:43,031] {dagbag.py:507} INFO - Filling up the DagBag from /root/airflow_env/lib/python3.8/site-packages/airflow/example_dags/example_sla_dag.py
[2022-07-01 15:22:43,041] {processor.py:651} INFO - DAG(s) dict_keys(['example_sla_dag']) retrieved from /root/airflow_env/lib/python3.8/site-packages/airflow/example_dags/example_sla_dag.py
[2022-07-01 15:22:43,051] {logging_mixin.py:115} INFO - [2022-07-01 15:22:43,051] {dag.py:2371} INFO - Sync 1 DAGs
[2022-07-01 15:22:43,062] {logging_mixin.py:115} INFO - [2022-07-01 15:22:43,062] {dag.py:2915} INFO - Setting next_dagrun for example_sla_dag to 2022-07-01T13:20:00+00:00, run_after=2022-07-01T13:22:00+00:00
[2022-07-01 15:22:43,085] {processor.py:161} INFO - Processing /root/airflow_env/lib/python3.8/site-packages/airflow/example_dags/example_sla_dag.py took 0.056 seconds
[2022-07-01 15:24:01,005] {processor.py:153} INFO - Started process (PID=19623) to work on /root/airflow_env/lib/python3.8/site-packages/airflow/example_dags/example_sla_dag.py
[2022-07-01 15:24:01,008] {processor.py:641} INFO - Processing file /root/airflow_env/lib/python3.8/site-packages/airflow/example_dags/example_sla_dag.py for tasks to queue
[2022-07-01 15:24:01,008] {logging_mixin.py:115} INFO - [2022-07-01 15:24:01,008] {dagbag.py:507} INFO - Filling up the DagBag from /root/airflow_env/lib/python3.8/site-packages/airflow/example_dags/example_sla_dag.py
[2022-07-01 15:24:01,018] {processor.py:651} INFO - DAG(s) dict_keys(['example_sla_dag']) retrieved from /root/airflow_env/lib/python3.8/site-packages/airflow/example_dags/example_sla_dag.py
[2022-07-01 15:24:01,027] {logging_mixin.py:115} INFO - [2022-07-01 15:24:01,027] {dag.py:2371} INFO - Sync 1 DAGs
[2022-07-01 15:24:01,041] {logging_mixin.py:115} INFO - [2022-07-01 15:24:01,041] {dag.py:2915} INFO - Setting next_dagrun for example_sla_dag to 2022-07-01T13:22:00+00:00, run_after=2022-07-01T13:24:00+00:00
[2022-07-01 15:24:01,057] {processor.py:161} INFO - Processing /root/airflow_env/lib/python3.8/site-packages/airflow/example_dags/example_sla_dag.py took 0.054 seconds
[2022-07-01 15:25:38,176] {processor.py:153} INFO - Started process (PID=20624) to work on /root/airflow_env/lib/python3.8/site-packages/airflow/example_dags/example_sla_dag.py
[2022-07-01 15:25:38,176] {processor.py:641} INFO - Processing file /root/airflow_env/lib/python3.8/site-packages/airflow/example_dags/example_sla_dag.py for tasks to queue
[2022-07-01 15:25:38,177] {logging_mixin.py:115} INFO - [2022-07-01 15:25:38,177] {dagbag.py:507} INFO - Filling up the DagBag from /root/airflow_env/lib/python3.8/site-packages/airflow/example_dags/example_sla_dag.py
[2022-07-01 15:25:38,187] {processor.py:651} INFO - DAG(s) dict_keys(['example_sla_dag']) retrieved from /root/airflow_env/lib/python3.8/site-packages/airflow/example_dags/example_sla_dag.py
[2022-07-01 15:25:38,195] {logging_mixin.py:115} INFO - [2022-07-01 15:25:38,195] {dag.py:2371} INFO - Sync 1 DAGs
[2022-07-01 15:25:38,206] {logging_mixin.py:115} INFO - [2022-07-01 15:25:38,206] {dag.py:2915} INFO - Setting next_dagrun for example_sla_dag to 2022-07-01T13:22:00+00:00, run_after=2022-07-01T13:24:00+00:00
[2022-07-01 15:25:38,223] {processor.py:161} INFO - Processing /root/airflow_env/lib/python3.8/site-packages/airflow/example_dags/example_sla_dag.py took 0.049 seconds
