[2022-07-01 15:21:18,554] {processor.py:153} INFO - Started process (PID=18373) to work on /root/airflow_env/lib/python3.8/site-packages/airflow/example_dags/example_latest_only.py
[2022-07-01 15:21:18,554] {processor.py:641} INFO - Processing file /root/airflow_env/lib/python3.8/site-packages/airflow/example_dags/example_latest_only.py for tasks to queue
[2022-07-01 15:21:18,554] {logging_mixin.py:115} INFO - [2022-07-01 15:21:18,554] {dagbag.py:507} INFO - Filling up the DagBag from /root/airflow_env/lib/python3.8/site-packages/airflow/example_dags/example_latest_only.py
[2022-07-01 15:21:18,560] {processor.py:651} INFO - DAG(s) dict_keys(['latest_only']) retrieved from /root/airflow_env/lib/python3.8/site-packages/airflow/example_dags/example_latest_only.py
[2022-07-01 15:21:18,573] {logging_mixin.py:115} INFO - [2022-07-01 15:21:18,573] {dag.py:2371} INFO - Sync 1 DAGs
[2022-07-01 15:21:18,587] {logging_mixin.py:115} INFO - [2022-07-01 15:21:18,586] {dag.py:2915} INFO - Setting next_dagrun for latest_only to 2022-07-01T09:21:18.586610+00:00, run_after=2022-07-01T13:21:18.586610+00:00
[2022-07-01 15:21:18,605] {processor.py:161} INFO - Processing /root/airflow_env/lib/python3.8/site-packages/airflow/example_dags/example_latest_only.py took 0.056 seconds
[2022-07-01 15:22:37,529] {processor.py:153} INFO - Started process (PID=18771) to work on /root/airflow_env/lib/python3.8/site-packages/airflow/example_dags/example_latest_only.py
[2022-07-01 15:22:37,530] {processor.py:641} INFO - Processing file /root/airflow_env/lib/python3.8/site-packages/airflow/example_dags/example_latest_only.py for tasks to queue
[2022-07-01 15:22:37,531] {logging_mixin.py:115} INFO - [2022-07-01 15:22:37,530] {dagbag.py:507} INFO - Filling up the DagBag from /root/airflow_env/lib/python3.8/site-packages/airflow/example_dags/example_latest_only.py
[2022-07-01 15:22:37,535] {processor.py:651} INFO - DAG(s) dict_keys(['latest_only']) retrieved from /root/airflow_env/lib/python3.8/site-packages/airflow/example_dags/example_latest_only.py
[2022-07-01 15:22:37,544] {logging_mixin.py:115} INFO - [2022-07-01 15:22:37,544] {dag.py:2371} INFO - Sync 1 DAGs
[2022-07-01 15:22:37,554] {logging_mixin.py:115} INFO - [2022-07-01 15:22:37,553] {dag.py:2915} INFO - Setting next_dagrun for latest_only to 2022-07-01T09:22:37.553735+00:00, run_after=2022-07-01T13:22:37.553735+00:00
[2022-07-01 15:22:37,571] {processor.py:161} INFO - Processing /root/airflow_env/lib/python3.8/site-packages/airflow/example_dags/example_latest_only.py took 0.044 seconds
[2022-07-01 15:23:55,769] {processor.py:153} INFO - Started process (PID=19566) to work on /root/airflow_env/lib/python3.8/site-packages/airflow/example_dags/example_latest_only.py
[2022-07-01 15:23:55,771] {processor.py:641} INFO - Processing file /root/airflow_env/lib/python3.8/site-packages/airflow/example_dags/example_latest_only.py for tasks to queue
[2022-07-01 15:23:55,771] {logging_mixin.py:115} INFO - [2022-07-01 15:23:55,771] {dagbag.py:507} INFO - Filling up the DagBag from /root/airflow_env/lib/python3.8/site-packages/airflow/example_dags/example_latest_only.py
[2022-07-01 15:23:55,774] {processor.py:651} INFO - DAG(s) dict_keys(['latest_only']) retrieved from /root/airflow_env/lib/python3.8/site-packages/airflow/example_dags/example_latest_only.py
[2022-07-01 15:23:55,783] {logging_mixin.py:115} INFO - [2022-07-01 15:23:55,783] {dag.py:2371} INFO - Sync 1 DAGs
[2022-07-01 15:23:55,793] {logging_mixin.py:115} INFO - [2022-07-01 15:23:55,792] {dag.py:2915} INFO - Setting next_dagrun for latest_only to 2022-07-01T09:23:55.792787+00:00, run_after=2022-07-01T13:23:55.792787+00:00
[2022-07-01 15:23:55,809] {processor.py:161} INFO - Processing /root/airflow_env/lib/python3.8/site-packages/airflow/example_dags/example_latest_only.py took 0.042 seconds
[2022-07-01 15:25:33,540] {processor.py:153} INFO - Started process (PID=20568) to work on /root/airflow_env/lib/python3.8/site-packages/airflow/example_dags/example_latest_only.py
[2022-07-01 15:25:33,541] {processor.py:641} INFO - Processing file /root/airflow_env/lib/python3.8/site-packages/airflow/example_dags/example_latest_only.py for tasks to queue
[2022-07-01 15:25:33,541] {logging_mixin.py:115} INFO - [2022-07-01 15:25:33,541] {dagbag.py:507} INFO - Filling up the DagBag from /root/airflow_env/lib/python3.8/site-packages/airflow/example_dags/example_latest_only.py
[2022-07-01 15:25:33,545] {processor.py:651} INFO - DAG(s) dict_keys(['latest_only']) retrieved from /root/airflow_env/lib/python3.8/site-packages/airflow/example_dags/example_latest_only.py
[2022-07-01 15:25:33,555] {logging_mixin.py:115} INFO - [2022-07-01 15:25:33,555] {dag.py:2371} INFO - Sync 1 DAGs
[2022-07-01 15:25:33,568] {logging_mixin.py:115} INFO - [2022-07-01 15:25:33,568] {dag.py:2915} INFO - Setting next_dagrun for latest_only to 2022-07-01T09:25:33.568471+00:00, run_after=2022-07-01T13:25:33.568471+00:00
[2022-07-01 15:25:33,586] {processor.py:161} INFO - Processing /root/airflow_env/lib/python3.8/site-packages/airflow/example_dags/example_latest_only.py took 0.048 seconds
