[2022-07-01 15:22:48,386] {processor.py:153} INFO - Started process (PID=18884) to work on /root/airflow_env/lib/python3.8/site-packages/airflow/example_dags/example_branch_operator.py
[2022-07-01 15:22:48,386] {processor.py:641} INFO - Processing file /root/airflow_env/lib/python3.8/site-packages/airflow/example_dags/example_branch_operator.py for tasks to queue
[2022-07-01 15:22:48,386] {logging_mixin.py:115} INFO - [2022-07-01 15:22:48,386] {dagbag.py:507} INFO - Filling up the DagBag from /root/airflow_env/lib/python3.8/site-packages/airflow/example_dags/example_branch_operator.py
[2022-07-01 15:22:48,392] {processor.py:651} INFO - DAG(s) dict_keys(['example_branch_operator']) retrieved from /root/airflow_env/lib/python3.8/site-packages/airflow/example_dags/example_branch_operator.py
[2022-07-01 15:22:48,401] {logging_mixin.py:115} INFO - [2022-07-01 15:22:48,401] {dag.py:2371} INFO - Sync 1 DAGs
[2022-07-01 15:22:48,411] {logging_mixin.py:115} INFO - [2022-07-01 15:22:48,411] {dag.py:2915} INFO - Setting next_dagrun for example_branch_operator to 2022-06-30T00:00:00+00:00, run_after=2022-07-01T00:00:00+00:00
[2022-07-01 15:22:48,428] {processor.py:161} INFO - Processing /root/airflow_env/lib/python3.8/site-packages/airflow/example_dags/example_branch_operator.py took 0.044 seconds
[2022-07-01 15:24:05,819] {processor.py:153} INFO - Started process (PID=19679) to work on /root/airflow_env/lib/python3.8/site-packages/airflow/example_dags/example_branch_operator.py
[2022-07-01 15:24:05,821] {processor.py:641} INFO - Processing file /root/airflow_env/lib/python3.8/site-packages/airflow/example_dags/example_branch_operator.py for tasks to queue
[2022-07-01 15:24:05,822] {logging_mixin.py:115} INFO - [2022-07-01 15:24:05,822] {dagbag.py:507} INFO - Filling up the DagBag from /root/airflow_env/lib/python3.8/site-packages/airflow/example_dags/example_branch_operator.py
[2022-07-01 15:24:05,827] {processor.py:651} INFO - DAG(s) dict_keys(['example_branch_operator']) retrieved from /root/airflow_env/lib/python3.8/site-packages/airflow/example_dags/example_branch_operator.py
[2022-07-01 15:24:05,837] {logging_mixin.py:115} INFO - [2022-07-01 15:24:05,837] {dag.py:2371} INFO - Sync 1 DAGs
[2022-07-01 15:24:05,847] {logging_mixin.py:115} INFO - [2022-07-01 15:24:05,846] {dag.py:2915} INFO - Setting next_dagrun for example_branch_operator to 2022-06-30T00:00:00+00:00, run_after=2022-07-01T00:00:00+00:00
[2022-07-01 15:24:05,864] {processor.py:161} INFO - Processing /root/airflow_env/lib/python3.8/site-packages/airflow/example_dags/example_branch_operator.py took 0.046 seconds
[2022-07-01 15:25:40,568] {processor.py:153} INFO - Started process (PID=20645) to work on /root/airflow_env/lib/python3.8/site-packages/airflow/example_dags/example_branch_operator.py
[2022-07-01 15:25:40,569] {processor.py:641} INFO - Processing file /root/airflow_env/lib/python3.8/site-packages/airflow/example_dags/example_branch_operator.py for tasks to queue
[2022-07-01 15:25:40,570] {logging_mixin.py:115} INFO - [2022-07-01 15:25:40,570] {dagbag.py:507} INFO - Filling up the DagBag from /root/airflow_env/lib/python3.8/site-packages/airflow/example_dags/example_branch_operator.py
[2022-07-01 15:25:40,576] {processor.py:651} INFO - DAG(s) dict_keys(['example_branch_operator']) retrieved from /root/airflow_env/lib/python3.8/site-packages/airflow/example_dags/example_branch_operator.py
[2022-07-01 15:25:40,586] {logging_mixin.py:115} INFO - [2022-07-01 15:25:40,586] {dag.py:2371} INFO - Sync 1 DAGs
[2022-07-01 15:25:40,599] {logging_mixin.py:115} INFO - [2022-07-01 15:25:40,599] {dag.py:2915} INFO - Setting next_dagrun for example_branch_operator to 2022-06-30T00:00:00+00:00, run_after=2022-07-01T00:00:00+00:00
[2022-07-01 15:25:40,618] {processor.py:161} INFO - Processing /root/airflow_env/lib/python3.8/site-packages/airflow/example_dags/example_branch_operator.py took 0.051 seconds
