[2022-07-01 15:21:02,665] {processor.py:153} INFO - Started process (PID=18235) to work on /root/airflow_env/lib/python3.8/site-packages/airflow/example_dags/example_kubernetes_executor.py
[2022-07-01 15:21:02,666] {processor.py:641} INFO - Processing file /root/airflow_env/lib/python3.8/site-packages/airflow/example_dags/example_kubernetes_executor.py for tasks to queue
[2022-07-01 15:21:02,667] {logging_mixin.py:115} INFO - [2022-07-01 15:21:02,667] {dagbag.py:507} INFO - Filling up the DagBag from /root/airflow_env/lib/python3.8/site-packages/airflow/example_dags/example_kubernetes_executor.py
[2022-07-01 15:21:02,682] {logging_mixin.py:115} INFO - [2022-07-01 15:21:02,682] {example_kubernetes_executor.py:39} WARNING - The example_kubernetes_executor example DAG requires the kubernetes provider. Please install it with: pip install apache-airflow[cncf.kubernetes]
[2022-07-01 15:21:02,683] {processor.py:653} WARNING - No viable dags retrieved from /root/airflow_env/lib/python3.8/site-packages/airflow/example_dags/example_kubernetes_executor.py
[2022-07-01 15:21:02,692] {processor.py:161} INFO - Processing /root/airflow_env/lib/python3.8/site-packages/airflow/example_dags/example_kubernetes_executor.py took 0.031 seconds
[2022-07-01 15:22:10,150] {processor.py:153} INFO - Started process (PID=18543) to work on /root/airflow_env/lib/python3.8/site-packages/airflow/example_dags/example_kubernetes_executor.py
[2022-07-01 15:22:10,151] {processor.py:641} INFO - Processing file /root/airflow_env/lib/python3.8/site-packages/airflow/example_dags/example_kubernetes_executor.py for tasks to queue
[2022-07-01 15:22:10,151] {logging_mixin.py:115} INFO - [2022-07-01 15:22:10,151] {dagbag.py:507} INFO - Filling up the DagBag from /root/airflow_env/lib/python3.8/site-packages/airflow/example_dags/example_kubernetes_executor.py
[2022-07-01 15:22:10,162] {logging_mixin.py:115} INFO - [2022-07-01 15:22:10,162] {example_kubernetes_executor.py:39} WARNING - The example_kubernetes_executor example DAG requires the kubernetes provider. Please install it with: pip install apache-airflow[cncf.kubernetes]
[2022-07-01 15:22:10,162] {processor.py:653} WARNING - No viable dags retrieved from /root/airflow_env/lib/python3.8/site-packages/airflow/example_dags/example_kubernetes_executor.py
[2022-07-01 15:22:10,168] {processor.py:161} INFO - Processing /root/airflow_env/lib/python3.8/site-packages/airflow/example_dags/example_kubernetes_executor.py took 0.020 seconds
[2022-07-01 15:23:32,528] {processor.py:153} INFO - Started process (PID=19338) to work on /root/airflow_env/lib/python3.8/site-packages/airflow/example_dags/example_kubernetes_executor.py
[2022-07-01 15:23:32,530] {processor.py:641} INFO - Processing file /root/airflow_env/lib/python3.8/site-packages/airflow/example_dags/example_kubernetes_executor.py for tasks to queue
[2022-07-01 15:23:32,530] {logging_mixin.py:115} INFO - [2022-07-01 15:23:32,530] {dagbag.py:507} INFO - Filling up the DagBag from /root/airflow_env/lib/python3.8/site-packages/airflow/example_dags/example_kubernetes_executor.py
[2022-07-01 15:23:32,538] {logging_mixin.py:115} INFO - [2022-07-01 15:23:32,538] {example_kubernetes_executor.py:39} WARNING - The example_kubernetes_executor example DAG requires the kubernetes provider. Please install it with: pip install apache-airflow[cncf.kubernetes]
[2022-07-01 15:23:32,538] {processor.py:653} WARNING - No viable dags retrieved from /root/airflow_env/lib/python3.8/site-packages/airflow/example_dags/example_kubernetes_executor.py
[2022-07-01 15:23:32,544] {processor.py:161} INFO - Processing /root/airflow_env/lib/python3.8/site-packages/airflow/example_dags/example_kubernetes_executor.py took 0.017 seconds
[2022-07-01 15:24:20,747] {processor.py:153} INFO - Started process (PID=19813) to work on /root/airflow_env/lib/python3.8/site-packages/airflow/example_dags/example_kubernetes_executor.py
[2022-07-01 15:24:20,748] {processor.py:641} INFO - Processing file /root/airflow_env/lib/python3.8/site-packages/airflow/example_dags/example_kubernetes_executor.py for tasks to queue
[2022-07-01 15:24:20,749] {logging_mixin.py:115} INFO - [2022-07-01 15:24:20,749] {dagbag.py:507} INFO - Filling up the DagBag from /root/airflow_env/lib/python3.8/site-packages/airflow/example_dags/example_kubernetes_executor.py
[2022-07-01 15:24:20,757] {logging_mixin.py:115} INFO - [2022-07-01 15:24:20,757] {example_kubernetes_executor.py:39} WARNING - The example_kubernetes_executor example DAG requires the kubernetes provider. Please install it with: pip install apache-airflow[cncf.kubernetes]
[2022-07-01 15:24:20,757] {processor.py:653} WARNING - No viable dags retrieved from /root/airflow_env/lib/python3.8/site-packages/airflow/example_dags/example_kubernetes_executor.py
[2022-07-01 15:24:20,763] {processor.py:161} INFO - Processing /root/airflow_env/lib/python3.8/site-packages/airflow/example_dags/example_kubernetes_executor.py took 0.018 seconds
[2022-07-01 15:25:08,973] {processor.py:153} INFO - Started process (PID=20304) to work on /root/airflow_env/lib/python3.8/site-packages/airflow/example_dags/example_kubernetes_executor.py
[2022-07-01 15:25:08,975] {processor.py:641} INFO - Processing file /root/airflow_env/lib/python3.8/site-packages/airflow/example_dags/example_kubernetes_executor.py for tasks to queue
[2022-07-01 15:25:08,976] {logging_mixin.py:115} INFO - [2022-07-01 15:25:08,976] {dagbag.py:507} INFO - Filling up the DagBag from /root/airflow_env/lib/python3.8/site-packages/airflow/example_dags/example_kubernetes_executor.py
[2022-07-01 15:25:08,985] {logging_mixin.py:115} INFO - [2022-07-01 15:25:08,985] {example_kubernetes_executor.py:39} WARNING - The example_kubernetes_executor example DAG requires the kubernetes provider. Please install it with: pip install apache-airflow[cncf.kubernetes]
[2022-07-01 15:25:08,985] {processor.py:653} WARNING - No viable dags retrieved from /root/airflow_env/lib/python3.8/site-packages/airflow/example_dags/example_kubernetes_executor.py
[2022-07-01 15:25:08,992] {processor.py:161} INFO - Processing /root/airflow_env/lib/python3.8/site-packages/airflow/example_dags/example_kubernetes_executor.py took 0.021 seconds
[2022-07-01 15:25:59,669] {processor.py:153} INFO - Started process (PID=20851) to work on /root/airflow_env/lib/python3.8/site-packages/airflow/example_dags/example_kubernetes_executor.py
[2022-07-01 15:25:59,671] {processor.py:641} INFO - Processing file /root/airflow_env/lib/python3.8/site-packages/airflow/example_dags/example_kubernetes_executor.py for tasks to queue
[2022-07-01 15:25:59,671] {logging_mixin.py:115} INFO - [2022-07-01 15:25:59,671] {dagbag.py:507} INFO - Filling up the DagBag from /root/airflow_env/lib/python3.8/site-packages/airflow/example_dags/example_kubernetes_executor.py
[2022-07-01 15:25:59,679] {logging_mixin.py:115} INFO - [2022-07-01 15:25:59,679] {example_kubernetes_executor.py:39} WARNING - The example_kubernetes_executor example DAG requires the kubernetes provider. Please install it with: pip install apache-airflow[cncf.kubernetes]
[2022-07-01 15:25:59,679] {processor.py:653} WARNING - No viable dags retrieved from /root/airflow_env/lib/python3.8/site-packages/airflow/example_dags/example_kubernetes_executor.py
[2022-07-01 15:25:59,685] {processor.py:161} INFO - Processing /root/airflow_env/lib/python3.8/site-packages/airflow/example_dags/example_kubernetes_executor.py took 0.018 seconds
