[2022-07-01 15:23:01,995] {processor.py:153} INFO - Started process (PID=19018) to work on /root/airflow_env/lib/python3.8/site-packages/airflow/example_dags/example_local_kubernetes_executor.py
[2022-07-01 15:23:01,995] {processor.py:641} INFO - Processing file /root/airflow_env/lib/python3.8/site-packages/airflow/example_dags/example_local_kubernetes_executor.py for tasks to queue
[2022-07-01 15:23:01,995] {logging_mixin.py:115} INFO - [2022-07-01 15:23:01,995] {dagbag.py:507} INFO - Filling up the DagBag from /root/airflow_env/lib/python3.8/site-packages/airflow/example_dags/example_local_kubernetes_executor.py
[2022-07-01 15:23:02,004] {logging_mixin.py:115} INFO - [2022-07-01 15:23:02,004] {example_local_kubernetes_executor.py:37} WARNING - Could not import DAGs in example_local_kubernetes_executor.py
Traceback (most recent call last):
  File "/root/airflow_env/lib/python3.8/site-packages/airflow/example_dags/example_local_kubernetes_executor.py", line 35, in <module>
    from kubernetes.client import models as k8s
ModuleNotFoundError: No module named 'kubernetes'
[2022-07-01 15:23:02,004] {logging_mixin.py:115} INFO - [2022-07-01 15:23:02,004] {example_local_kubernetes_executor.py:38} WARNING - Install Kubernetes dependencies with: pip install apache-airflow[cncf.kubernetes]
[2022-07-01 15:23:02,004] {processor.py:653} WARNING - No viable dags retrieved from /root/airflow_env/lib/python3.8/site-packages/airflow/example_dags/example_local_kubernetes_executor.py
[2022-07-01 15:23:02,012] {processor.py:161} INFO - Processing /root/airflow_env/lib/python3.8/site-packages/airflow/example_dags/example_local_kubernetes_executor.py took 0.019 seconds
[2022-07-01 15:24:39,245] {processor.py:153} INFO - Started process (PID=20019) to work on /root/airflow_env/lib/python3.8/site-packages/airflow/example_dags/example_local_kubernetes_executor.py
[2022-07-01 15:24:39,246] {processor.py:641} INFO - Processing file /root/airflow_env/lib/python3.8/site-packages/airflow/example_dags/example_local_kubernetes_executor.py for tasks to queue
[2022-07-01 15:24:39,247] {logging_mixin.py:115} INFO - [2022-07-01 15:24:39,247] {dagbag.py:507} INFO - Filling up the DagBag from /root/airflow_env/lib/python3.8/site-packages/airflow/example_dags/example_local_kubernetes_executor.py
[2022-07-01 15:24:39,254] {logging_mixin.py:115} INFO - [2022-07-01 15:24:39,254] {example_local_kubernetes_executor.py:37} WARNING - Could not import DAGs in example_local_kubernetes_executor.py
Traceback (most recent call last):
  File "/root/airflow_env/lib/python3.8/site-packages/airflow/example_dags/example_local_kubernetes_executor.py", line 35, in <module>
    from kubernetes.client import models as k8s
ModuleNotFoundError: No module named 'kubernetes'
[2022-07-01 15:24:39,254] {logging_mixin.py:115} INFO - [2022-07-01 15:24:39,254] {example_local_kubernetes_executor.py:38} WARNING - Install Kubernetes dependencies with: pip install apache-airflow[cncf.kubernetes]
[2022-07-01 15:24:39,255] {processor.py:653} WARNING - No viable dags retrieved from /root/airflow_env/lib/python3.8/site-packages/airflow/example_dags/example_local_kubernetes_executor.py
[2022-07-01 15:24:39,261] {processor.py:161} INFO - Processing /root/airflow_env/lib/python3.8/site-packages/airflow/example_dags/example_local_kubernetes_executor.py took 0.018 seconds
