[2022-07-01 15:21:09,773] {processor.py:153} INFO - Started process (PID=18294) to work on /root/airflow_env/lib/python3.8/site-packages/airflow/example_dags/example_complex.py
[2022-07-01 15:21:09,774] {processor.py:641} INFO - Processing file /root/airflow_env/lib/python3.8/site-packages/airflow/example_dags/example_complex.py for tasks to queue
[2022-07-01 15:21:09,774] {logging_mixin.py:115} INFO - [2022-07-01 15:21:09,774] {dagbag.py:507} INFO - Filling up the DagBag from /root/airflow_env/lib/python3.8/site-packages/airflow/example_dags/example_complex.py
[2022-07-01 15:21:09,783] {processor.py:651} INFO - DAG(s) dict_keys(['example_complex']) retrieved from /root/airflow_env/lib/python3.8/site-packages/airflow/example_dags/example_complex.py
[2022-07-01 15:21:09,801] {logging_mixin.py:115} INFO - [2022-07-01 15:21:09,801] {dag.py:2371} INFO - Sync 1 DAGs
[2022-07-01 15:21:09,814] {logging_mixin.py:115} INFO - [2022-07-01 15:21:09,814] {dag.py:2915} INFO - Setting next_dagrun for example_complex to None, run_after=None
[2022-07-01 15:21:09,839] {processor.py:161} INFO - Processing /root/airflow_env/lib/python3.8/site-packages/airflow/example_dags/example_complex.py took 0.069 seconds
[2022-07-01 15:22:24,797] {processor.py:153} INFO - Started process (PID=18657) to work on /root/airflow_env/lib/python3.8/site-packages/airflow/example_dags/example_complex.py
[2022-07-01 15:22:24,799] {processor.py:641} INFO - Processing file /root/airflow_env/lib/python3.8/site-packages/airflow/example_dags/example_complex.py for tasks to queue
[2022-07-01 15:22:24,799] {logging_mixin.py:115} INFO - [2022-07-01 15:22:24,799] {dagbag.py:507} INFO - Filling up the DagBag from /root/airflow_env/lib/python3.8/site-packages/airflow/example_dags/example_complex.py
[2022-07-01 15:22:24,805] {processor.py:651} INFO - DAG(s) dict_keys(['example_complex']) retrieved from /root/airflow_env/lib/python3.8/site-packages/airflow/example_dags/example_complex.py
[2022-07-01 15:22:24,816] {logging_mixin.py:115} INFO - [2022-07-01 15:22:24,816] {dag.py:2371} INFO - Sync 1 DAGs
[2022-07-01 15:22:24,824] {logging_mixin.py:115} INFO - [2022-07-01 15:22:24,824] {dag.py:2915} INFO - Setting next_dagrun for example_complex to None, run_after=None
[2022-07-01 15:22:24,841] {processor.py:161} INFO - Processing /root/airflow_env/lib/python3.8/site-packages/airflow/example_dags/example_complex.py took 0.046 seconds
[2022-07-01 15:23:44,140] {processor.py:153} INFO - Started process (PID=19452) to work on /root/airflow_env/lib/python3.8/site-packages/airflow/example_dags/example_complex.py
[2022-07-01 15:23:44,141] {processor.py:641} INFO - Processing file /root/airflow_env/lib/python3.8/site-packages/airflow/example_dags/example_complex.py for tasks to queue
[2022-07-01 15:23:44,142] {logging_mixin.py:115} INFO - [2022-07-01 15:23:44,142] {dagbag.py:507} INFO - Filling up the DagBag from /root/airflow_env/lib/python3.8/site-packages/airflow/example_dags/example_complex.py
[2022-07-01 15:23:44,148] {processor.py:651} INFO - DAG(s) dict_keys(['example_complex']) retrieved from /root/airflow_env/lib/python3.8/site-packages/airflow/example_dags/example_complex.py
[2022-07-01 15:23:44,159] {logging_mixin.py:115} INFO - [2022-07-01 15:23:44,159] {dag.py:2371} INFO - Sync 1 DAGs
[2022-07-01 15:23:44,170] {logging_mixin.py:115} INFO - [2022-07-01 15:23:44,170] {dag.py:2915} INFO - Setting next_dagrun for example_complex to None, run_after=None
[2022-07-01 15:23:44,187] {processor.py:161} INFO - Processing /root/airflow_env/lib/python3.8/site-packages/airflow/example_dags/example_complex.py took 0.048 seconds
[2022-07-01 15:25:19,378] {processor.py:153} INFO - Started process (PID=20418) to work on /root/airflow_env/lib/python3.8/site-packages/airflow/example_dags/example_complex.py
[2022-07-01 15:25:19,379] {processor.py:641} INFO - Processing file /root/airflow_env/lib/python3.8/site-packages/airflow/example_dags/example_complex.py for tasks to queue
[2022-07-01 15:25:19,379] {logging_mixin.py:115} INFO - [2022-07-01 15:25:19,379] {dagbag.py:507} INFO - Filling up the DagBag from /root/airflow_env/lib/python3.8/site-packages/airflow/example_dags/example_complex.py
[2022-07-01 15:25:19,385] {processor.py:651} INFO - DAG(s) dict_keys(['example_complex']) retrieved from /root/airflow_env/lib/python3.8/site-packages/airflow/example_dags/example_complex.py
[2022-07-01 15:25:19,396] {logging_mixin.py:115} INFO - [2022-07-01 15:25:19,396] {dag.py:2371} INFO - Sync 1 DAGs
[2022-07-01 15:25:19,405] {logging_mixin.py:115} INFO - [2022-07-01 15:25:19,405] {dag.py:2915} INFO - Setting next_dagrun for example_complex to None, run_after=None
[2022-07-01 15:25:19,422] {processor.py:161} INFO - Processing /root/airflow_env/lib/python3.8/site-packages/airflow/example_dags/example_complex.py took 0.046 seconds
[2022-07-01 15:26:10,162] {processor.py:153} INFO - Started process (PID=20964) to work on /root/airflow_env/lib/python3.8/site-packages/airflow/example_dags/example_complex.py
[2022-07-01 15:26:10,162] {processor.py:641} INFO - Processing file /root/airflow_env/lib/python3.8/site-packages/airflow/example_dags/example_complex.py for tasks to queue
[2022-07-01 15:26:10,163] {logging_mixin.py:115} INFO - [2022-07-01 15:26:10,163] {dagbag.py:507} INFO - Filling up the DagBag from /root/airflow_env/lib/python3.8/site-packages/airflow/example_dags/example_complex.py
[2022-07-01 15:26:10,171] {processor.py:651} INFO - DAG(s) dict_keys(['example_complex']) retrieved from /root/airflow_env/lib/python3.8/site-packages/airflow/example_dags/example_complex.py
[2022-07-01 15:26:10,186] {logging_mixin.py:115} INFO - [2022-07-01 15:26:10,185] {dag.py:2371} INFO - Sync 1 DAGs
[2022-07-01 15:26:10,197] {logging_mixin.py:115} INFO - [2022-07-01 15:26:10,197] {dag.py:2915} INFO - Setting next_dagrun for example_complex to None, run_after=None
[2022-07-01 15:26:10,213] {processor.py:161} INFO - Processing /root/airflow_env/lib/python3.8/site-packages/airflow/example_dags/example_complex.py took 0.054 seconds
