[2022-06-29 21:22:01,899] {taskinstance.py:1159} INFO - Dependencies all met for <TaskInstance: ingest_data.save_data_task scheduled__2022-06-29T00:59:00+00:00 [queued]>
[2022-06-29 21:22:01,902] {taskinstance.py:1159} INFO - Dependencies all met for <TaskInstance: ingest_data.save_data_task scheduled__2022-06-29T00:59:00+00:00 [queued]>
[2022-06-29 21:22:01,902] {taskinstance.py:1356} INFO - 
--------------------------------------------------------------------------------
[2022-06-29 21:22:01,902] {taskinstance.py:1357} INFO - Starting attempt 1 of 1
[2022-06-29 21:22:01,902] {taskinstance.py:1358} INFO - 
--------------------------------------------------------------------------------
[2022-06-29 21:22:01,924] {taskinstance.py:1377} INFO - Executing <Task(_PythonDecoratedOperator): save_data_task> on 2022-06-29 00:59:00+00:00
[2022-06-29 21:22:01,927] {standard_task_runner.py:52} INFO - Started process 11557 to run task
[2022-06-29 21:22:01,930] {standard_task_runner.py:79} INFO - Running: ['airflow', 'tasks', 'run', 'ingest_data', 'save_data_task', 'scheduled__2022-06-29T00:59:00+00:00', '--job-id', '740', '--raw', '--subdir', 'DAGS_FOLDER/CarPriceDag.py', '--cfg-path', '/tmp/tmpi45w9jqn', '--error-file', '/tmp/tmphveuq7jm']
[2022-06-29 21:22:01,930] {standard_task_runner.py:80} INFO - Job 740: Subtask save_data_task
[2022-06-29 21:22:01,971] {task_command.py:369} INFO - Running <TaskInstance: ingest_data.save_data_task scheduled__2022-06-29T00:59:00+00:00 [running]> on host DESKTOP-9B44JSS.localdomain
[2022-06-29 21:22:02,051] {taskinstance.py:1569} INFO - Exporting the following env vars:
AIRFLOW_CTX_DAG_OWNER=airflow
AIRFLOW_CTX_DAG_ID=ingest_data
AIRFLOW_CTX_TASK_ID=save_data_task
AIRFLOW_CTX_EXECUTION_DATE=2022-06-29T00:59:00+00:00
AIRFLOW_CTX_TRY_NUMBER=1
AIRFLOW_CTX_DAG_RUN_ID=scheduled__2022-06-29T00:59:00+00:00
[2022-06-29 21:22:02,413] {python.py:173} INFO - Done. Returned value was: None
[2022-06-29 21:22:02,418] {taskinstance.py:1395} INFO - Marking task as SUCCESS. dag_id=ingest_data, task_id=save_data_task, execution_date=20220629T005900, start_date=20220629T192201, end_date=20220629T192202
[2022-06-29 21:22:02,466] {local_task_job.py:156} INFO - Task exited with return code 0
[2022-06-29 21:22:02,491] {local_task_job.py:273} INFO - 0 downstream tasks scheduled from follow-on schedule check
