[2022-06-28 17:44:28,979] {processor.py:153} INFO - Started process (PID=9694) to work on /root/airflow_env/lib/python3.8/site-packages/airflow/example_dags/example_trigger_target_dag.py
[2022-06-28 17:44:28,980] {processor.py:641} INFO - Processing file /root/airflow_env/lib/python3.8/site-packages/airflow/example_dags/example_trigger_target_dag.py for tasks to queue
[2022-06-28 17:44:28,981] {logging_mixin.py:115} INFO - [2022-06-28 17:44:28,981] {dagbag.py:507} INFO - Filling up the DagBag from /root/airflow_env/lib/python3.8/site-packages/airflow/example_dags/example_trigger_target_dag.py
[2022-06-28 17:44:29,013] {processor.py:651} INFO - DAG(s) dict_keys(['example_trigger_target_dag']) retrieved from /root/airflow_env/lib/python3.8/site-packages/airflow/example_dags/example_trigger_target_dag.py
[2022-06-28 17:44:29,035] {logging_mixin.py:115} INFO - [2022-06-28 17:44:29,035] {dag.py:2371} INFO - Sync 1 DAGs
[2022-06-28 17:44:29,048] {logging_mixin.py:115} INFO - [2022-06-28 17:44:29,048] {dag.py:2915} INFO - Setting next_dagrun for example_trigger_target_dag to None, run_after=None
[2022-06-28 17:44:29,080] {processor.py:161} INFO - Processing /root/airflow_env/lib/python3.8/site-packages/airflow/example_dags/example_trigger_target_dag.py took 0.108 seconds
[2022-06-28 17:45:07,417] {processor.py:153} INFO - Started process (PID=9730) to work on /root/airflow_env/lib/python3.8/site-packages/airflow/example_dags/example_trigger_target_dag.py
[2022-06-28 17:45:07,458] {processor.py:641} INFO - Processing file /root/airflow_env/lib/python3.8/site-packages/airflow/example_dags/example_trigger_target_dag.py for tasks to queue
[2022-06-28 17:45:07,459] {logging_mixin.py:115} INFO - [2022-06-28 17:45:07,459] {dagbag.py:507} INFO - Filling up the DagBag from /root/airflow_env/lib/python3.8/site-packages/airflow/example_dags/example_trigger_target_dag.py
[2022-06-28 17:45:07,491] {processor.py:651} INFO - DAG(s) dict_keys(['example_trigger_target_dag']) retrieved from /root/airflow_env/lib/python3.8/site-packages/airflow/example_dags/example_trigger_target_dag.py
[2022-06-28 17:45:07,521] {logging_mixin.py:115} INFO - [2022-06-28 17:45:07,520] {dag.py:2371} INFO - Sync 1 DAGs
[2022-06-28 17:45:07,539] {logging_mixin.py:115} INFO - [2022-06-28 17:45:07,538] {dag.py:2915} INFO - Setting next_dagrun for example_trigger_target_dag to None, run_after=None
[2022-06-28 17:45:07,568] {processor.py:161} INFO - Processing /root/airflow_env/lib/python3.8/site-packages/airflow/example_dags/example_trigger_target_dag.py took 0.157 seconds
[2022-06-28 17:47:00,520] {processor.py:153} INFO - Started process (PID=9794) to work on /root/airflow_env/lib/python3.8/site-packages/airflow/example_dags/example_trigger_target_dag.py
[2022-06-28 17:47:00,522] {processor.py:641} INFO - Processing file /root/airflow_env/lib/python3.8/site-packages/airflow/example_dags/example_trigger_target_dag.py for tasks to queue
[2022-06-28 17:47:00,523] {logging_mixin.py:115} INFO - [2022-06-28 17:47:00,523] {dagbag.py:507} INFO - Filling up the DagBag from /root/airflow_env/lib/python3.8/site-packages/airflow/example_dags/example_trigger_target_dag.py
[2022-06-28 17:47:00,551] {processor.py:651} INFO - DAG(s) dict_keys(['example_trigger_target_dag']) retrieved from /root/airflow_env/lib/python3.8/site-packages/airflow/example_dags/example_trigger_target_dag.py
[2022-06-28 17:47:00,566] {logging_mixin.py:115} INFO - [2022-06-28 17:47:00,566] {dag.py:2371} INFO - Sync 1 DAGs
[2022-06-28 17:47:00,584] {logging_mixin.py:115} INFO - [2022-06-28 17:47:00,584] {dag.py:2915} INFO - Setting next_dagrun for example_trigger_target_dag to None, run_after=None
[2022-06-28 17:47:00,616] {processor.py:161} INFO - Processing /root/airflow_env/lib/python3.8/site-packages/airflow/example_dags/example_trigger_target_dag.py took 0.103 seconds
[2022-06-28 17:47:37,289] {processor.py:153} INFO - Started process (PID=9847) to work on /root/airflow_env/lib/python3.8/site-packages/airflow/example_dags/example_trigger_target_dag.py
[2022-06-28 17:47:37,290] {processor.py:641} INFO - Processing file /root/airflow_env/lib/python3.8/site-packages/airflow/example_dags/example_trigger_target_dag.py for tasks to queue
[2022-06-28 17:47:37,291] {logging_mixin.py:115} INFO - [2022-06-28 17:47:37,291] {dagbag.py:507} INFO - Filling up the DagBag from /root/airflow_env/lib/python3.8/site-packages/airflow/example_dags/example_trigger_target_dag.py
[2022-06-28 17:47:37,322] {processor.py:651} INFO - DAG(s) dict_keys(['example_trigger_target_dag']) retrieved from /root/airflow_env/lib/python3.8/site-packages/airflow/example_dags/example_trigger_target_dag.py
[2022-06-28 17:47:37,349] {logging_mixin.py:115} INFO - [2022-06-28 17:47:37,348] {dag.py:2371} INFO - Sync 1 DAGs
[2022-06-28 17:47:37,366] {logging_mixin.py:115} INFO - [2022-06-28 17:47:37,366] {dag.py:2915} INFO - Setting next_dagrun for example_trigger_target_dag to None, run_after=None
[2022-06-28 17:47:37,388] {processor.py:161} INFO - Processing /root/airflow_env/lib/python3.8/site-packages/airflow/example_dags/example_trigger_target_dag.py took 0.106 seconds
[2022-06-28 17:48:14,098] {processor.py:153} INFO - Started process (PID=10078) to work on /root/airflow_env/lib/python3.8/site-packages/airflow/example_dags/example_trigger_target_dag.py
[2022-06-28 17:48:14,139] {processor.py:641} INFO - Processing file /root/airflow_env/lib/python3.8/site-packages/airflow/example_dags/example_trigger_target_dag.py for tasks to queue
[2022-06-28 17:48:14,141] {logging_mixin.py:115} INFO - [2022-06-28 17:48:14,140] {dagbag.py:507} INFO - Filling up the DagBag from /root/airflow_env/lib/python3.8/site-packages/airflow/example_dags/example_trigger_target_dag.py
[2022-06-28 17:48:14,174] {processor.py:651} INFO - DAG(s) dict_keys(['example_trigger_target_dag']) retrieved from /root/airflow_env/lib/python3.8/site-packages/airflow/example_dags/example_trigger_target_dag.py
[2022-06-28 17:48:14,199] {logging_mixin.py:115} INFO - [2022-06-28 17:48:14,198] {dag.py:2371} INFO - Sync 1 DAGs
[2022-06-28 17:48:14,222] {logging_mixin.py:115} INFO - [2022-06-28 17:48:14,221] {dag.py:2915} INFO - Setting next_dagrun for example_trigger_target_dag to None, run_after=None
[2022-06-28 17:48:14,251] {processor.py:161} INFO - Processing /root/airflow_env/lib/python3.8/site-packages/airflow/example_dags/example_trigger_target_dag.py took 0.159 seconds
[2022-06-28 17:48:50,601] {processor.py:153} INFO - Started process (PID=10114) to work on /root/airflow_env/lib/python3.8/site-packages/airflow/example_dags/example_trigger_target_dag.py
[2022-06-28 17:48:50,641] {processor.py:641} INFO - Processing file /root/airflow_env/lib/python3.8/site-packages/airflow/example_dags/example_trigger_target_dag.py for tasks to queue
[2022-06-28 17:48:50,643] {logging_mixin.py:115} INFO - [2022-06-28 17:48:50,642] {dagbag.py:507} INFO - Filling up the DagBag from /root/airflow_env/lib/python3.8/site-packages/airflow/example_dags/example_trigger_target_dag.py
[2022-06-28 17:48:50,676] {processor.py:651} INFO - DAG(s) dict_keys(['example_trigger_target_dag']) retrieved from /root/airflow_env/lib/python3.8/site-packages/airflow/example_dags/example_trigger_target_dag.py
[2022-06-28 17:48:50,704] {logging_mixin.py:115} INFO - [2022-06-28 17:48:50,703] {dag.py:2371} INFO - Sync 1 DAGs
[2022-06-28 17:48:50,731] {logging_mixin.py:115} INFO - [2022-06-28 17:48:50,731] {dag.py:2915} INFO - Setting next_dagrun for example_trigger_target_dag to None, run_after=None
[2022-06-28 17:48:50,760] {processor.py:161} INFO - Processing /root/airflow_env/lib/python3.8/site-packages/airflow/example_dags/example_trigger_target_dag.py took 0.167 seconds
[2022-06-28 17:49:30,488] {processor.py:153} INFO - Started process (PID=10172) to work on /root/airflow_env/lib/python3.8/site-packages/airflow/example_dags/example_trigger_target_dag.py
[2022-06-28 17:49:30,491] {processor.py:641} INFO - Processing file /root/airflow_env/lib/python3.8/site-packages/airflow/example_dags/example_trigger_target_dag.py for tasks to queue
[2022-06-28 17:49:30,492] {logging_mixin.py:115} INFO - [2022-06-28 17:49:30,492] {dagbag.py:507} INFO - Filling up the DagBag from /root/airflow_env/lib/python3.8/site-packages/airflow/example_dags/example_trigger_target_dag.py
[2022-06-28 17:49:30,515] {processor.py:651} INFO - DAG(s) dict_keys(['example_trigger_target_dag']) retrieved from /root/airflow_env/lib/python3.8/site-packages/airflow/example_dags/example_trigger_target_dag.py
[2022-06-28 17:49:30,541] {logging_mixin.py:115} INFO - [2022-06-28 17:49:30,541] {dag.py:2371} INFO - Sync 1 DAGs
[2022-06-28 17:49:30,570] {logging_mixin.py:115} INFO - [2022-06-28 17:49:30,569] {dag.py:2915} INFO - Setting next_dagrun for example_trigger_target_dag to None, run_after=None
[2022-06-28 17:49:30,599] {processor.py:161} INFO - Processing /root/airflow_env/lib/python3.8/site-packages/airflow/example_dags/example_trigger_target_dag.py took 0.117 seconds
[2022-06-28 17:50:06,315] {processor.py:153} INFO - Started process (PID=10208) to work on /root/airflow_env/lib/python3.8/site-packages/airflow/example_dags/example_trigger_target_dag.py
[2022-06-28 17:50:06,317] {processor.py:641} INFO - Processing file /root/airflow_env/lib/python3.8/site-packages/airflow/example_dags/example_trigger_target_dag.py for tasks to queue
[2022-06-28 17:50:06,318] {logging_mixin.py:115} INFO - [2022-06-28 17:50:06,318] {dagbag.py:507} INFO - Filling up the DagBag from /root/airflow_env/lib/python3.8/site-packages/airflow/example_dags/example_trigger_target_dag.py
[2022-06-28 17:50:06,341] {processor.py:651} INFO - DAG(s) dict_keys(['example_trigger_target_dag']) retrieved from /root/airflow_env/lib/python3.8/site-packages/airflow/example_dags/example_trigger_target_dag.py
[2022-06-28 17:50:06,359] {logging_mixin.py:115} INFO - [2022-06-28 17:50:06,359] {dag.py:2371} INFO - Sync 1 DAGs
[2022-06-28 17:50:06,375] {logging_mixin.py:115} INFO - [2022-06-28 17:50:06,375] {dag.py:2915} INFO - Setting next_dagrun for example_trigger_target_dag to None, run_after=None
[2022-06-28 17:50:06,401] {processor.py:161} INFO - Processing /root/airflow_env/lib/python3.8/site-packages/airflow/example_dags/example_trigger_target_dag.py took 0.092 seconds
[2022-06-28 17:50:50,370] {processor.py:153} INFO - Started process (PID=10252) to work on /root/airflow_env/lib/python3.8/site-packages/airflow/example_dags/example_trigger_target_dag.py
[2022-06-28 17:50:50,402] {processor.py:641} INFO - Processing file /root/airflow_env/lib/python3.8/site-packages/airflow/example_dags/example_trigger_target_dag.py for tasks to queue
[2022-06-28 17:50:50,403] {logging_mixin.py:115} INFO - [2022-06-28 17:50:50,403] {dagbag.py:507} INFO - Filling up the DagBag from /root/airflow_env/lib/python3.8/site-packages/airflow/example_dags/example_trigger_target_dag.py
[2022-06-28 17:50:50,425] {processor.py:651} INFO - DAG(s) dict_keys(['example_trigger_target_dag']) retrieved from /root/airflow_env/lib/python3.8/site-packages/airflow/example_dags/example_trigger_target_dag.py
[2022-06-28 17:50:50,448] {logging_mixin.py:115} INFO - [2022-06-28 17:50:50,447] {dag.py:2371} INFO - Sync 1 DAGs
[2022-06-28 17:50:50,478] {logging_mixin.py:115} INFO - [2022-06-28 17:50:50,478] {dag.py:2915} INFO - Setting next_dagrun for example_trigger_target_dag to None, run_after=None
[2022-06-28 17:50:50,508] {processor.py:161} INFO - Processing /root/airflow_env/lib/python3.8/site-packages/airflow/example_dags/example_trigger_target_dag.py took 0.145 seconds
[2022-06-28 17:51:27,610] {processor.py:153} INFO - Started process (PID=10305) to work on /root/airflow_env/lib/python3.8/site-packages/airflow/example_dags/example_trigger_target_dag.py
[2022-06-28 17:51:27,617] {processor.py:641} INFO - Processing file /root/airflow_env/lib/python3.8/site-packages/airflow/example_dags/example_trigger_target_dag.py for tasks to queue
[2022-06-28 17:51:27,618] {logging_mixin.py:115} INFO - [2022-06-28 17:51:27,618] {dagbag.py:507} INFO - Filling up the DagBag from /root/airflow_env/lib/python3.8/site-packages/airflow/example_dags/example_trigger_target_dag.py
[2022-06-28 17:51:27,648] {processor.py:651} INFO - DAG(s) dict_keys(['example_trigger_target_dag']) retrieved from /root/airflow_env/lib/python3.8/site-packages/airflow/example_dags/example_trigger_target_dag.py
[2022-06-28 17:51:27,672] {logging_mixin.py:115} INFO - [2022-06-28 17:51:27,672] {dag.py:2371} INFO - Sync 1 DAGs
[2022-06-28 17:51:27,693] {logging_mixin.py:115} INFO - [2022-06-28 17:51:27,693] {dag.py:2915} INFO - Setting next_dagrun for example_trigger_target_dag to None, run_after=None
[2022-06-28 17:51:27,717] {processor.py:161} INFO - Processing /root/airflow_env/lib/python3.8/site-packages/airflow/example_dags/example_trigger_target_dag.py took 0.113 seconds
[2022-06-28 17:52:08,138] {processor.py:153} INFO - Started process (PID=10428) to work on /root/airflow_env/lib/python3.8/site-packages/airflow/example_dags/example_trigger_target_dag.py
[2022-06-28 17:52:08,176] {processor.py:641} INFO - Processing file /root/airflow_env/lib/python3.8/site-packages/airflow/example_dags/example_trigger_target_dag.py for tasks to queue
[2022-06-28 17:52:08,177] {logging_mixin.py:115} INFO - [2022-06-28 17:52:08,177] {dagbag.py:507} INFO - Filling up the DagBag from /root/airflow_env/lib/python3.8/site-packages/airflow/example_dags/example_trigger_target_dag.py
[2022-06-28 17:52:08,202] {processor.py:651} INFO - DAG(s) dict_keys(['example_trigger_target_dag']) retrieved from /root/airflow_env/lib/python3.8/site-packages/airflow/example_dags/example_trigger_target_dag.py
[2022-06-28 17:52:08,232] {logging_mixin.py:115} INFO - [2022-06-28 17:52:08,232] {dag.py:2371} INFO - Sync 1 DAGs
[2022-06-28 17:52:08,253] {logging_mixin.py:115} INFO - [2022-06-28 17:52:08,253] {dag.py:2915} INFO - Setting next_dagrun for example_trigger_target_dag to None, run_after=None
[2022-06-28 17:52:08,283] {processor.py:161} INFO - Processing /root/airflow_env/lib/python3.8/site-packages/airflow/example_dags/example_trigger_target_dag.py took 0.151 seconds
[2022-06-28 17:52:46,395] {processor.py:153} INFO - Started process (PID=10466) to work on /root/airflow_env/lib/python3.8/site-packages/airflow/example_dags/example_trigger_target_dag.py
[2022-06-28 17:52:46,396] {processor.py:641} INFO - Processing file /root/airflow_env/lib/python3.8/site-packages/airflow/example_dags/example_trigger_target_dag.py for tasks to queue
[2022-06-28 17:52:46,397] {logging_mixin.py:115} INFO - [2022-06-28 17:52:46,397] {dagbag.py:507} INFO - Filling up the DagBag from /root/airflow_env/lib/python3.8/site-packages/airflow/example_dags/example_trigger_target_dag.py
[2022-06-28 17:52:46,410] {processor.py:651} INFO - DAG(s) dict_keys(['example_trigger_target_dag']) retrieved from /root/airflow_env/lib/python3.8/site-packages/airflow/example_dags/example_trigger_target_dag.py
[2022-06-28 17:52:46,422] {logging_mixin.py:115} INFO - [2022-06-28 17:52:46,422] {dag.py:2371} INFO - Sync 1 DAGs
[2022-06-28 17:52:46,440] {logging_mixin.py:115} INFO - [2022-06-28 17:52:46,440] {dag.py:2915} INFO - Setting next_dagrun for example_trigger_target_dag to None, run_after=None
[2022-06-28 17:52:46,468] {processor.py:161} INFO - Processing /root/airflow_env/lib/python3.8/site-packages/airflow/example_dags/example_trigger_target_dag.py took 0.076 seconds
[2022-06-28 17:53:23,262] {processor.py:153} INFO - Started process (PID=10504) to work on /root/airflow_env/lib/python3.8/site-packages/airflow/example_dags/example_trigger_target_dag.py
[2022-06-28 17:53:23,265] {processor.py:641} INFO - Processing file /root/airflow_env/lib/python3.8/site-packages/airflow/example_dags/example_trigger_target_dag.py for tasks to queue
[2022-06-28 17:53:23,266] {logging_mixin.py:115} INFO - [2022-06-28 17:53:23,266] {dagbag.py:507} INFO - Filling up the DagBag from /root/airflow_env/lib/python3.8/site-packages/airflow/example_dags/example_trigger_target_dag.py
[2022-06-28 17:53:23,295] {processor.py:651} INFO - DAG(s) dict_keys(['example_trigger_target_dag']) retrieved from /root/airflow_env/lib/python3.8/site-packages/airflow/example_dags/example_trigger_target_dag.py
[2022-06-28 17:53:23,321] {logging_mixin.py:115} INFO - [2022-06-28 17:53:23,321] {dag.py:2371} INFO - Sync 1 DAGs
[2022-06-28 17:53:23,338] {logging_mixin.py:115} INFO - [2022-06-28 17:53:23,338] {dag.py:2915} INFO - Setting next_dagrun for example_trigger_target_dag to None, run_after=None
[2022-06-28 17:53:23,361] {processor.py:161} INFO - Processing /root/airflow_env/lib/python3.8/site-packages/airflow/example_dags/example_trigger_target_dag.py took 0.107 seconds
[2022-06-28 17:54:01,509] {processor.py:153} INFO - Started process (PID=10541) to work on /root/airflow_env/lib/python3.8/site-packages/airflow/example_dags/example_trigger_target_dag.py
[2022-06-28 17:54:01,548] {processor.py:641} INFO - Processing file /root/airflow_env/lib/python3.8/site-packages/airflow/example_dags/example_trigger_target_dag.py for tasks to queue
[2022-06-28 17:54:01,549] {logging_mixin.py:115} INFO - [2022-06-28 17:54:01,549] {dagbag.py:507} INFO - Filling up the DagBag from /root/airflow_env/lib/python3.8/site-packages/airflow/example_dags/example_trigger_target_dag.py
[2022-06-28 17:54:01,580] {processor.py:651} INFO - DAG(s) dict_keys(['example_trigger_target_dag']) retrieved from /root/airflow_env/lib/python3.8/site-packages/airflow/example_dags/example_trigger_target_dag.py
[2022-06-28 17:54:01,607] {logging_mixin.py:115} INFO - [2022-06-28 17:54:01,607] {dag.py:2371} INFO - Sync 1 DAGs
[2022-06-28 17:54:01,627] {logging_mixin.py:115} INFO - [2022-06-28 17:54:01,627] {dag.py:2915} INFO - Setting next_dagrun for example_trigger_target_dag to None, run_after=None
[2022-06-28 17:54:01,654] {processor.py:161} INFO - Processing /root/airflow_env/lib/python3.8/site-packages/airflow/example_dags/example_trigger_target_dag.py took 0.152 seconds
[2022-06-28 17:54:42,368] {processor.py:153} INFO - Started process (PID=10584) to work on /root/airflow_env/lib/python3.8/site-packages/airflow/example_dags/example_trigger_target_dag.py
[2022-06-28 17:54:42,371] {processor.py:641} INFO - Processing file /root/airflow_env/lib/python3.8/site-packages/airflow/example_dags/example_trigger_target_dag.py for tasks to queue
[2022-06-28 17:54:42,371] {logging_mixin.py:115} INFO - [2022-06-28 17:54:42,371] {dagbag.py:507} INFO - Filling up the DagBag from /root/airflow_env/lib/python3.8/site-packages/airflow/example_dags/example_trigger_target_dag.py
[2022-06-28 17:54:42,390] {processor.py:651} INFO - DAG(s) dict_keys(['example_trigger_target_dag']) retrieved from /root/airflow_env/lib/python3.8/site-packages/airflow/example_dags/example_trigger_target_dag.py
[2022-06-28 17:54:42,405] {logging_mixin.py:115} INFO - [2022-06-28 17:54:42,405] {dag.py:2371} INFO - Sync 1 DAGs
[2022-06-28 17:54:42,422] {logging_mixin.py:115} INFO - [2022-06-28 17:54:42,422] {dag.py:2915} INFO - Setting next_dagrun for example_trigger_target_dag to None, run_after=None
[2022-06-28 17:54:42,457] {processor.py:161} INFO - Processing /root/airflow_env/lib/python3.8/site-packages/airflow/example_dags/example_trigger_target_dag.py took 0.095 seconds
[2022-06-28 17:55:18,279] {processor.py:153} INFO - Started process (PID=10620) to work on /root/airflow_env/lib/python3.8/site-packages/airflow/example_dags/example_trigger_target_dag.py
[2022-06-28 17:55:18,321] {processor.py:641} INFO - Processing file /root/airflow_env/lib/python3.8/site-packages/airflow/example_dags/example_trigger_target_dag.py for tasks to queue
[2022-06-28 17:55:18,321] {logging_mixin.py:115} INFO - [2022-06-28 17:55:18,321] {dagbag.py:507} INFO - Filling up the DagBag from /root/airflow_env/lib/python3.8/site-packages/airflow/example_dags/example_trigger_target_dag.py
[2022-06-28 17:55:18,340] {processor.py:651} INFO - DAG(s) dict_keys(['example_trigger_target_dag']) retrieved from /root/airflow_env/lib/python3.8/site-packages/airflow/example_dags/example_trigger_target_dag.py
[2022-06-28 17:55:18,359] {logging_mixin.py:115} INFO - [2022-06-28 17:55:18,358] {dag.py:2371} INFO - Sync 1 DAGs
[2022-06-28 17:55:18,377] {logging_mixin.py:115} INFO - [2022-06-28 17:55:18,377] {dag.py:2915} INFO - Setting next_dagrun for example_trigger_target_dag to None, run_after=None
[2022-06-28 17:55:18,401] {processor.py:161} INFO - Processing /root/airflow_env/lib/python3.8/site-packages/airflow/example_dags/example_trigger_target_dag.py took 0.128 seconds
[2022-06-28 17:55:55,790] {processor.py:153} INFO - Started process (PID=10659) to work on /root/airflow_env/lib/python3.8/site-packages/airflow/example_dags/example_trigger_target_dag.py
[2022-06-28 17:55:55,791] {processor.py:641} INFO - Processing file /root/airflow_env/lib/python3.8/site-packages/airflow/example_dags/example_trigger_target_dag.py for tasks to queue
[2022-06-28 17:55:55,792] {logging_mixin.py:115} INFO - [2022-06-28 17:55:55,792] {dagbag.py:507} INFO - Filling up the DagBag from /root/airflow_env/lib/python3.8/site-packages/airflow/example_dags/example_trigger_target_dag.py
[2022-06-28 17:55:55,818] {processor.py:651} INFO - DAG(s) dict_keys(['example_trigger_target_dag']) retrieved from /root/airflow_env/lib/python3.8/site-packages/airflow/example_dags/example_trigger_target_dag.py
[2022-06-28 17:55:55,840] {logging_mixin.py:115} INFO - [2022-06-28 17:55:55,840] {dag.py:2371} INFO - Sync 1 DAGs
[2022-06-28 17:55:55,857] {logging_mixin.py:115} INFO - [2022-06-28 17:55:55,857] {dag.py:2915} INFO - Setting next_dagrun for example_trigger_target_dag to None, run_after=None
[2022-06-28 17:55:55,886] {processor.py:161} INFO - Processing /root/airflow_env/lib/python3.8/site-packages/airflow/example_dags/example_trigger_target_dag.py took 0.101 seconds
[2022-06-28 17:56:32,524] {processor.py:153} INFO - Started process (PID=10695) to work on /root/airflow_env/lib/python3.8/site-packages/airflow/example_dags/example_trigger_target_dag.py
[2022-06-28 17:56:32,526] {processor.py:641} INFO - Processing file /root/airflow_env/lib/python3.8/site-packages/airflow/example_dags/example_trigger_target_dag.py for tasks to queue
[2022-06-28 17:56:32,527] {logging_mixin.py:115} INFO - [2022-06-28 17:56:32,527] {dagbag.py:507} INFO - Filling up the DagBag from /root/airflow_env/lib/python3.8/site-packages/airflow/example_dags/example_trigger_target_dag.py
[2022-06-28 17:56:32,558] {processor.py:651} INFO - DAG(s) dict_keys(['example_trigger_target_dag']) retrieved from /root/airflow_env/lib/python3.8/site-packages/airflow/example_dags/example_trigger_target_dag.py
[2022-06-28 17:56:32,581] {logging_mixin.py:115} INFO - [2022-06-28 17:56:32,581] {dag.py:2371} INFO - Sync 1 DAGs
[2022-06-28 17:56:32,598] {logging_mixin.py:115} INFO - [2022-06-28 17:56:32,598] {dag.py:2915} INFO - Setting next_dagrun for example_trigger_target_dag to None, run_after=None
[2022-06-28 17:56:32,620] {processor.py:161} INFO - Processing /root/airflow_env/lib/python3.8/site-packages/airflow/example_dags/example_trigger_target_dag.py took 0.102 seconds
[2022-06-28 17:57:16,159] {processor.py:153} INFO - Started process (PID=10740) to work on /root/airflow_env/lib/python3.8/site-packages/airflow/example_dags/example_trigger_target_dag.py
[2022-06-28 17:57:16,162] {processor.py:641} INFO - Processing file /root/airflow_env/lib/python3.8/site-packages/airflow/example_dags/example_trigger_target_dag.py for tasks to queue
[2022-06-28 17:57:16,164] {logging_mixin.py:115} INFO - [2022-06-28 17:57:16,163] {dagbag.py:507} INFO - Filling up the DagBag from /root/airflow_env/lib/python3.8/site-packages/airflow/example_dags/example_trigger_target_dag.py
[2022-06-28 17:57:16,195] {processor.py:651} INFO - DAG(s) dict_keys(['example_trigger_target_dag']) retrieved from /root/airflow_env/lib/python3.8/site-packages/airflow/example_dags/example_trigger_target_dag.py
[2022-06-28 17:57:16,213] {logging_mixin.py:115} INFO - [2022-06-28 17:57:16,213] {dag.py:2371} INFO - Sync 1 DAGs
[2022-06-28 17:57:16,227] {logging_mixin.py:115} INFO - [2022-06-28 17:57:16,227] {dag.py:2915} INFO - Setting next_dagrun for example_trigger_target_dag to None, run_after=None
[2022-06-28 17:57:16,248] {processor.py:161} INFO - Processing /root/airflow_env/lib/python3.8/site-packages/airflow/example_dags/example_trigger_target_dag.py took 0.096 seconds
[2022-06-28 17:57:54,897] {processor.py:153} INFO - Started process (PID=10779) to work on /root/airflow_env/lib/python3.8/site-packages/airflow/example_dags/example_trigger_target_dag.py
[2022-06-28 17:57:54,899] {processor.py:641} INFO - Processing file /root/airflow_env/lib/python3.8/site-packages/airflow/example_dags/example_trigger_target_dag.py for tasks to queue
[2022-06-28 17:57:54,900] {logging_mixin.py:115} INFO - [2022-06-28 17:57:54,899] {dagbag.py:507} INFO - Filling up the DagBag from /root/airflow_env/lib/python3.8/site-packages/airflow/example_dags/example_trigger_target_dag.py
[2022-06-28 17:57:54,930] {processor.py:651} INFO - DAG(s) dict_keys(['example_trigger_target_dag']) retrieved from /root/airflow_env/lib/python3.8/site-packages/airflow/example_dags/example_trigger_target_dag.py
[2022-06-28 17:57:54,959] {logging_mixin.py:115} INFO - [2022-06-28 17:57:54,959] {dag.py:2371} INFO - Sync 1 DAGs
[2022-06-28 17:57:54,991] {logging_mixin.py:115} INFO - [2022-06-28 17:57:54,990] {dag.py:2915} INFO - Setting next_dagrun for example_trigger_target_dag to None, run_after=None
[2022-06-28 17:57:55,034] {processor.py:161} INFO - Processing /root/airflow_env/lib/python3.8/site-packages/airflow/example_dags/example_trigger_target_dag.py took 0.143 seconds
[2022-06-28 17:58:32,120] {processor.py:153} INFO - Started process (PID=10819) to work on /root/airflow_env/lib/python3.8/site-packages/airflow/example_dags/example_trigger_target_dag.py
[2022-06-28 17:58:32,123] {processor.py:641} INFO - Processing file /root/airflow_env/lib/python3.8/site-packages/airflow/example_dags/example_trigger_target_dag.py for tasks to queue
[2022-06-28 17:58:32,124] {logging_mixin.py:115} INFO - [2022-06-28 17:58:32,124] {dagbag.py:507} INFO - Filling up the DagBag from /root/airflow_env/lib/python3.8/site-packages/airflow/example_dags/example_trigger_target_dag.py
[2022-06-28 17:58:32,153] {processor.py:651} INFO - DAG(s) dict_keys(['example_trigger_target_dag']) retrieved from /root/airflow_env/lib/python3.8/site-packages/airflow/example_dags/example_trigger_target_dag.py
[2022-06-28 17:58:32,179] {logging_mixin.py:115} INFO - [2022-06-28 17:58:32,179] {dag.py:2371} INFO - Sync 1 DAGs
[2022-06-28 17:58:32,194] {logging_mixin.py:115} INFO - [2022-06-28 17:58:32,194] {dag.py:2915} INFO - Setting next_dagrun for example_trigger_target_dag to None, run_after=None
[2022-06-28 17:58:32,221] {processor.py:161} INFO - Processing /root/airflow_env/lib/python3.8/site-packages/airflow/example_dags/example_trigger_target_dag.py took 0.107 seconds
[2022-06-28 17:59:12,271] {processor.py:153} INFO - Started process (PID=10860) to work on /root/airflow_env/lib/python3.8/site-packages/airflow/example_dags/example_trigger_target_dag.py
[2022-06-28 17:59:12,273] {processor.py:641} INFO - Processing file /root/airflow_env/lib/python3.8/site-packages/airflow/example_dags/example_trigger_target_dag.py for tasks to queue
[2022-06-28 17:59:12,274] {logging_mixin.py:115} INFO - [2022-06-28 17:59:12,274] {dagbag.py:507} INFO - Filling up the DagBag from /root/airflow_env/lib/python3.8/site-packages/airflow/example_dags/example_trigger_target_dag.py
[2022-06-28 17:59:12,306] {processor.py:651} INFO - DAG(s) dict_keys(['example_trigger_target_dag']) retrieved from /root/airflow_env/lib/python3.8/site-packages/airflow/example_dags/example_trigger_target_dag.py
[2022-06-28 17:59:12,333] {logging_mixin.py:115} INFO - [2022-06-28 17:59:12,333] {dag.py:2371} INFO - Sync 1 DAGs
[2022-06-28 17:59:12,353] {logging_mixin.py:115} INFO - [2022-06-28 17:59:12,353] {dag.py:2915} INFO - Setting next_dagrun for example_trigger_target_dag to None, run_after=None
[2022-06-28 17:59:12,376] {processor.py:161} INFO - Processing /root/airflow_env/lib/python3.8/site-packages/airflow/example_dags/example_trigger_target_dag.py took 0.112 seconds
[2022-06-28 17:59:51,491] {processor.py:153} INFO - Started process (PID=10897) to work on /root/airflow_env/lib/python3.8/site-packages/airflow/example_dags/example_trigger_target_dag.py
[2022-06-28 17:59:51,494] {processor.py:641} INFO - Processing file /root/airflow_env/lib/python3.8/site-packages/airflow/example_dags/example_trigger_target_dag.py for tasks to queue
[2022-06-28 17:59:51,495] {logging_mixin.py:115} INFO - [2022-06-28 17:59:51,495] {dagbag.py:507} INFO - Filling up the DagBag from /root/airflow_env/lib/python3.8/site-packages/airflow/example_dags/example_trigger_target_dag.py
[2022-06-28 17:59:51,518] {processor.py:651} INFO - DAG(s) dict_keys(['example_trigger_target_dag']) retrieved from /root/airflow_env/lib/python3.8/site-packages/airflow/example_dags/example_trigger_target_dag.py
[2022-06-28 17:59:51,530] {logging_mixin.py:115} INFO - [2022-06-28 17:59:51,530] {dag.py:2371} INFO - Sync 1 DAGs
[2022-06-28 17:59:51,545] {logging_mixin.py:115} INFO - [2022-06-28 17:59:51,545] {dag.py:2915} INFO - Setting next_dagrun for example_trigger_target_dag to None, run_after=None
[2022-06-28 17:59:51,574] {processor.py:161} INFO - Processing /root/airflow_env/lib/python3.8/site-packages/airflow/example_dags/example_trigger_target_dag.py took 0.090 seconds
[2022-06-28 18:00:27,325] {processor.py:153} INFO - Started process (PID=10936) to work on /root/airflow_env/lib/python3.8/site-packages/airflow/example_dags/example_trigger_target_dag.py
[2022-06-28 18:00:27,365] {processor.py:641} INFO - Processing file /root/airflow_env/lib/python3.8/site-packages/airflow/example_dags/example_trigger_target_dag.py for tasks to queue
[2022-06-28 18:00:27,366] {logging_mixin.py:115} INFO - [2022-06-28 18:00:27,366] {dagbag.py:507} INFO - Filling up the DagBag from /root/airflow_env/lib/python3.8/site-packages/airflow/example_dags/example_trigger_target_dag.py
[2022-06-28 18:00:27,388] {processor.py:651} INFO - DAG(s) dict_keys(['example_trigger_target_dag']) retrieved from /root/airflow_env/lib/python3.8/site-packages/airflow/example_dags/example_trigger_target_dag.py
[2022-06-28 18:00:27,401] {logging_mixin.py:115} INFO - [2022-06-28 18:00:27,400] {dag.py:2371} INFO - Sync 1 DAGs
[2022-06-28 18:00:27,414] {logging_mixin.py:115} INFO - [2022-06-28 18:00:27,414] {dag.py:2915} INFO - Setting next_dagrun for example_trigger_target_dag to None, run_after=None
[2022-06-28 18:00:27,436] {processor.py:161} INFO - Processing /root/airflow_env/lib/python3.8/site-packages/airflow/example_dags/example_trigger_target_dag.py took 0.118 seconds
[2022-06-28 18:01:10,276] {processor.py:153} INFO - Started process (PID=10977) to work on /root/airflow_env/lib/python3.8/site-packages/airflow/example_dags/example_trigger_target_dag.py
[2022-06-28 18:01:10,314] {processor.py:641} INFO - Processing file /root/airflow_env/lib/python3.8/site-packages/airflow/example_dags/example_trigger_target_dag.py for tasks to queue
[2022-06-28 18:01:10,315] {logging_mixin.py:115} INFO - [2022-06-28 18:01:10,315] {dagbag.py:507} INFO - Filling up the DagBag from /root/airflow_env/lib/python3.8/site-packages/airflow/example_dags/example_trigger_target_dag.py
[2022-06-28 18:01:10,356] {processor.py:651} INFO - DAG(s) dict_keys(['example_trigger_target_dag']) retrieved from /root/airflow_env/lib/python3.8/site-packages/airflow/example_dags/example_trigger_target_dag.py
[2022-06-28 18:01:10,376] {logging_mixin.py:115} INFO - [2022-06-28 18:01:10,376] {dag.py:2371} INFO - Sync 1 DAGs
[2022-06-28 18:01:10,392] {logging_mixin.py:115} INFO - [2022-06-28 18:01:10,391] {dag.py:2915} INFO - Setting next_dagrun for example_trigger_target_dag to None, run_after=None
[2022-06-28 18:01:10,420] {processor.py:161} INFO - Processing /root/airflow_env/lib/python3.8/site-packages/airflow/example_dags/example_trigger_target_dag.py took 0.150 seconds
[2022-06-28 18:01:46,281] {processor.py:153} INFO - Started process (PID=11016) to work on /root/airflow_env/lib/python3.8/site-packages/airflow/example_dags/example_trigger_target_dag.py
[2022-06-28 18:01:46,283] {processor.py:641} INFO - Processing file /root/airflow_env/lib/python3.8/site-packages/airflow/example_dags/example_trigger_target_dag.py for tasks to queue
[2022-06-28 18:01:46,284] {logging_mixin.py:115} INFO - [2022-06-28 18:01:46,284] {dagbag.py:507} INFO - Filling up the DagBag from /root/airflow_env/lib/python3.8/site-packages/airflow/example_dags/example_trigger_target_dag.py
[2022-06-28 18:01:46,317] {processor.py:651} INFO - DAG(s) dict_keys(['example_trigger_target_dag']) retrieved from /root/airflow_env/lib/python3.8/site-packages/airflow/example_dags/example_trigger_target_dag.py
[2022-06-28 18:01:46,345] {logging_mixin.py:115} INFO - [2022-06-28 18:01:46,345] {dag.py:2371} INFO - Sync 1 DAGs
[2022-06-28 18:01:46,380] {logging_mixin.py:115} INFO - [2022-06-28 18:01:46,380] {dag.py:2915} INFO - Setting next_dagrun for example_trigger_target_dag to None, run_after=None
[2022-06-28 18:01:46,417] {processor.py:161} INFO - Processing /root/airflow_env/lib/python3.8/site-packages/airflow/example_dags/example_trigger_target_dag.py took 0.142 seconds
[2022-06-28 18:02:28,426] {processor.py:153} INFO - Started process (PID=11057) to work on /root/airflow_env/lib/python3.8/site-packages/airflow/example_dags/example_trigger_target_dag.py
[2022-06-28 18:02:28,467] {processor.py:641} INFO - Processing file /root/airflow_env/lib/python3.8/site-packages/airflow/example_dags/example_trigger_target_dag.py for tasks to queue
[2022-06-28 18:02:28,468] {logging_mixin.py:115} INFO - [2022-06-28 18:02:28,468] {dagbag.py:507} INFO - Filling up the DagBag from /root/airflow_env/lib/python3.8/site-packages/airflow/example_dags/example_trigger_target_dag.py
[2022-06-28 18:02:28,500] {processor.py:651} INFO - DAG(s) dict_keys(['example_trigger_target_dag']) retrieved from /root/airflow_env/lib/python3.8/site-packages/airflow/example_dags/example_trigger_target_dag.py
[2022-06-28 18:02:28,522] {logging_mixin.py:115} INFO - [2022-06-28 18:02:28,522] {dag.py:2371} INFO - Sync 1 DAGs
[2022-06-28 18:02:28,535] {logging_mixin.py:115} INFO - [2022-06-28 18:02:28,535] {dag.py:2915} INFO - Setting next_dagrun for example_trigger_target_dag to None, run_after=None
[2022-06-28 18:02:28,559] {processor.py:161} INFO - Processing /root/airflow_env/lib/python3.8/site-packages/airflow/example_dags/example_trigger_target_dag.py took 0.140 seconds
[2022-06-28 18:03:07,415] {processor.py:153} INFO - Started process (PID=11094) to work on /root/airflow_env/lib/python3.8/site-packages/airflow/example_dags/example_trigger_target_dag.py
[2022-06-28 18:03:07,455] {processor.py:641} INFO - Processing file /root/airflow_env/lib/python3.8/site-packages/airflow/example_dags/example_trigger_target_dag.py for tasks to queue
[2022-06-28 18:03:07,456] {logging_mixin.py:115} INFO - [2022-06-28 18:03:07,456] {dagbag.py:507} INFO - Filling up the DagBag from /root/airflow_env/lib/python3.8/site-packages/airflow/example_dags/example_trigger_target_dag.py
[2022-06-28 18:03:07,484] {processor.py:651} INFO - DAG(s) dict_keys(['example_trigger_target_dag']) retrieved from /root/airflow_env/lib/python3.8/site-packages/airflow/example_dags/example_trigger_target_dag.py
[2022-06-28 18:03:07,511] {logging_mixin.py:115} INFO - [2022-06-28 18:03:07,511] {dag.py:2371} INFO - Sync 1 DAGs
[2022-06-28 18:03:07,541] {logging_mixin.py:115} INFO - [2022-06-28 18:03:07,541] {dag.py:2915} INFO - Setting next_dagrun for example_trigger_target_dag to None, run_after=None
[2022-06-28 18:03:07,570] {processor.py:161} INFO - Processing /root/airflow_env/lib/python3.8/site-packages/airflow/example_dags/example_trigger_target_dag.py took 0.161 seconds
[2022-06-28 18:03:49,246] {processor.py:153} INFO - Started process (PID=11136) to work on /root/airflow_env/lib/python3.8/site-packages/airflow/example_dags/example_trigger_target_dag.py
[2022-06-28 18:03:49,248] {processor.py:641} INFO - Processing file /root/airflow_env/lib/python3.8/site-packages/airflow/example_dags/example_trigger_target_dag.py for tasks to queue
[2022-06-28 18:03:49,249] {logging_mixin.py:115} INFO - [2022-06-28 18:03:49,249] {dagbag.py:507} INFO - Filling up the DagBag from /root/airflow_env/lib/python3.8/site-packages/airflow/example_dags/example_trigger_target_dag.py
[2022-06-28 18:03:49,285] {processor.py:651} INFO - DAG(s) dict_keys(['example_trigger_target_dag']) retrieved from /root/airflow_env/lib/python3.8/site-packages/airflow/example_dags/example_trigger_target_dag.py
[2022-06-28 18:03:49,319] {logging_mixin.py:115} INFO - [2022-06-28 18:03:49,319] {dag.py:2371} INFO - Sync 1 DAGs
[2022-06-28 18:03:49,345] {logging_mixin.py:115} INFO - [2022-06-28 18:03:49,345] {dag.py:2915} INFO - Setting next_dagrun for example_trigger_target_dag to None, run_after=None
[2022-06-28 18:03:49,371] {processor.py:161} INFO - Processing /root/airflow_env/lib/python3.8/site-packages/airflow/example_dags/example_trigger_target_dag.py took 0.133 seconds
[2022-06-28 18:04:28,436] {processor.py:153} INFO - Started process (PID=11173) to work on /root/airflow_env/lib/python3.8/site-packages/airflow/example_dags/example_trigger_target_dag.py
[2022-06-28 18:04:28,474] {processor.py:641} INFO - Processing file /root/airflow_env/lib/python3.8/site-packages/airflow/example_dags/example_trigger_target_dag.py for tasks to queue
[2022-06-28 18:04:28,474] {logging_mixin.py:115} INFO - [2022-06-28 18:04:28,474] {dagbag.py:507} INFO - Filling up the DagBag from /root/airflow_env/lib/python3.8/site-packages/airflow/example_dags/example_trigger_target_dag.py
[2022-06-28 18:04:28,489] {processor.py:651} INFO - DAG(s) dict_keys(['example_trigger_target_dag']) retrieved from /root/airflow_env/lib/python3.8/site-packages/airflow/example_dags/example_trigger_target_dag.py
[2022-06-28 18:04:28,501] {logging_mixin.py:115} INFO - [2022-06-28 18:04:28,501] {dag.py:2371} INFO - Sync 1 DAGs
[2022-06-28 18:04:28,515] {logging_mixin.py:115} INFO - [2022-06-28 18:04:28,515] {dag.py:2915} INFO - Setting next_dagrun for example_trigger_target_dag to None, run_after=None
[2022-06-28 18:04:28,535] {processor.py:161} INFO - Processing /root/airflow_env/lib/python3.8/site-packages/airflow/example_dags/example_trigger_target_dag.py took 0.104 seconds
[2022-06-28 18:05:12,683] {processor.py:153} INFO - Started process (PID=11216) to work on /root/airflow_env/lib/python3.8/site-packages/airflow/example_dags/example_trigger_target_dag.py
[2022-06-28 18:05:12,685] {processor.py:641} INFO - Processing file /root/airflow_env/lib/python3.8/site-packages/airflow/example_dags/example_trigger_target_dag.py for tasks to queue
[2022-06-28 18:05:12,686] {logging_mixin.py:115} INFO - [2022-06-28 18:05:12,686] {dagbag.py:507} INFO - Filling up the DagBag from /root/airflow_env/lib/python3.8/site-packages/airflow/example_dags/example_trigger_target_dag.py
[2022-06-28 18:05:12,716] {processor.py:651} INFO - DAG(s) dict_keys(['example_trigger_target_dag']) retrieved from /root/airflow_env/lib/python3.8/site-packages/airflow/example_dags/example_trigger_target_dag.py
[2022-06-28 18:05:12,742] {logging_mixin.py:115} INFO - [2022-06-28 18:05:12,742] {dag.py:2371} INFO - Sync 1 DAGs
[2022-06-28 18:05:12,773] {logging_mixin.py:115} INFO - [2022-06-28 18:05:12,773] {dag.py:2915} INFO - Setting next_dagrun for example_trigger_target_dag to None, run_after=None
[2022-06-28 18:05:12,809] {processor.py:161} INFO - Processing /root/airflow_env/lib/python3.8/site-packages/airflow/example_dags/example_trigger_target_dag.py took 0.132 seconds
[2022-06-28 18:05:54,834] {processor.py:153} INFO - Started process (PID=11257) to work on /root/airflow_env/lib/python3.8/site-packages/airflow/example_dags/example_trigger_target_dag.py
[2022-06-28 18:05:54,836] {processor.py:641} INFO - Processing file /root/airflow_env/lib/python3.8/site-packages/airflow/example_dags/example_trigger_target_dag.py for tasks to queue
[2022-06-28 18:05:54,837] {logging_mixin.py:115} INFO - [2022-06-28 18:05:54,837] {dagbag.py:507} INFO - Filling up the DagBag from /root/airflow_env/lib/python3.8/site-packages/airflow/example_dags/example_trigger_target_dag.py
[2022-06-28 18:05:54,861] {processor.py:651} INFO - DAG(s) dict_keys(['example_trigger_target_dag']) retrieved from /root/airflow_env/lib/python3.8/site-packages/airflow/example_dags/example_trigger_target_dag.py
[2022-06-28 18:05:54,876] {logging_mixin.py:115} INFO - [2022-06-28 18:05:54,876] {dag.py:2371} INFO - Sync 1 DAGs
[2022-06-28 18:05:54,904] {logging_mixin.py:115} INFO - [2022-06-28 18:05:54,903] {dag.py:2915} INFO - Setting next_dagrun for example_trigger_target_dag to None, run_after=None
[2022-06-28 18:05:54,941] {processor.py:161} INFO - Processing /root/airflow_env/lib/python3.8/site-packages/airflow/example_dags/example_trigger_target_dag.py took 0.113 seconds
[2022-06-28 18:06:36,639] {processor.py:153} INFO - Started process (PID=11295) to work on /root/airflow_env/lib/python3.8/site-packages/airflow/example_dags/example_trigger_target_dag.py
[2022-06-28 18:06:36,641] {processor.py:641} INFO - Processing file /root/airflow_env/lib/python3.8/site-packages/airflow/example_dags/example_trigger_target_dag.py for tasks to queue
[2022-06-28 18:06:36,642] {logging_mixin.py:115} INFO - [2022-06-28 18:06:36,642] {dagbag.py:507} INFO - Filling up the DagBag from /root/airflow_env/lib/python3.8/site-packages/airflow/example_dags/example_trigger_target_dag.py
[2022-06-28 18:06:36,672] {processor.py:651} INFO - DAG(s) dict_keys(['example_trigger_target_dag']) retrieved from /root/airflow_env/lib/python3.8/site-packages/airflow/example_dags/example_trigger_target_dag.py
[2022-06-28 18:06:36,701] {logging_mixin.py:115} INFO - [2022-06-28 18:06:36,701] {dag.py:2371} INFO - Sync 1 DAGs
[2022-06-28 18:06:36,720] {logging_mixin.py:115} INFO - [2022-06-28 18:06:36,720] {dag.py:2915} INFO - Setting next_dagrun for example_trigger_target_dag to None, run_after=None
[2022-06-28 18:06:36,745] {processor.py:161} INFO - Processing /root/airflow_env/lib/python3.8/site-packages/airflow/example_dags/example_trigger_target_dag.py took 0.112 seconds
[2022-06-28 18:07:18,685] {processor.py:153} INFO - Started process (PID=11337) to work on /root/airflow_env/lib/python3.8/site-packages/airflow/example_dags/example_trigger_target_dag.py
[2022-06-28 18:07:18,725] {processor.py:641} INFO - Processing file /root/airflow_env/lib/python3.8/site-packages/airflow/example_dags/example_trigger_target_dag.py for tasks to queue
[2022-06-28 18:07:18,726] {logging_mixin.py:115} INFO - [2022-06-28 18:07:18,726] {dagbag.py:507} INFO - Filling up the DagBag from /root/airflow_env/lib/python3.8/site-packages/airflow/example_dags/example_trigger_target_dag.py
[2022-06-28 18:07:18,759] {processor.py:651} INFO - DAG(s) dict_keys(['example_trigger_target_dag']) retrieved from /root/airflow_env/lib/python3.8/site-packages/airflow/example_dags/example_trigger_target_dag.py
[2022-06-28 18:07:18,781] {logging_mixin.py:115} INFO - [2022-06-28 18:07:18,780] {dag.py:2371} INFO - Sync 1 DAGs
[2022-06-28 18:07:18,794] {logging_mixin.py:115} INFO - [2022-06-28 18:07:18,794] {dag.py:2915} INFO - Setting next_dagrun for example_trigger_target_dag to None, run_after=None
[2022-06-28 18:07:18,825] {processor.py:161} INFO - Processing /root/airflow_env/lib/python3.8/site-packages/airflow/example_dags/example_trigger_target_dag.py took 0.146 seconds
[2022-06-28 18:07:59,485] {processor.py:153} INFO - Started process (PID=11384) to work on /root/airflow_env/lib/python3.8/site-packages/airflow/example_dags/example_trigger_target_dag.py
[2022-06-28 18:07:59,526] {processor.py:641} INFO - Processing file /root/airflow_env/lib/python3.8/site-packages/airflow/example_dags/example_trigger_target_dag.py for tasks to queue
[2022-06-28 18:07:59,527] {logging_mixin.py:115} INFO - [2022-06-28 18:07:59,527] {dagbag.py:507} INFO - Filling up the DagBag from /root/airflow_env/lib/python3.8/site-packages/airflow/example_dags/example_trigger_target_dag.py
[2022-06-28 18:07:59,561] {processor.py:651} INFO - DAG(s) dict_keys(['example_trigger_target_dag']) retrieved from /root/airflow_env/lib/python3.8/site-packages/airflow/example_dags/example_trigger_target_dag.py
[2022-06-28 18:07:59,576] {logging_mixin.py:115} INFO - [2022-06-28 18:07:59,576] {dag.py:2371} INFO - Sync 1 DAGs
[2022-06-28 18:07:59,600] {logging_mixin.py:115} INFO - [2022-06-28 18:07:59,600] {dag.py:2915} INFO - Setting next_dagrun for example_trigger_target_dag to None, run_after=None
[2022-06-28 18:07:59,630] {processor.py:161} INFO - Processing /root/airflow_env/lib/python3.8/site-packages/airflow/example_dags/example_trigger_target_dag.py took 0.147 seconds
[2022-06-28 18:09:24,226] {processor.py:153} INFO - Started process (PID=11686) to work on /root/airflow_env/lib/python3.8/site-packages/airflow/example_dags/example_trigger_target_dag.py
[2022-06-28 18:09:24,229] {processor.py:641} INFO - Processing file /root/airflow_env/lib/python3.8/site-packages/airflow/example_dags/example_trigger_target_dag.py for tasks to queue
[2022-06-28 18:09:24,230] {logging_mixin.py:115} INFO - [2022-06-28 18:09:24,230] {dagbag.py:507} INFO - Filling up the DagBag from /root/airflow_env/lib/python3.8/site-packages/airflow/example_dags/example_trigger_target_dag.py
[2022-06-28 18:09:24,257] {processor.py:651} INFO - DAG(s) dict_keys(['example_trigger_target_dag']) retrieved from /root/airflow_env/lib/python3.8/site-packages/airflow/example_dags/example_trigger_target_dag.py
[2022-06-28 18:09:24,274] {logging_mixin.py:115} INFO - [2022-06-28 18:09:24,274] {dag.py:2371} INFO - Sync 1 DAGs
[2022-06-28 18:09:24,291] {logging_mixin.py:115} INFO - [2022-06-28 18:09:24,291] {dag.py:2915} INFO - Setting next_dagrun for example_trigger_target_dag to None, run_after=None
[2022-06-28 18:09:24,324] {processor.py:161} INFO - Processing /root/airflow_env/lib/python3.8/site-packages/airflow/example_dags/example_trigger_target_dag.py took 0.104 seconds
[2022-06-28 18:10:06,047] {processor.py:153} INFO - Started process (PID=11727) to work on /root/airflow_env/lib/python3.8/site-packages/airflow/example_dags/example_trigger_target_dag.py
[2022-06-28 18:10:06,088] {processor.py:641} INFO - Processing file /root/airflow_env/lib/python3.8/site-packages/airflow/example_dags/example_trigger_target_dag.py for tasks to queue
[2022-06-28 18:10:06,089] {logging_mixin.py:115} INFO - [2022-06-28 18:10:06,089] {dagbag.py:507} INFO - Filling up the DagBag from /root/airflow_env/lib/python3.8/site-packages/airflow/example_dags/example_trigger_target_dag.py
[2022-06-28 18:10:06,122] {processor.py:651} INFO - DAG(s) dict_keys(['example_trigger_target_dag']) retrieved from /root/airflow_env/lib/python3.8/site-packages/airflow/example_dags/example_trigger_target_dag.py
[2022-06-28 18:10:06,141] {logging_mixin.py:115} INFO - [2022-06-28 18:10:06,141] {dag.py:2371} INFO - Sync 1 DAGs
[2022-06-28 18:10:06,156] {logging_mixin.py:115} INFO - [2022-06-28 18:10:06,156] {dag.py:2915} INFO - Setting next_dagrun for example_trigger_target_dag to None, run_after=None
[2022-06-28 18:10:06,178] {processor.py:161} INFO - Processing /root/airflow_env/lib/python3.8/site-packages/airflow/example_dags/example_trigger_target_dag.py took 0.136 seconds
[2022-06-28 18:11:19,799] {processor.py:153} INFO - Started process (PID=11829) to work on /root/airflow_env/lib/python3.8/site-packages/airflow/example_dags/example_trigger_target_dag.py
[2022-06-28 18:11:19,802] {processor.py:641} INFO - Processing file /root/airflow_env/lib/python3.8/site-packages/airflow/example_dags/example_trigger_target_dag.py for tasks to queue
[2022-06-28 18:11:19,803] {logging_mixin.py:115} INFO - [2022-06-28 18:11:19,802] {dagbag.py:507} INFO - Filling up the DagBag from /root/airflow_env/lib/python3.8/site-packages/airflow/example_dags/example_trigger_target_dag.py
[2022-06-28 18:11:19,835] {processor.py:651} INFO - DAG(s) dict_keys(['example_trigger_target_dag']) retrieved from /root/airflow_env/lib/python3.8/site-packages/airflow/example_dags/example_trigger_target_dag.py
[2022-06-28 18:11:19,857] {logging_mixin.py:115} INFO - [2022-06-28 18:11:19,857] {dag.py:2371} INFO - Sync 1 DAGs
[2022-06-28 18:11:19,876] {logging_mixin.py:115} INFO - [2022-06-28 18:11:19,876] {dag.py:2915} INFO - Setting next_dagrun for example_trigger_target_dag to None, run_after=None
[2022-06-28 18:11:19,901] {processor.py:161} INFO - Processing /root/airflow_env/lib/python3.8/site-packages/airflow/example_dags/example_trigger_target_dag.py took 0.109 seconds
[2022-06-28 18:12:49,649] {processor.py:153} INFO - Started process (PID=12019) to work on /root/airflow_env/lib/python3.8/site-packages/airflow/example_dags/example_trigger_target_dag.py
[2022-06-28 18:12:49,651] {processor.py:641} INFO - Processing file /root/airflow_env/lib/python3.8/site-packages/airflow/example_dags/example_trigger_target_dag.py for tasks to queue
[2022-06-28 18:12:49,652] {logging_mixin.py:115} INFO - [2022-06-28 18:12:49,652] {dagbag.py:507} INFO - Filling up the DagBag from /root/airflow_env/lib/python3.8/site-packages/airflow/example_dags/example_trigger_target_dag.py
[2022-06-28 18:12:49,676] {processor.py:651} INFO - DAG(s) dict_keys(['example_trigger_target_dag']) retrieved from /root/airflow_env/lib/python3.8/site-packages/airflow/example_dags/example_trigger_target_dag.py
[2022-06-28 18:12:49,701] {logging_mixin.py:115} INFO - [2022-06-28 18:12:49,701] {dag.py:2371} INFO - Sync 1 DAGs
[2022-06-28 18:12:49,728] {logging_mixin.py:115} INFO - [2022-06-28 18:12:49,728] {dag.py:2915} INFO - Setting next_dagrun for example_trigger_target_dag to None, run_after=None
[2022-06-28 18:12:49,756] {processor.py:161} INFO - Processing /root/airflow_env/lib/python3.8/site-packages/airflow/example_dags/example_trigger_target_dag.py took 0.114 seconds
[2022-06-28 18:16:16,140] {processor.py:153} INFO - Started process (PID=13370) to work on /root/airflow_env/lib/python3.8/site-packages/airflow/example_dags/example_trigger_target_dag.py
[2022-06-28 18:16:16,142] {processor.py:641} INFO - Processing file /root/airflow_env/lib/python3.8/site-packages/airflow/example_dags/example_trigger_target_dag.py for tasks to queue
[2022-06-28 18:16:16,142] {logging_mixin.py:115} INFO - [2022-06-28 18:16:16,142] {dagbag.py:507} INFO - Filling up the DagBag from /root/airflow_env/lib/python3.8/site-packages/airflow/example_dags/example_trigger_target_dag.py
[2022-06-28 18:16:16,167] {processor.py:651} INFO - DAG(s) dict_keys(['example_trigger_target_dag']) retrieved from /root/airflow_env/lib/python3.8/site-packages/airflow/example_dags/example_trigger_target_dag.py
[2022-06-28 18:16:16,190] {logging_mixin.py:115} INFO - [2022-06-28 18:16:16,190] {dag.py:2371} INFO - Sync 1 DAGs
[2022-06-28 18:16:16,204] {logging_mixin.py:115} INFO - [2022-06-28 18:16:16,204] {dag.py:2915} INFO - Setting next_dagrun for example_trigger_target_dag to None, run_after=None
[2022-06-28 18:16:16,230] {processor.py:161} INFO - Processing /root/airflow_env/lib/python3.8/site-packages/airflow/example_dags/example_trigger_target_dag.py took 0.093 seconds
[2022-06-28 18:17:09,647] {processor.py:153} INFO - Started process (PID=13551) to work on /root/airflow_env/lib/python3.8/site-packages/airflow/example_dags/example_trigger_target_dag.py
[2022-06-28 18:17:09,685] {processor.py:641} INFO - Processing file /root/airflow_env/lib/python3.8/site-packages/airflow/example_dags/example_trigger_target_dag.py for tasks to queue
[2022-06-28 18:17:09,686] {logging_mixin.py:115} INFO - [2022-06-28 18:17:09,686] {dagbag.py:507} INFO - Filling up the DagBag from /root/airflow_env/lib/python3.8/site-packages/airflow/example_dags/example_trigger_target_dag.py
[2022-06-28 18:17:09,719] {processor.py:651} INFO - DAG(s) dict_keys(['example_trigger_target_dag']) retrieved from /root/airflow_env/lib/python3.8/site-packages/airflow/example_dags/example_trigger_target_dag.py
[2022-06-28 18:17:09,744] {logging_mixin.py:115} INFO - [2022-06-28 18:17:09,743] {dag.py:2371} INFO - Sync 1 DAGs
[2022-06-28 18:17:09,767] {logging_mixin.py:115} INFO - [2022-06-28 18:17:09,767] {dag.py:2915} INFO - Setting next_dagrun for example_trigger_target_dag to None, run_after=None
[2022-06-28 18:17:09,792] {processor.py:161} INFO - Processing /root/airflow_env/lib/python3.8/site-packages/airflow/example_dags/example_trigger_target_dag.py took 0.152 seconds
[2022-06-28 18:17:47,543] {processor.py:153} INFO - Started process (PID=13623) to work on /root/airflow_env/lib/python3.8/site-packages/airflow/example_dags/example_trigger_target_dag.py
[2022-06-28 18:17:47,545] {processor.py:641} INFO - Processing file /root/airflow_env/lib/python3.8/site-packages/airflow/example_dags/example_trigger_target_dag.py for tasks to queue
[2022-06-28 18:17:47,546] {logging_mixin.py:115} INFO - [2022-06-28 18:17:47,546] {dagbag.py:507} INFO - Filling up the DagBag from /root/airflow_env/lib/python3.8/site-packages/airflow/example_dags/example_trigger_target_dag.py
[2022-06-28 18:17:47,564] {processor.py:651} INFO - DAG(s) dict_keys(['example_trigger_target_dag']) retrieved from /root/airflow_env/lib/python3.8/site-packages/airflow/example_dags/example_trigger_target_dag.py
[2022-06-28 18:17:47,584] {logging_mixin.py:115} INFO - [2022-06-28 18:17:47,584] {dag.py:2371} INFO - Sync 1 DAGs
[2022-06-28 18:17:47,599] {logging_mixin.py:115} INFO - [2022-06-28 18:17:47,599] {dag.py:2915} INFO - Setting next_dagrun for example_trigger_target_dag to None, run_after=None
[2022-06-28 18:17:47,623] {processor.py:161} INFO - Processing /root/airflow_env/lib/python3.8/site-packages/airflow/example_dags/example_trigger_target_dag.py took 0.083 seconds
[2022-06-28 18:20:25,414] {processor.py:153} INFO - Started process (PID=14893) to work on /root/airflow_env/lib/python3.8/site-packages/airflow/example_dags/example_trigger_target_dag.py
[2022-06-28 18:20:25,465] {processor.py:641} INFO - Processing file /root/airflow_env/lib/python3.8/site-packages/airflow/example_dags/example_trigger_target_dag.py for tasks to queue
[2022-06-28 18:20:25,465] {logging_mixin.py:115} INFO - [2022-06-28 18:20:25,465] {dagbag.py:507} INFO - Filling up the DagBag from /root/airflow_env/lib/python3.8/site-packages/airflow/example_dags/example_trigger_target_dag.py
[2022-06-28 18:20:25,481] {processor.py:651} INFO - DAG(s) dict_keys(['example_trigger_target_dag']) retrieved from /root/airflow_env/lib/python3.8/site-packages/airflow/example_dags/example_trigger_target_dag.py
[2022-06-28 18:20:25,501] {logging_mixin.py:115} INFO - [2022-06-28 18:20:25,501] {dag.py:2371} INFO - Sync 1 DAGs
[2022-06-28 18:20:25,522] {logging_mixin.py:115} INFO - [2022-06-28 18:20:25,522] {dag.py:2915} INFO - Setting next_dagrun for example_trigger_target_dag to None, run_after=None
[2022-06-28 18:20:25,552] {processor.py:161} INFO - Processing /root/airflow_env/lib/python3.8/site-packages/airflow/example_dags/example_trigger_target_dag.py took 0.141 seconds
[2022-06-28 18:21:10,418] {processor.py:153} INFO - Started process (PID=14986) to work on /root/airflow_env/lib/python3.8/site-packages/airflow/example_dags/example_trigger_target_dag.py
[2022-06-28 18:21:10,472] {processor.py:641} INFO - Processing file /root/airflow_env/lib/python3.8/site-packages/airflow/example_dags/example_trigger_target_dag.py for tasks to queue
[2022-06-28 18:21:10,473] {logging_mixin.py:115} INFO - [2022-06-28 18:21:10,473] {dagbag.py:507} INFO - Filling up the DagBag from /root/airflow_env/lib/python3.8/site-packages/airflow/example_dags/example_trigger_target_dag.py
[2022-06-28 18:21:10,504] {processor.py:651} INFO - DAG(s) dict_keys(['example_trigger_target_dag']) retrieved from /root/airflow_env/lib/python3.8/site-packages/airflow/example_dags/example_trigger_target_dag.py
[2022-06-28 18:21:10,535] {logging_mixin.py:115} INFO - [2022-06-28 18:21:10,535] {dag.py:2371} INFO - Sync 1 DAGs
[2022-06-28 18:21:10,551] {logging_mixin.py:115} INFO - [2022-06-28 18:21:10,551] {dag.py:2915} INFO - Setting next_dagrun for example_trigger_target_dag to None, run_after=None
[2022-06-28 18:21:10,575] {processor.py:161} INFO - Processing /root/airflow_env/lib/python3.8/site-packages/airflow/example_dags/example_trigger_target_dag.py took 0.163 seconds
[2022-06-28 18:22:01,808] {processor.py:153} INFO - Started process (PID=15076) to work on /root/airflow_env/lib/python3.8/site-packages/airflow/example_dags/example_trigger_target_dag.py
[2022-06-28 18:22:01,835] {processor.py:641} INFO - Processing file /root/airflow_env/lib/python3.8/site-packages/airflow/example_dags/example_trigger_target_dag.py for tasks to queue
[2022-06-28 18:22:01,836] {logging_mixin.py:115} INFO - [2022-06-28 18:22:01,836] {dagbag.py:507} INFO - Filling up the DagBag from /root/airflow_env/lib/python3.8/site-packages/airflow/example_dags/example_trigger_target_dag.py
[2022-06-28 18:22:01,869] {processor.py:651} INFO - DAG(s) dict_keys(['example_trigger_target_dag']) retrieved from /root/airflow_env/lib/python3.8/site-packages/airflow/example_dags/example_trigger_target_dag.py
[2022-06-28 18:22:01,893] {logging_mixin.py:115} INFO - [2022-06-28 18:22:01,892] {dag.py:2371} INFO - Sync 1 DAGs
[2022-06-28 18:22:01,911] {logging_mixin.py:115} INFO - [2022-06-28 18:22:01,911] {dag.py:2915} INFO - Setting next_dagrun for example_trigger_target_dag to None, run_after=None
[2022-06-28 18:22:01,936] {processor.py:161} INFO - Processing /root/airflow_env/lib/python3.8/site-packages/airflow/example_dags/example_trigger_target_dag.py took 0.135 seconds
[2022-06-28 18:22:41,860] {processor.py:153} INFO - Started process (PID=15123) to work on /root/airflow_env/lib/python3.8/site-packages/airflow/example_dags/example_trigger_target_dag.py
[2022-06-28 18:22:41,900] {processor.py:641} INFO - Processing file /root/airflow_env/lib/python3.8/site-packages/airflow/example_dags/example_trigger_target_dag.py for tasks to queue
[2022-06-28 18:22:41,902] {logging_mixin.py:115} INFO - [2022-06-28 18:22:41,901] {dagbag.py:507} INFO - Filling up the DagBag from /root/airflow_env/lib/python3.8/site-packages/airflow/example_dags/example_trigger_target_dag.py
[2022-06-28 18:22:41,937] {processor.py:651} INFO - DAG(s) dict_keys(['example_trigger_target_dag']) retrieved from /root/airflow_env/lib/python3.8/site-packages/airflow/example_dags/example_trigger_target_dag.py
[2022-06-28 18:22:41,954] {logging_mixin.py:115} INFO - [2022-06-28 18:22:41,954] {dag.py:2371} INFO - Sync 1 DAGs
[2022-06-28 18:22:41,969] {logging_mixin.py:115} INFO - [2022-06-28 18:22:41,969] {dag.py:2915} INFO - Setting next_dagrun for example_trigger_target_dag to None, run_after=None
[2022-06-28 18:22:41,999] {processor.py:161} INFO - Processing /root/airflow_env/lib/python3.8/site-packages/airflow/example_dags/example_trigger_target_dag.py took 0.144 seconds
[2022-06-28 18:23:26,566] {processor.py:153} INFO - Started process (PID=15231) to work on /root/airflow_env/lib/python3.8/site-packages/airflow/example_dags/example_trigger_target_dag.py
[2022-06-28 18:23:26,606] {processor.py:641} INFO - Processing file /root/airflow_env/lib/python3.8/site-packages/airflow/example_dags/example_trigger_target_dag.py for tasks to queue
[2022-06-28 18:23:26,606] {logging_mixin.py:115} INFO - [2022-06-28 18:23:26,606] {dagbag.py:507} INFO - Filling up the DagBag from /root/airflow_env/lib/python3.8/site-packages/airflow/example_dags/example_trigger_target_dag.py
[2022-06-28 18:23:26,635] {processor.py:651} INFO - DAG(s) dict_keys(['example_trigger_target_dag']) retrieved from /root/airflow_env/lib/python3.8/site-packages/airflow/example_dags/example_trigger_target_dag.py
[2022-06-28 18:23:26,652] {logging_mixin.py:115} INFO - [2022-06-28 18:23:26,652] {dag.py:2371} INFO - Sync 1 DAGs
[2022-06-28 18:23:26,664] {logging_mixin.py:115} INFO - [2022-06-28 18:23:26,664] {dag.py:2915} INFO - Setting next_dagrun for example_trigger_target_dag to None, run_after=None
[2022-06-28 18:23:26,686] {processor.py:161} INFO - Processing /root/airflow_env/lib/python3.8/site-packages/airflow/example_dags/example_trigger_target_dag.py took 0.123 seconds
[2022-06-28 18:24:15,982] {processor.py:153} INFO - Started process (PID=15357) to work on /root/airflow_env/lib/python3.8/site-packages/airflow/example_dags/example_trigger_target_dag.py
[2022-06-28 18:24:16,020] {processor.py:641} INFO - Processing file /root/airflow_env/lib/python3.8/site-packages/airflow/example_dags/example_trigger_target_dag.py for tasks to queue
[2022-06-28 18:24:16,021] {logging_mixin.py:115} INFO - [2022-06-28 18:24:16,021] {dagbag.py:507} INFO - Filling up the DagBag from /root/airflow_env/lib/python3.8/site-packages/airflow/example_dags/example_trigger_target_dag.py
[2022-06-28 18:24:16,044] {processor.py:651} INFO - DAG(s) dict_keys(['example_trigger_target_dag']) retrieved from /root/airflow_env/lib/python3.8/site-packages/airflow/example_dags/example_trigger_target_dag.py
[2022-06-28 18:24:16,057] {logging_mixin.py:115} INFO - [2022-06-28 18:24:16,057] {dag.py:2371} INFO - Sync 1 DAGs
[2022-06-28 18:24:16,069] {logging_mixin.py:115} INFO - [2022-06-28 18:24:16,069] {dag.py:2915} INFO - Setting next_dagrun for example_trigger_target_dag to None, run_after=None
[2022-06-28 18:24:16,088] {processor.py:161} INFO - Processing /root/airflow_env/lib/python3.8/site-packages/airflow/example_dags/example_trigger_target_dag.py took 0.109 seconds
[2022-06-28 18:25:10,162] {processor.py:153} INFO - Started process (PID=15440) to work on /root/airflow_env/lib/python3.8/site-packages/airflow/example_dags/example_trigger_target_dag.py
[2022-06-28 18:25:10,164] {processor.py:641} INFO - Processing file /root/airflow_env/lib/python3.8/site-packages/airflow/example_dags/example_trigger_target_dag.py for tasks to queue
[2022-06-28 18:25:10,165] {logging_mixin.py:115} INFO - [2022-06-28 18:25:10,165] {dagbag.py:507} INFO - Filling up the DagBag from /root/airflow_env/lib/python3.8/site-packages/airflow/example_dags/example_trigger_target_dag.py
[2022-06-28 18:25:10,196] {processor.py:651} INFO - DAG(s) dict_keys(['example_trigger_target_dag']) retrieved from /root/airflow_env/lib/python3.8/site-packages/airflow/example_dags/example_trigger_target_dag.py
[2022-06-28 18:25:10,220] {logging_mixin.py:115} INFO - [2022-06-28 18:25:10,220] {dag.py:2371} INFO - Sync 1 DAGs
[2022-06-28 18:25:10,234] {logging_mixin.py:115} INFO - [2022-06-28 18:25:10,234] {dag.py:2915} INFO - Setting next_dagrun for example_trigger_target_dag to None, run_after=None
[2022-06-28 18:25:10,261] {processor.py:161} INFO - Processing /root/airflow_env/lib/python3.8/site-packages/airflow/example_dags/example_trigger_target_dag.py took 0.105 seconds
[2022-06-28 18:25:52,738] {processor.py:153} INFO - Started process (PID=15483) to work on /root/airflow_env/lib/python3.8/site-packages/airflow/example_dags/example_trigger_target_dag.py
[2022-06-28 18:25:52,778] {processor.py:641} INFO - Processing file /root/airflow_env/lib/python3.8/site-packages/airflow/example_dags/example_trigger_target_dag.py for tasks to queue
[2022-06-28 18:25:52,779] {logging_mixin.py:115} INFO - [2022-06-28 18:25:52,779] {dagbag.py:507} INFO - Filling up the DagBag from /root/airflow_env/lib/python3.8/site-packages/airflow/example_dags/example_trigger_target_dag.py
[2022-06-28 18:25:52,810] {processor.py:651} INFO - DAG(s) dict_keys(['example_trigger_target_dag']) retrieved from /root/airflow_env/lib/python3.8/site-packages/airflow/example_dags/example_trigger_target_dag.py
[2022-06-28 18:25:52,835] {logging_mixin.py:115} INFO - [2022-06-28 18:25:52,835] {dag.py:2371} INFO - Sync 1 DAGs
[2022-06-28 18:25:52,863] {logging_mixin.py:115} INFO - [2022-06-28 18:25:52,863] {dag.py:2915} INFO - Setting next_dagrun for example_trigger_target_dag to None, run_after=None
[2022-06-28 18:25:52,898] {processor.py:161} INFO - Processing /root/airflow_env/lib/python3.8/site-packages/airflow/example_dags/example_trigger_target_dag.py took 0.166 seconds
[2022-06-28 18:26:36,067] {processor.py:153} INFO - Started process (PID=15557) to work on /root/airflow_env/lib/python3.8/site-packages/airflow/example_dags/example_trigger_target_dag.py
[2022-06-28 18:26:36,068] {processor.py:641} INFO - Processing file /root/airflow_env/lib/python3.8/site-packages/airflow/example_dags/example_trigger_target_dag.py for tasks to queue
[2022-06-28 18:26:36,070] {logging_mixin.py:115} INFO - [2022-06-28 18:26:36,069] {dagbag.py:507} INFO - Filling up the DagBag from /root/airflow_env/lib/python3.8/site-packages/airflow/example_dags/example_trigger_target_dag.py
[2022-06-28 18:26:36,104] {processor.py:651} INFO - DAG(s) dict_keys(['example_trigger_target_dag']) retrieved from /root/airflow_env/lib/python3.8/site-packages/airflow/example_dags/example_trigger_target_dag.py
[2022-06-28 18:26:36,122] {logging_mixin.py:115} INFO - [2022-06-28 18:26:36,122] {dag.py:2371} INFO - Sync 1 DAGs
[2022-06-28 18:26:36,135] {logging_mixin.py:115} INFO - [2022-06-28 18:26:36,135] {dag.py:2915} INFO - Setting next_dagrun for example_trigger_target_dag to None, run_after=None
[2022-06-28 18:26:36,158] {processor.py:161} INFO - Processing /root/airflow_env/lib/python3.8/site-packages/airflow/example_dags/example_trigger_target_dag.py took 0.097 seconds
[2022-06-28 18:27:27,641] {processor.py:153} INFO - Started process (PID=15639) to work on /root/airflow_env/lib/python3.8/site-packages/airflow/example_dags/example_trigger_target_dag.py
[2022-06-28 18:27:27,666] {processor.py:641} INFO - Processing file /root/airflow_env/lib/python3.8/site-packages/airflow/example_dags/example_trigger_target_dag.py for tasks to queue
[2022-06-28 18:27:27,668] {logging_mixin.py:115} INFO - [2022-06-28 18:27:27,667] {dagbag.py:507} INFO - Filling up the DagBag from /root/airflow_env/lib/python3.8/site-packages/airflow/example_dags/example_trigger_target_dag.py
[2022-06-28 18:27:27,695] {processor.py:651} INFO - DAG(s) dict_keys(['example_trigger_target_dag']) retrieved from /root/airflow_env/lib/python3.8/site-packages/airflow/example_dags/example_trigger_target_dag.py
[2022-06-28 18:27:27,708] {logging_mixin.py:115} INFO - [2022-06-28 18:27:27,708] {dag.py:2371} INFO - Sync 1 DAGs
[2022-06-28 18:27:27,724] {logging_mixin.py:115} INFO - [2022-06-28 18:27:27,723] {dag.py:2915} INFO - Setting next_dagrun for example_trigger_target_dag to None, run_after=None
[2022-06-28 18:27:27,749] {processor.py:161} INFO - Processing /root/airflow_env/lib/python3.8/site-packages/airflow/example_dags/example_trigger_target_dag.py took 0.113 seconds
[2022-06-28 18:28:12,158] {processor.py:153} INFO - Started process (PID=15713) to work on /root/airflow_env/lib/python3.8/site-packages/airflow/example_dags/example_trigger_target_dag.py
[2022-06-28 18:28:12,196] {processor.py:641} INFO - Processing file /root/airflow_env/lib/python3.8/site-packages/airflow/example_dags/example_trigger_target_dag.py for tasks to queue
[2022-06-28 18:28:12,197] {logging_mixin.py:115} INFO - [2022-06-28 18:28:12,197] {dagbag.py:507} INFO - Filling up the DagBag from /root/airflow_env/lib/python3.8/site-packages/airflow/example_dags/example_trigger_target_dag.py
[2022-06-28 18:28:12,228] {processor.py:651} INFO - DAG(s) dict_keys(['example_trigger_target_dag']) retrieved from /root/airflow_env/lib/python3.8/site-packages/airflow/example_dags/example_trigger_target_dag.py
[2022-06-28 18:28:12,255] {logging_mixin.py:115} INFO - [2022-06-28 18:28:12,255] {dag.py:2371} INFO - Sync 1 DAGs
[2022-06-28 18:28:12,276] {logging_mixin.py:115} INFO - [2022-06-28 18:28:12,275] {dag.py:2915} INFO - Setting next_dagrun for example_trigger_target_dag to None, run_after=None
[2022-06-28 18:28:12,303] {processor.py:161} INFO - Processing /root/airflow_env/lib/python3.8/site-packages/airflow/example_dags/example_trigger_target_dag.py took 0.151 seconds
[2022-06-28 18:28:52,565] {processor.py:153} INFO - Started process (PID=15754) to work on /root/airflow_env/lib/python3.8/site-packages/airflow/example_dags/example_trigger_target_dag.py
[2022-06-28 18:28:52,606] {processor.py:641} INFO - Processing file /root/airflow_env/lib/python3.8/site-packages/airflow/example_dags/example_trigger_target_dag.py for tasks to queue
[2022-06-28 18:28:52,607] {logging_mixin.py:115} INFO - [2022-06-28 18:28:52,607] {dagbag.py:507} INFO - Filling up the DagBag from /root/airflow_env/lib/python3.8/site-packages/airflow/example_dags/example_trigger_target_dag.py
[2022-06-28 18:28:52,642] {processor.py:651} INFO - DAG(s) dict_keys(['example_trigger_target_dag']) retrieved from /root/airflow_env/lib/python3.8/site-packages/airflow/example_dags/example_trigger_target_dag.py
[2022-06-28 18:28:52,660] {logging_mixin.py:115} INFO - [2022-06-28 18:28:52,660] {dag.py:2371} INFO - Sync 1 DAGs
[2022-06-28 18:28:52,673] {logging_mixin.py:115} INFO - [2022-06-28 18:28:52,673] {dag.py:2915} INFO - Setting next_dagrun for example_trigger_target_dag to None, run_after=None
[2022-06-28 18:28:52,695] {processor.py:161} INFO - Processing /root/airflow_env/lib/python3.8/site-packages/airflow/example_dags/example_trigger_target_dag.py took 0.137 seconds
[2022-06-28 18:29:36,842] {processor.py:153} INFO - Started process (PID=15839) to work on /root/airflow_env/lib/python3.8/site-packages/airflow/example_dags/example_trigger_target_dag.py
[2022-06-28 18:29:36,882] {processor.py:641} INFO - Processing file /root/airflow_env/lib/python3.8/site-packages/airflow/example_dags/example_trigger_target_dag.py for tasks to queue
[2022-06-28 18:29:36,884] {logging_mixin.py:115} INFO - [2022-06-28 18:29:36,884] {dagbag.py:507} INFO - Filling up the DagBag from /root/airflow_env/lib/python3.8/site-packages/airflow/example_dags/example_trigger_target_dag.py
[2022-06-28 18:29:36,914] {processor.py:651} INFO - DAG(s) dict_keys(['example_trigger_target_dag']) retrieved from /root/airflow_env/lib/python3.8/site-packages/airflow/example_dags/example_trigger_target_dag.py
[2022-06-28 18:29:36,929] {logging_mixin.py:115} INFO - [2022-06-28 18:29:36,929] {dag.py:2371} INFO - Sync 1 DAGs
[2022-06-28 18:29:36,941] {logging_mixin.py:115} INFO - [2022-06-28 18:29:36,941] {dag.py:2915} INFO - Setting next_dagrun for example_trigger_target_dag to None, run_after=None
[2022-06-28 18:29:36,962] {processor.py:161} INFO - Processing /root/airflow_env/lib/python3.8/site-packages/airflow/example_dags/example_trigger_target_dag.py took 0.126 seconds
[2022-06-28 18:30:28,563] {processor.py:153} INFO - Started process (PID=15955) to work on /root/airflow_env/lib/python3.8/site-packages/airflow/example_dags/example_trigger_target_dag.py
[2022-06-28 18:30:28,566] {processor.py:641} INFO - Processing file /root/airflow_env/lib/python3.8/site-packages/airflow/example_dags/example_trigger_target_dag.py for tasks to queue
[2022-06-28 18:30:28,568] {logging_mixin.py:115} INFO - [2022-06-28 18:30:28,567] {dagbag.py:507} INFO - Filling up the DagBag from /root/airflow_env/lib/python3.8/site-packages/airflow/example_dags/example_trigger_target_dag.py
[2022-06-28 18:30:28,600] {processor.py:651} INFO - DAG(s) dict_keys(['example_trigger_target_dag']) retrieved from /root/airflow_env/lib/python3.8/site-packages/airflow/example_dags/example_trigger_target_dag.py
[2022-06-28 18:30:28,624] {logging_mixin.py:115} INFO - [2022-06-28 18:30:28,623] {dag.py:2371} INFO - Sync 1 DAGs
[2022-06-28 18:30:28,638] {logging_mixin.py:115} INFO - [2022-06-28 18:30:28,638] {dag.py:2915} INFO - Setting next_dagrun for example_trigger_target_dag to None, run_after=None
[2022-06-28 18:30:28,661] {processor.py:161} INFO - Processing /root/airflow_env/lib/python3.8/site-packages/airflow/example_dags/example_trigger_target_dag.py took 0.104 seconds
[2022-06-28 18:31:14,568] {processor.py:153} INFO - Started process (PID=16045) to work on /root/airflow_env/lib/python3.8/site-packages/airflow/example_dags/example_trigger_target_dag.py
[2022-06-28 18:31:14,570] {processor.py:641} INFO - Processing file /root/airflow_env/lib/python3.8/site-packages/airflow/example_dags/example_trigger_target_dag.py for tasks to queue
[2022-06-28 18:31:14,571] {logging_mixin.py:115} INFO - [2022-06-28 18:31:14,570] {dagbag.py:507} INFO - Filling up the DagBag from /root/airflow_env/lib/python3.8/site-packages/airflow/example_dags/example_trigger_target_dag.py
[2022-06-28 18:31:14,597] {processor.py:651} INFO - DAG(s) dict_keys(['example_trigger_target_dag']) retrieved from /root/airflow_env/lib/python3.8/site-packages/airflow/example_dags/example_trigger_target_dag.py
[2022-06-28 18:31:14,612] {logging_mixin.py:115} INFO - [2022-06-28 18:31:14,612] {dag.py:2371} INFO - Sync 1 DAGs
[2022-06-28 18:31:14,627] {logging_mixin.py:115} INFO - [2022-06-28 18:31:14,627] {dag.py:2915} INFO - Setting next_dagrun for example_trigger_target_dag to None, run_after=None
[2022-06-28 18:31:14,648] {processor.py:161} INFO - Processing /root/airflow_env/lib/python3.8/site-packages/airflow/example_dags/example_trigger_target_dag.py took 0.087 seconds
[2022-06-28 18:32:03,681] {processor.py:153} INFO - Started process (PID=16126) to work on /root/airflow_env/lib/python3.8/site-packages/airflow/example_dags/example_trigger_target_dag.py
[2022-06-28 18:32:03,683] {processor.py:641} INFO - Processing file /root/airflow_env/lib/python3.8/site-packages/airflow/example_dags/example_trigger_target_dag.py for tasks to queue
[2022-06-28 18:32:03,684] {logging_mixin.py:115} INFO - [2022-06-28 18:32:03,684] {dagbag.py:507} INFO - Filling up the DagBag from /root/airflow_env/lib/python3.8/site-packages/airflow/example_dags/example_trigger_target_dag.py
[2022-06-28 18:32:03,706] {processor.py:651} INFO - DAG(s) dict_keys(['example_trigger_target_dag']) retrieved from /root/airflow_env/lib/python3.8/site-packages/airflow/example_dags/example_trigger_target_dag.py
[2022-06-28 18:32:03,729] {logging_mixin.py:115} INFO - [2022-06-28 18:32:03,728] {dag.py:2371} INFO - Sync 1 DAGs
[2022-06-28 18:32:03,753] {logging_mixin.py:115} INFO - [2022-06-28 18:32:03,753] {dag.py:2915} INFO - Setting next_dagrun for example_trigger_target_dag to None, run_after=None
[2022-06-28 18:32:03,782] {processor.py:161} INFO - Processing /root/airflow_env/lib/python3.8/site-packages/airflow/example_dags/example_trigger_target_dag.py took 0.104 seconds
[2022-06-28 18:32:43,662] {processor.py:153} INFO - Started process (PID=17984) to work on /root/airflow_env/lib/python3.8/site-packages/airflow/example_dags/example_trigger_target_dag.py
[2022-06-28 18:32:43,664] {processor.py:641} INFO - Processing file /root/airflow_env/lib/python3.8/site-packages/airflow/example_dags/example_trigger_target_dag.py for tasks to queue
[2022-06-28 18:32:43,666] {logging_mixin.py:115} INFO - [2022-06-28 18:32:43,665] {dagbag.py:507} INFO - Filling up the DagBag from /root/airflow_env/lib/python3.8/site-packages/airflow/example_dags/example_trigger_target_dag.py
[2022-06-28 18:32:43,684] {processor.py:651} INFO - DAG(s) dict_keys(['example_trigger_target_dag']) retrieved from /root/airflow_env/lib/python3.8/site-packages/airflow/example_dags/example_trigger_target_dag.py
[2022-06-28 18:32:43,698] {logging_mixin.py:115} INFO - [2022-06-28 18:32:43,698] {dag.py:2371} INFO - Sync 1 DAGs
[2022-06-28 18:32:43,713] {logging_mixin.py:115} INFO - [2022-06-28 18:32:43,712] {dag.py:2915} INFO - Setting next_dagrun for example_trigger_target_dag to None, run_after=None
[2022-06-28 18:32:43,738] {processor.py:161} INFO - Processing /root/airflow_env/lib/python3.8/site-packages/airflow/example_dags/example_trigger_target_dag.py took 0.079 seconds
[2022-06-28 18:33:33,576] {processor.py:153} INFO - Started process (PID=20809) to work on /root/airflow_env/lib/python3.8/site-packages/airflow/example_dags/example_trigger_target_dag.py
[2022-06-28 18:33:33,577] {processor.py:641} INFO - Processing file /root/airflow_env/lib/python3.8/site-packages/airflow/example_dags/example_trigger_target_dag.py for tasks to queue
[2022-06-28 18:33:33,577] {logging_mixin.py:115} INFO - [2022-06-28 18:33:33,577] {dagbag.py:507} INFO - Filling up the DagBag from /root/airflow_env/lib/python3.8/site-packages/airflow/example_dags/example_trigger_target_dag.py
[2022-06-28 18:33:33,593] {processor.py:651} INFO - DAG(s) dict_keys(['example_trigger_target_dag']) retrieved from /root/airflow_env/lib/python3.8/site-packages/airflow/example_dags/example_trigger_target_dag.py
[2022-06-28 18:33:33,613] {logging_mixin.py:115} INFO - [2022-06-28 18:33:33,612] {dag.py:2371} INFO - Sync 1 DAGs
[2022-06-28 18:33:33,636] {logging_mixin.py:115} INFO - [2022-06-28 18:33:33,635] {dag.py:2915} INFO - Setting next_dagrun for example_trigger_target_dag to None, run_after=None
[2022-06-28 18:33:33,664] {processor.py:161} INFO - Processing /root/airflow_env/lib/python3.8/site-packages/airflow/example_dags/example_trigger_target_dag.py took 0.090 seconds
[2022-06-28 18:34:24,176] {processor.py:153} INFO - Started process (PID=20896) to work on /root/airflow_env/lib/python3.8/site-packages/airflow/example_dags/example_trigger_target_dag.py
[2022-06-28 18:34:24,178] {processor.py:641} INFO - Processing file /root/airflow_env/lib/python3.8/site-packages/airflow/example_dags/example_trigger_target_dag.py for tasks to queue
[2022-06-28 18:34:24,179] {logging_mixin.py:115} INFO - [2022-06-28 18:34:24,179] {dagbag.py:507} INFO - Filling up the DagBag from /root/airflow_env/lib/python3.8/site-packages/airflow/example_dags/example_trigger_target_dag.py
[2022-06-28 18:34:24,210] {processor.py:651} INFO - DAG(s) dict_keys(['example_trigger_target_dag']) retrieved from /root/airflow_env/lib/python3.8/site-packages/airflow/example_dags/example_trigger_target_dag.py
[2022-06-28 18:34:24,239] {logging_mixin.py:115} INFO - [2022-06-28 18:34:24,239] {dag.py:2371} INFO - Sync 1 DAGs
[2022-06-28 18:34:24,267] {logging_mixin.py:115} INFO - [2022-06-28 18:34:24,267] {dag.py:2915} INFO - Setting next_dagrun for example_trigger_target_dag to None, run_after=None
[2022-06-28 18:34:24,300] {processor.py:161} INFO - Processing /root/airflow_env/lib/python3.8/site-packages/airflow/example_dags/example_trigger_target_dag.py took 0.132 seconds
[2022-06-28 18:35:15,645] {processor.py:153} INFO - Started process (PID=20978) to work on /root/airflow_env/lib/python3.8/site-packages/airflow/example_dags/example_trigger_target_dag.py
[2022-06-28 18:35:15,684] {processor.py:641} INFO - Processing file /root/airflow_env/lib/python3.8/site-packages/airflow/example_dags/example_trigger_target_dag.py for tasks to queue
[2022-06-28 18:35:15,684] {logging_mixin.py:115} INFO - [2022-06-28 18:35:15,684] {dagbag.py:507} INFO - Filling up the DagBag from /root/airflow_env/lib/python3.8/site-packages/airflow/example_dags/example_trigger_target_dag.py
[2022-06-28 18:35:15,699] {processor.py:651} INFO - DAG(s) dict_keys(['example_trigger_target_dag']) retrieved from /root/airflow_env/lib/python3.8/site-packages/airflow/example_dags/example_trigger_target_dag.py
[2022-06-28 18:35:15,714] {logging_mixin.py:115} INFO - [2022-06-28 18:35:15,714] {dag.py:2371} INFO - Sync 1 DAGs
[2022-06-28 18:35:15,728] {logging_mixin.py:115} INFO - [2022-06-28 18:35:15,728] {dag.py:2915} INFO - Setting next_dagrun for example_trigger_target_dag to None, run_after=None
[2022-06-28 18:35:15,749] {processor.py:161} INFO - Processing /root/airflow_env/lib/python3.8/site-packages/airflow/example_dags/example_trigger_target_dag.py took 0.108 seconds
[2022-06-28 18:36:01,152] {processor.py:153} INFO - Started process (PID=21054) to work on /root/airflow_env/lib/python3.8/site-packages/airflow/example_dags/example_trigger_target_dag.py
[2022-06-28 18:36:01,193] {processor.py:641} INFO - Processing file /root/airflow_env/lib/python3.8/site-packages/airflow/example_dags/example_trigger_target_dag.py for tasks to queue
[2022-06-28 18:36:01,194] {logging_mixin.py:115} INFO - [2022-06-28 18:36:01,194] {dagbag.py:507} INFO - Filling up the DagBag from /root/airflow_env/lib/python3.8/site-packages/airflow/example_dags/example_trigger_target_dag.py
[2022-06-28 18:36:01,225] {processor.py:651} INFO - DAG(s) dict_keys(['example_trigger_target_dag']) retrieved from /root/airflow_env/lib/python3.8/site-packages/airflow/example_dags/example_trigger_target_dag.py
[2022-06-28 18:36:01,241] {logging_mixin.py:115} INFO - [2022-06-28 18:36:01,241] {dag.py:2371} INFO - Sync 1 DAGs
[2022-06-28 18:36:01,254] {logging_mixin.py:115} INFO - [2022-06-28 18:36:01,254] {dag.py:2915} INFO - Setting next_dagrun for example_trigger_target_dag to None, run_after=None
[2022-06-28 18:36:01,278] {processor.py:161} INFO - Processing /root/airflow_env/lib/python3.8/site-packages/airflow/example_dags/example_trigger_target_dag.py took 0.131 seconds
[2022-06-28 18:36:52,391] {processor.py:153} INFO - Started process (PID=21103) to work on /root/airflow_env/lib/python3.8/site-packages/airflow/example_dags/example_trigger_target_dag.py
[2022-06-28 18:36:52,392] {processor.py:641} INFO - Processing file /root/airflow_env/lib/python3.8/site-packages/airflow/example_dags/example_trigger_target_dag.py for tasks to queue
[2022-06-28 18:36:52,393] {logging_mixin.py:115} INFO - [2022-06-28 18:36:52,393] {dagbag.py:507} INFO - Filling up the DagBag from /root/airflow_env/lib/python3.8/site-packages/airflow/example_dags/example_trigger_target_dag.py
[2022-06-28 18:36:52,422] {processor.py:651} INFO - DAG(s) dict_keys(['example_trigger_target_dag']) retrieved from /root/airflow_env/lib/python3.8/site-packages/airflow/example_dags/example_trigger_target_dag.py
[2022-06-28 18:36:52,446] {logging_mixin.py:115} INFO - [2022-06-28 18:36:52,446] {dag.py:2371} INFO - Sync 1 DAGs
[2022-06-28 18:36:52,459] {logging_mixin.py:115} INFO - [2022-06-28 18:36:52,459] {dag.py:2915} INFO - Setting next_dagrun for example_trigger_target_dag to None, run_after=None
[2022-06-28 18:36:52,484] {processor.py:161} INFO - Processing /root/airflow_env/lib/python3.8/site-packages/airflow/example_dags/example_trigger_target_dag.py took 0.100 seconds
[2022-06-28 18:37:34,515] {processor.py:153} INFO - Started process (PID=21176) to work on /root/airflow_env/lib/python3.8/site-packages/airflow/example_dags/example_trigger_target_dag.py
[2022-06-28 18:37:34,516] {processor.py:641} INFO - Processing file /root/airflow_env/lib/python3.8/site-packages/airflow/example_dags/example_trigger_target_dag.py for tasks to queue
[2022-06-28 18:37:34,517] {logging_mixin.py:115} INFO - [2022-06-28 18:37:34,516] {dagbag.py:507} INFO - Filling up the DagBag from /root/airflow_env/lib/python3.8/site-packages/airflow/example_dags/example_trigger_target_dag.py
[2022-06-28 18:37:34,531] {processor.py:651} INFO - DAG(s) dict_keys(['example_trigger_target_dag']) retrieved from /root/airflow_env/lib/python3.8/site-packages/airflow/example_dags/example_trigger_target_dag.py
[2022-06-28 18:37:34,545] {logging_mixin.py:115} INFO - [2022-06-28 18:37:34,545] {dag.py:2371} INFO - Sync 1 DAGs
[2022-06-28 18:37:34,561] {logging_mixin.py:115} INFO - [2022-06-28 18:37:34,561] {dag.py:2915} INFO - Setting next_dagrun for example_trigger_target_dag to None, run_after=None
[2022-06-28 18:37:34,586] {processor.py:161} INFO - Processing /root/airflow_env/lib/python3.8/site-packages/airflow/example_dags/example_trigger_target_dag.py took 0.075 seconds
[2022-06-28 18:38:27,208] {processor.py:153} INFO - Started process (PID=21259) to work on /root/airflow_env/lib/python3.8/site-packages/airflow/example_dags/example_trigger_target_dag.py
[2022-06-28 18:38:27,249] {processor.py:641} INFO - Processing file /root/airflow_env/lib/python3.8/site-packages/airflow/example_dags/example_trigger_target_dag.py for tasks to queue
[2022-06-28 18:38:27,250] {logging_mixin.py:115} INFO - [2022-06-28 18:38:27,250] {dagbag.py:507} INFO - Filling up the DagBag from /root/airflow_env/lib/python3.8/site-packages/airflow/example_dags/example_trigger_target_dag.py
[2022-06-28 18:38:27,282] {processor.py:651} INFO - DAG(s) dict_keys(['example_trigger_target_dag']) retrieved from /root/airflow_env/lib/python3.8/site-packages/airflow/example_dags/example_trigger_target_dag.py
[2022-06-28 18:38:27,296] {logging_mixin.py:115} INFO - [2022-06-28 18:38:27,296] {dag.py:2371} INFO - Sync 1 DAGs
[2022-06-28 18:38:27,310] {logging_mixin.py:115} INFO - [2022-06-28 18:38:27,310] {dag.py:2915} INFO - Setting next_dagrun for example_trigger_target_dag to None, run_after=None
[2022-06-28 18:38:27,331] {processor.py:161} INFO - Processing /root/airflow_env/lib/python3.8/site-packages/airflow/example_dags/example_trigger_target_dag.py took 0.129 seconds
[2022-06-28 18:39:09,604] {processor.py:153} INFO - Started process (PID=21334) to work on /root/airflow_env/lib/python3.8/site-packages/airflow/example_dags/example_trigger_target_dag.py
[2022-06-28 18:39:09,641] {processor.py:641} INFO - Processing file /root/airflow_env/lib/python3.8/site-packages/airflow/example_dags/example_trigger_target_dag.py for tasks to queue
[2022-06-28 18:39:09,641] {logging_mixin.py:115} INFO - [2022-06-28 18:39:09,641] {dagbag.py:507} INFO - Filling up the DagBag from /root/airflow_env/lib/python3.8/site-packages/airflow/example_dags/example_trigger_target_dag.py
[2022-06-28 18:39:09,654] {processor.py:651} INFO - DAG(s) dict_keys(['example_trigger_target_dag']) retrieved from /root/airflow_env/lib/python3.8/site-packages/airflow/example_dags/example_trigger_target_dag.py
[2022-06-28 18:39:09,672] {logging_mixin.py:115} INFO - [2022-06-28 18:39:09,671] {dag.py:2371} INFO - Sync 1 DAGs
[2022-06-28 18:39:09,688] {logging_mixin.py:115} INFO - [2022-06-28 18:39:09,688] {dag.py:2915} INFO - Setting next_dagrun for example_trigger_target_dag to None, run_after=None
[2022-06-28 18:39:09,712] {processor.py:161} INFO - Processing /root/airflow_env/lib/python3.8/site-packages/airflow/example_dags/example_trigger_target_dag.py took 0.116 seconds
[2022-06-28 18:40:00,647] {processor.py:153} INFO - Started process (PID=21414) to work on /root/airflow_env/lib/python3.8/site-packages/airflow/example_dags/example_trigger_target_dag.py
[2022-06-28 18:40:00,674] {processor.py:641} INFO - Processing file /root/airflow_env/lib/python3.8/site-packages/airflow/example_dags/example_trigger_target_dag.py for tasks to queue
[2022-06-28 18:40:00,676] {logging_mixin.py:115} INFO - [2022-06-28 18:40:00,675] {dagbag.py:507} INFO - Filling up the DagBag from /root/airflow_env/lib/python3.8/site-packages/airflow/example_dags/example_trigger_target_dag.py
[2022-06-28 18:40:00,698] {processor.py:651} INFO - DAG(s) dict_keys(['example_trigger_target_dag']) retrieved from /root/airflow_env/lib/python3.8/site-packages/airflow/example_dags/example_trigger_target_dag.py
[2022-06-28 18:40:00,726] {logging_mixin.py:115} INFO - [2022-06-28 18:40:00,725] {dag.py:2371} INFO - Sync 1 DAGs
[2022-06-28 18:40:00,746] {logging_mixin.py:115} INFO - [2022-06-28 18:40:00,746] {dag.py:2915} INFO - Setting next_dagrun for example_trigger_target_dag to None, run_after=None
[2022-06-28 18:40:00,768] {processor.py:161} INFO - Processing /root/airflow_env/lib/python3.8/site-packages/airflow/example_dags/example_trigger_target_dag.py took 0.125 seconds
[2022-06-28 18:40:40,259] {processor.py:153} INFO - Started process (PID=21452) to work on /root/airflow_env/lib/python3.8/site-packages/airflow/example_dags/example_trigger_target_dag.py
[2022-06-28 18:40:40,300] {processor.py:641} INFO - Processing file /root/airflow_env/lib/python3.8/site-packages/airflow/example_dags/example_trigger_target_dag.py for tasks to queue
[2022-06-28 18:40:40,301] {logging_mixin.py:115} INFO - [2022-06-28 18:40:40,301] {dagbag.py:507} INFO - Filling up the DagBag from /root/airflow_env/lib/python3.8/site-packages/airflow/example_dags/example_trigger_target_dag.py
[2022-06-28 18:40:40,332] {processor.py:651} INFO - DAG(s) dict_keys(['example_trigger_target_dag']) retrieved from /root/airflow_env/lib/python3.8/site-packages/airflow/example_dags/example_trigger_target_dag.py
[2022-06-28 18:40:40,359] {logging_mixin.py:115} INFO - [2022-06-28 18:40:40,359] {dag.py:2371} INFO - Sync 1 DAGs
[2022-06-28 18:40:40,377] {logging_mixin.py:115} INFO - [2022-06-28 18:40:40,377] {dag.py:2915} INFO - Setting next_dagrun for example_trigger_target_dag to None, run_after=None
[2022-06-28 18:40:40,403] {processor.py:161} INFO - Processing /root/airflow_env/lib/python3.8/site-packages/airflow/example_dags/example_trigger_target_dag.py took 0.150 seconds
[2022-06-28 18:41:33,091] {processor.py:153} INFO - Started process (PID=21534) to work on /root/airflow_env/lib/python3.8/site-packages/airflow/example_dags/example_trigger_target_dag.py
[2022-06-28 18:41:33,094] {processor.py:641} INFO - Processing file /root/airflow_env/lib/python3.8/site-packages/airflow/example_dags/example_trigger_target_dag.py for tasks to queue
[2022-06-28 18:41:33,095] {logging_mixin.py:115} INFO - [2022-06-28 18:41:33,095] {dagbag.py:507} INFO - Filling up the DagBag from /root/airflow_env/lib/python3.8/site-packages/airflow/example_dags/example_trigger_target_dag.py
[2022-06-28 18:41:33,125] {processor.py:651} INFO - DAG(s) dict_keys(['example_trigger_target_dag']) retrieved from /root/airflow_env/lib/python3.8/site-packages/airflow/example_dags/example_trigger_target_dag.py
[2022-06-28 18:41:33,149] {logging_mixin.py:115} INFO - [2022-06-28 18:41:33,149] {dag.py:2371} INFO - Sync 1 DAGs
[2022-06-28 18:41:33,164] {logging_mixin.py:115} INFO - [2022-06-28 18:41:33,164] {dag.py:2915} INFO - Setting next_dagrun for example_trigger_target_dag to None, run_after=None
[2022-06-28 18:41:33,190] {processor.py:161} INFO - Processing /root/airflow_env/lib/python3.8/site-packages/airflow/example_dags/example_trigger_target_dag.py took 0.105 seconds
[2022-06-28 18:42:26,800] {processor.py:153} INFO - Started process (PID=21616) to work on /root/airflow_env/lib/python3.8/site-packages/airflow/example_dags/example_trigger_target_dag.py
[2022-06-28 18:42:26,840] {processor.py:641} INFO - Processing file /root/airflow_env/lib/python3.8/site-packages/airflow/example_dags/example_trigger_target_dag.py for tasks to queue
[2022-06-28 18:42:26,841] {logging_mixin.py:115} INFO - [2022-06-28 18:42:26,841] {dagbag.py:507} INFO - Filling up the DagBag from /root/airflow_env/lib/python3.8/site-packages/airflow/example_dags/example_trigger_target_dag.py
[2022-06-28 18:42:26,870] {processor.py:651} INFO - DAG(s) dict_keys(['example_trigger_target_dag']) retrieved from /root/airflow_env/lib/python3.8/site-packages/airflow/example_dags/example_trigger_target_dag.py
[2022-06-28 18:42:26,897] {logging_mixin.py:115} INFO - [2022-06-28 18:42:26,897] {dag.py:2371} INFO - Sync 1 DAGs
[2022-06-28 18:42:26,919] {logging_mixin.py:115} INFO - [2022-06-28 18:42:26,919] {dag.py:2915} INFO - Setting next_dagrun for example_trigger_target_dag to None, run_after=None
[2022-06-28 18:42:26,945] {processor.py:161} INFO - Processing /root/airflow_env/lib/python3.8/site-packages/airflow/example_dags/example_trigger_target_dag.py took 0.151 seconds
[2022-06-28 18:43:09,848] {processor.py:153} INFO - Started process (PID=21690) to work on /root/airflow_env/lib/python3.8/site-packages/airflow/example_dags/example_trigger_target_dag.py
[2022-06-28 18:43:09,888] {processor.py:641} INFO - Processing file /root/airflow_env/lib/python3.8/site-packages/airflow/example_dags/example_trigger_target_dag.py for tasks to queue
[2022-06-28 18:43:09,889] {logging_mixin.py:115} INFO - [2022-06-28 18:43:09,889] {dagbag.py:507} INFO - Filling up the DagBag from /root/airflow_env/lib/python3.8/site-packages/airflow/example_dags/example_trigger_target_dag.py
[2022-06-28 18:43:09,921] {processor.py:651} INFO - DAG(s) dict_keys(['example_trigger_target_dag']) retrieved from /root/airflow_env/lib/python3.8/site-packages/airflow/example_dags/example_trigger_target_dag.py
[2022-06-28 18:43:09,948] {logging_mixin.py:115} INFO - [2022-06-28 18:43:09,948] {dag.py:2371} INFO - Sync 1 DAGs
[2022-06-28 18:43:09,970] {logging_mixin.py:115} INFO - [2022-06-28 18:43:09,970] {dag.py:2915} INFO - Setting next_dagrun for example_trigger_target_dag to None, run_after=None
[2022-06-28 18:43:09,994] {processor.py:161} INFO - Processing /root/airflow_env/lib/python3.8/site-packages/airflow/example_dags/example_trigger_target_dag.py took 0.152 seconds
[2022-06-28 18:44:00,593] {processor.py:153} INFO - Started process (PID=21772) to work on /root/airflow_env/lib/python3.8/site-packages/airflow/example_dags/example_trigger_target_dag.py
[2022-06-28 18:44:00,633] {processor.py:641} INFO - Processing file /root/airflow_env/lib/python3.8/site-packages/airflow/example_dags/example_trigger_target_dag.py for tasks to queue
[2022-06-28 18:44:00,634] {logging_mixin.py:115} INFO - [2022-06-28 18:44:00,634] {dagbag.py:507} INFO - Filling up the DagBag from /root/airflow_env/lib/python3.8/site-packages/airflow/example_dags/example_trigger_target_dag.py
[2022-06-28 18:44:00,651] {processor.py:651} INFO - DAG(s) dict_keys(['example_trigger_target_dag']) retrieved from /root/airflow_env/lib/python3.8/site-packages/airflow/example_dags/example_trigger_target_dag.py
[2022-06-28 18:44:00,668] {logging_mixin.py:115} INFO - [2022-06-28 18:44:00,667] {dag.py:2371} INFO - Sync 1 DAGs
[2022-06-28 18:44:00,682] {logging_mixin.py:115} INFO - [2022-06-28 18:44:00,682] {dag.py:2915} INFO - Setting next_dagrun for example_trigger_target_dag to None, run_after=None
[2022-06-28 18:44:00,702] {processor.py:161} INFO - Processing /root/airflow_env/lib/python3.8/site-packages/airflow/example_dags/example_trigger_target_dag.py took 0.117 seconds
