[2022-06-22 00:10:25,131] {processor.py:153} INFO - Started process (PID=3095) to work on /root/airflow_env/lib/python3.8/site-packages/airflow/example_dags/plugins/workday.py
[2022-06-22 00:10:25,131] {processor.py:641} INFO - Processing file /root/airflow_env/lib/python3.8/site-packages/airflow/example_dags/plugins/workday.py for tasks to queue
[2022-06-22 00:10:25,132] {logging_mixin.py:115} INFO - [2022-06-22 00:10:25,131] {dagbag.py:507} INFO - Filling up the DagBag from /root/airflow_env/lib/python3.8/site-packages/airflow/example_dags/plugins/workday.py
[2022-06-22 00:10:25,133] {processor.py:653} WARNING - No viable dags retrieved from /root/airflow_env/lib/python3.8/site-packages/airflow/example_dags/plugins/workday.py
[2022-06-22 00:10:25,139] {processor.py:161} INFO - Processing /root/airflow_env/lib/python3.8/site-packages/airflow/example_dags/plugins/workday.py took 0.010 seconds
[2022-06-22 00:11:11,440] {processor.py:153} INFO - Started process (PID=3150) to work on /root/airflow_env/lib/python3.8/site-packages/airflow/example_dags/plugins/workday.py
[2022-06-22 00:11:11,443] {processor.py:641} INFO - Processing file /root/airflow_env/lib/python3.8/site-packages/airflow/example_dags/plugins/workday.py for tasks to queue
[2022-06-22 00:11:11,443] {logging_mixin.py:115} INFO - [2022-06-22 00:11:11,443] {dagbag.py:507} INFO - Filling up the DagBag from /root/airflow_env/lib/python3.8/site-packages/airflow/example_dags/plugins/workday.py
[2022-06-22 00:11:11,444] {processor.py:653} WARNING - No viable dags retrieved from /root/airflow_env/lib/python3.8/site-packages/airflow/example_dags/plugins/workday.py
[2022-06-22 00:11:11,450] {processor.py:161} INFO - Processing /root/airflow_env/lib/python3.8/site-packages/airflow/example_dags/plugins/workday.py took 0.012 seconds
[2022-06-22 00:11:54,242] {processor.py:153} INFO - Started process (PID=3195) to work on /root/airflow_env/lib/python3.8/site-packages/airflow/example_dags/plugins/workday.py
[2022-06-22 00:11:54,245] {processor.py:641} INFO - Processing file /root/airflow_env/lib/python3.8/site-packages/airflow/example_dags/plugins/workday.py for tasks to queue
[2022-06-22 00:11:54,245] {logging_mixin.py:115} INFO - [2022-06-22 00:11:54,245] {dagbag.py:507} INFO - Filling up the DagBag from /root/airflow_env/lib/python3.8/site-packages/airflow/example_dags/plugins/workday.py
[2022-06-22 00:11:54,246] {processor.py:653} WARNING - No viable dags retrieved from /root/airflow_env/lib/python3.8/site-packages/airflow/example_dags/plugins/workday.py
[2022-06-22 00:11:54,252] {processor.py:161} INFO - Processing /root/airflow_env/lib/python3.8/site-packages/airflow/example_dags/plugins/workday.py took 0.012 seconds
[2022-06-22 00:12:32,593] {processor.py:153} INFO - Started process (PID=3241) to work on /root/airflow_env/lib/python3.8/site-packages/airflow/example_dags/plugins/workday.py
[2022-06-22 00:12:32,595] {processor.py:641} INFO - Processing file /root/airflow_env/lib/python3.8/site-packages/airflow/example_dags/plugins/workday.py for tasks to queue
[2022-06-22 00:12:32,596] {logging_mixin.py:115} INFO - [2022-06-22 00:12:32,595] {dagbag.py:507} INFO - Filling up the DagBag from /root/airflow_env/lib/python3.8/site-packages/airflow/example_dags/plugins/workday.py
[2022-06-22 00:12:32,597] {processor.py:653} WARNING - No viable dags retrieved from /root/airflow_env/lib/python3.8/site-packages/airflow/example_dags/plugins/workday.py
[2022-06-22 00:12:32,603] {processor.py:161} INFO - Processing /root/airflow_env/lib/python3.8/site-packages/airflow/example_dags/plugins/workday.py took 0.011 seconds
[2022-06-22 00:13:14,866] {processor.py:153} INFO - Started process (PID=3293) to work on /root/airflow_env/lib/python3.8/site-packages/airflow/example_dags/plugins/workday.py
[2022-06-22 00:13:14,869] {processor.py:641} INFO - Processing file /root/airflow_env/lib/python3.8/site-packages/airflow/example_dags/plugins/workday.py for tasks to queue
[2022-06-22 00:13:14,870] {logging_mixin.py:115} INFO - [2022-06-22 00:13:14,870] {dagbag.py:507} INFO - Filling up the DagBag from /root/airflow_env/lib/python3.8/site-packages/airflow/example_dags/plugins/workday.py
[2022-06-22 00:13:14,871] {processor.py:653} WARNING - No viable dags retrieved from /root/airflow_env/lib/python3.8/site-packages/airflow/example_dags/plugins/workday.py
[2022-06-22 00:13:14,877] {processor.py:161} INFO - Processing /root/airflow_env/lib/python3.8/site-packages/airflow/example_dags/plugins/workday.py took 0.014 seconds
[2022-06-22 00:19:19,981] {processor.py:153} INFO - Started process (PID=3765) to work on /root/airflow_env/lib/python3.8/site-packages/airflow/example_dags/plugins/workday.py
[2022-06-22 00:19:19,984] {processor.py:641} INFO - Processing file /root/airflow_env/lib/python3.8/site-packages/airflow/example_dags/plugins/workday.py for tasks to queue
[2022-06-22 00:19:19,984] {logging_mixin.py:115} INFO - [2022-06-22 00:19:19,984] {dagbag.py:507} INFO - Filling up the DagBag from /root/airflow_env/lib/python3.8/site-packages/airflow/example_dags/plugins/workday.py
[2022-06-22 00:19:19,986] {processor.py:653} WARNING - No viable dags retrieved from /root/airflow_env/lib/python3.8/site-packages/airflow/example_dags/plugins/workday.py
[2022-06-22 00:19:19,992] {processor.py:161} INFO - Processing /root/airflow_env/lib/python3.8/site-packages/airflow/example_dags/plugins/workday.py took 0.014 seconds
[2022-06-22 00:21:15,180] {processor.py:153} INFO - Started process (PID=3859) to work on /root/airflow_env/lib/python3.8/site-packages/airflow/example_dags/plugins/workday.py
[2022-06-22 00:21:15,181] {processor.py:641} INFO - Processing file /root/airflow_env/lib/python3.8/site-packages/airflow/example_dags/plugins/workday.py for tasks to queue
[2022-06-22 00:21:15,181] {logging_mixin.py:115} INFO - [2022-06-22 00:21:15,181] {dagbag.py:507} INFO - Filling up the DagBag from /root/airflow_env/lib/python3.8/site-packages/airflow/example_dags/plugins/workday.py
[2022-06-22 00:21:15,182] {processor.py:653} WARNING - No viable dags retrieved from /root/airflow_env/lib/python3.8/site-packages/airflow/example_dags/plugins/workday.py
[2022-06-22 00:21:15,193] {processor.py:161} INFO - Processing /root/airflow_env/lib/python3.8/site-packages/airflow/example_dags/plugins/workday.py took 0.014 seconds
[2022-06-22 00:22:01,314] {processor.py:153} INFO - Started process (PID=3928) to work on /root/airflow_env/lib/python3.8/site-packages/airflow/example_dags/plugins/workday.py
[2022-06-22 00:22:01,318] {processor.py:641} INFO - Processing file /root/airflow_env/lib/python3.8/site-packages/airflow/example_dags/plugins/workday.py for tasks to queue
[2022-06-22 00:22:01,318] {logging_mixin.py:115} INFO - [2022-06-22 00:22:01,318] {dagbag.py:507} INFO - Filling up the DagBag from /root/airflow_env/lib/python3.8/site-packages/airflow/example_dags/plugins/workday.py
[2022-06-22 00:22:01,319] {processor.py:653} WARNING - No viable dags retrieved from /root/airflow_env/lib/python3.8/site-packages/airflow/example_dags/plugins/workday.py
[2022-06-22 00:22:01,326] {processor.py:161} INFO - Processing /root/airflow_env/lib/python3.8/site-packages/airflow/example_dags/plugins/workday.py took 0.013 seconds
[2022-06-22 00:22:43,139] {processor.py:153} INFO - Started process (PID=3972) to work on /root/airflow_env/lib/python3.8/site-packages/airflow/example_dags/plugins/workday.py
[2022-06-22 00:22:43,141] {processor.py:641} INFO - Processing file /root/airflow_env/lib/python3.8/site-packages/airflow/example_dags/plugins/workday.py for tasks to queue
[2022-06-22 00:22:43,141] {logging_mixin.py:115} INFO - [2022-06-22 00:22:43,141] {dagbag.py:507} INFO - Filling up the DagBag from /root/airflow_env/lib/python3.8/site-packages/airflow/example_dags/plugins/workday.py
[2022-06-22 00:22:43,142] {processor.py:653} WARNING - No viable dags retrieved from /root/airflow_env/lib/python3.8/site-packages/airflow/example_dags/plugins/workday.py
[2022-06-22 00:22:43,150] {processor.py:161} INFO - Processing /root/airflow_env/lib/python3.8/site-packages/airflow/example_dags/plugins/workday.py took 0.013 seconds
[2022-06-22 00:23:23,755] {processor.py:153} INFO - Started process (PID=4013) to work on /root/airflow_env/lib/python3.8/site-packages/airflow/example_dags/plugins/workday.py
[2022-06-22 00:23:23,759] {processor.py:641} INFO - Processing file /root/airflow_env/lib/python3.8/site-packages/airflow/example_dags/plugins/workday.py for tasks to queue
[2022-06-22 00:23:23,759] {logging_mixin.py:115} INFO - [2022-06-22 00:23:23,759] {dagbag.py:507} INFO - Filling up the DagBag from /root/airflow_env/lib/python3.8/site-packages/airflow/example_dags/plugins/workday.py
[2022-06-22 00:23:23,760] {processor.py:653} WARNING - No viable dags retrieved from /root/airflow_env/lib/python3.8/site-packages/airflow/example_dags/plugins/workday.py
[2022-06-22 00:23:23,768] {processor.py:161} INFO - Processing /root/airflow_env/lib/python3.8/site-packages/airflow/example_dags/plugins/workday.py took 0.015 seconds
[2022-06-22 00:24:08,961] {processor.py:153} INFO - Started process (PID=4057) to work on /root/airflow_env/lib/python3.8/site-packages/airflow/example_dags/plugins/workday.py
[2022-06-22 00:24:08,963] {processor.py:641} INFO - Processing file /root/airflow_env/lib/python3.8/site-packages/airflow/example_dags/plugins/workday.py for tasks to queue
[2022-06-22 00:24:08,963] {logging_mixin.py:115} INFO - [2022-06-22 00:24:08,963] {dagbag.py:507} INFO - Filling up the DagBag from /root/airflow_env/lib/python3.8/site-packages/airflow/example_dags/plugins/workday.py
[2022-06-22 00:24:08,964] {processor.py:653} WARNING - No viable dags retrieved from /root/airflow_env/lib/python3.8/site-packages/airflow/example_dags/plugins/workday.py
[2022-06-22 00:24:08,971] {processor.py:161} INFO - Processing /root/airflow_env/lib/python3.8/site-packages/airflow/example_dags/plugins/workday.py took 0.012 seconds
[2022-06-22 00:24:45,995] {processor.py:153} INFO - Started process (PID=4096) to work on /root/airflow_env/lib/python3.8/site-packages/airflow/example_dags/plugins/workday.py
[2022-06-22 00:24:45,999] {processor.py:641} INFO - Processing file /root/airflow_env/lib/python3.8/site-packages/airflow/example_dags/plugins/workday.py for tasks to queue
[2022-06-22 00:24:45,999] {logging_mixin.py:115} INFO - [2022-06-22 00:24:45,999] {dagbag.py:507} INFO - Filling up the DagBag from /root/airflow_env/lib/python3.8/site-packages/airflow/example_dags/plugins/workday.py
[2022-06-22 00:24:46,001] {processor.py:653} WARNING - No viable dags retrieved from /root/airflow_env/lib/python3.8/site-packages/airflow/example_dags/plugins/workday.py
[2022-06-22 00:24:46,008] {processor.py:161} INFO - Processing /root/airflow_env/lib/python3.8/site-packages/airflow/example_dags/plugins/workday.py took 0.014 seconds
[2022-06-22 00:25:23,987] {processor.py:153} INFO - Started process (PID=4137) to work on /root/airflow_env/lib/python3.8/site-packages/airflow/example_dags/plugins/workday.py
[2022-06-22 00:25:23,989] {processor.py:641} INFO - Processing file /root/airflow_env/lib/python3.8/site-packages/airflow/example_dags/plugins/workday.py for tasks to queue
[2022-06-22 00:25:23,989] {logging_mixin.py:115} INFO - [2022-06-22 00:25:23,989] {dagbag.py:507} INFO - Filling up the DagBag from /root/airflow_env/lib/python3.8/site-packages/airflow/example_dags/plugins/workday.py
[2022-06-22 00:25:23,990] {processor.py:653} WARNING - No viable dags retrieved from /root/airflow_env/lib/python3.8/site-packages/airflow/example_dags/plugins/workday.py
[2022-06-22 00:25:23,999] {processor.py:161} INFO - Processing /root/airflow_env/lib/python3.8/site-packages/airflow/example_dags/plugins/workday.py took 0.015 seconds
[2022-06-22 00:26:02,264] {processor.py:153} INFO - Started process (PID=4179) to work on /root/airflow_env/lib/python3.8/site-packages/airflow/example_dags/plugins/workday.py
[2022-06-22 00:26:02,266] {processor.py:641} INFO - Processing file /root/airflow_env/lib/python3.8/site-packages/airflow/example_dags/plugins/workday.py for tasks to queue
[2022-06-22 00:26:02,266] {logging_mixin.py:115} INFO - [2022-06-22 00:26:02,266] {dagbag.py:507} INFO - Filling up the DagBag from /root/airflow_env/lib/python3.8/site-packages/airflow/example_dags/plugins/workday.py
[2022-06-22 00:26:02,268] {processor.py:653} WARNING - No viable dags retrieved from /root/airflow_env/lib/python3.8/site-packages/airflow/example_dags/plugins/workday.py
[2022-06-22 00:26:02,276] {processor.py:161} INFO - Processing /root/airflow_env/lib/python3.8/site-packages/airflow/example_dags/plugins/workday.py took 0.013 seconds
[2022-06-22 00:58:22,094] {processor.py:153} INFO - Started process (PID=4323) to work on /root/airflow_env/lib/python3.8/site-packages/airflow/example_dags/plugins/workday.py
[2022-06-22 00:58:22,095] {processor.py:641} INFO - Processing file /root/airflow_env/lib/python3.8/site-packages/airflow/example_dags/plugins/workday.py for tasks to queue
[2022-06-22 00:58:22,095] {logging_mixin.py:115} INFO - [2022-06-22 00:58:22,095] {dagbag.py:507} INFO - Filling up the DagBag from /root/airflow_env/lib/python3.8/site-packages/airflow/example_dags/plugins/workday.py
[2022-06-22 00:58:22,096] {processor.py:653} WARNING - No viable dags retrieved from /root/airflow_env/lib/python3.8/site-packages/airflow/example_dags/plugins/workday.py
[2022-06-22 00:58:22,102] {processor.py:161} INFO - Processing /root/airflow_env/lib/python3.8/site-packages/airflow/example_dags/plugins/workday.py took 0.010 seconds
[2022-06-22 00:59:07,412] {processor.py:153} INFO - Started process (PID=4368) to work on /root/airflow_env/lib/python3.8/site-packages/airflow/example_dags/plugins/workday.py
[2022-06-22 00:59:07,415] {processor.py:641} INFO - Processing file /root/airflow_env/lib/python3.8/site-packages/airflow/example_dags/plugins/workday.py for tasks to queue
[2022-06-22 00:59:07,415] {logging_mixin.py:115} INFO - [2022-06-22 00:59:07,415] {dagbag.py:507} INFO - Filling up the DagBag from /root/airflow_env/lib/python3.8/site-packages/airflow/example_dags/plugins/workday.py
[2022-06-22 00:59:07,416] {processor.py:653} WARNING - No viable dags retrieved from /root/airflow_env/lib/python3.8/site-packages/airflow/example_dags/plugins/workday.py
[2022-06-22 00:59:07,422] {processor.py:161} INFO - Processing /root/airflow_env/lib/python3.8/site-packages/airflow/example_dags/plugins/workday.py took 0.012 seconds
[2022-06-22 00:59:50,536] {processor.py:153} INFO - Started process (PID=4413) to work on /root/airflow_env/lib/python3.8/site-packages/airflow/example_dags/plugins/workday.py
[2022-06-22 00:59:50,539] {processor.py:641} INFO - Processing file /root/airflow_env/lib/python3.8/site-packages/airflow/example_dags/plugins/workday.py for tasks to queue
[2022-06-22 00:59:50,539] {logging_mixin.py:115} INFO - [2022-06-22 00:59:50,539] {dagbag.py:507} INFO - Filling up the DagBag from /root/airflow_env/lib/python3.8/site-packages/airflow/example_dags/plugins/workday.py
[2022-06-22 00:59:50,540] {processor.py:653} WARNING - No viable dags retrieved from /root/airflow_env/lib/python3.8/site-packages/airflow/example_dags/plugins/workday.py
[2022-06-22 00:59:50,546] {processor.py:161} INFO - Processing /root/airflow_env/lib/python3.8/site-packages/airflow/example_dags/plugins/workday.py took 0.013 seconds
[2022-06-22 01:00:32,713] {processor.py:153} INFO - Started process (PID=4458) to work on /root/airflow_env/lib/python3.8/site-packages/airflow/example_dags/plugins/workday.py
[2022-06-22 01:00:32,717] {processor.py:641} INFO - Processing file /root/airflow_env/lib/python3.8/site-packages/airflow/example_dags/plugins/workday.py for tasks to queue
[2022-06-22 01:00:32,717] {logging_mixin.py:115} INFO - [2022-06-22 01:00:32,717] {dagbag.py:507} INFO - Filling up the DagBag from /root/airflow_env/lib/python3.8/site-packages/airflow/example_dags/plugins/workday.py
[2022-06-22 01:00:32,718] {processor.py:653} WARNING - No viable dags retrieved from /root/airflow_env/lib/python3.8/site-packages/airflow/example_dags/plugins/workday.py
[2022-06-22 01:00:32,725] {processor.py:161} INFO - Processing /root/airflow_env/lib/python3.8/site-packages/airflow/example_dags/plugins/workday.py took 0.014 seconds
[2022-06-22 01:01:11,813] {processor.py:153} INFO - Started process (PID=4497) to work on /root/airflow_env/lib/python3.8/site-packages/airflow/example_dags/plugins/workday.py
[2022-06-22 01:01:11,813] {processor.py:641} INFO - Processing file /root/airflow_env/lib/python3.8/site-packages/airflow/example_dags/plugins/workday.py for tasks to queue
[2022-06-22 01:01:11,814] {logging_mixin.py:115} INFO - [2022-06-22 01:01:11,814] {dagbag.py:507} INFO - Filling up the DagBag from /root/airflow_env/lib/python3.8/site-packages/airflow/example_dags/plugins/workday.py
[2022-06-22 01:01:11,815] {processor.py:653} WARNING - No viable dags retrieved from /root/airflow_env/lib/python3.8/site-packages/airflow/example_dags/plugins/workday.py
[2022-06-22 01:01:11,821] {processor.py:161} INFO - Processing /root/airflow_env/lib/python3.8/site-packages/airflow/example_dags/plugins/workday.py took 0.010 seconds
[2022-06-22 01:01:51,259] {processor.py:153} INFO - Started process (PID=4538) to work on /root/airflow_env/lib/python3.8/site-packages/airflow/example_dags/plugins/workday.py
[2022-06-22 01:01:51,260] {processor.py:641} INFO - Processing file /root/airflow_env/lib/python3.8/site-packages/airflow/example_dags/plugins/workday.py for tasks to queue
[2022-06-22 01:01:51,260] {logging_mixin.py:115} INFO - [2022-06-22 01:01:51,260] {dagbag.py:507} INFO - Filling up the DagBag from /root/airflow_env/lib/python3.8/site-packages/airflow/example_dags/plugins/workday.py
[2022-06-22 01:01:51,261] {processor.py:653} WARNING - No viable dags retrieved from /root/airflow_env/lib/python3.8/site-packages/airflow/example_dags/plugins/workday.py
[2022-06-22 01:01:51,268] {processor.py:161} INFO - Processing /root/airflow_env/lib/python3.8/site-packages/airflow/example_dags/plugins/workday.py took 0.011 seconds
[2022-06-22 01:02:33,215] {processor.py:153} INFO - Started process (PID=4581) to work on /root/airflow_env/lib/python3.8/site-packages/airflow/example_dags/plugins/workday.py
[2022-06-22 01:02:33,218] {processor.py:641} INFO - Processing file /root/airflow_env/lib/python3.8/site-packages/airflow/example_dags/plugins/workday.py for tasks to queue
[2022-06-22 01:02:33,219] {logging_mixin.py:115} INFO - [2022-06-22 01:02:33,218] {dagbag.py:507} INFO - Filling up the DagBag from /root/airflow_env/lib/python3.8/site-packages/airflow/example_dags/plugins/workday.py
[2022-06-22 01:02:33,220] {processor.py:653} WARNING - No viable dags retrieved from /root/airflow_env/lib/python3.8/site-packages/airflow/example_dags/plugins/workday.py
[2022-06-22 01:02:33,226] {processor.py:161} INFO - Processing /root/airflow_env/lib/python3.8/site-packages/airflow/example_dags/plugins/workday.py took 0.012 seconds
[2022-06-22 01:03:17,284] {processor.py:153} INFO - Started process (PID=4625) to work on /root/airflow_env/lib/python3.8/site-packages/airflow/example_dags/plugins/workday.py
[2022-06-22 01:03:17,285] {processor.py:641} INFO - Processing file /root/airflow_env/lib/python3.8/site-packages/airflow/example_dags/plugins/workday.py for tasks to queue
[2022-06-22 01:03:17,286] {logging_mixin.py:115} INFO - [2022-06-22 01:03:17,286] {dagbag.py:507} INFO - Filling up the DagBag from /root/airflow_env/lib/python3.8/site-packages/airflow/example_dags/plugins/workday.py
[2022-06-22 01:03:17,287] {processor.py:653} WARNING - No viable dags retrieved from /root/airflow_env/lib/python3.8/site-packages/airflow/example_dags/plugins/workday.py
[2022-06-22 01:03:17,293] {processor.py:161} INFO - Processing /root/airflow_env/lib/python3.8/site-packages/airflow/example_dags/plugins/workday.py took 0.012 seconds
[2022-06-22 01:03:53,518] {processor.py:153} INFO - Started process (PID=4664) to work on /root/airflow_env/lib/python3.8/site-packages/airflow/example_dags/plugins/workday.py
[2022-06-22 01:03:53,520] {processor.py:641} INFO - Processing file /root/airflow_env/lib/python3.8/site-packages/airflow/example_dags/plugins/workday.py for tasks to queue
[2022-06-22 01:03:53,520] {logging_mixin.py:115} INFO - [2022-06-22 01:03:53,520] {dagbag.py:507} INFO - Filling up the DagBag from /root/airflow_env/lib/python3.8/site-packages/airflow/example_dags/plugins/workday.py
[2022-06-22 01:03:53,522] {processor.py:653} WARNING - No viable dags retrieved from /root/airflow_env/lib/python3.8/site-packages/airflow/example_dags/plugins/workday.py
[2022-06-22 01:03:53,530] {processor.py:161} INFO - Processing /root/airflow_env/lib/python3.8/site-packages/airflow/example_dags/plugins/workday.py took 0.014 seconds
[2022-06-22 01:04:37,831] {processor.py:153} INFO - Started process (PID=4711) to work on /root/airflow_env/lib/python3.8/site-packages/airflow/example_dags/plugins/workday.py
[2022-06-22 01:04:37,833] {processor.py:641} INFO - Processing file /root/airflow_env/lib/python3.8/site-packages/airflow/example_dags/plugins/workday.py for tasks to queue
[2022-06-22 01:04:37,834] {logging_mixin.py:115} INFO - [2022-06-22 01:04:37,834] {dagbag.py:507} INFO - Filling up the DagBag from /root/airflow_env/lib/python3.8/site-packages/airflow/example_dags/plugins/workday.py
[2022-06-22 01:04:37,835] {processor.py:653} WARNING - No viable dags retrieved from /root/airflow_env/lib/python3.8/site-packages/airflow/example_dags/plugins/workday.py
[2022-06-22 01:04:37,843] {processor.py:161} INFO - Processing /root/airflow_env/lib/python3.8/site-packages/airflow/example_dags/plugins/workday.py took 0.014 seconds
[2022-06-22 01:05:17,540] {processor.py:153} INFO - Started process (PID=4753) to work on /root/airflow_env/lib/python3.8/site-packages/airflow/example_dags/plugins/workday.py
[2022-06-22 01:05:17,543] {processor.py:641} INFO - Processing file /root/airflow_env/lib/python3.8/site-packages/airflow/example_dags/plugins/workday.py for tasks to queue
[2022-06-22 01:05:17,544] {logging_mixin.py:115} INFO - [2022-06-22 01:05:17,544] {dagbag.py:507} INFO - Filling up the DagBag from /root/airflow_env/lib/python3.8/site-packages/airflow/example_dags/plugins/workday.py
[2022-06-22 01:05:17,545] {processor.py:653} WARNING - No viable dags retrieved from /root/airflow_env/lib/python3.8/site-packages/airflow/example_dags/plugins/workday.py
[2022-06-22 01:05:17,551] {processor.py:161} INFO - Processing /root/airflow_env/lib/python3.8/site-packages/airflow/example_dags/plugins/workday.py took 0.014 seconds
[2022-06-22 01:05:55,642] {processor.py:153} INFO - Started process (PID=4792) to work on /root/airflow_env/lib/python3.8/site-packages/airflow/example_dags/plugins/workday.py
[2022-06-22 01:05:55,645] {processor.py:641} INFO - Processing file /root/airflow_env/lib/python3.8/site-packages/airflow/example_dags/plugins/workday.py for tasks to queue
[2022-06-22 01:05:55,645] {logging_mixin.py:115} INFO - [2022-06-22 01:05:55,645] {dagbag.py:507} INFO - Filling up the DagBag from /root/airflow_env/lib/python3.8/site-packages/airflow/example_dags/plugins/workday.py
[2022-06-22 01:05:55,646] {processor.py:653} WARNING - No viable dags retrieved from /root/airflow_env/lib/python3.8/site-packages/airflow/example_dags/plugins/workday.py
[2022-06-22 01:05:55,654] {processor.py:161} INFO - Processing /root/airflow_env/lib/python3.8/site-packages/airflow/example_dags/plugins/workday.py took 0.014 seconds
[2022-06-22 01:06:36,908] {processor.py:153} INFO - Started process (PID=4851) to work on /root/airflow_env/lib/python3.8/site-packages/airflow/example_dags/plugins/workday.py
[2022-06-22 01:06:36,912] {processor.py:641} INFO - Processing file /root/airflow_env/lib/python3.8/site-packages/airflow/example_dags/plugins/workday.py for tasks to queue
[2022-06-22 01:06:36,912] {logging_mixin.py:115} INFO - [2022-06-22 01:06:36,912] {dagbag.py:507} INFO - Filling up the DagBag from /root/airflow_env/lib/python3.8/site-packages/airflow/example_dags/plugins/workday.py
[2022-06-22 01:06:36,913] {processor.py:653} WARNING - No viable dags retrieved from /root/airflow_env/lib/python3.8/site-packages/airflow/example_dags/plugins/workday.py
[2022-06-22 01:06:36,920] {processor.py:161} INFO - Processing /root/airflow_env/lib/python3.8/site-packages/airflow/example_dags/plugins/workday.py took 0.014 seconds
[2022-06-22 01:07:22,079] {processor.py:153} INFO - Started process (PID=4896) to work on /root/airflow_env/lib/python3.8/site-packages/airflow/example_dags/plugins/workday.py
[2022-06-22 01:07:22,080] {processor.py:641} INFO - Processing file /root/airflow_env/lib/python3.8/site-packages/airflow/example_dags/plugins/workday.py for tasks to queue
[2022-06-22 01:07:22,080] {logging_mixin.py:115} INFO - [2022-06-22 01:07:22,080] {dagbag.py:507} INFO - Filling up the DagBag from /root/airflow_env/lib/python3.8/site-packages/airflow/example_dags/plugins/workday.py
[2022-06-22 01:07:22,081] {processor.py:653} WARNING - No viable dags retrieved from /root/airflow_env/lib/python3.8/site-packages/airflow/example_dags/plugins/workday.py
[2022-06-22 01:07:22,088] {processor.py:161} INFO - Processing /root/airflow_env/lib/python3.8/site-packages/airflow/example_dags/plugins/workday.py took 0.010 seconds
[2022-06-22 01:08:00,955] {processor.py:153} INFO - Started process (PID=4939) to work on /root/airflow_env/lib/python3.8/site-packages/airflow/example_dags/plugins/workday.py
[2022-06-22 01:08:00,959] {processor.py:641} INFO - Processing file /root/airflow_env/lib/python3.8/site-packages/airflow/example_dags/plugins/workday.py for tasks to queue
[2022-06-22 01:08:00,959] {logging_mixin.py:115} INFO - [2022-06-22 01:08:00,959] {dagbag.py:507} INFO - Filling up the DagBag from /root/airflow_env/lib/python3.8/site-packages/airflow/example_dags/plugins/workday.py
[2022-06-22 01:08:00,960] {processor.py:653} WARNING - No viable dags retrieved from /root/airflow_env/lib/python3.8/site-packages/airflow/example_dags/plugins/workday.py
[2022-06-22 01:08:00,967] {processor.py:161} INFO - Processing /root/airflow_env/lib/python3.8/site-packages/airflow/example_dags/plugins/workday.py took 0.013 seconds
[2022-06-22 01:09:13,835] {processor.py:153} INFO - Started process (PID=5032) to work on /root/airflow_env/lib/python3.8/site-packages/airflow/example_dags/plugins/workday.py
[2022-06-22 01:09:13,838] {processor.py:641} INFO - Processing file /root/airflow_env/lib/python3.8/site-packages/airflow/example_dags/plugins/workday.py for tasks to queue
[2022-06-22 01:09:13,839] {logging_mixin.py:115} INFO - [2022-06-22 01:09:13,838] {dagbag.py:507} INFO - Filling up the DagBag from /root/airflow_env/lib/python3.8/site-packages/airflow/example_dags/plugins/workday.py
[2022-06-22 01:09:13,840] {processor.py:653} WARNING - No viable dags retrieved from /root/airflow_env/lib/python3.8/site-packages/airflow/example_dags/plugins/workday.py
[2022-06-22 01:09:13,846] {processor.py:161} INFO - Processing /root/airflow_env/lib/python3.8/site-packages/airflow/example_dags/plugins/workday.py took 0.013 seconds
[2022-06-22 01:09:58,427] {processor.py:153} INFO - Started process (PID=5094) to work on /root/airflow_env/lib/python3.8/site-packages/airflow/example_dags/plugins/workday.py
[2022-06-22 01:09:58,429] {processor.py:641} INFO - Processing file /root/airflow_env/lib/python3.8/site-packages/airflow/example_dags/plugins/workday.py for tasks to queue
[2022-06-22 01:09:58,429] {logging_mixin.py:115} INFO - [2022-06-22 01:09:58,429] {dagbag.py:507} INFO - Filling up the DagBag from /root/airflow_env/lib/python3.8/site-packages/airflow/example_dags/plugins/workday.py
[2022-06-22 01:09:58,430] {processor.py:653} WARNING - No viable dags retrieved from /root/airflow_env/lib/python3.8/site-packages/airflow/example_dags/plugins/workday.py
[2022-06-22 01:09:58,436] {processor.py:161} INFO - Processing /root/airflow_env/lib/python3.8/site-packages/airflow/example_dags/plugins/workday.py took 0.011 seconds
[2022-06-22 01:10:39,741] {processor.py:153} INFO - Started process (PID=5139) to work on /root/airflow_env/lib/python3.8/site-packages/airflow/example_dags/plugins/workday.py
[2022-06-22 01:10:39,745] {processor.py:641} INFO - Processing file /root/airflow_env/lib/python3.8/site-packages/airflow/example_dags/plugins/workday.py for tasks to queue
[2022-06-22 01:10:39,745] {logging_mixin.py:115} INFO - [2022-06-22 01:10:39,745] {dagbag.py:507} INFO - Filling up the DagBag from /root/airflow_env/lib/python3.8/site-packages/airflow/example_dags/plugins/workday.py
[2022-06-22 01:10:39,746] {processor.py:653} WARNING - No viable dags retrieved from /root/airflow_env/lib/python3.8/site-packages/airflow/example_dags/plugins/workday.py
[2022-06-22 01:10:39,753] {processor.py:161} INFO - Processing /root/airflow_env/lib/python3.8/site-packages/airflow/example_dags/plugins/workday.py took 0.014 seconds
[2022-06-22 01:11:22,015] {processor.py:153} INFO - Started process (PID=5184) to work on /root/airflow_env/lib/python3.8/site-packages/airflow/example_dags/plugins/workday.py
[2022-06-22 01:11:22,018] {processor.py:641} INFO - Processing file /root/airflow_env/lib/python3.8/site-packages/airflow/example_dags/plugins/workday.py for tasks to queue
[2022-06-22 01:11:22,018] {logging_mixin.py:115} INFO - [2022-06-22 01:11:22,018] {dagbag.py:507} INFO - Filling up the DagBag from /root/airflow_env/lib/python3.8/site-packages/airflow/example_dags/plugins/workday.py
[2022-06-22 01:11:22,019] {processor.py:653} WARNING - No viable dags retrieved from /root/airflow_env/lib/python3.8/site-packages/airflow/example_dags/plugins/workday.py
[2022-06-22 01:11:22,025] {processor.py:161} INFO - Processing /root/airflow_env/lib/python3.8/site-packages/airflow/example_dags/plugins/workday.py took 0.012 seconds
[2022-06-22 01:12:16,427] {processor.py:153} INFO - Started process (PID=5266) to work on /root/airflow_env/lib/python3.8/site-packages/airflow/example_dags/plugins/workday.py
[2022-06-22 01:12:16,431] {processor.py:641} INFO - Processing file /root/airflow_env/lib/python3.8/site-packages/airflow/example_dags/plugins/workday.py for tasks to queue
[2022-06-22 01:12:16,431] {logging_mixin.py:115} INFO - [2022-06-22 01:12:16,431] {dagbag.py:507} INFO - Filling up the DagBag from /root/airflow_env/lib/python3.8/site-packages/airflow/example_dags/plugins/workday.py
[2022-06-22 01:12:16,432] {processor.py:653} WARNING - No viable dags retrieved from /root/airflow_env/lib/python3.8/site-packages/airflow/example_dags/plugins/workday.py
[2022-06-22 01:12:16,438] {processor.py:161} INFO - Processing /root/airflow_env/lib/python3.8/site-packages/airflow/example_dags/plugins/workday.py took 0.012 seconds
[2022-06-22 01:12:57,709] {processor.py:153} INFO - Started process (PID=5309) to work on /root/airflow_env/lib/python3.8/site-packages/airflow/example_dags/plugins/workday.py
[2022-06-22 01:12:57,712] {processor.py:641} INFO - Processing file /root/airflow_env/lib/python3.8/site-packages/airflow/example_dags/plugins/workday.py for tasks to queue
[2022-06-22 01:12:57,712] {logging_mixin.py:115} INFO - [2022-06-22 01:12:57,712] {dagbag.py:507} INFO - Filling up the DagBag from /root/airflow_env/lib/python3.8/site-packages/airflow/example_dags/plugins/workday.py
[2022-06-22 01:12:57,713] {processor.py:653} WARNING - No viable dags retrieved from /root/airflow_env/lib/python3.8/site-packages/airflow/example_dags/plugins/workday.py
[2022-06-22 01:12:57,720] {processor.py:161} INFO - Processing /root/airflow_env/lib/python3.8/site-packages/airflow/example_dags/plugins/workday.py took 0.013 seconds
[2022-06-22 01:13:36,140] {processor.py:153} INFO - Started process (PID=5366) to work on /root/airflow_env/lib/python3.8/site-packages/airflow/example_dags/plugins/workday.py
[2022-06-22 01:13:36,142] {processor.py:641} INFO - Processing file /root/airflow_env/lib/python3.8/site-packages/airflow/example_dags/plugins/workday.py for tasks to queue
[2022-06-22 01:13:36,143] {logging_mixin.py:115} INFO - [2022-06-22 01:13:36,143] {dagbag.py:507} INFO - Filling up the DagBag from /root/airflow_env/lib/python3.8/site-packages/airflow/example_dags/plugins/workday.py
[2022-06-22 01:13:36,144] {processor.py:653} WARNING - No viable dags retrieved from /root/airflow_env/lib/python3.8/site-packages/airflow/example_dags/plugins/workday.py
[2022-06-22 01:13:36,151] {processor.py:161} INFO - Processing /root/airflow_env/lib/python3.8/site-packages/airflow/example_dags/plugins/workday.py took 0.014 seconds
[2022-06-22 01:14:16,499] {processor.py:153} INFO - Started process (PID=5406) to work on /root/airflow_env/lib/python3.8/site-packages/airflow/example_dags/plugins/workday.py
[2022-06-22 01:14:16,501] {processor.py:641} INFO - Processing file /root/airflow_env/lib/python3.8/site-packages/airflow/example_dags/plugins/workday.py for tasks to queue
[2022-06-22 01:14:16,501] {logging_mixin.py:115} INFO - [2022-06-22 01:14:16,501] {dagbag.py:507} INFO - Filling up the DagBag from /root/airflow_env/lib/python3.8/site-packages/airflow/example_dags/plugins/workday.py
[2022-06-22 01:14:16,502] {processor.py:653} WARNING - No viable dags retrieved from /root/airflow_env/lib/python3.8/site-packages/airflow/example_dags/plugins/workday.py
[2022-06-22 01:14:16,508] {processor.py:161} INFO - Processing /root/airflow_env/lib/python3.8/site-packages/airflow/example_dags/plugins/workday.py took 0.011 seconds
[2022-06-22 01:14:57,167] {processor.py:153} INFO - Started process (PID=5447) to work on /root/airflow_env/lib/python3.8/site-packages/airflow/example_dags/plugins/workday.py
[2022-06-22 01:14:57,169] {processor.py:641} INFO - Processing file /root/airflow_env/lib/python3.8/site-packages/airflow/example_dags/plugins/workday.py for tasks to queue
[2022-06-22 01:14:57,169] {logging_mixin.py:115} INFO - [2022-06-22 01:14:57,169] {dagbag.py:507} INFO - Filling up the DagBag from /root/airflow_env/lib/python3.8/site-packages/airflow/example_dags/plugins/workday.py
[2022-06-22 01:14:57,170] {processor.py:653} WARNING - No viable dags retrieved from /root/airflow_env/lib/python3.8/site-packages/airflow/example_dags/plugins/workday.py
[2022-06-22 01:14:57,176] {processor.py:161} INFO - Processing /root/airflow_env/lib/python3.8/site-packages/airflow/example_dags/plugins/workday.py took 0.013 seconds
[2022-06-22 01:15:36,234] {processor.py:153} INFO - Started process (PID=5489) to work on /root/airflow_env/lib/python3.8/site-packages/airflow/example_dags/plugins/workday.py
[2022-06-22 01:15:36,236] {processor.py:641} INFO - Processing file /root/airflow_env/lib/python3.8/site-packages/airflow/example_dags/plugins/workday.py for tasks to queue
[2022-06-22 01:15:36,236] {logging_mixin.py:115} INFO - [2022-06-22 01:15:36,236] {dagbag.py:507} INFO - Filling up the DagBag from /root/airflow_env/lib/python3.8/site-packages/airflow/example_dags/plugins/workday.py
[2022-06-22 01:15:36,237] {processor.py:653} WARNING - No viable dags retrieved from /root/airflow_env/lib/python3.8/site-packages/airflow/example_dags/plugins/workday.py
[2022-06-22 01:15:36,244] {processor.py:161} INFO - Processing /root/airflow_env/lib/python3.8/site-packages/airflow/example_dags/plugins/workday.py took 0.011 seconds
[2022-06-22 01:16:14,708] {processor.py:153} INFO - Started process (PID=5528) to work on /root/airflow_env/lib/python3.8/site-packages/airflow/example_dags/plugins/workday.py
[2022-06-22 01:16:14,709] {processor.py:641} INFO - Processing file /root/airflow_env/lib/python3.8/site-packages/airflow/example_dags/plugins/workday.py for tasks to queue
[2022-06-22 01:16:14,710] {logging_mixin.py:115} INFO - [2022-06-22 01:16:14,709] {dagbag.py:507} INFO - Filling up the DagBag from /root/airflow_env/lib/python3.8/site-packages/airflow/example_dags/plugins/workday.py
[2022-06-22 01:16:14,711] {processor.py:653} WARNING - No viable dags retrieved from /root/airflow_env/lib/python3.8/site-packages/airflow/example_dags/plugins/workday.py
[2022-06-22 01:16:14,718] {processor.py:161} INFO - Processing /root/airflow_env/lib/python3.8/site-packages/airflow/example_dags/plugins/workday.py took 0.011 seconds
[2022-06-22 01:16:57,842] {processor.py:153} INFO - Started process (PID=5574) to work on /root/airflow_env/lib/python3.8/site-packages/airflow/example_dags/plugins/workday.py
[2022-06-22 01:16:57,846] {processor.py:641} INFO - Processing file /root/airflow_env/lib/python3.8/site-packages/airflow/example_dags/plugins/workday.py for tasks to queue
[2022-06-22 01:16:57,846] {logging_mixin.py:115} INFO - [2022-06-22 01:16:57,846] {dagbag.py:507} INFO - Filling up the DagBag from /root/airflow_env/lib/python3.8/site-packages/airflow/example_dags/plugins/workday.py
[2022-06-22 01:16:57,848] {processor.py:653} WARNING - No viable dags retrieved from /root/airflow_env/lib/python3.8/site-packages/airflow/example_dags/plugins/workday.py
[2022-06-22 01:16:57,854] {processor.py:161} INFO - Processing /root/airflow_env/lib/python3.8/site-packages/airflow/example_dags/plugins/workday.py took 0.013 seconds
[2022-06-22 01:17:38,055] {processor.py:153} INFO - Started process (PID=5614) to work on /root/airflow_env/lib/python3.8/site-packages/airflow/example_dags/plugins/workday.py
[2022-06-22 01:17:38,058] {processor.py:641} INFO - Processing file /root/airflow_env/lib/python3.8/site-packages/airflow/example_dags/plugins/workday.py for tasks to queue
[2022-06-22 01:17:38,059] {logging_mixin.py:115} INFO - [2022-06-22 01:17:38,059] {dagbag.py:507} INFO - Filling up the DagBag from /root/airflow_env/lib/python3.8/site-packages/airflow/example_dags/plugins/workday.py
[2022-06-22 01:17:38,060] {processor.py:653} WARNING - No viable dags retrieved from /root/airflow_env/lib/python3.8/site-packages/airflow/example_dags/plugins/workday.py
[2022-06-22 01:17:38,066] {processor.py:161} INFO - Processing /root/airflow_env/lib/python3.8/site-packages/airflow/example_dags/plugins/workday.py took 0.012 seconds
[2022-06-22 01:18:43,156] {processor.py:153} INFO - Started process (PID=5698) to work on /root/airflow_env/lib/python3.8/site-packages/airflow/example_dags/plugins/workday.py
[2022-06-22 01:18:43,158] {processor.py:641} INFO - Processing file /root/airflow_env/lib/python3.8/site-packages/airflow/example_dags/plugins/workday.py for tasks to queue
[2022-06-22 01:18:43,159] {logging_mixin.py:115} INFO - [2022-06-22 01:18:43,159] {dagbag.py:507} INFO - Filling up the DagBag from /root/airflow_env/lib/python3.8/site-packages/airflow/example_dags/plugins/workday.py
[2022-06-22 01:18:43,160] {processor.py:653} WARNING - No viable dags retrieved from /root/airflow_env/lib/python3.8/site-packages/airflow/example_dags/plugins/workday.py
[2022-06-22 01:18:43,167] {processor.py:161} INFO - Processing /root/airflow_env/lib/python3.8/site-packages/airflow/example_dags/plugins/workday.py took 0.014 seconds
[2022-06-22 01:19:26,768] {processor.py:153} INFO - Started process (PID=5760) to work on /root/airflow_env/lib/python3.8/site-packages/airflow/example_dags/plugins/workday.py
[2022-06-22 01:19:26,772] {processor.py:641} INFO - Processing file /root/airflow_env/lib/python3.8/site-packages/airflow/example_dags/plugins/workday.py for tasks to queue
[2022-06-22 01:19:26,772] {logging_mixin.py:115} INFO - [2022-06-22 01:19:26,772] {dagbag.py:507} INFO - Filling up the DagBag from /root/airflow_env/lib/python3.8/site-packages/airflow/example_dags/plugins/workday.py
[2022-06-22 01:19:26,774] {processor.py:653} WARNING - No viable dags retrieved from /root/airflow_env/lib/python3.8/site-packages/airflow/example_dags/plugins/workday.py
[2022-06-22 01:19:26,780] {processor.py:161} INFO - Processing /root/airflow_env/lib/python3.8/site-packages/airflow/example_dags/plugins/workday.py took 0.014 seconds
[2022-06-22 01:20:09,205] {processor.py:153} INFO - Started process (PID=5821) to work on /root/airflow_env/lib/python3.8/site-packages/airflow/example_dags/plugins/workday.py
[2022-06-22 01:20:09,206] {processor.py:641} INFO - Processing file /root/airflow_env/lib/python3.8/site-packages/airflow/example_dags/plugins/workday.py for tasks to queue
[2022-06-22 01:20:09,207] {logging_mixin.py:115} INFO - [2022-06-22 01:20:09,207] {dagbag.py:507} INFO - Filling up the DagBag from /root/airflow_env/lib/python3.8/site-packages/airflow/example_dags/plugins/workday.py
[2022-06-22 01:20:09,208] {processor.py:653} WARNING - No viable dags retrieved from /root/airflow_env/lib/python3.8/site-packages/airflow/example_dags/plugins/workday.py
[2022-06-22 01:20:09,215] {processor.py:161} INFO - Processing /root/airflow_env/lib/python3.8/site-packages/airflow/example_dags/plugins/workday.py took 0.013 seconds
[2022-06-22 01:20:51,465] {processor.py:153} INFO - Started process (PID=5866) to work on /root/airflow_env/lib/python3.8/site-packages/airflow/example_dags/plugins/workday.py
[2022-06-22 01:20:51,466] {processor.py:641} INFO - Processing file /root/airflow_env/lib/python3.8/site-packages/airflow/example_dags/plugins/workday.py for tasks to queue
[2022-06-22 01:20:51,467] {logging_mixin.py:115} INFO - [2022-06-22 01:20:51,467] {dagbag.py:507} INFO - Filling up the DagBag from /root/airflow_env/lib/python3.8/site-packages/airflow/example_dags/plugins/workday.py
[2022-06-22 01:20:51,468] {processor.py:653} WARNING - No viable dags retrieved from /root/airflow_env/lib/python3.8/site-packages/airflow/example_dags/plugins/workday.py
[2022-06-22 01:20:51,473] {processor.py:161} INFO - Processing /root/airflow_env/lib/python3.8/site-packages/airflow/example_dags/plugins/workday.py took 0.010 seconds
[2022-06-22 01:21:31,602] {processor.py:153} INFO - Started process (PID=6815) to work on /root/airflow_env/lib/python3.8/site-packages/airflow/example_dags/plugins/workday.py
[2022-06-22 01:21:31,605] {processor.py:641} INFO - Processing file /root/airflow_env/lib/python3.8/site-packages/airflow/example_dags/plugins/workday.py for tasks to queue
[2022-06-22 01:21:31,605] {logging_mixin.py:115} INFO - [2022-06-22 01:21:31,605] {dagbag.py:507} INFO - Filling up the DagBag from /root/airflow_env/lib/python3.8/site-packages/airflow/example_dags/plugins/workday.py
[2022-06-22 01:21:31,606] {processor.py:653} WARNING - No viable dags retrieved from /root/airflow_env/lib/python3.8/site-packages/airflow/example_dags/plugins/workday.py
[2022-06-22 01:21:31,612] {processor.py:161} INFO - Processing /root/airflow_env/lib/python3.8/site-packages/airflow/example_dags/plugins/workday.py took 0.012 seconds
[2022-06-22 01:22:10,615] {processor.py:153} INFO - Started process (PID=6857) to work on /root/airflow_env/lib/python3.8/site-packages/airflow/example_dags/plugins/workday.py
[2022-06-22 01:22:10,618] {processor.py:641} INFO - Processing file /root/airflow_env/lib/python3.8/site-packages/airflow/example_dags/plugins/workday.py for tasks to queue
[2022-06-22 01:22:10,618] {logging_mixin.py:115} INFO - [2022-06-22 01:22:10,618] {dagbag.py:507} INFO - Filling up the DagBag from /root/airflow_env/lib/python3.8/site-packages/airflow/example_dags/plugins/workday.py
[2022-06-22 01:22:10,619] {processor.py:653} WARNING - No viable dags retrieved from /root/airflow_env/lib/python3.8/site-packages/airflow/example_dags/plugins/workday.py
[2022-06-22 01:22:10,626] {processor.py:161} INFO - Processing /root/airflow_env/lib/python3.8/site-packages/airflow/example_dags/plugins/workday.py took 0.012 seconds
[2022-06-22 01:23:08,965] {processor.py:153} INFO - Started process (PID=6958) to work on /root/airflow_env/lib/python3.8/site-packages/airflow/example_dags/plugins/workday.py
[2022-06-22 01:23:08,967] {processor.py:641} INFO - Processing file /root/airflow_env/lib/python3.8/site-packages/airflow/example_dags/plugins/workday.py for tasks to queue
[2022-06-22 01:23:08,967] {logging_mixin.py:115} INFO - [2022-06-22 01:23:08,967] {dagbag.py:507} INFO - Filling up the DagBag from /root/airflow_env/lib/python3.8/site-packages/airflow/example_dags/plugins/workday.py
[2022-06-22 01:23:08,968] {processor.py:653} WARNING - No viable dags retrieved from /root/airflow_env/lib/python3.8/site-packages/airflow/example_dags/plugins/workday.py
[2022-06-22 01:23:08,975] {processor.py:161} INFO - Processing /root/airflow_env/lib/python3.8/site-packages/airflow/example_dags/plugins/workday.py took 0.014 seconds
[2022-06-22 01:23:49,065] {processor.py:153} INFO - Started process (PID=7000) to work on /root/airflow_env/lib/python3.8/site-packages/airflow/example_dags/plugins/workday.py
[2022-06-22 01:23:49,068] {processor.py:641} INFO - Processing file /root/airflow_env/lib/python3.8/site-packages/airflow/example_dags/plugins/workday.py for tasks to queue
[2022-06-22 01:23:49,069] {logging_mixin.py:115} INFO - [2022-06-22 01:23:49,069] {dagbag.py:507} INFO - Filling up the DagBag from /root/airflow_env/lib/python3.8/site-packages/airflow/example_dags/plugins/workday.py
[2022-06-22 01:23:49,070] {processor.py:653} WARNING - No viable dags retrieved from /root/airflow_env/lib/python3.8/site-packages/airflow/example_dags/plugins/workday.py
[2022-06-22 01:23:49,075] {processor.py:161} INFO - Processing /root/airflow_env/lib/python3.8/site-packages/airflow/example_dags/plugins/workday.py took 0.013 seconds
[2022-06-22 01:24:30,188] {processor.py:153} INFO - Started process (PID=7238) to work on /root/airflow_env/lib/python3.8/site-packages/airflow/example_dags/plugins/workday.py
[2022-06-22 01:24:30,191] {processor.py:641} INFO - Processing file /root/airflow_env/lib/python3.8/site-packages/airflow/example_dags/plugins/workday.py for tasks to queue
[2022-06-22 01:24:30,191] {logging_mixin.py:115} INFO - [2022-06-22 01:24:30,191] {dagbag.py:507} INFO - Filling up the DagBag from /root/airflow_env/lib/python3.8/site-packages/airflow/example_dags/plugins/workday.py
[2022-06-22 01:24:30,192] {processor.py:653} WARNING - No viable dags retrieved from /root/airflow_env/lib/python3.8/site-packages/airflow/example_dags/plugins/workday.py
[2022-06-22 01:24:30,198] {processor.py:161} INFO - Processing /root/airflow_env/lib/python3.8/site-packages/airflow/example_dags/plugins/workday.py took 0.012 seconds
[2022-06-22 01:25:07,761] {processor.py:153} INFO - Started process (PID=7278) to work on /root/airflow_env/lib/python3.8/site-packages/airflow/example_dags/plugins/workday.py
[2022-06-22 01:25:07,764] {processor.py:641} INFO - Processing file /root/airflow_env/lib/python3.8/site-packages/airflow/example_dags/plugins/workday.py for tasks to queue
[2022-06-22 01:25:07,765] {logging_mixin.py:115} INFO - [2022-06-22 01:25:07,765] {dagbag.py:507} INFO - Filling up the DagBag from /root/airflow_env/lib/python3.8/site-packages/airflow/example_dags/plugins/workday.py
[2022-06-22 01:25:07,766] {processor.py:653} WARNING - No viable dags retrieved from /root/airflow_env/lib/python3.8/site-packages/airflow/example_dags/plugins/workday.py
[2022-06-22 01:25:07,773] {processor.py:161} INFO - Processing /root/airflow_env/lib/python3.8/site-packages/airflow/example_dags/plugins/workday.py took 0.017 seconds
[2022-06-22 01:29:08,257] {processor.py:153} INFO - Started process (PID=7380) to work on /root/airflow_env/lib/python3.8/site-packages/airflow/example_dags/plugins/workday.py
[2022-06-22 01:29:08,260] {processor.py:641} INFO - Processing file /root/airflow_env/lib/python3.8/site-packages/airflow/example_dags/plugins/workday.py for tasks to queue
[2022-06-22 01:29:08,261] {logging_mixin.py:115} INFO - [2022-06-22 01:29:08,261] {dagbag.py:507} INFO - Filling up the DagBag from /root/airflow_env/lib/python3.8/site-packages/airflow/example_dags/plugins/workday.py
[2022-06-22 01:29:08,262] {processor.py:653} WARNING - No viable dags retrieved from /root/airflow_env/lib/python3.8/site-packages/airflow/example_dags/plugins/workday.py
[2022-06-22 01:29:08,270] {processor.py:161} INFO - Processing /root/airflow_env/lib/python3.8/site-packages/airflow/example_dags/plugins/workday.py took 0.017 seconds
[2022-06-22 01:29:50,652] {processor.py:153} INFO - Started process (PID=7422) to work on /root/airflow_env/lib/python3.8/site-packages/airflow/example_dags/plugins/workday.py
[2022-06-22 01:29:50,654] {processor.py:641} INFO - Processing file /root/airflow_env/lib/python3.8/site-packages/airflow/example_dags/plugins/workday.py for tasks to queue
[2022-06-22 01:29:50,654] {logging_mixin.py:115} INFO - [2022-06-22 01:29:50,654] {dagbag.py:507} INFO - Filling up the DagBag from /root/airflow_env/lib/python3.8/site-packages/airflow/example_dags/plugins/workday.py
[2022-06-22 01:29:50,655] {processor.py:653} WARNING - No viable dags retrieved from /root/airflow_env/lib/python3.8/site-packages/airflow/example_dags/plugins/workday.py
[2022-06-22 01:29:50,662] {processor.py:161} INFO - Processing /root/airflow_env/lib/python3.8/site-packages/airflow/example_dags/plugins/workday.py took 0.012 seconds
[2022-06-22 01:30:34,625] {processor.py:153} INFO - Started process (PID=7466) to work on /root/airflow_env/lib/python3.8/site-packages/airflow/example_dags/plugins/workday.py
[2022-06-22 01:30:34,626] {processor.py:641} INFO - Processing file /root/airflow_env/lib/python3.8/site-packages/airflow/example_dags/plugins/workday.py for tasks to queue
[2022-06-22 01:30:34,626] {logging_mixin.py:115} INFO - [2022-06-22 01:30:34,626] {dagbag.py:507} INFO - Filling up the DagBag from /root/airflow_env/lib/python3.8/site-packages/airflow/example_dags/plugins/workday.py
[2022-06-22 01:30:34,627] {processor.py:653} WARNING - No viable dags retrieved from /root/airflow_env/lib/python3.8/site-packages/airflow/example_dags/plugins/workday.py
[2022-06-22 01:30:34,635] {processor.py:161} INFO - Processing /root/airflow_env/lib/python3.8/site-packages/airflow/example_dags/plugins/workday.py took 0.013 seconds
[2022-06-22 01:31:18,814] {processor.py:153} INFO - Started process (PID=7512) to work on /root/airflow_env/lib/python3.8/site-packages/airflow/example_dags/plugins/workday.py
[2022-06-22 01:31:18,815] {processor.py:641} INFO - Processing file /root/airflow_env/lib/python3.8/site-packages/airflow/example_dags/plugins/workday.py for tasks to queue
[2022-06-22 01:31:18,815] {logging_mixin.py:115} INFO - [2022-06-22 01:31:18,815] {dagbag.py:507} INFO - Filling up the DagBag from /root/airflow_env/lib/python3.8/site-packages/airflow/example_dags/plugins/workday.py
[2022-06-22 01:31:18,816] {processor.py:653} WARNING - No viable dags retrieved from /root/airflow_env/lib/python3.8/site-packages/airflow/example_dags/plugins/workday.py
[2022-06-22 01:31:18,822] {processor.py:161} INFO - Processing /root/airflow_env/lib/python3.8/site-packages/airflow/example_dags/plugins/workday.py took 0.009 seconds
[2022-06-22 01:31:55,966] {processor.py:153} INFO - Started process (PID=7551) to work on /root/airflow_env/lib/python3.8/site-packages/airflow/example_dags/plugins/workday.py
[2022-06-22 01:31:55,968] {processor.py:641} INFO - Processing file /root/airflow_env/lib/python3.8/site-packages/airflow/example_dags/plugins/workday.py for tasks to queue
[2022-06-22 01:31:55,969] {logging_mixin.py:115} INFO - [2022-06-22 01:31:55,969] {dagbag.py:507} INFO - Filling up the DagBag from /root/airflow_env/lib/python3.8/site-packages/airflow/example_dags/plugins/workday.py
[2022-06-22 01:31:55,970] {processor.py:653} WARNING - No viable dags retrieved from /root/airflow_env/lib/python3.8/site-packages/airflow/example_dags/plugins/workday.py
[2022-06-22 01:31:55,976] {processor.py:161} INFO - Processing /root/airflow_env/lib/python3.8/site-packages/airflow/example_dags/plugins/workday.py took 0.012 seconds
[2022-06-22 01:32:34,340] {processor.py:153} INFO - Started process (PID=7590) to work on /root/airflow_env/lib/python3.8/site-packages/airflow/example_dags/plugins/workday.py
[2022-06-22 01:32:34,342] {processor.py:641} INFO - Processing file /root/airflow_env/lib/python3.8/site-packages/airflow/example_dags/plugins/workday.py for tasks to queue
[2022-06-22 01:32:34,343] {logging_mixin.py:115} INFO - [2022-06-22 01:32:34,342] {dagbag.py:507} INFO - Filling up the DagBag from /root/airflow_env/lib/python3.8/site-packages/airflow/example_dags/plugins/workday.py
[2022-06-22 01:32:34,343] {processor.py:653} WARNING - No viable dags retrieved from /root/airflow_env/lib/python3.8/site-packages/airflow/example_dags/plugins/workday.py
[2022-06-22 01:32:34,351] {processor.py:161} INFO - Processing /root/airflow_env/lib/python3.8/site-packages/airflow/example_dags/plugins/workday.py took 0.014 seconds
[2022-06-22 01:33:12,474] {processor.py:153} INFO - Started process (PID=7637) to work on /root/airflow_env/lib/python3.8/site-packages/airflow/example_dags/plugins/workday.py
[2022-06-22 01:33:12,477] {processor.py:641} INFO - Processing file /root/airflow_env/lib/python3.8/site-packages/airflow/example_dags/plugins/workday.py for tasks to queue
[2022-06-22 01:33:12,477] {logging_mixin.py:115} INFO - [2022-06-22 01:33:12,477] {dagbag.py:507} INFO - Filling up the DagBag from /root/airflow_env/lib/python3.8/site-packages/airflow/example_dags/plugins/workday.py
[2022-06-22 01:33:12,479] {processor.py:653} WARNING - No viable dags retrieved from /root/airflow_env/lib/python3.8/site-packages/airflow/example_dags/plugins/workday.py
[2022-06-22 01:33:12,486] {processor.py:161} INFO - Processing /root/airflow_env/lib/python3.8/site-packages/airflow/example_dags/plugins/workday.py took 0.015 seconds
[2022-06-22 01:33:53,767] {processor.py:153} INFO - Started process (PID=7696) to work on /root/airflow_env/lib/python3.8/site-packages/airflow/example_dags/plugins/workday.py
[2022-06-22 01:33:53,769] {processor.py:641} INFO - Processing file /root/airflow_env/lib/python3.8/site-packages/airflow/example_dags/plugins/workday.py for tasks to queue
[2022-06-22 01:33:53,770] {logging_mixin.py:115} INFO - [2022-06-22 01:33:53,770] {dagbag.py:507} INFO - Filling up the DagBag from /root/airflow_env/lib/python3.8/site-packages/airflow/example_dags/plugins/workday.py
[2022-06-22 01:33:53,771] {processor.py:653} WARNING - No viable dags retrieved from /root/airflow_env/lib/python3.8/site-packages/airflow/example_dags/plugins/workday.py
[2022-06-22 01:33:53,777] {processor.py:161} INFO - Processing /root/airflow_env/lib/python3.8/site-packages/airflow/example_dags/plugins/workday.py took 0.011 seconds
[2022-06-22 01:34:38,008] {processor.py:153} INFO - Started process (PID=7742) to work on /root/airflow_env/lib/python3.8/site-packages/airflow/example_dags/plugins/workday.py
[2022-06-22 01:34:38,010] {processor.py:641} INFO - Processing file /root/airflow_env/lib/python3.8/site-packages/airflow/example_dags/plugins/workday.py for tasks to queue
[2022-06-22 01:34:38,010] {logging_mixin.py:115} INFO - [2022-06-22 01:34:38,010] {dagbag.py:507} INFO - Filling up the DagBag from /root/airflow_env/lib/python3.8/site-packages/airflow/example_dags/plugins/workday.py
[2022-06-22 01:34:38,011] {processor.py:653} WARNING - No viable dags retrieved from /root/airflow_env/lib/python3.8/site-packages/airflow/example_dags/plugins/workday.py
[2022-06-22 01:34:38,017] {processor.py:161} INFO - Processing /root/airflow_env/lib/python3.8/site-packages/airflow/example_dags/plugins/workday.py took 0.010 seconds
[2022-06-22 01:35:47,024] {processor.py:153} INFO - Started process (PID=7847) to work on /root/airflow_env/lib/python3.8/site-packages/airflow/example_dags/plugins/workday.py
[2022-06-22 01:35:47,025] {processor.py:641} INFO - Processing file /root/airflow_env/lib/python3.8/site-packages/airflow/example_dags/plugins/workday.py for tasks to queue
[2022-06-22 01:35:47,025] {logging_mixin.py:115} INFO - [2022-06-22 01:35:47,025] {dagbag.py:507} INFO - Filling up the DagBag from /root/airflow_env/lib/python3.8/site-packages/airflow/example_dags/plugins/workday.py
[2022-06-22 01:35:47,026] {processor.py:653} WARNING - No viable dags retrieved from /root/airflow_env/lib/python3.8/site-packages/airflow/example_dags/plugins/workday.py
[2022-06-22 01:35:47,033] {processor.py:161} INFO - Processing /root/airflow_env/lib/python3.8/site-packages/airflow/example_dags/plugins/workday.py took 0.010 seconds
[2022-06-22 01:36:31,310] {processor.py:153} INFO - Started process (PID=7892) to work on /root/airflow_env/lib/python3.8/site-packages/airflow/example_dags/plugins/workday.py
[2022-06-22 01:36:31,310] {processor.py:641} INFO - Processing file /root/airflow_env/lib/python3.8/site-packages/airflow/example_dags/plugins/workday.py for tasks to queue
[2022-06-22 01:36:31,311] {logging_mixin.py:115} INFO - [2022-06-22 01:36:31,311] {dagbag.py:507} INFO - Filling up the DagBag from /root/airflow_env/lib/python3.8/site-packages/airflow/example_dags/plugins/workday.py
[2022-06-22 01:36:31,312] {processor.py:653} WARNING - No viable dags retrieved from /root/airflow_env/lib/python3.8/site-packages/airflow/example_dags/plugins/workday.py
[2022-06-22 01:36:31,318] {processor.py:161} INFO - Processing /root/airflow_env/lib/python3.8/site-packages/airflow/example_dags/plugins/workday.py took 0.009 seconds
[2022-06-22 01:37:11,226] {processor.py:153} INFO - Started process (PID=7931) to work on /root/airflow_env/lib/python3.8/site-packages/airflow/example_dags/plugins/workday.py
[2022-06-22 01:37:11,229] {processor.py:641} INFO - Processing file /root/airflow_env/lib/python3.8/site-packages/airflow/example_dags/plugins/workday.py for tasks to queue
[2022-06-22 01:37:11,230] {logging_mixin.py:115} INFO - [2022-06-22 01:37:11,230] {dagbag.py:507} INFO - Filling up the DagBag from /root/airflow_env/lib/python3.8/site-packages/airflow/example_dags/plugins/workday.py
[2022-06-22 01:37:11,231] {processor.py:653} WARNING - No viable dags retrieved from /root/airflow_env/lib/python3.8/site-packages/airflow/example_dags/plugins/workday.py
[2022-06-22 01:37:11,237] {processor.py:161} INFO - Processing /root/airflow_env/lib/python3.8/site-packages/airflow/example_dags/plugins/workday.py took 0.013 seconds
[2022-06-22 01:37:48,482] {processor.py:153} INFO - Started process (PID=7972) to work on /root/airflow_env/lib/python3.8/site-packages/airflow/example_dags/plugins/workday.py
[2022-06-22 01:37:48,485] {processor.py:641} INFO - Processing file /root/airflow_env/lib/python3.8/site-packages/airflow/example_dags/plugins/workday.py for tasks to queue
[2022-06-22 01:37:48,485] {logging_mixin.py:115} INFO - [2022-06-22 01:37:48,485] {dagbag.py:507} INFO - Filling up the DagBag from /root/airflow_env/lib/python3.8/site-packages/airflow/example_dags/plugins/workday.py
[2022-06-22 01:37:48,487] {processor.py:653} WARNING - No viable dags retrieved from /root/airflow_env/lib/python3.8/site-packages/airflow/example_dags/plugins/workday.py
[2022-06-22 01:37:48,493] {processor.py:161} INFO - Processing /root/airflow_env/lib/python3.8/site-packages/airflow/example_dags/plugins/workday.py took 0.016 seconds
[2022-06-22 01:38:29,925] {processor.py:153} INFO - Started process (PID=8014) to work on /root/airflow_env/lib/python3.8/site-packages/airflow/example_dags/plugins/workday.py
[2022-06-22 01:38:29,928] {processor.py:641} INFO - Processing file /root/airflow_env/lib/python3.8/site-packages/airflow/example_dags/plugins/workday.py for tasks to queue
[2022-06-22 01:38:29,928] {logging_mixin.py:115} INFO - [2022-06-22 01:38:29,928] {dagbag.py:507} INFO - Filling up the DagBag from /root/airflow_env/lib/python3.8/site-packages/airflow/example_dags/plugins/workday.py
[2022-06-22 01:38:29,929] {processor.py:653} WARNING - No viable dags retrieved from /root/airflow_env/lib/python3.8/site-packages/airflow/example_dags/plugins/workday.py
[2022-06-22 01:38:29,936] {processor.py:161} INFO - Processing /root/airflow_env/lib/python3.8/site-packages/airflow/example_dags/plugins/workday.py took 0.014 seconds
[2022-06-22 01:39:09,170] {processor.py:153} INFO - Started process (PID=8053) to work on /root/airflow_env/lib/python3.8/site-packages/airflow/example_dags/plugins/workday.py
[2022-06-22 01:39:09,173] {processor.py:641} INFO - Processing file /root/airflow_env/lib/python3.8/site-packages/airflow/example_dags/plugins/workday.py for tasks to queue
[2022-06-22 01:39:09,173] {logging_mixin.py:115} INFO - [2022-06-22 01:39:09,173] {dagbag.py:507} INFO - Filling up the DagBag from /root/airflow_env/lib/python3.8/site-packages/airflow/example_dags/plugins/workday.py
[2022-06-22 01:39:09,175] {processor.py:653} WARNING - No viable dags retrieved from /root/airflow_env/lib/python3.8/site-packages/airflow/example_dags/plugins/workday.py
[2022-06-22 01:39:09,183] {processor.py:161} INFO - Processing /root/airflow_env/lib/python3.8/site-packages/airflow/example_dags/plugins/workday.py took 0.015 seconds
[2022-06-22 01:39:46,308] {processor.py:153} INFO - Started process (PID=8092) to work on /root/airflow_env/lib/python3.8/site-packages/airflow/example_dags/plugins/workday.py
[2022-06-22 01:39:46,311] {processor.py:641} INFO - Processing file /root/airflow_env/lib/python3.8/site-packages/airflow/example_dags/plugins/workday.py for tasks to queue
[2022-06-22 01:39:46,311] {logging_mixin.py:115} INFO - [2022-06-22 01:39:46,311] {dagbag.py:507} INFO - Filling up the DagBag from /root/airflow_env/lib/python3.8/site-packages/airflow/example_dags/plugins/workday.py
[2022-06-22 01:39:46,312] {processor.py:653} WARNING - No viable dags retrieved from /root/airflow_env/lib/python3.8/site-packages/airflow/example_dags/plugins/workday.py
[2022-06-22 01:39:46,318] {processor.py:161} INFO - Processing /root/airflow_env/lib/python3.8/site-packages/airflow/example_dags/plugins/workday.py took 0.012 seconds
[2022-06-22 01:40:26,797] {processor.py:153} INFO - Started process (PID=8133) to work on /root/airflow_env/lib/python3.8/site-packages/airflow/example_dags/plugins/workday.py
[2022-06-22 01:40:26,799] {processor.py:641} INFO - Processing file /root/airflow_env/lib/python3.8/site-packages/airflow/example_dags/plugins/workday.py for tasks to queue
[2022-06-22 01:40:26,800] {logging_mixin.py:115} INFO - [2022-06-22 01:40:26,800] {dagbag.py:507} INFO - Filling up the DagBag from /root/airflow_env/lib/python3.8/site-packages/airflow/example_dags/plugins/workday.py
[2022-06-22 01:40:26,801] {processor.py:653} WARNING - No viable dags retrieved from /root/airflow_env/lib/python3.8/site-packages/airflow/example_dags/plugins/workday.py
[2022-06-22 01:40:26,808] {processor.py:161} INFO - Processing /root/airflow_env/lib/python3.8/site-packages/airflow/example_dags/plugins/workday.py took 0.014 seconds
[2022-06-22 01:41:10,880] {processor.py:153} INFO - Started process (PID=8178) to work on /root/airflow_env/lib/python3.8/site-packages/airflow/example_dags/plugins/workday.py
[2022-06-22 01:41:10,882] {processor.py:641} INFO - Processing file /root/airflow_env/lib/python3.8/site-packages/airflow/example_dags/plugins/workday.py for tasks to queue
[2022-06-22 01:41:10,883] {logging_mixin.py:115} INFO - [2022-06-22 01:41:10,883] {dagbag.py:507} INFO - Filling up the DagBag from /root/airflow_env/lib/python3.8/site-packages/airflow/example_dags/plugins/workday.py
[2022-06-22 01:41:10,884] {processor.py:653} WARNING - No viable dags retrieved from /root/airflow_env/lib/python3.8/site-packages/airflow/example_dags/plugins/workday.py
[2022-06-22 01:41:10,892] {processor.py:161} INFO - Processing /root/airflow_env/lib/python3.8/site-packages/airflow/example_dags/plugins/workday.py took 0.016 seconds
[2022-06-22 01:41:56,340] {processor.py:153} INFO - Started process (PID=8224) to work on /root/airflow_env/lib/python3.8/site-packages/airflow/example_dags/plugins/workday.py
[2022-06-22 01:41:56,343] {processor.py:641} INFO - Processing file /root/airflow_env/lib/python3.8/site-packages/airflow/example_dags/plugins/workday.py for tasks to queue
[2022-06-22 01:41:56,343] {logging_mixin.py:115} INFO - [2022-06-22 01:41:56,343] {dagbag.py:507} INFO - Filling up the DagBag from /root/airflow_env/lib/python3.8/site-packages/airflow/example_dags/plugins/workday.py
[2022-06-22 01:41:56,344] {processor.py:653} WARNING - No viable dags retrieved from /root/airflow_env/lib/python3.8/site-packages/airflow/example_dags/plugins/workday.py
[2022-06-22 01:41:56,350] {processor.py:161} INFO - Processing /root/airflow_env/lib/python3.8/site-packages/airflow/example_dags/plugins/workday.py took 0.011 seconds
[2022-06-22 01:42:35,615] {processor.py:153} INFO - Started process (PID=8265) to work on /root/airflow_env/lib/python3.8/site-packages/airflow/example_dags/plugins/workday.py
[2022-06-22 01:42:35,617] {processor.py:641} INFO - Processing file /root/airflow_env/lib/python3.8/site-packages/airflow/example_dags/plugins/workday.py for tasks to queue
[2022-06-22 01:42:35,618] {logging_mixin.py:115} INFO - [2022-06-22 01:42:35,618] {dagbag.py:507} INFO - Filling up the DagBag from /root/airflow_env/lib/python3.8/site-packages/airflow/example_dags/plugins/workday.py
[2022-06-22 01:42:35,619] {processor.py:653} WARNING - No viable dags retrieved from /root/airflow_env/lib/python3.8/site-packages/airflow/example_dags/plugins/workday.py
[2022-06-22 01:42:35,627] {processor.py:161} INFO - Processing /root/airflow_env/lib/python3.8/site-packages/airflow/example_dags/plugins/workday.py took 0.013 seconds
[2022-06-22 01:43:19,263] {processor.py:153} INFO - Started process (PID=8310) to work on /root/airflow_env/lib/python3.8/site-packages/airflow/example_dags/plugins/workday.py
[2022-06-22 01:43:19,266] {processor.py:641} INFO - Processing file /root/airflow_env/lib/python3.8/site-packages/airflow/example_dags/plugins/workday.py for tasks to queue
[2022-06-22 01:43:19,267] {logging_mixin.py:115} INFO - [2022-06-22 01:43:19,267] {dagbag.py:507} INFO - Filling up the DagBag from /root/airflow_env/lib/python3.8/site-packages/airflow/example_dags/plugins/workday.py
[2022-06-22 01:43:19,268] {processor.py:653} WARNING - No viable dags retrieved from /root/airflow_env/lib/python3.8/site-packages/airflow/example_dags/plugins/workday.py
[2022-06-22 01:43:19,275] {processor.py:161} INFO - Processing /root/airflow_env/lib/python3.8/site-packages/airflow/example_dags/plugins/workday.py took 0.015 seconds
[2022-06-22 01:44:32,188] {processor.py:153} INFO - Started process (PID=8413) to work on /root/airflow_env/lib/python3.8/site-packages/airflow/example_dags/plugins/workday.py
[2022-06-22 01:44:32,189] {processor.py:641} INFO - Processing file /root/airflow_env/lib/python3.8/site-packages/airflow/example_dags/plugins/workday.py for tasks to queue
[2022-06-22 01:44:32,189] {logging_mixin.py:115} INFO - [2022-06-22 01:44:32,189] {dagbag.py:507} INFO - Filling up the DagBag from /root/airflow_env/lib/python3.8/site-packages/airflow/example_dags/plugins/workday.py
[2022-06-22 01:44:32,190] {processor.py:653} WARNING - No viable dags retrieved from /root/airflow_env/lib/python3.8/site-packages/airflow/example_dags/plugins/workday.py
[2022-06-22 01:44:32,197] {processor.py:161} INFO - Processing /root/airflow_env/lib/python3.8/site-packages/airflow/example_dags/plugins/workday.py took 0.011 seconds
[2022-06-22 01:45:15,808] {processor.py:153} INFO - Started process (PID=8473) to work on /root/airflow_env/lib/python3.8/site-packages/airflow/example_dags/plugins/workday.py
[2022-06-22 01:45:15,811] {processor.py:641} INFO - Processing file /root/airflow_env/lib/python3.8/site-packages/airflow/example_dags/plugins/workday.py for tasks to queue
[2022-06-22 01:45:15,812] {logging_mixin.py:115} INFO - [2022-06-22 01:45:15,811] {dagbag.py:507} INFO - Filling up the DagBag from /root/airflow_env/lib/python3.8/site-packages/airflow/example_dags/plugins/workday.py
[2022-06-22 01:45:15,813] {processor.py:653} WARNING - No viable dags retrieved from /root/airflow_env/lib/python3.8/site-packages/airflow/example_dags/plugins/workday.py
[2022-06-22 01:45:15,819] {processor.py:161} INFO - Processing /root/airflow_env/lib/python3.8/site-packages/airflow/example_dags/plugins/workday.py took 0.012 seconds
[2022-06-22 01:45:54,247] {processor.py:153} INFO - Started process (PID=8513) to work on /root/airflow_env/lib/python3.8/site-packages/airflow/example_dags/plugins/workday.py
[2022-06-22 01:45:54,248] {processor.py:641} INFO - Processing file /root/airflow_env/lib/python3.8/site-packages/airflow/example_dags/plugins/workday.py for tasks to queue
[2022-06-22 01:45:54,249] {logging_mixin.py:115} INFO - [2022-06-22 01:45:54,249] {dagbag.py:507} INFO - Filling up the DagBag from /root/airflow_env/lib/python3.8/site-packages/airflow/example_dags/plugins/workday.py
[2022-06-22 01:45:54,250] {processor.py:653} WARNING - No viable dags retrieved from /root/airflow_env/lib/python3.8/site-packages/airflow/example_dags/plugins/workday.py
[2022-06-22 01:45:54,256] {processor.py:161} INFO - Processing /root/airflow_env/lib/python3.8/site-packages/airflow/example_dags/plugins/workday.py took 0.012 seconds
[2022-06-22 01:46:33,645] {processor.py:153} INFO - Started process (PID=8553) to work on /root/airflow_env/lib/python3.8/site-packages/airflow/example_dags/plugins/workday.py
[2022-06-22 01:46:33,647] {processor.py:641} INFO - Processing file /root/airflow_env/lib/python3.8/site-packages/airflow/example_dags/plugins/workday.py for tasks to queue
[2022-06-22 01:46:33,648] {logging_mixin.py:115} INFO - [2022-06-22 01:46:33,647] {dagbag.py:507} INFO - Filling up the DagBag from /root/airflow_env/lib/python3.8/site-packages/airflow/example_dags/plugins/workday.py
[2022-06-22 01:46:33,649] {processor.py:653} WARNING - No viable dags retrieved from /root/airflow_env/lib/python3.8/site-packages/airflow/example_dags/plugins/workday.py
[2022-06-22 01:46:33,654] {processor.py:161} INFO - Processing /root/airflow_env/lib/python3.8/site-packages/airflow/example_dags/plugins/workday.py took 0.011 seconds
[2022-06-22 01:47:15,563] {processor.py:153} INFO - Started process (PID=8596) to work on /root/airflow_env/lib/python3.8/site-packages/airflow/example_dags/plugins/workday.py
[2022-06-22 01:47:15,566] {processor.py:641} INFO - Processing file /root/airflow_env/lib/python3.8/site-packages/airflow/example_dags/plugins/workday.py for tasks to queue
[2022-06-22 01:47:15,567] {logging_mixin.py:115} INFO - [2022-06-22 01:47:15,567] {dagbag.py:507} INFO - Filling up the DagBag from /root/airflow_env/lib/python3.8/site-packages/airflow/example_dags/plugins/workday.py
[2022-06-22 01:47:15,568] {processor.py:653} WARNING - No viable dags retrieved from /root/airflow_env/lib/python3.8/site-packages/airflow/example_dags/plugins/workday.py
[2022-06-22 01:47:15,574] {processor.py:161} INFO - Processing /root/airflow_env/lib/python3.8/site-packages/airflow/example_dags/plugins/workday.py took 0.013 seconds
[2022-06-22 01:47:54,834] {processor.py:153} INFO - Started process (PID=8636) to work on /root/airflow_env/lib/python3.8/site-packages/airflow/example_dags/plugins/workday.py
[2022-06-22 01:47:54,835] {processor.py:641} INFO - Processing file /root/airflow_env/lib/python3.8/site-packages/airflow/example_dags/plugins/workday.py for tasks to queue
[2022-06-22 01:47:54,835] {logging_mixin.py:115} INFO - [2022-06-22 01:47:54,835] {dagbag.py:507} INFO - Filling up the DagBag from /root/airflow_env/lib/python3.8/site-packages/airflow/example_dags/plugins/workday.py
[2022-06-22 01:47:54,837] {processor.py:653} WARNING - No viable dags retrieved from /root/airflow_env/lib/python3.8/site-packages/airflow/example_dags/plugins/workday.py
[2022-06-22 01:47:54,842] {processor.py:161} INFO - Processing /root/airflow_env/lib/python3.8/site-packages/airflow/example_dags/plugins/workday.py took 0.010 seconds
[2022-06-22 01:48:34,538] {processor.py:153} INFO - Started process (PID=8684) to work on /root/airflow_env/lib/python3.8/site-packages/airflow/example_dags/plugins/workday.py
[2022-06-22 01:48:34,539] {processor.py:641} INFO - Processing file /root/airflow_env/lib/python3.8/site-packages/airflow/example_dags/plugins/workday.py for tasks to queue
[2022-06-22 01:48:34,539] {logging_mixin.py:115} INFO - [2022-06-22 01:48:34,539] {dagbag.py:507} INFO - Filling up the DagBag from /root/airflow_env/lib/python3.8/site-packages/airflow/example_dags/plugins/workday.py
[2022-06-22 01:48:34,540] {processor.py:653} WARNING - No viable dags retrieved from /root/airflow_env/lib/python3.8/site-packages/airflow/example_dags/plugins/workday.py
[2022-06-22 01:48:34,547] {processor.py:161} INFO - Processing /root/airflow_env/lib/python3.8/site-packages/airflow/example_dags/plugins/workday.py took 0.010 seconds
[2022-06-22 01:49:11,888] {processor.py:153} INFO - Started process (PID=8727) to work on /root/airflow_env/lib/python3.8/site-packages/airflow/example_dags/plugins/workday.py
[2022-06-22 01:49:11,890] {processor.py:641} INFO - Processing file /root/airflow_env/lib/python3.8/site-packages/airflow/example_dags/plugins/workday.py for tasks to queue
[2022-06-22 01:49:11,890] {logging_mixin.py:115} INFO - [2022-06-22 01:49:11,890] {dagbag.py:507} INFO - Filling up the DagBag from /root/airflow_env/lib/python3.8/site-packages/airflow/example_dags/plugins/workday.py
[2022-06-22 01:49:11,891] {processor.py:653} WARNING - No viable dags retrieved from /root/airflow_env/lib/python3.8/site-packages/airflow/example_dags/plugins/workday.py
[2022-06-22 01:49:11,899] {processor.py:161} INFO - Processing /root/airflow_env/lib/python3.8/site-packages/airflow/example_dags/plugins/workday.py took 0.012 seconds
[2022-06-22 01:49:51,955] {processor.py:153} INFO - Started process (PID=8767) to work on /root/airflow_env/lib/python3.8/site-packages/airflow/example_dags/plugins/workday.py
[2022-06-22 01:49:51,956] {processor.py:641} INFO - Processing file /root/airflow_env/lib/python3.8/site-packages/airflow/example_dags/plugins/workday.py for tasks to queue
[2022-06-22 01:49:51,956] {logging_mixin.py:115} INFO - [2022-06-22 01:49:51,956] {dagbag.py:507} INFO - Filling up the DagBag from /root/airflow_env/lib/python3.8/site-packages/airflow/example_dags/plugins/workday.py
[2022-06-22 01:49:51,957] {processor.py:653} WARNING - No viable dags retrieved from /root/airflow_env/lib/python3.8/site-packages/airflow/example_dags/plugins/workday.py
[2022-06-22 01:49:51,964] {processor.py:161} INFO - Processing /root/airflow_env/lib/python3.8/site-packages/airflow/example_dags/plugins/workday.py took 0.012 seconds
[2022-06-22 01:50:40,132] {processor.py:153} INFO - Started process (PID=8830) to work on /root/airflow_env/lib/python3.8/site-packages/airflow/example_dags/plugins/workday.py
[2022-06-22 01:50:40,135] {processor.py:641} INFO - Processing file /root/airflow_env/lib/python3.8/site-packages/airflow/example_dags/plugins/workday.py for tasks to queue
[2022-06-22 01:50:40,135] {logging_mixin.py:115} INFO - [2022-06-22 01:50:40,135] {dagbag.py:507} INFO - Filling up the DagBag from /root/airflow_env/lib/python3.8/site-packages/airflow/example_dags/plugins/workday.py
[2022-06-22 01:50:40,136] {processor.py:653} WARNING - No viable dags retrieved from /root/airflow_env/lib/python3.8/site-packages/airflow/example_dags/plugins/workday.py
[2022-06-22 01:50:40,143] {processor.py:161} INFO - Processing /root/airflow_env/lib/python3.8/site-packages/airflow/example_dags/plugins/workday.py took 0.013 seconds
[2022-06-22 01:51:22,606] {processor.py:153} INFO - Started process (PID=8872) to work on /root/airflow_env/lib/python3.8/site-packages/airflow/example_dags/plugins/workday.py
[2022-06-22 01:51:22,608] {processor.py:641} INFO - Processing file /root/airflow_env/lib/python3.8/site-packages/airflow/example_dags/plugins/workday.py for tasks to queue
[2022-06-22 01:51:22,609] {logging_mixin.py:115} INFO - [2022-06-22 01:51:22,609] {dagbag.py:507} INFO - Filling up the DagBag from /root/airflow_env/lib/python3.8/site-packages/airflow/example_dags/plugins/workday.py
[2022-06-22 01:51:22,610] {processor.py:653} WARNING - No viable dags retrieved from /root/airflow_env/lib/python3.8/site-packages/airflow/example_dags/plugins/workday.py
[2022-06-22 01:51:22,616] {processor.py:161} INFO - Processing /root/airflow_env/lib/python3.8/site-packages/airflow/example_dags/plugins/workday.py took 0.012 seconds
[2022-06-22 01:52:06,300] {processor.py:153} INFO - Started process (PID=8918) to work on /root/airflow_env/lib/python3.8/site-packages/airflow/example_dags/plugins/workday.py
[2022-06-22 01:52:06,304] {processor.py:641} INFO - Processing file /root/airflow_env/lib/python3.8/site-packages/airflow/example_dags/plugins/workday.py for tasks to queue
[2022-06-22 01:52:06,304] {logging_mixin.py:115} INFO - [2022-06-22 01:52:06,304] {dagbag.py:507} INFO - Filling up the DagBag from /root/airflow_env/lib/python3.8/site-packages/airflow/example_dags/plugins/workday.py
[2022-06-22 01:52:06,305] {processor.py:653} WARNING - No viable dags retrieved from /root/airflow_env/lib/python3.8/site-packages/airflow/example_dags/plugins/workday.py
[2022-06-22 01:52:06,312] {processor.py:161} INFO - Processing /root/airflow_env/lib/python3.8/site-packages/airflow/example_dags/plugins/workday.py took 0.013 seconds
[2022-06-22 01:52:45,344] {processor.py:153} INFO - Started process (PID=8957) to work on /root/airflow_env/lib/python3.8/site-packages/airflow/example_dags/plugins/workday.py
[2022-06-22 01:52:45,347] {processor.py:641} INFO - Processing file /root/airflow_env/lib/python3.8/site-packages/airflow/example_dags/plugins/workday.py for tasks to queue
[2022-06-22 01:52:45,347] {logging_mixin.py:115} INFO - [2022-06-22 01:52:45,347] {dagbag.py:507} INFO - Filling up the DagBag from /root/airflow_env/lib/python3.8/site-packages/airflow/example_dags/plugins/workday.py
[2022-06-22 01:52:45,348] {processor.py:653} WARNING - No viable dags retrieved from /root/airflow_env/lib/python3.8/site-packages/airflow/example_dags/plugins/workday.py
[2022-06-22 01:52:45,354] {processor.py:161} INFO - Processing /root/airflow_env/lib/python3.8/site-packages/airflow/example_dags/plugins/workday.py took 0.013 seconds
[2022-06-22 01:53:22,547] {processor.py:153} INFO - Started process (PID=8996) to work on /root/airflow_env/lib/python3.8/site-packages/airflow/example_dags/plugins/workday.py
[2022-06-22 01:53:22,549] {processor.py:641} INFO - Processing file /root/airflow_env/lib/python3.8/site-packages/airflow/example_dags/plugins/workday.py for tasks to queue
[2022-06-22 01:53:22,549] {logging_mixin.py:115} INFO - [2022-06-22 01:53:22,549] {dagbag.py:507} INFO - Filling up the DagBag from /root/airflow_env/lib/python3.8/site-packages/airflow/example_dags/plugins/workday.py
[2022-06-22 01:53:22,550] {processor.py:653} WARNING - No viable dags retrieved from /root/airflow_env/lib/python3.8/site-packages/airflow/example_dags/plugins/workday.py
[2022-06-22 01:53:22,558] {processor.py:161} INFO - Processing /root/airflow_env/lib/python3.8/site-packages/airflow/example_dags/plugins/workday.py took 0.013 seconds
[2022-06-22 01:54:00,421] {processor.py:153} INFO - Started process (PID=9035) to work on /root/airflow_env/lib/python3.8/site-packages/airflow/example_dags/plugins/workday.py
[2022-06-22 01:54:00,423] {processor.py:641} INFO - Processing file /root/airflow_env/lib/python3.8/site-packages/airflow/example_dags/plugins/workday.py for tasks to queue
[2022-06-22 01:54:00,423] {logging_mixin.py:115} INFO - [2022-06-22 01:54:00,423] {dagbag.py:507} INFO - Filling up the DagBag from /root/airflow_env/lib/python3.8/site-packages/airflow/example_dags/plugins/workday.py
[2022-06-22 01:54:00,425] {processor.py:653} WARNING - No viable dags retrieved from /root/airflow_env/lib/python3.8/site-packages/airflow/example_dags/plugins/workday.py
[2022-06-22 01:54:00,432] {processor.py:161} INFO - Processing /root/airflow_env/lib/python3.8/site-packages/airflow/example_dags/plugins/workday.py took 0.014 seconds
[2022-06-22 01:54:37,710] {processor.py:153} INFO - Started process (PID=9074) to work on /root/airflow_env/lib/python3.8/site-packages/airflow/example_dags/plugins/workday.py
[2022-06-22 01:54:37,713] {processor.py:641} INFO - Processing file /root/airflow_env/lib/python3.8/site-packages/airflow/example_dags/plugins/workday.py for tasks to queue
[2022-06-22 01:54:37,714] {logging_mixin.py:115} INFO - [2022-06-22 01:54:37,714] {dagbag.py:507} INFO - Filling up the DagBag from /root/airflow_env/lib/python3.8/site-packages/airflow/example_dags/plugins/workday.py
[2022-06-22 01:54:37,715] {processor.py:653} WARNING - No viable dags retrieved from /root/airflow_env/lib/python3.8/site-packages/airflow/example_dags/plugins/workday.py
[2022-06-22 01:54:37,722] {processor.py:161} INFO - Processing /root/airflow_env/lib/python3.8/site-packages/airflow/example_dags/plugins/workday.py took 0.016 seconds
[2022-06-22 01:55:17,745] {processor.py:153} INFO - Started process (PID=9115) to work on /root/airflow_env/lib/python3.8/site-packages/airflow/example_dags/plugins/workday.py
[2022-06-22 01:55:17,746] {processor.py:641} INFO - Processing file /root/airflow_env/lib/python3.8/site-packages/airflow/example_dags/plugins/workday.py for tasks to queue
[2022-06-22 01:55:17,746] {logging_mixin.py:115} INFO - [2022-06-22 01:55:17,746] {dagbag.py:507} INFO - Filling up the DagBag from /root/airflow_env/lib/python3.8/site-packages/airflow/example_dags/plugins/workday.py
[2022-06-22 01:55:17,747] {processor.py:653} WARNING - No viable dags retrieved from /root/airflow_env/lib/python3.8/site-packages/airflow/example_dags/plugins/workday.py
[2022-06-22 01:55:17,753] {processor.py:161} INFO - Processing /root/airflow_env/lib/python3.8/site-packages/airflow/example_dags/plugins/workday.py took 0.012 seconds
[2022-06-22 01:56:02,106] {processor.py:153} INFO - Started process (PID=9161) to work on /root/airflow_env/lib/python3.8/site-packages/airflow/example_dags/plugins/workday.py
[2022-06-22 01:56:02,107] {processor.py:641} INFO - Processing file /root/airflow_env/lib/python3.8/site-packages/airflow/example_dags/plugins/workday.py for tasks to queue
[2022-06-22 01:56:02,107] {logging_mixin.py:115} INFO - [2022-06-22 01:56:02,107] {dagbag.py:507} INFO - Filling up the DagBag from /root/airflow_env/lib/python3.8/site-packages/airflow/example_dags/plugins/workday.py
[2022-06-22 01:56:02,108] {processor.py:653} WARNING - No viable dags retrieved from /root/airflow_env/lib/python3.8/site-packages/airflow/example_dags/plugins/workday.py
[2022-06-22 01:56:02,114] {processor.py:161} INFO - Processing /root/airflow_env/lib/python3.8/site-packages/airflow/example_dags/plugins/workday.py took 0.010 seconds
[2022-06-22 01:56:41,694] {processor.py:153} INFO - Started process (PID=9201) to work on /root/airflow_env/lib/python3.8/site-packages/airflow/example_dags/plugins/workday.py
[2022-06-22 01:56:41,695] {processor.py:641} INFO - Processing file /root/airflow_env/lib/python3.8/site-packages/airflow/example_dags/plugins/workday.py for tasks to queue
[2022-06-22 01:56:41,695] {logging_mixin.py:115} INFO - [2022-06-22 01:56:41,695] {dagbag.py:507} INFO - Filling up the DagBag from /root/airflow_env/lib/python3.8/site-packages/airflow/example_dags/plugins/workday.py
[2022-06-22 01:56:41,697] {processor.py:653} WARNING - No viable dags retrieved from /root/airflow_env/lib/python3.8/site-packages/airflow/example_dags/plugins/workday.py
[2022-06-22 01:56:41,703] {processor.py:161} INFO - Processing /root/airflow_env/lib/python3.8/site-packages/airflow/example_dags/plugins/workday.py took 0.011 seconds
[2022-06-22 01:57:20,661] {processor.py:153} INFO - Started process (PID=9242) to work on /root/airflow_env/lib/python3.8/site-packages/airflow/example_dags/plugins/workday.py
[2022-06-22 01:57:20,663] {processor.py:641} INFO - Processing file /root/airflow_env/lib/python3.8/site-packages/airflow/example_dags/plugins/workday.py for tasks to queue
[2022-06-22 01:57:20,663] {logging_mixin.py:115} INFO - [2022-06-22 01:57:20,663] {dagbag.py:507} INFO - Filling up the DagBag from /root/airflow_env/lib/python3.8/site-packages/airflow/example_dags/plugins/workday.py
[2022-06-22 01:57:20,664] {processor.py:653} WARNING - No viable dags retrieved from /root/airflow_env/lib/python3.8/site-packages/airflow/example_dags/plugins/workday.py
[2022-06-22 01:57:20,671] {processor.py:161} INFO - Processing /root/airflow_env/lib/python3.8/site-packages/airflow/example_dags/plugins/workday.py took 0.012 seconds
[2022-06-22 01:58:02,716] {processor.py:153} INFO - Started process (PID=9287) to work on /root/airflow_env/lib/python3.8/site-packages/airflow/example_dags/plugins/workday.py
[2022-06-22 01:58:02,718] {processor.py:641} INFO - Processing file /root/airflow_env/lib/python3.8/site-packages/airflow/example_dags/plugins/workday.py for tasks to queue
[2022-06-22 01:58:02,718] {logging_mixin.py:115} INFO - [2022-06-22 01:58:02,718] {dagbag.py:507} INFO - Filling up the DagBag from /root/airflow_env/lib/python3.8/site-packages/airflow/example_dags/plugins/workday.py
[2022-06-22 01:58:02,719] {processor.py:653} WARNING - No viable dags retrieved from /root/airflow_env/lib/python3.8/site-packages/airflow/example_dags/plugins/workday.py
[2022-06-22 01:58:02,725] {processor.py:161} INFO - Processing /root/airflow_env/lib/python3.8/site-packages/airflow/example_dags/plugins/workday.py took 0.012 seconds
[2022-06-22 01:58:40,609] {processor.py:153} INFO - Started process (PID=9326) to work on /root/airflow_env/lib/python3.8/site-packages/airflow/example_dags/plugins/workday.py
[2022-06-22 01:58:40,609] {processor.py:641} INFO - Processing file /root/airflow_env/lib/python3.8/site-packages/airflow/example_dags/plugins/workday.py for tasks to queue
[2022-06-22 01:58:40,610] {logging_mixin.py:115} INFO - [2022-06-22 01:58:40,610] {dagbag.py:507} INFO - Filling up the DagBag from /root/airflow_env/lib/python3.8/site-packages/airflow/example_dags/plugins/workday.py
[2022-06-22 01:58:40,611] {processor.py:653} WARNING - No viable dags retrieved from /root/airflow_env/lib/python3.8/site-packages/airflow/example_dags/plugins/workday.py
[2022-06-22 01:58:40,617] {processor.py:161} INFO - Processing /root/airflow_env/lib/python3.8/site-packages/airflow/example_dags/plugins/workday.py took 0.010 seconds
[2022-06-22 01:59:24,757] {processor.py:153} INFO - Started process (PID=9372) to work on /root/airflow_env/lib/python3.8/site-packages/airflow/example_dags/plugins/workday.py
[2022-06-22 01:59:24,759] {processor.py:641} INFO - Processing file /root/airflow_env/lib/python3.8/site-packages/airflow/example_dags/plugins/workday.py for tasks to queue
[2022-06-22 01:59:24,760] {logging_mixin.py:115} INFO - [2022-06-22 01:59:24,760] {dagbag.py:507} INFO - Filling up the DagBag from /root/airflow_env/lib/python3.8/site-packages/airflow/example_dags/plugins/workday.py
[2022-06-22 01:59:24,761] {processor.py:653} WARNING - No viable dags retrieved from /root/airflow_env/lib/python3.8/site-packages/airflow/example_dags/plugins/workday.py
[2022-06-22 01:59:24,769] {processor.py:161} INFO - Processing /root/airflow_env/lib/python3.8/site-packages/airflow/example_dags/plugins/workday.py took 0.014 seconds
