[2022-06-28 17:43:55,294] {taskinstance.py:1159} INFO - Dependencies all met for <TaskInstance: my_dag.is_api_active scheduled__2022-06-27T00:00:00+00:00 [queued]>
[2022-06-28 17:43:55,303] {taskinstance.py:1159} INFO - Dependencies all met for <TaskInstance: my_dag.is_api_active scheduled__2022-06-27T00:00:00+00:00 [queued]>
[2022-06-28 17:43:55,303] {taskinstance.py:1356} INFO - 
--------------------------------------------------------------------------------
[2022-06-28 17:43:55,303] {taskinstance.py:1357} INFO - Starting attempt 1 of 1
[2022-06-28 17:43:55,303] {taskinstance.py:1358} INFO - 
--------------------------------------------------------------------------------
[2022-06-28 17:43:55,331] {taskinstance.py:1377} INFO - Executing <Task(HttpSensor): is_api_active> on 2022-06-27 00:00:00+00:00
[2022-06-28 17:43:55,337] {standard_task_runner.py:52} INFO - Started process 9629 to run task
[2022-06-28 17:43:55,356] {standard_task_runner.py:79} INFO - Running: ['airflow', 'tasks', 'run', 'my_dag', 'is_api_active', 'scheduled__2022-06-27T00:00:00+00:00', '--job-id', '36', '--raw', '--subdir', 'DAGS_FOLDER/CarPriceDag.py', '--cfg-path', '/tmp/tmp6kvfa_um', '--error-file', '/tmp/tmpmb8vxtg0']
[2022-06-28 17:43:55,357] {standard_task_runner.py:80} INFO - Job 36: Subtask is_api_active
[2022-06-28 17:43:55,511] {task_command.py:369} INFO - Running <TaskInstance: my_dag.is_api_active scheduled__2022-06-27T00:00:00+00:00 [running]> on host DESKTOP-9B44JSS.localdomain
[2022-06-28 17:43:55,953] {taskinstance.py:1569} INFO - Exporting the following env vars:
AIRFLOW_CTX_DAG_OWNER=airflow
AIRFLOW_CTX_DAG_ID=my_dag
AIRFLOW_CTX_TASK_ID=is_api_active
AIRFLOW_CTX_EXECUTION_DATE=2022-06-27T00:00:00+00:00
AIRFLOW_CTX_TRY_NUMBER=1
AIRFLOW_CTX_DAG_RUN_ID=scheduled__2022-06-27T00:00:00+00:00
[2022-06-28 17:43:55,956] {http.py:97} INFO - Poking: /
[2022-06-28 17:43:55,967] {base.py:68} INFO - Using connection ID 'api_posts' for task execution.
[2022-06-28 17:43:55,970] {http.py:129} INFO - Sending 'GET' to url: http://127.0.0.1:8000/
[2022-06-28 17:43:55,983] {base.py:301} INFO - Success criteria met. Exiting.
[2022-06-28 17:43:55,995] {taskinstance.py:1395} INFO - Marking task as SUCCESS. dag_id=my_dag, task_id=is_api_active, execution_date=20220627T000000, start_date=20220628T154355, end_date=20220628T154355
[2022-06-28 17:43:56,054] {local_task_job.py:156} INFO - Task exited with return code 0
[2022-06-28 17:43:56,083] {local_task_job.py:273} INFO - 0 downstream tasks scheduled from follow-on schedule check
