[2022-06-22 00:10:23,998] {processor.py:153} INFO - Started process (PID=3094) to work on /root/airflow_env/lib/python3.8/site-packages/airflow/example_dags/subdags/subdag.py
[2022-06-22 00:10:23,998] {processor.py:641} INFO - Processing file /root/airflow_env/lib/python3.8/site-packages/airflow/example_dags/subdags/subdag.py for tasks to queue
[2022-06-22 00:10:23,999] {logging_mixin.py:115} INFO - [2022-06-22 00:10:23,999] {dagbag.py:507} INFO - Filling up the DagBag from /root/airflow_env/lib/python3.8/site-packages/airflow/example_dags/subdags/subdag.py
[2022-06-22 00:10:24,000] {processor.py:653} WARNING - No viable dags retrieved from /root/airflow_env/lib/python3.8/site-packages/airflow/example_dags/subdags/subdag.py
[2022-06-22 00:10:24,006] {processor.py:161} INFO - Processing /root/airflow_env/lib/python3.8/site-packages/airflow/example_dags/subdags/subdag.py took 0.010 seconds
[2022-06-22 00:11:10,296] {processor.py:153} INFO - Started process (PID=3149) to work on /root/airflow_env/lib/python3.8/site-packages/airflow/example_dags/subdags/subdag.py
[2022-06-22 00:11:10,297] {processor.py:641} INFO - Processing file /root/airflow_env/lib/python3.8/site-packages/airflow/example_dags/subdags/subdag.py for tasks to queue
[2022-06-22 00:11:10,297] {logging_mixin.py:115} INFO - [2022-06-22 00:11:10,297] {dagbag.py:507} INFO - Filling up the DagBag from /root/airflow_env/lib/python3.8/site-packages/airflow/example_dags/subdags/subdag.py
[2022-06-22 00:11:10,298] {processor.py:653} WARNING - No viable dags retrieved from /root/airflow_env/lib/python3.8/site-packages/airflow/example_dags/subdags/subdag.py
[2022-06-22 00:11:10,304] {processor.py:161} INFO - Processing /root/airflow_env/lib/python3.8/site-packages/airflow/example_dags/subdags/subdag.py took 0.011 seconds
[2022-06-22 00:11:47,455] {processor.py:153} INFO - Started process (PID=3188) to work on /root/airflow_env/lib/python3.8/site-packages/airflow/example_dags/subdags/subdag.py
[2022-06-22 00:11:47,458] {processor.py:641} INFO - Processing file /root/airflow_env/lib/python3.8/site-packages/airflow/example_dags/subdags/subdag.py for tasks to queue
[2022-06-22 00:11:47,458] {logging_mixin.py:115} INFO - [2022-06-22 00:11:47,458] {dagbag.py:507} INFO - Filling up the DagBag from /root/airflow_env/lib/python3.8/site-packages/airflow/example_dags/subdags/subdag.py
[2022-06-22 00:11:47,459] {processor.py:653} WARNING - No viable dags retrieved from /root/airflow_env/lib/python3.8/site-packages/airflow/example_dags/subdags/subdag.py
[2022-06-22 00:11:47,465] {processor.py:161} INFO - Processing /root/airflow_env/lib/python3.8/site-packages/airflow/example_dags/subdags/subdag.py took 0.012 seconds
[2022-06-22 00:12:31,967] {processor.py:153} INFO - Started process (PID=3233) to work on /root/airflow_env/lib/python3.8/site-packages/airflow/example_dags/subdags/subdag.py
[2022-06-22 00:12:31,969] {processor.py:641} INFO - Processing file /root/airflow_env/lib/python3.8/site-packages/airflow/example_dags/subdags/subdag.py for tasks to queue
[2022-06-22 00:12:31,969] {logging_mixin.py:115} INFO - [2022-06-22 00:12:31,969] {dagbag.py:507} INFO - Filling up the DagBag from /root/airflow_env/lib/python3.8/site-packages/airflow/example_dags/subdags/subdag.py
[2022-06-22 00:12:31,970] {processor.py:653} WARNING - No viable dags retrieved from /root/airflow_env/lib/python3.8/site-packages/airflow/example_dags/subdags/subdag.py
[2022-06-22 00:12:31,976] {processor.py:161} INFO - Processing /root/airflow_env/lib/python3.8/site-packages/airflow/example_dags/subdags/subdag.py took 0.010 seconds
[2022-06-22 00:13:13,723] {processor.py:153} INFO - Started process (PID=3292) to work on /root/airflow_env/lib/python3.8/site-packages/airflow/example_dags/subdags/subdag.py
[2022-06-22 00:13:13,724] {processor.py:641} INFO - Processing file /root/airflow_env/lib/python3.8/site-packages/airflow/example_dags/subdags/subdag.py for tasks to queue
[2022-06-22 00:13:13,724] {logging_mixin.py:115} INFO - [2022-06-22 00:13:13,724] {dagbag.py:507} INFO - Filling up the DagBag from /root/airflow_env/lib/python3.8/site-packages/airflow/example_dags/subdags/subdag.py
[2022-06-22 00:13:13,725] {processor.py:653} WARNING - No viable dags retrieved from /root/airflow_env/lib/python3.8/site-packages/airflow/example_dags/subdags/subdag.py
[2022-06-22 00:13:13,732] {processor.py:161} INFO - Processing /root/airflow_env/lib/python3.8/site-packages/airflow/example_dags/subdags/subdag.py took 0.012 seconds
[2022-06-22 00:19:19,526] {processor.py:153} INFO - Started process (PID=3764) to work on /root/airflow_env/lib/python3.8/site-packages/airflow/example_dags/subdags/subdag.py
[2022-06-22 00:19:19,528] {processor.py:641} INFO - Processing file /root/airflow_env/lib/python3.8/site-packages/airflow/example_dags/subdags/subdag.py for tasks to queue
[2022-06-22 00:19:19,529] {logging_mixin.py:115} INFO - [2022-06-22 00:19:19,529] {dagbag.py:507} INFO - Filling up the DagBag from /root/airflow_env/lib/python3.8/site-packages/airflow/example_dags/subdags/subdag.py
[2022-06-22 00:19:19,529] {processor.py:653} WARNING - No viable dags retrieved from /root/airflow_env/lib/python3.8/site-packages/airflow/example_dags/subdags/subdag.py
[2022-06-22 00:19:19,535] {processor.py:161} INFO - Processing /root/airflow_env/lib/python3.8/site-packages/airflow/example_dags/subdags/subdag.py took 0.012 seconds
[2022-06-22 00:21:14,035] {processor.py:153} INFO - Started process (PID=3858) to work on /root/airflow_env/lib/python3.8/site-packages/airflow/example_dags/subdags/subdag.py
[2022-06-22 00:21:14,037] {processor.py:641} INFO - Processing file /root/airflow_env/lib/python3.8/site-packages/airflow/example_dags/subdags/subdag.py for tasks to queue
[2022-06-22 00:21:14,037] {logging_mixin.py:115} INFO - [2022-06-22 00:21:14,037] {dagbag.py:507} INFO - Filling up the DagBag from /root/airflow_env/lib/python3.8/site-packages/airflow/example_dags/subdags/subdag.py
[2022-06-22 00:21:14,038] {processor.py:653} WARNING - No viable dags retrieved from /root/airflow_env/lib/python3.8/site-packages/airflow/example_dags/subdags/subdag.py
[2022-06-22 00:21:14,044] {processor.py:161} INFO - Processing /root/airflow_env/lib/python3.8/site-packages/airflow/example_dags/subdags/subdag.py took 0.011 seconds
[2022-06-22 00:22:00,186] {processor.py:153} INFO - Started process (PID=3927) to work on /root/airflow_env/lib/python3.8/site-packages/airflow/example_dags/subdags/subdag.py
[2022-06-22 00:22:00,187] {processor.py:641} INFO - Processing file /root/airflow_env/lib/python3.8/site-packages/airflow/example_dags/subdags/subdag.py for tasks to queue
[2022-06-22 00:22:00,188] {logging_mixin.py:115} INFO - [2022-06-22 00:22:00,188] {dagbag.py:507} INFO - Filling up the DagBag from /root/airflow_env/lib/python3.8/site-packages/airflow/example_dags/subdags/subdag.py
[2022-06-22 00:22:00,188] {processor.py:653} WARNING - No viable dags retrieved from /root/airflow_env/lib/python3.8/site-packages/airflow/example_dags/subdags/subdag.py
[2022-06-22 00:22:00,197] {processor.py:161} INFO - Processing /root/airflow_env/lib/python3.8/site-packages/airflow/example_dags/subdags/subdag.py took 0.013 seconds
[2022-06-22 00:22:42,488] {processor.py:153} INFO - Started process (PID=3971) to work on /root/airflow_env/lib/python3.8/site-packages/airflow/example_dags/subdags/subdag.py
[2022-06-22 00:22:42,491] {processor.py:641} INFO - Processing file /root/airflow_env/lib/python3.8/site-packages/airflow/example_dags/subdags/subdag.py for tasks to queue
[2022-06-22 00:22:42,491] {logging_mixin.py:115} INFO - [2022-06-22 00:22:42,491] {dagbag.py:507} INFO - Filling up the DagBag from /root/airflow_env/lib/python3.8/site-packages/airflow/example_dags/subdags/subdag.py
[2022-06-22 00:22:42,492] {processor.py:653} WARNING - No viable dags retrieved from /root/airflow_env/lib/python3.8/site-packages/airflow/example_dags/subdags/subdag.py
[2022-06-22 00:22:42,499] {processor.py:161} INFO - Processing /root/airflow_env/lib/python3.8/site-packages/airflow/example_dags/subdags/subdag.py took 0.013 seconds
[2022-06-22 00:23:22,852] {processor.py:153} INFO - Started process (PID=4012) to work on /root/airflow_env/lib/python3.8/site-packages/airflow/example_dags/subdags/subdag.py
[2022-06-22 00:23:22,855] {processor.py:641} INFO - Processing file /root/airflow_env/lib/python3.8/site-packages/airflow/example_dags/subdags/subdag.py for tasks to queue
[2022-06-22 00:23:22,855] {logging_mixin.py:115} INFO - [2022-06-22 00:23:22,855] {dagbag.py:507} INFO - Filling up the DagBag from /root/airflow_env/lib/python3.8/site-packages/airflow/example_dags/subdags/subdag.py
[2022-06-22 00:23:22,856] {processor.py:653} WARNING - No viable dags retrieved from /root/airflow_env/lib/python3.8/site-packages/airflow/example_dags/subdags/subdag.py
[2022-06-22 00:23:22,865] {processor.py:161} INFO - Processing /root/airflow_env/lib/python3.8/site-packages/airflow/example_dags/subdags/subdag.py took 0.015 seconds
[2022-06-22 00:24:07,834] {processor.py:153} INFO - Started process (PID=4056) to work on /root/airflow_env/lib/python3.8/site-packages/airflow/example_dags/subdags/subdag.py
[2022-06-22 00:24:07,835] {processor.py:641} INFO - Processing file /root/airflow_env/lib/python3.8/site-packages/airflow/example_dags/subdags/subdag.py for tasks to queue
[2022-06-22 00:24:07,835] {logging_mixin.py:115} INFO - [2022-06-22 00:24:07,835] {dagbag.py:507} INFO - Filling up the DagBag from /root/airflow_env/lib/python3.8/site-packages/airflow/example_dags/subdags/subdag.py
[2022-06-22 00:24:07,836] {processor.py:653} WARNING - No viable dags retrieved from /root/airflow_env/lib/python3.8/site-packages/airflow/example_dags/subdags/subdag.py
[2022-06-22 00:24:07,843] {processor.py:161} INFO - Processing /root/airflow_env/lib/python3.8/site-packages/airflow/example_dags/subdags/subdag.py took 0.011 seconds
[2022-06-22 00:24:44,862] {processor.py:153} INFO - Started process (PID=4095) to work on /root/airflow_env/lib/python3.8/site-packages/airflow/example_dags/subdags/subdag.py
[2022-06-22 00:24:44,864] {processor.py:641} INFO - Processing file /root/airflow_env/lib/python3.8/site-packages/airflow/example_dags/subdags/subdag.py for tasks to queue
[2022-06-22 00:24:44,864] {logging_mixin.py:115} INFO - [2022-06-22 00:24:44,864] {dagbag.py:507} INFO - Filling up the DagBag from /root/airflow_env/lib/python3.8/site-packages/airflow/example_dags/subdags/subdag.py
[2022-06-22 00:24:44,865] {processor.py:653} WARNING - No viable dags retrieved from /root/airflow_env/lib/python3.8/site-packages/airflow/example_dags/subdags/subdag.py
[2022-06-22 00:24:44,873] {processor.py:161} INFO - Processing /root/airflow_env/lib/python3.8/site-packages/airflow/example_dags/subdags/subdag.py took 0.013 seconds
[2022-06-22 00:25:23,371] {processor.py:153} INFO - Started process (PID=4136) to work on /root/airflow_env/lib/python3.8/site-packages/airflow/example_dags/subdags/subdag.py
[2022-06-22 00:25:23,374] {processor.py:641} INFO - Processing file /root/airflow_env/lib/python3.8/site-packages/airflow/example_dags/subdags/subdag.py for tasks to queue
[2022-06-22 00:25:23,374] {logging_mixin.py:115} INFO - [2022-06-22 00:25:23,374] {dagbag.py:507} INFO - Filling up the DagBag from /root/airflow_env/lib/python3.8/site-packages/airflow/example_dags/subdags/subdag.py
[2022-06-22 00:25:23,375] {processor.py:653} WARNING - No viable dags retrieved from /root/airflow_env/lib/python3.8/site-packages/airflow/example_dags/subdags/subdag.py
[2022-06-22 00:25:23,382] {processor.py:161} INFO - Processing /root/airflow_env/lib/python3.8/site-packages/airflow/example_dags/subdags/subdag.py took 0.014 seconds
[2022-06-22 00:26:01,142] {processor.py:153} INFO - Started process (PID=4176) to work on /root/airflow_env/lib/python3.8/site-packages/airflow/example_dags/subdags/subdag.py
[2022-06-22 00:26:01,143] {processor.py:641} INFO - Processing file /root/airflow_env/lib/python3.8/site-packages/airflow/example_dags/subdags/subdag.py for tasks to queue
[2022-06-22 00:26:01,143] {logging_mixin.py:115} INFO - [2022-06-22 00:26:01,143] {dagbag.py:507} INFO - Filling up the DagBag from /root/airflow_env/lib/python3.8/site-packages/airflow/example_dags/subdags/subdag.py
[2022-06-22 00:26:01,144] {processor.py:653} WARNING - No viable dags retrieved from /root/airflow_env/lib/python3.8/site-packages/airflow/example_dags/subdags/subdag.py
[2022-06-22 00:26:01,150] {processor.py:161} INFO - Processing /root/airflow_env/lib/python3.8/site-packages/airflow/example_dags/subdags/subdag.py took 0.010 seconds
[2022-06-22 00:58:20,971] {processor.py:153} INFO - Started process (PID=4322) to work on /root/airflow_env/lib/python3.8/site-packages/airflow/example_dags/subdags/subdag.py
[2022-06-22 00:58:20,974] {processor.py:641} INFO - Processing file /root/airflow_env/lib/python3.8/site-packages/airflow/example_dags/subdags/subdag.py for tasks to queue
[2022-06-22 00:58:20,974] {logging_mixin.py:115} INFO - [2022-06-22 00:58:20,974] {dagbag.py:507} INFO - Filling up the DagBag from /root/airflow_env/lib/python3.8/site-packages/airflow/example_dags/subdags/subdag.py
[2022-06-22 00:58:20,975] {processor.py:653} WARNING - No viable dags retrieved from /root/airflow_env/lib/python3.8/site-packages/airflow/example_dags/subdags/subdag.py
[2022-06-22 00:58:20,982] {processor.py:161} INFO - Processing /root/airflow_env/lib/python3.8/site-packages/airflow/example_dags/subdags/subdag.py took 0.013 seconds
[2022-06-22 00:59:06,266] {processor.py:153} INFO - Started process (PID=4367) to work on /root/airflow_env/lib/python3.8/site-packages/airflow/example_dags/subdags/subdag.py
[2022-06-22 00:59:06,270] {processor.py:641} INFO - Processing file /root/airflow_env/lib/python3.8/site-packages/airflow/example_dags/subdags/subdag.py for tasks to queue
[2022-06-22 00:59:06,271] {logging_mixin.py:115} INFO - [2022-06-22 00:59:06,271] {dagbag.py:507} INFO - Filling up the DagBag from /root/airflow_env/lib/python3.8/site-packages/airflow/example_dags/subdags/subdag.py
[2022-06-22 00:59:06,273] {processor.py:653} WARNING - No viable dags retrieved from /root/airflow_env/lib/python3.8/site-packages/airflow/example_dags/subdags/subdag.py
[2022-06-22 00:59:06,279] {processor.py:161} INFO - Processing /root/airflow_env/lib/python3.8/site-packages/airflow/example_dags/subdags/subdag.py took 0.016 seconds
[2022-06-22 00:59:49,412] {processor.py:153} INFO - Started process (PID=4412) to work on /root/airflow_env/lib/python3.8/site-packages/airflow/example_dags/subdags/subdag.py
[2022-06-22 00:59:49,414] {processor.py:641} INFO - Processing file /root/airflow_env/lib/python3.8/site-packages/airflow/example_dags/subdags/subdag.py for tasks to queue
[2022-06-22 00:59:49,414] {logging_mixin.py:115} INFO - [2022-06-22 00:59:49,414] {dagbag.py:507} INFO - Filling up the DagBag from /root/airflow_env/lib/python3.8/site-packages/airflow/example_dags/subdags/subdag.py
[2022-06-22 00:59:49,415] {processor.py:653} WARNING - No viable dags retrieved from /root/airflow_env/lib/python3.8/site-packages/airflow/example_dags/subdags/subdag.py
[2022-06-22 00:59:49,421] {processor.py:161} INFO - Processing /root/airflow_env/lib/python3.8/site-packages/airflow/example_dags/subdags/subdag.py took 0.011 seconds
[2022-06-22 01:00:26,878] {processor.py:153} INFO - Started process (PID=4451) to work on /root/airflow_env/lib/python3.8/site-packages/airflow/example_dags/subdags/subdag.py
[2022-06-22 01:00:26,879] {processor.py:641} INFO - Processing file /root/airflow_env/lib/python3.8/site-packages/airflow/example_dags/subdags/subdag.py for tasks to queue
[2022-06-22 01:00:26,879] {logging_mixin.py:115} INFO - [2022-06-22 01:00:26,879] {dagbag.py:507} INFO - Filling up the DagBag from /root/airflow_env/lib/python3.8/site-packages/airflow/example_dags/subdags/subdag.py
[2022-06-22 01:00:26,880] {processor.py:653} WARNING - No viable dags retrieved from /root/airflow_env/lib/python3.8/site-packages/airflow/example_dags/subdags/subdag.py
[2022-06-22 01:00:26,886] {processor.py:161} INFO - Processing /root/airflow_env/lib/python3.8/site-packages/airflow/example_dags/subdags/subdag.py took 0.009 seconds
[2022-06-22 01:01:10,685] {processor.py:153} INFO - Started process (PID=4496) to work on /root/airflow_env/lib/python3.8/site-packages/airflow/example_dags/subdags/subdag.py
[2022-06-22 01:01:10,688] {processor.py:641} INFO - Processing file /root/airflow_env/lib/python3.8/site-packages/airflow/example_dags/subdags/subdag.py for tasks to queue
[2022-06-22 01:01:10,688] {logging_mixin.py:115} INFO - [2022-06-22 01:01:10,688] {dagbag.py:507} INFO - Filling up the DagBag from /root/airflow_env/lib/python3.8/site-packages/airflow/example_dags/subdags/subdag.py
[2022-06-22 01:01:10,689] {processor.py:653} WARNING - No viable dags retrieved from /root/airflow_env/lib/python3.8/site-packages/airflow/example_dags/subdags/subdag.py
[2022-06-22 01:01:10,696] {processor.py:161} INFO - Processing /root/airflow_env/lib/python3.8/site-packages/airflow/example_dags/subdags/subdag.py took 0.013 seconds
[2022-06-22 01:01:50,106] {processor.py:153} INFO - Started process (PID=4537) to work on /root/airflow_env/lib/python3.8/site-packages/airflow/example_dags/subdags/subdag.py
[2022-06-22 01:01:50,109] {processor.py:641} INFO - Processing file /root/airflow_env/lib/python3.8/site-packages/airflow/example_dags/subdags/subdag.py for tasks to queue
[2022-06-22 01:01:50,109] {logging_mixin.py:115} INFO - [2022-06-22 01:01:50,109] {dagbag.py:507} INFO - Filling up the DagBag from /root/airflow_env/lib/python3.8/site-packages/airflow/example_dags/subdags/subdag.py
[2022-06-22 01:01:50,110] {processor.py:653} WARNING - No viable dags retrieved from /root/airflow_env/lib/python3.8/site-packages/airflow/example_dags/subdags/subdag.py
[2022-06-22 01:01:50,115] {processor.py:161} INFO - Processing /root/airflow_env/lib/python3.8/site-packages/airflow/example_dags/subdags/subdag.py took 0.012 seconds
[2022-06-22 01:02:32,081] {processor.py:153} INFO - Started process (PID=4580) to work on /root/airflow_env/lib/python3.8/site-packages/airflow/example_dags/subdags/subdag.py
[2022-06-22 01:02:32,084] {processor.py:641} INFO - Processing file /root/airflow_env/lib/python3.8/site-packages/airflow/example_dags/subdags/subdag.py for tasks to queue
[2022-06-22 01:02:32,084] {logging_mixin.py:115} INFO - [2022-06-22 01:02:32,084] {dagbag.py:507} INFO - Filling up the DagBag from /root/airflow_env/lib/python3.8/site-packages/airflow/example_dags/subdags/subdag.py
[2022-06-22 01:02:32,085] {processor.py:653} WARNING - No viable dags retrieved from /root/airflow_env/lib/python3.8/site-packages/airflow/example_dags/subdags/subdag.py
[2022-06-22 01:02:32,091] {processor.py:161} INFO - Processing /root/airflow_env/lib/python3.8/site-packages/airflow/example_dags/subdags/subdag.py took 0.012 seconds
[2022-06-22 01:03:16,160] {processor.py:153} INFO - Started process (PID=4624) to work on /root/airflow_env/lib/python3.8/site-packages/airflow/example_dags/subdags/subdag.py
[2022-06-22 01:03:16,163] {processor.py:641} INFO - Processing file /root/airflow_env/lib/python3.8/site-packages/airflow/example_dags/subdags/subdag.py for tasks to queue
[2022-06-22 01:03:16,164] {logging_mixin.py:115} INFO - [2022-06-22 01:03:16,164] {dagbag.py:507} INFO - Filling up the DagBag from /root/airflow_env/lib/python3.8/site-packages/airflow/example_dags/subdags/subdag.py
[2022-06-22 01:03:16,165] {processor.py:653} WARNING - No viable dags retrieved from /root/airflow_env/lib/python3.8/site-packages/airflow/example_dags/subdags/subdag.py
[2022-06-22 01:03:16,171] {processor.py:161} INFO - Processing /root/airflow_env/lib/python3.8/site-packages/airflow/example_dags/subdags/subdag.py took 0.013 seconds
[2022-06-22 01:03:53,379] {processor.py:153} INFO - Started process (PID=4663) to work on /root/airflow_env/lib/python3.8/site-packages/airflow/example_dags/subdags/subdag.py
[2022-06-22 01:03:53,380] {processor.py:641} INFO - Processing file /root/airflow_env/lib/python3.8/site-packages/airflow/example_dags/subdags/subdag.py for tasks to queue
[2022-06-22 01:03:53,381] {logging_mixin.py:115} INFO - [2022-06-22 01:03:53,381] {dagbag.py:507} INFO - Filling up the DagBag from /root/airflow_env/lib/python3.8/site-packages/airflow/example_dags/subdags/subdag.py
[2022-06-22 01:03:53,382] {processor.py:653} WARNING - No viable dags retrieved from /root/airflow_env/lib/python3.8/site-packages/airflow/example_dags/subdags/subdag.py
[2022-06-22 01:03:53,389] {processor.py:161} INFO - Processing /root/airflow_env/lib/python3.8/site-packages/airflow/example_dags/subdags/subdag.py took 0.012 seconds
[2022-06-22 01:04:36,702] {processor.py:153} INFO - Started process (PID=4710) to work on /root/airflow_env/lib/python3.8/site-packages/airflow/example_dags/subdags/subdag.py
[2022-06-22 01:04:36,705] {processor.py:641} INFO - Processing file /root/airflow_env/lib/python3.8/site-packages/airflow/example_dags/subdags/subdag.py for tasks to queue
[2022-06-22 01:04:36,705] {logging_mixin.py:115} INFO - [2022-06-22 01:04:36,705] {dagbag.py:507} INFO - Filling up the DagBag from /root/airflow_env/lib/python3.8/site-packages/airflow/example_dags/subdags/subdag.py
[2022-06-22 01:04:36,706] {processor.py:653} WARNING - No viable dags retrieved from /root/airflow_env/lib/python3.8/site-packages/airflow/example_dags/subdags/subdag.py
[2022-06-22 01:04:36,712] {processor.py:161} INFO - Processing /root/airflow_env/lib/python3.8/site-packages/airflow/example_dags/subdags/subdag.py took 0.012 seconds
[2022-06-22 01:05:16,388] {processor.py:153} INFO - Started process (PID=4752) to work on /root/airflow_env/lib/python3.8/site-packages/airflow/example_dags/subdags/subdag.py
[2022-06-22 01:05:16,389] {processor.py:641} INFO - Processing file /root/airflow_env/lib/python3.8/site-packages/airflow/example_dags/subdags/subdag.py for tasks to queue
[2022-06-22 01:05:16,389] {logging_mixin.py:115} INFO - [2022-06-22 01:05:16,389] {dagbag.py:507} INFO - Filling up the DagBag from /root/airflow_env/lib/python3.8/site-packages/airflow/example_dags/subdags/subdag.py
[2022-06-22 01:05:16,390] {processor.py:653} WARNING - No viable dags retrieved from /root/airflow_env/lib/python3.8/site-packages/airflow/example_dags/subdags/subdag.py
[2022-06-22 01:05:16,397] {processor.py:161} INFO - Processing /root/airflow_env/lib/python3.8/site-packages/airflow/example_dags/subdags/subdag.py took 0.010 seconds
[2022-06-22 01:05:54,627] {processor.py:153} INFO - Started process (PID=4791) to work on /root/airflow_env/lib/python3.8/site-packages/airflow/example_dags/subdags/subdag.py
[2022-06-22 01:05:54,631] {processor.py:641} INFO - Processing file /root/airflow_env/lib/python3.8/site-packages/airflow/example_dags/subdags/subdag.py for tasks to queue
[2022-06-22 01:05:54,632] {logging_mixin.py:115} INFO - [2022-06-22 01:05:54,632] {dagbag.py:507} INFO - Filling up the DagBag from /root/airflow_env/lib/python3.8/site-packages/airflow/example_dags/subdags/subdag.py
[2022-06-22 01:05:54,633] {processor.py:653} WARNING - No viable dags retrieved from /root/airflow_env/lib/python3.8/site-packages/airflow/example_dags/subdags/subdag.py
[2022-06-22 01:05:54,639] {processor.py:161} INFO - Processing /root/airflow_env/lib/python3.8/site-packages/airflow/example_dags/subdags/subdag.py took 0.014 seconds
[2022-06-22 01:06:35,788] {processor.py:153} INFO - Started process (PID=4850) to work on /root/airflow_env/lib/python3.8/site-packages/airflow/example_dags/subdags/subdag.py
[2022-06-22 01:06:35,791] {processor.py:641} INFO - Processing file /root/airflow_env/lib/python3.8/site-packages/airflow/example_dags/subdags/subdag.py for tasks to queue
[2022-06-22 01:06:35,792] {logging_mixin.py:115} INFO - [2022-06-22 01:06:35,791] {dagbag.py:507} INFO - Filling up the DagBag from /root/airflow_env/lib/python3.8/site-packages/airflow/example_dags/subdags/subdag.py
[2022-06-22 01:06:35,792] {processor.py:653} WARNING - No viable dags retrieved from /root/airflow_env/lib/python3.8/site-packages/airflow/example_dags/subdags/subdag.py
[2022-06-22 01:06:35,798] {processor.py:161} INFO - Processing /root/airflow_env/lib/python3.8/site-packages/airflow/example_dags/subdags/subdag.py took 0.012 seconds
[2022-06-22 01:07:20,946] {processor.py:153} INFO - Started process (PID=4895) to work on /root/airflow_env/lib/python3.8/site-packages/airflow/example_dags/subdags/subdag.py
[2022-06-22 01:07:20,947] {processor.py:641} INFO - Processing file /root/airflow_env/lib/python3.8/site-packages/airflow/example_dags/subdags/subdag.py for tasks to queue
[2022-06-22 01:07:20,948] {logging_mixin.py:115} INFO - [2022-06-22 01:07:20,948] {dagbag.py:507} INFO - Filling up the DagBag from /root/airflow_env/lib/python3.8/site-packages/airflow/example_dags/subdags/subdag.py
[2022-06-22 01:07:20,948] {processor.py:653} WARNING - No viable dags retrieved from /root/airflow_env/lib/python3.8/site-packages/airflow/example_dags/subdags/subdag.py
[2022-06-22 01:07:20,954] {processor.py:161} INFO - Processing /root/airflow_env/lib/python3.8/site-packages/airflow/example_dags/subdags/subdag.py took 0.010 seconds
[2022-06-22 01:08:00,474] {processor.py:153} INFO - Started process (PID=4938) to work on /root/airflow_env/lib/python3.8/site-packages/airflow/example_dags/subdags/subdag.py
[2022-06-22 01:08:00,476] {processor.py:641} INFO - Processing file /root/airflow_env/lib/python3.8/site-packages/airflow/example_dags/subdags/subdag.py for tasks to queue
[2022-06-22 01:08:00,477] {logging_mixin.py:115} INFO - [2022-06-22 01:08:00,477] {dagbag.py:507} INFO - Filling up the DagBag from /root/airflow_env/lib/python3.8/site-packages/airflow/example_dags/subdags/subdag.py
[2022-06-22 01:08:00,478] {processor.py:653} WARNING - No viable dags retrieved from /root/airflow_env/lib/python3.8/site-packages/airflow/example_dags/subdags/subdag.py
[2022-06-22 01:08:00,485] {processor.py:161} INFO - Processing /root/airflow_env/lib/python3.8/site-packages/airflow/example_dags/subdags/subdag.py took 0.014 seconds
[2022-06-22 01:09:13,387] {processor.py:153} INFO - Started process (PID=5031) to work on /root/airflow_env/lib/python3.8/site-packages/airflow/example_dags/subdags/subdag.py
[2022-06-22 01:09:13,389] {processor.py:641} INFO - Processing file /root/airflow_env/lib/python3.8/site-packages/airflow/example_dags/subdags/subdag.py for tasks to queue
[2022-06-22 01:09:13,390] {logging_mixin.py:115} INFO - [2022-06-22 01:09:13,389] {dagbag.py:507} INFO - Filling up the DagBag from /root/airflow_env/lib/python3.8/site-packages/airflow/example_dags/subdags/subdag.py
[2022-06-22 01:09:13,391] {processor.py:653} WARNING - No viable dags retrieved from /root/airflow_env/lib/python3.8/site-packages/airflow/example_dags/subdags/subdag.py
[2022-06-22 01:09:13,398] {processor.py:161} INFO - Processing /root/airflow_env/lib/python3.8/site-packages/airflow/example_dags/subdags/subdag.py took 0.013 seconds
[2022-06-22 01:09:57,304] {processor.py:153} INFO - Started process (PID=5093) to work on /root/airflow_env/lib/python3.8/site-packages/airflow/example_dags/subdags/subdag.py
[2022-06-22 01:09:57,306] {processor.py:641} INFO - Processing file /root/airflow_env/lib/python3.8/site-packages/airflow/example_dags/subdags/subdag.py for tasks to queue
[2022-06-22 01:09:57,306] {logging_mixin.py:115} INFO - [2022-06-22 01:09:57,306] {dagbag.py:507} INFO - Filling up the DagBag from /root/airflow_env/lib/python3.8/site-packages/airflow/example_dags/subdags/subdag.py
[2022-06-22 01:09:57,307] {processor.py:653} WARNING - No viable dags retrieved from /root/airflow_env/lib/python3.8/site-packages/airflow/example_dags/subdags/subdag.py
[2022-06-22 01:09:57,313] {processor.py:161} INFO - Processing /root/airflow_env/lib/python3.8/site-packages/airflow/example_dags/subdags/subdag.py took 0.010 seconds
[2022-06-22 01:10:38,611] {processor.py:153} INFO - Started process (PID=5138) to work on /root/airflow_env/lib/python3.8/site-packages/airflow/example_dags/subdags/subdag.py
[2022-06-22 01:10:38,614] {processor.py:641} INFO - Processing file /root/airflow_env/lib/python3.8/site-packages/airflow/example_dags/subdags/subdag.py for tasks to queue
[2022-06-22 01:10:38,614] {logging_mixin.py:115} INFO - [2022-06-22 01:10:38,614] {dagbag.py:507} INFO - Filling up the DagBag from /root/airflow_env/lib/python3.8/site-packages/airflow/example_dags/subdags/subdag.py
[2022-06-22 01:10:38,615] {processor.py:653} WARNING - No viable dags retrieved from /root/airflow_env/lib/python3.8/site-packages/airflow/example_dags/subdags/subdag.py
[2022-06-22 01:10:38,622] {processor.py:161} INFO - Processing /root/airflow_env/lib/python3.8/site-packages/airflow/example_dags/subdags/subdag.py took 0.013 seconds
[2022-06-22 01:11:20,893] {processor.py:153} INFO - Started process (PID=5183) to work on /root/airflow_env/lib/python3.8/site-packages/airflow/example_dags/subdags/subdag.py
[2022-06-22 01:11:20,896] {processor.py:641} INFO - Processing file /root/airflow_env/lib/python3.8/site-packages/airflow/example_dags/subdags/subdag.py for tasks to queue
[2022-06-22 01:11:20,896] {logging_mixin.py:115} INFO - [2022-06-22 01:11:20,896] {dagbag.py:507} INFO - Filling up the DagBag from /root/airflow_env/lib/python3.8/site-packages/airflow/example_dags/subdags/subdag.py
[2022-06-22 01:11:20,897] {processor.py:653} WARNING - No viable dags retrieved from /root/airflow_env/lib/python3.8/site-packages/airflow/example_dags/subdags/subdag.py
[2022-06-22 01:11:20,903] {processor.py:161} INFO - Processing /root/airflow_env/lib/python3.8/site-packages/airflow/example_dags/subdags/subdag.py took 0.012 seconds
[2022-06-22 01:12:16,109] {processor.py:153} INFO - Started process (PID=5265) to work on /root/airflow_env/lib/python3.8/site-packages/airflow/example_dags/subdags/subdag.py
[2022-06-22 01:12:16,111] {processor.py:641} INFO - Processing file /root/airflow_env/lib/python3.8/site-packages/airflow/example_dags/subdags/subdag.py for tasks to queue
[2022-06-22 01:12:16,112] {logging_mixin.py:115} INFO - [2022-06-22 01:12:16,112] {dagbag.py:507} INFO - Filling up the DagBag from /root/airflow_env/lib/python3.8/site-packages/airflow/example_dags/subdags/subdag.py
[2022-06-22 01:12:16,113] {processor.py:653} WARNING - No viable dags retrieved from /root/airflow_env/lib/python3.8/site-packages/airflow/example_dags/subdags/subdag.py
[2022-06-22 01:12:16,119] {processor.py:161} INFO - Processing /root/airflow_env/lib/python3.8/site-packages/airflow/example_dags/subdags/subdag.py took 0.012 seconds
[2022-06-22 01:12:56,584] {processor.py:153} INFO - Started process (PID=5308) to work on /root/airflow_env/lib/python3.8/site-packages/airflow/example_dags/subdags/subdag.py
[2022-06-22 01:12:56,585] {processor.py:641} INFO - Processing file /root/airflow_env/lib/python3.8/site-packages/airflow/example_dags/subdags/subdag.py for tasks to queue
[2022-06-22 01:12:56,586] {logging_mixin.py:115} INFO - [2022-06-22 01:12:56,586] {dagbag.py:507} INFO - Filling up the DagBag from /root/airflow_env/lib/python3.8/site-packages/airflow/example_dags/subdags/subdag.py
[2022-06-22 01:12:56,587] {processor.py:653} WARNING - No viable dags retrieved from /root/airflow_env/lib/python3.8/site-packages/airflow/example_dags/subdags/subdag.py
[2022-06-22 01:12:56,594] {processor.py:161} INFO - Processing /root/airflow_env/lib/python3.8/site-packages/airflow/example_dags/subdags/subdag.py took 0.012 seconds
[2022-06-22 01:13:34,988] {processor.py:153} INFO - Started process (PID=5365) to work on /root/airflow_env/lib/python3.8/site-packages/airflow/example_dags/subdags/subdag.py
[2022-06-22 01:13:34,989] {processor.py:641} INFO - Processing file /root/airflow_env/lib/python3.8/site-packages/airflow/example_dags/subdags/subdag.py for tasks to queue
[2022-06-22 01:13:34,990] {logging_mixin.py:115} INFO - [2022-06-22 01:13:34,990] {dagbag.py:507} INFO - Filling up the DagBag from /root/airflow_env/lib/python3.8/site-packages/airflow/example_dags/subdags/subdag.py
[2022-06-22 01:13:34,991] {processor.py:653} WARNING - No viable dags retrieved from /root/airflow_env/lib/python3.8/site-packages/airflow/example_dags/subdags/subdag.py
[2022-06-22 01:13:34,997] {processor.py:161} INFO - Processing /root/airflow_env/lib/python3.8/site-packages/airflow/example_dags/subdags/subdag.py took 0.012 seconds
[2022-06-22 01:14:15,889] {processor.py:153} INFO - Started process (PID=5405) to work on /root/airflow_env/lib/python3.8/site-packages/airflow/example_dags/subdags/subdag.py
[2022-06-22 01:14:15,892] {processor.py:641} INFO - Processing file /root/airflow_env/lib/python3.8/site-packages/airflow/example_dags/subdags/subdag.py for tasks to queue
[2022-06-22 01:14:15,892] {logging_mixin.py:115} INFO - [2022-06-22 01:14:15,892] {dagbag.py:507} INFO - Filling up the DagBag from /root/airflow_env/lib/python3.8/site-packages/airflow/example_dags/subdags/subdag.py
[2022-06-22 01:14:15,893] {processor.py:653} WARNING - No viable dags retrieved from /root/airflow_env/lib/python3.8/site-packages/airflow/example_dags/subdags/subdag.py
[2022-06-22 01:14:15,900] {processor.py:161} INFO - Processing /root/airflow_env/lib/python3.8/site-packages/airflow/example_dags/subdags/subdag.py took 0.013 seconds
[2022-06-22 01:14:56,028] {processor.py:153} INFO - Started process (PID=5446) to work on /root/airflow_env/lib/python3.8/site-packages/airflow/example_dags/subdags/subdag.py
[2022-06-22 01:14:56,028] {processor.py:641} INFO - Processing file /root/airflow_env/lib/python3.8/site-packages/airflow/example_dags/subdags/subdag.py for tasks to queue
[2022-06-22 01:14:56,028] {logging_mixin.py:115} INFO - [2022-06-22 01:14:56,028] {dagbag.py:507} INFO - Filling up the DagBag from /root/airflow_env/lib/python3.8/site-packages/airflow/example_dags/subdags/subdag.py
[2022-06-22 01:14:56,029] {processor.py:653} WARNING - No viable dags retrieved from /root/airflow_env/lib/python3.8/site-packages/airflow/example_dags/subdags/subdag.py
[2022-06-22 01:14:56,036] {processor.py:161} INFO - Processing /root/airflow_env/lib/python3.8/site-packages/airflow/example_dags/subdags/subdag.py took 0.011 seconds
[2022-06-22 01:15:35,115] {processor.py:153} INFO - Started process (PID=5488) to work on /root/airflow_env/lib/python3.8/site-packages/airflow/example_dags/subdags/subdag.py
[2022-06-22 01:15:35,118] {processor.py:641} INFO - Processing file /root/airflow_env/lib/python3.8/site-packages/airflow/example_dags/subdags/subdag.py for tasks to queue
[2022-06-22 01:15:35,119] {logging_mixin.py:115} INFO - [2022-06-22 01:15:35,118] {dagbag.py:507} INFO - Filling up the DagBag from /root/airflow_env/lib/python3.8/site-packages/airflow/example_dags/subdags/subdag.py
[2022-06-22 01:15:35,119] {processor.py:653} WARNING - No viable dags retrieved from /root/airflow_env/lib/python3.8/site-packages/airflow/example_dags/subdags/subdag.py
[2022-06-22 01:15:35,126] {processor.py:161} INFO - Processing /root/airflow_env/lib/python3.8/site-packages/airflow/example_dags/subdags/subdag.py took 0.015 seconds
[2022-06-22 01:16:13,577] {processor.py:153} INFO - Started process (PID=5527) to work on /root/airflow_env/lib/python3.8/site-packages/airflow/example_dags/subdags/subdag.py
[2022-06-22 01:16:13,578] {processor.py:641} INFO - Processing file /root/airflow_env/lib/python3.8/site-packages/airflow/example_dags/subdags/subdag.py for tasks to queue
[2022-06-22 01:16:13,578] {logging_mixin.py:115} INFO - [2022-06-22 01:16:13,578] {dagbag.py:507} INFO - Filling up the DagBag from /root/airflow_env/lib/python3.8/site-packages/airflow/example_dags/subdags/subdag.py
[2022-06-22 01:16:13,579] {processor.py:653} WARNING - No viable dags retrieved from /root/airflow_env/lib/python3.8/site-packages/airflow/example_dags/subdags/subdag.py
[2022-06-22 01:16:13,585] {processor.py:161} INFO - Processing /root/airflow_env/lib/python3.8/site-packages/airflow/example_dags/subdags/subdag.py took 0.010 seconds
[2022-06-22 01:16:50,059] {processor.py:153} INFO - Started process (PID=5566) to work on /root/airflow_env/lib/python3.8/site-packages/airflow/example_dags/subdags/subdag.py
[2022-06-22 01:16:50,060] {processor.py:641} INFO - Processing file /root/airflow_env/lib/python3.8/site-packages/airflow/example_dags/subdags/subdag.py for tasks to queue
[2022-06-22 01:16:50,060] {logging_mixin.py:115} INFO - [2022-06-22 01:16:50,060] {dagbag.py:507} INFO - Filling up the DagBag from /root/airflow_env/lib/python3.8/site-packages/airflow/example_dags/subdags/subdag.py
[2022-06-22 01:16:50,061] {processor.py:653} WARNING - No viable dags retrieved from /root/airflow_env/lib/python3.8/site-packages/airflow/example_dags/subdags/subdag.py
[2022-06-22 01:16:50,067] {processor.py:161} INFO - Processing /root/airflow_env/lib/python3.8/site-packages/airflow/example_dags/subdags/subdag.py took 0.010 seconds
[2022-06-22 01:17:30,046] {processor.py:153} INFO - Started process (PID=5606) to work on /root/airflow_env/lib/python3.8/site-packages/airflow/example_dags/subdags/subdag.py
[2022-06-22 01:17:30,049] {processor.py:641} INFO - Processing file /root/airflow_env/lib/python3.8/site-packages/airflow/example_dags/subdags/subdag.py for tasks to queue
[2022-06-22 01:17:30,049] {logging_mixin.py:115} INFO - [2022-06-22 01:17:30,049] {dagbag.py:507} INFO - Filling up the DagBag from /root/airflow_env/lib/python3.8/site-packages/airflow/example_dags/subdags/subdag.py
[2022-06-22 01:17:30,050] {processor.py:653} WARNING - No viable dags retrieved from /root/airflow_env/lib/python3.8/site-packages/airflow/example_dags/subdags/subdag.py
[2022-06-22 01:17:30,056] {processor.py:161} INFO - Processing /root/airflow_env/lib/python3.8/site-packages/airflow/example_dags/subdags/subdag.py took 0.013 seconds
[2022-06-22 01:18:42,690] {processor.py:153} INFO - Started process (PID=5697) to work on /root/airflow_env/lib/python3.8/site-packages/airflow/example_dags/subdags/subdag.py
[2022-06-22 01:18:42,692] {processor.py:641} INFO - Processing file /root/airflow_env/lib/python3.8/site-packages/airflow/example_dags/subdags/subdag.py for tasks to queue
[2022-06-22 01:18:42,692] {logging_mixin.py:115} INFO - [2022-06-22 01:18:42,692] {dagbag.py:507} INFO - Filling up the DagBag from /root/airflow_env/lib/python3.8/site-packages/airflow/example_dags/subdags/subdag.py
[2022-06-22 01:18:42,693] {processor.py:653} WARNING - No viable dags retrieved from /root/airflow_env/lib/python3.8/site-packages/airflow/example_dags/subdags/subdag.py
[2022-06-22 01:18:42,699] {processor.py:161} INFO - Processing /root/airflow_env/lib/python3.8/site-packages/airflow/example_dags/subdags/subdag.py took 0.011 seconds
[2022-06-22 01:19:25,629] {processor.py:153} INFO - Started process (PID=5759) to work on /root/airflow_env/lib/python3.8/site-packages/airflow/example_dags/subdags/subdag.py
[2022-06-22 01:19:25,631] {processor.py:641} INFO - Processing file /root/airflow_env/lib/python3.8/site-packages/airflow/example_dags/subdags/subdag.py for tasks to queue
[2022-06-22 01:19:25,631] {logging_mixin.py:115} INFO - [2022-06-22 01:19:25,631] {dagbag.py:507} INFO - Filling up the DagBag from /root/airflow_env/lib/python3.8/site-packages/airflow/example_dags/subdags/subdag.py
[2022-06-22 01:19:25,633] {processor.py:653} WARNING - No viable dags retrieved from /root/airflow_env/lib/python3.8/site-packages/airflow/example_dags/subdags/subdag.py
[2022-06-22 01:19:25,640] {processor.py:161} INFO - Processing /root/airflow_env/lib/python3.8/site-packages/airflow/example_dags/subdags/subdag.py took 0.012 seconds
[2022-06-22 01:20:08,073] {processor.py:153} INFO - Started process (PID=5820) to work on /root/airflow_env/lib/python3.8/site-packages/airflow/example_dags/subdags/subdag.py
[2022-06-22 01:20:08,075] {processor.py:641} INFO - Processing file /root/airflow_env/lib/python3.8/site-packages/airflow/example_dags/subdags/subdag.py for tasks to queue
[2022-06-22 01:20:08,075] {logging_mixin.py:115} INFO - [2022-06-22 01:20:08,075] {dagbag.py:507} INFO - Filling up the DagBag from /root/airflow_env/lib/python3.8/site-packages/airflow/example_dags/subdags/subdag.py
[2022-06-22 01:20:08,076] {processor.py:653} WARNING - No viable dags retrieved from /root/airflow_env/lib/python3.8/site-packages/airflow/example_dags/subdags/subdag.py
[2022-06-22 01:20:08,082] {processor.py:161} INFO - Processing /root/airflow_env/lib/python3.8/site-packages/airflow/example_dags/subdags/subdag.py took 0.010 seconds
[2022-06-22 01:20:50,341] {processor.py:153} INFO - Started process (PID=5865) to work on /root/airflow_env/lib/python3.8/site-packages/airflow/example_dags/subdags/subdag.py
[2022-06-22 01:20:50,342] {processor.py:641} INFO - Processing file /root/airflow_env/lib/python3.8/site-packages/airflow/example_dags/subdags/subdag.py for tasks to queue
[2022-06-22 01:20:50,342] {logging_mixin.py:115} INFO - [2022-06-22 01:20:50,342] {dagbag.py:507} INFO - Filling up the DagBag from /root/airflow_env/lib/python3.8/site-packages/airflow/example_dags/subdags/subdag.py
[2022-06-22 01:20:50,343] {processor.py:653} WARNING - No viable dags retrieved from /root/airflow_env/lib/python3.8/site-packages/airflow/example_dags/subdags/subdag.py
[2022-06-22 01:20:50,351] {processor.py:161} INFO - Processing /root/airflow_env/lib/python3.8/site-packages/airflow/example_dags/subdags/subdag.py took 0.014 seconds
[2022-06-22 01:21:30,479] {processor.py:153} INFO - Started process (PID=6814) to work on /root/airflow_env/lib/python3.8/site-packages/airflow/example_dags/subdags/subdag.py
[2022-06-22 01:21:30,479] {processor.py:641} INFO - Processing file /root/airflow_env/lib/python3.8/site-packages/airflow/example_dags/subdags/subdag.py for tasks to queue
[2022-06-22 01:21:30,480] {logging_mixin.py:115} INFO - [2022-06-22 01:21:30,480] {dagbag.py:507} INFO - Filling up the DagBag from /root/airflow_env/lib/python3.8/site-packages/airflow/example_dags/subdags/subdag.py
[2022-06-22 01:21:30,480] {processor.py:653} WARNING - No viable dags retrieved from /root/airflow_env/lib/python3.8/site-packages/airflow/example_dags/subdags/subdag.py
[2022-06-22 01:21:30,487] {processor.py:161} INFO - Processing /root/airflow_env/lib/python3.8/site-packages/airflow/example_dags/subdags/subdag.py took 0.010 seconds
[2022-06-22 01:22:09,469] {processor.py:153} INFO - Started process (PID=6856) to work on /root/airflow_env/lib/python3.8/site-packages/airflow/example_dags/subdags/subdag.py
[2022-06-22 01:22:09,469] {processor.py:641} INFO - Processing file /root/airflow_env/lib/python3.8/site-packages/airflow/example_dags/subdags/subdag.py for tasks to queue
[2022-06-22 01:22:09,470] {logging_mixin.py:115} INFO - [2022-06-22 01:22:09,470] {dagbag.py:507} INFO - Filling up the DagBag from /root/airflow_env/lib/python3.8/site-packages/airflow/example_dags/subdags/subdag.py
[2022-06-22 01:22:09,470] {processor.py:653} WARNING - No viable dags retrieved from /root/airflow_env/lib/python3.8/site-packages/airflow/example_dags/subdags/subdag.py
[2022-06-22 01:22:09,477] {processor.py:161} INFO - Processing /root/airflow_env/lib/python3.8/site-packages/airflow/example_dags/subdags/subdag.py took 0.012 seconds
[2022-06-22 01:23:07,836] {processor.py:153} INFO - Started process (PID=6957) to work on /root/airflow_env/lib/python3.8/site-packages/airflow/example_dags/subdags/subdag.py
[2022-06-22 01:23:07,840] {processor.py:641} INFO - Processing file /root/airflow_env/lib/python3.8/site-packages/airflow/example_dags/subdags/subdag.py for tasks to queue
[2022-06-22 01:23:07,840] {logging_mixin.py:115} INFO - [2022-06-22 01:23:07,840] {dagbag.py:507} INFO - Filling up the DagBag from /root/airflow_env/lib/python3.8/site-packages/airflow/example_dags/subdags/subdag.py
[2022-06-22 01:23:07,841] {processor.py:653} WARNING - No viable dags retrieved from /root/airflow_env/lib/python3.8/site-packages/airflow/example_dags/subdags/subdag.py
[2022-06-22 01:23:07,846] {processor.py:161} INFO - Processing /root/airflow_env/lib/python3.8/site-packages/airflow/example_dags/subdags/subdag.py took 0.012 seconds
[2022-06-22 01:23:47,928] {processor.py:153} INFO - Started process (PID=6999) to work on /root/airflow_env/lib/python3.8/site-packages/airflow/example_dags/subdags/subdag.py
[2022-06-22 01:23:47,932] {processor.py:641} INFO - Processing file /root/airflow_env/lib/python3.8/site-packages/airflow/example_dags/subdags/subdag.py for tasks to queue
[2022-06-22 01:23:47,932] {logging_mixin.py:115} INFO - [2022-06-22 01:23:47,932] {dagbag.py:507} INFO - Filling up the DagBag from /root/airflow_env/lib/python3.8/site-packages/airflow/example_dags/subdags/subdag.py
[2022-06-22 01:23:47,933] {processor.py:653} WARNING - No viable dags retrieved from /root/airflow_env/lib/python3.8/site-packages/airflow/example_dags/subdags/subdag.py
[2022-06-22 01:23:47,939] {processor.py:161} INFO - Processing /root/airflow_env/lib/python3.8/site-packages/airflow/example_dags/subdags/subdag.py took 0.015 seconds
[2022-06-22 01:24:29,043] {processor.py:153} INFO - Started process (PID=7237) to work on /root/airflow_env/lib/python3.8/site-packages/airflow/example_dags/subdags/subdag.py
[2022-06-22 01:24:29,046] {processor.py:641} INFO - Processing file /root/airflow_env/lib/python3.8/site-packages/airflow/example_dags/subdags/subdag.py for tasks to queue
[2022-06-22 01:24:29,046] {logging_mixin.py:115} INFO - [2022-06-22 01:24:29,046] {dagbag.py:507} INFO - Filling up the DagBag from /root/airflow_env/lib/python3.8/site-packages/airflow/example_dags/subdags/subdag.py
[2022-06-22 01:24:29,047] {processor.py:653} WARNING - No viable dags retrieved from /root/airflow_env/lib/python3.8/site-packages/airflow/example_dags/subdags/subdag.py
[2022-06-22 01:24:29,053] {processor.py:161} INFO - Processing /root/airflow_env/lib/python3.8/site-packages/airflow/example_dags/subdags/subdag.py took 0.011 seconds
[2022-06-22 01:25:07,265] {processor.py:153} INFO - Started process (PID=7277) to work on /root/airflow_env/lib/python3.8/site-packages/airflow/example_dags/subdags/subdag.py
[2022-06-22 01:25:07,269] {processor.py:641} INFO - Processing file /root/airflow_env/lib/python3.8/site-packages/airflow/example_dags/subdags/subdag.py for tasks to queue
[2022-06-22 01:25:07,269] {logging_mixin.py:115} INFO - [2022-06-22 01:25:07,269] {dagbag.py:507} INFO - Filling up the DagBag from /root/airflow_env/lib/python3.8/site-packages/airflow/example_dags/subdags/subdag.py
[2022-06-22 01:25:07,270] {processor.py:653} WARNING - No viable dags retrieved from /root/airflow_env/lib/python3.8/site-packages/airflow/example_dags/subdags/subdag.py
[2022-06-22 01:25:07,276] {processor.py:161} INFO - Processing /root/airflow_env/lib/python3.8/site-packages/airflow/example_dags/subdags/subdag.py took 0.013 seconds
[2022-06-22 01:29:07,122] {processor.py:153} INFO - Started process (PID=7379) to work on /root/airflow_env/lib/python3.8/site-packages/airflow/example_dags/subdags/subdag.py
[2022-06-22 01:29:07,124] {processor.py:641} INFO - Processing file /root/airflow_env/lib/python3.8/site-packages/airflow/example_dags/subdags/subdag.py for tasks to queue
[2022-06-22 01:29:07,124] {logging_mixin.py:115} INFO - [2022-06-22 01:29:07,124] {dagbag.py:507} INFO - Filling up the DagBag from /root/airflow_env/lib/python3.8/site-packages/airflow/example_dags/subdags/subdag.py
[2022-06-22 01:29:07,125] {processor.py:653} WARNING - No viable dags retrieved from /root/airflow_env/lib/python3.8/site-packages/airflow/example_dags/subdags/subdag.py
[2022-06-22 01:29:07,131] {processor.py:161} INFO - Processing /root/airflow_env/lib/python3.8/site-packages/airflow/example_dags/subdags/subdag.py took 0.011 seconds
[2022-06-22 01:29:49,517] {processor.py:153} INFO - Started process (PID=7421) to work on /root/airflow_env/lib/python3.8/site-packages/airflow/example_dags/subdags/subdag.py
[2022-06-22 01:29:49,520] {processor.py:641} INFO - Processing file /root/airflow_env/lib/python3.8/site-packages/airflow/example_dags/subdags/subdag.py for tasks to queue
[2022-06-22 01:29:49,520] {logging_mixin.py:115} INFO - [2022-06-22 01:29:49,520] {dagbag.py:507} INFO - Filling up the DagBag from /root/airflow_env/lib/python3.8/site-packages/airflow/example_dags/subdags/subdag.py
[2022-06-22 01:29:49,521] {processor.py:653} WARNING - No viable dags retrieved from /root/airflow_env/lib/python3.8/site-packages/airflow/example_dags/subdags/subdag.py
[2022-06-22 01:29:49,527] {processor.py:161} INFO - Processing /root/airflow_env/lib/python3.8/site-packages/airflow/example_dags/subdags/subdag.py took 0.012 seconds
[2022-06-22 01:30:33,474] {processor.py:153} INFO - Started process (PID=7465) to work on /root/airflow_env/lib/python3.8/site-packages/airflow/example_dags/subdags/subdag.py
[2022-06-22 01:30:33,477] {processor.py:641} INFO - Processing file /root/airflow_env/lib/python3.8/site-packages/airflow/example_dags/subdags/subdag.py for tasks to queue
[2022-06-22 01:30:33,478] {logging_mixin.py:115} INFO - [2022-06-22 01:30:33,478] {dagbag.py:507} INFO - Filling up the DagBag from /root/airflow_env/lib/python3.8/site-packages/airflow/example_dags/subdags/subdag.py
[2022-06-22 01:30:33,479] {processor.py:653} WARNING - No viable dags retrieved from /root/airflow_env/lib/python3.8/site-packages/airflow/example_dags/subdags/subdag.py
[2022-06-22 01:30:33,484] {processor.py:161} INFO - Processing /root/airflow_env/lib/python3.8/site-packages/airflow/example_dags/subdags/subdag.py took 0.012 seconds
[2022-06-22 01:31:10,622] {processor.py:153} INFO - Started process (PID=7504) to work on /root/airflow_env/lib/python3.8/site-packages/airflow/example_dags/subdags/subdag.py
[2022-06-22 01:31:10,625] {processor.py:641} INFO - Processing file /root/airflow_env/lib/python3.8/site-packages/airflow/example_dags/subdags/subdag.py for tasks to queue
[2022-06-22 01:31:10,626] {logging_mixin.py:115} INFO - [2022-06-22 01:31:10,626] {dagbag.py:507} INFO - Filling up the DagBag from /root/airflow_env/lib/python3.8/site-packages/airflow/example_dags/subdags/subdag.py
[2022-06-22 01:31:10,628] {processor.py:653} WARNING - No viable dags retrieved from /root/airflow_env/lib/python3.8/site-packages/airflow/example_dags/subdags/subdag.py
[2022-06-22 01:31:10,634] {processor.py:161} INFO - Processing /root/airflow_env/lib/python3.8/site-packages/airflow/example_dags/subdags/subdag.py took 0.015 seconds
[2022-06-22 01:31:48,161] {processor.py:153} INFO - Started process (PID=7543) to work on /root/airflow_env/lib/python3.8/site-packages/airflow/example_dags/subdags/subdag.py
[2022-06-22 01:31:48,163] {processor.py:641} INFO - Processing file /root/airflow_env/lib/python3.8/site-packages/airflow/example_dags/subdags/subdag.py for tasks to queue
[2022-06-22 01:31:48,164] {logging_mixin.py:115} INFO - [2022-06-22 01:31:48,164] {dagbag.py:507} INFO - Filling up the DagBag from /root/airflow_env/lib/python3.8/site-packages/airflow/example_dags/subdags/subdag.py
[2022-06-22 01:31:48,164] {processor.py:653} WARNING - No viable dags retrieved from /root/airflow_env/lib/python3.8/site-packages/airflow/example_dags/subdags/subdag.py
[2022-06-22 01:31:48,171] {processor.py:161} INFO - Processing /root/airflow_env/lib/python3.8/site-packages/airflow/example_dags/subdags/subdag.py took 0.011 seconds
[2022-06-22 01:32:26,443] {processor.py:153} INFO - Started process (PID=7582) to work on /root/airflow_env/lib/python3.8/site-packages/airflow/example_dags/subdags/subdag.py
[2022-06-22 01:32:26,445] {processor.py:641} INFO - Processing file /root/airflow_env/lib/python3.8/site-packages/airflow/example_dags/subdags/subdag.py for tasks to queue
[2022-06-22 01:32:26,446] {logging_mixin.py:115} INFO - [2022-06-22 01:32:26,446] {dagbag.py:507} INFO - Filling up the DagBag from /root/airflow_env/lib/python3.8/site-packages/airflow/example_dags/subdags/subdag.py
[2022-06-22 01:32:26,447] {processor.py:653} WARNING - No viable dags retrieved from /root/airflow_env/lib/python3.8/site-packages/airflow/example_dags/subdags/subdag.py
[2022-06-22 01:32:26,453] {processor.py:161} INFO - Processing /root/airflow_env/lib/python3.8/site-packages/airflow/example_dags/subdags/subdag.py took 0.012 seconds
[2022-06-22 01:33:04,101] {processor.py:153} INFO - Started process (PID=7629) to work on /root/airflow_env/lib/python3.8/site-packages/airflow/example_dags/subdags/subdag.py
[2022-06-22 01:33:04,103] {processor.py:641} INFO - Processing file /root/airflow_env/lib/python3.8/site-packages/airflow/example_dags/subdags/subdag.py for tasks to queue
[2022-06-22 01:33:04,104] {logging_mixin.py:115} INFO - [2022-06-22 01:33:04,104] {dagbag.py:507} INFO - Filling up the DagBag from /root/airflow_env/lib/python3.8/site-packages/airflow/example_dags/subdags/subdag.py
[2022-06-22 01:33:04,105] {processor.py:653} WARNING - No viable dags retrieved from /root/airflow_env/lib/python3.8/site-packages/airflow/example_dags/subdags/subdag.py
[2022-06-22 01:33:04,111] {processor.py:161} INFO - Processing /root/airflow_env/lib/python3.8/site-packages/airflow/example_dags/subdags/subdag.py took 0.012 seconds
[2022-06-22 01:33:46,421] {processor.py:153} INFO - Started process (PID=7682) to work on /root/airflow_env/lib/python3.8/site-packages/airflow/example_dags/subdags/subdag.py
[2022-06-22 01:33:46,423] {processor.py:641} INFO - Processing file /root/airflow_env/lib/python3.8/site-packages/airflow/example_dags/subdags/subdag.py for tasks to queue
[2022-06-22 01:33:46,423] {logging_mixin.py:115} INFO - [2022-06-22 01:33:46,423] {dagbag.py:507} INFO - Filling up the DagBag from /root/airflow_env/lib/python3.8/site-packages/airflow/example_dags/subdags/subdag.py
[2022-06-22 01:33:46,424] {processor.py:653} WARNING - No viable dags retrieved from /root/airflow_env/lib/python3.8/site-packages/airflow/example_dags/subdags/subdag.py
[2022-06-22 01:33:46,430] {processor.py:161} INFO - Processing /root/airflow_env/lib/python3.8/site-packages/airflow/example_dags/subdags/subdag.py took 0.011 seconds
[2022-06-22 01:34:30,253] {processor.py:153} INFO - Started process (PID=7734) to work on /root/airflow_env/lib/python3.8/site-packages/airflow/example_dags/subdags/subdag.py
[2022-06-22 01:34:30,256] {processor.py:641} INFO - Processing file /root/airflow_env/lib/python3.8/site-packages/airflow/example_dags/subdags/subdag.py for tasks to queue
[2022-06-22 01:34:30,257] {logging_mixin.py:115} INFO - [2022-06-22 01:34:30,257] {dagbag.py:507} INFO - Filling up the DagBag from /root/airflow_env/lib/python3.8/site-packages/airflow/example_dags/subdags/subdag.py
[2022-06-22 01:34:30,258] {processor.py:653} WARNING - No viable dags retrieved from /root/airflow_env/lib/python3.8/site-packages/airflow/example_dags/subdags/subdag.py
[2022-06-22 01:34:30,264] {processor.py:161} INFO - Processing /root/airflow_env/lib/python3.8/site-packages/airflow/example_dags/subdags/subdag.py took 0.013 seconds
[2022-06-22 01:35:45,885] {processor.py:153} INFO - Started process (PID=7846) to work on /root/airflow_env/lib/python3.8/site-packages/airflow/example_dags/subdags/subdag.py
[2022-06-22 01:35:45,888] {processor.py:641} INFO - Processing file /root/airflow_env/lib/python3.8/site-packages/airflow/example_dags/subdags/subdag.py for tasks to queue
[2022-06-22 01:35:45,889] {logging_mixin.py:115} INFO - [2022-06-22 01:35:45,889] {dagbag.py:507} INFO - Filling up the DagBag from /root/airflow_env/lib/python3.8/site-packages/airflow/example_dags/subdags/subdag.py
[2022-06-22 01:35:45,889] {processor.py:653} WARNING - No viable dags retrieved from /root/airflow_env/lib/python3.8/site-packages/airflow/example_dags/subdags/subdag.py
[2022-06-22 01:35:45,896] {processor.py:161} INFO - Processing /root/airflow_env/lib/python3.8/site-packages/airflow/example_dags/subdags/subdag.py took 0.013 seconds
[2022-06-22 01:36:30,186] {processor.py:153} INFO - Started process (PID=7891) to work on /root/airflow_env/lib/python3.8/site-packages/airflow/example_dags/subdags/subdag.py
[2022-06-22 01:36:30,186] {processor.py:641} INFO - Processing file /root/airflow_env/lib/python3.8/site-packages/airflow/example_dags/subdags/subdag.py for tasks to queue
[2022-06-22 01:36:30,187] {logging_mixin.py:115} INFO - [2022-06-22 01:36:30,187] {dagbag.py:507} INFO - Filling up the DagBag from /root/airflow_env/lib/python3.8/site-packages/airflow/example_dags/subdags/subdag.py
[2022-06-22 01:36:30,188] {processor.py:653} WARNING - No viable dags retrieved from /root/airflow_env/lib/python3.8/site-packages/airflow/example_dags/subdags/subdag.py
[2022-06-22 01:36:30,194] {processor.py:161} INFO - Processing /root/airflow_env/lib/python3.8/site-packages/airflow/example_dags/subdags/subdag.py took 0.011 seconds
[2022-06-22 01:37:10,599] {processor.py:153} INFO - Started process (PID=7930) to work on /root/airflow_env/lib/python3.8/site-packages/airflow/example_dags/subdags/subdag.py
[2022-06-22 01:37:10,602] {processor.py:641} INFO - Processing file /root/airflow_env/lib/python3.8/site-packages/airflow/example_dags/subdags/subdag.py for tasks to queue
[2022-06-22 01:37:10,602] {logging_mixin.py:115} INFO - [2022-06-22 01:37:10,602] {dagbag.py:507} INFO - Filling up the DagBag from /root/airflow_env/lib/python3.8/site-packages/airflow/example_dags/subdags/subdag.py
[2022-06-22 01:37:10,603] {processor.py:653} WARNING - No viable dags retrieved from /root/airflow_env/lib/python3.8/site-packages/airflow/example_dags/subdags/subdag.py
[2022-06-22 01:37:10,610] {processor.py:161} INFO - Processing /root/airflow_env/lib/python3.8/site-packages/airflow/example_dags/subdags/subdag.py took 0.013 seconds
[2022-06-22 01:37:47,328] {processor.py:153} INFO - Started process (PID=7971) to work on /root/airflow_env/lib/python3.8/site-packages/airflow/example_dags/subdags/subdag.py
[2022-06-22 01:37:47,330] {processor.py:641} INFO - Processing file /root/airflow_env/lib/python3.8/site-packages/airflow/example_dags/subdags/subdag.py for tasks to queue
[2022-06-22 01:37:47,331] {logging_mixin.py:115} INFO - [2022-06-22 01:37:47,331] {dagbag.py:507} INFO - Filling up the DagBag from /root/airflow_env/lib/python3.8/site-packages/airflow/example_dags/subdags/subdag.py
[2022-06-22 01:37:47,332] {processor.py:653} WARNING - No viable dags retrieved from /root/airflow_env/lib/python3.8/site-packages/airflow/example_dags/subdags/subdag.py
[2022-06-22 01:37:47,338] {processor.py:161} INFO - Processing /root/airflow_env/lib/python3.8/site-packages/airflow/example_dags/subdags/subdag.py took 0.012 seconds
[2022-06-22 01:38:29,669] {processor.py:153} INFO - Started process (PID=8013) to work on /root/airflow_env/lib/python3.8/site-packages/airflow/example_dags/subdags/subdag.py
[2022-06-22 01:38:29,672] {processor.py:641} INFO - Processing file /root/airflow_env/lib/python3.8/site-packages/airflow/example_dags/subdags/subdag.py for tasks to queue
[2022-06-22 01:38:29,672] {logging_mixin.py:115} INFO - [2022-06-22 01:38:29,672] {dagbag.py:507} INFO - Filling up the DagBag from /root/airflow_env/lib/python3.8/site-packages/airflow/example_dags/subdags/subdag.py
[2022-06-22 01:38:29,674] {processor.py:653} WARNING - No viable dags retrieved from /root/airflow_env/lib/python3.8/site-packages/airflow/example_dags/subdags/subdag.py
[2022-06-22 01:38:29,680] {processor.py:161} INFO - Processing /root/airflow_env/lib/python3.8/site-packages/airflow/example_dags/subdags/subdag.py took 0.012 seconds
[2022-06-22 01:39:08,043] {processor.py:153} INFO - Started process (PID=8052) to work on /root/airflow_env/lib/python3.8/site-packages/airflow/example_dags/subdags/subdag.py
[2022-06-22 01:39:08,045] {processor.py:641} INFO - Processing file /root/airflow_env/lib/python3.8/site-packages/airflow/example_dags/subdags/subdag.py for tasks to queue
[2022-06-22 01:39:08,046] {logging_mixin.py:115} INFO - [2022-06-22 01:39:08,046] {dagbag.py:507} INFO - Filling up the DagBag from /root/airflow_env/lib/python3.8/site-packages/airflow/example_dags/subdags/subdag.py
[2022-06-22 01:39:08,047] {processor.py:653} WARNING - No viable dags retrieved from /root/airflow_env/lib/python3.8/site-packages/airflow/example_dags/subdags/subdag.py
[2022-06-22 01:39:08,053] {processor.py:161} INFO - Processing /root/airflow_env/lib/python3.8/site-packages/airflow/example_dags/subdags/subdag.py took 0.012 seconds
[2022-06-22 01:39:45,933] {processor.py:153} INFO - Started process (PID=8091) to work on /root/airflow_env/lib/python3.8/site-packages/airflow/example_dags/subdags/subdag.py
[2022-06-22 01:39:45,935] {processor.py:641} INFO - Processing file /root/airflow_env/lib/python3.8/site-packages/airflow/example_dags/subdags/subdag.py for tasks to queue
[2022-06-22 01:39:45,935] {logging_mixin.py:115} INFO - [2022-06-22 01:39:45,935] {dagbag.py:507} INFO - Filling up the DagBag from /root/airflow_env/lib/python3.8/site-packages/airflow/example_dags/subdags/subdag.py
[2022-06-22 01:39:45,936] {processor.py:653} WARNING - No viable dags retrieved from /root/airflow_env/lib/python3.8/site-packages/airflow/example_dags/subdags/subdag.py
[2022-06-22 01:39:45,942] {processor.py:161} INFO - Processing /root/airflow_env/lib/python3.8/site-packages/airflow/example_dags/subdags/subdag.py took 0.011 seconds
[2022-06-22 01:40:26,621] {processor.py:153} INFO - Started process (PID=8132) to work on /root/airflow_env/lib/python3.8/site-packages/airflow/example_dags/subdags/subdag.py
[2022-06-22 01:40:26,623] {processor.py:641} INFO - Processing file /root/airflow_env/lib/python3.8/site-packages/airflow/example_dags/subdags/subdag.py for tasks to queue
[2022-06-22 01:40:26,623] {logging_mixin.py:115} INFO - [2022-06-22 01:40:26,623] {dagbag.py:507} INFO - Filling up the DagBag from /root/airflow_env/lib/python3.8/site-packages/airflow/example_dags/subdags/subdag.py
[2022-06-22 01:40:26,624] {processor.py:653} WARNING - No viable dags retrieved from /root/airflow_env/lib/python3.8/site-packages/airflow/example_dags/subdags/subdag.py
[2022-06-22 01:40:26,630] {processor.py:161} INFO - Processing /root/airflow_env/lib/python3.8/site-packages/airflow/example_dags/subdags/subdag.py took 0.011 seconds
[2022-06-22 01:41:09,743] {processor.py:153} INFO - Started process (PID=8177) to work on /root/airflow_env/lib/python3.8/site-packages/airflow/example_dags/subdags/subdag.py
[2022-06-22 01:41:09,746] {processor.py:641} INFO - Processing file /root/airflow_env/lib/python3.8/site-packages/airflow/example_dags/subdags/subdag.py for tasks to queue
[2022-06-22 01:41:09,747] {logging_mixin.py:115} INFO - [2022-06-22 01:41:09,747] {dagbag.py:507} INFO - Filling up the DagBag from /root/airflow_env/lib/python3.8/site-packages/airflow/example_dags/subdags/subdag.py
[2022-06-22 01:41:09,748] {processor.py:653} WARNING - No viable dags retrieved from /root/airflow_env/lib/python3.8/site-packages/airflow/example_dags/subdags/subdag.py
[2022-06-22 01:41:09,754] {processor.py:161} INFO - Processing /root/airflow_env/lib/python3.8/site-packages/airflow/example_dags/subdags/subdag.py took 0.013 seconds
[2022-06-22 01:41:55,198] {processor.py:153} INFO - Started process (PID=8223) to work on /root/airflow_env/lib/python3.8/site-packages/airflow/example_dags/subdags/subdag.py
[2022-06-22 01:41:55,200] {processor.py:641} INFO - Processing file /root/airflow_env/lib/python3.8/site-packages/airflow/example_dags/subdags/subdag.py for tasks to queue
[2022-06-22 01:41:55,200] {logging_mixin.py:115} INFO - [2022-06-22 01:41:55,200] {dagbag.py:507} INFO - Filling up the DagBag from /root/airflow_env/lib/python3.8/site-packages/airflow/example_dags/subdags/subdag.py
[2022-06-22 01:41:55,201] {processor.py:653} WARNING - No viable dags retrieved from /root/airflow_env/lib/python3.8/site-packages/airflow/example_dags/subdags/subdag.py
[2022-06-22 01:41:55,208] {processor.py:161} INFO - Processing /root/airflow_env/lib/python3.8/site-packages/airflow/example_dags/subdags/subdag.py took 0.012 seconds
[2022-06-22 01:42:34,487] {processor.py:153} INFO - Started process (PID=8264) to work on /root/airflow_env/lib/python3.8/site-packages/airflow/example_dags/subdags/subdag.py
[2022-06-22 01:42:34,490] {processor.py:641} INFO - Processing file /root/airflow_env/lib/python3.8/site-packages/airflow/example_dags/subdags/subdag.py for tasks to queue
[2022-06-22 01:42:34,491] {logging_mixin.py:115} INFO - [2022-06-22 01:42:34,491] {dagbag.py:507} INFO - Filling up the DagBag from /root/airflow_env/lib/python3.8/site-packages/airflow/example_dags/subdags/subdag.py
[2022-06-22 01:42:34,492] {processor.py:653} WARNING - No viable dags retrieved from /root/airflow_env/lib/python3.8/site-packages/airflow/example_dags/subdags/subdag.py
[2022-06-22 01:42:34,499] {processor.py:161} INFO - Processing /root/airflow_env/lib/python3.8/site-packages/airflow/example_dags/subdags/subdag.py took 0.013 seconds
[2022-06-22 01:43:12,477] {processor.py:153} INFO - Started process (PID=8303) to work on /root/airflow_env/lib/python3.8/site-packages/airflow/example_dags/subdags/subdag.py
[2022-06-22 01:43:12,479] {processor.py:641} INFO - Processing file /root/airflow_env/lib/python3.8/site-packages/airflow/example_dags/subdags/subdag.py for tasks to queue
[2022-06-22 01:43:12,479] {logging_mixin.py:115} INFO - [2022-06-22 01:43:12,479] {dagbag.py:507} INFO - Filling up the DagBag from /root/airflow_env/lib/python3.8/site-packages/airflow/example_dags/subdags/subdag.py
[2022-06-22 01:43:12,480] {processor.py:653} WARNING - No viable dags retrieved from /root/airflow_env/lib/python3.8/site-packages/airflow/example_dags/subdags/subdag.py
[2022-06-22 01:43:12,486] {processor.py:161} INFO - Processing /root/airflow_env/lib/python3.8/site-packages/airflow/example_dags/subdags/subdag.py took 0.010 seconds
[2022-06-22 01:43:50,766] {processor.py:153} INFO - Started process (PID=8344) to work on /root/airflow_env/lib/python3.8/site-packages/airflow/example_dags/subdags/subdag.py
[2022-06-22 01:43:50,768] {processor.py:641} INFO - Processing file /root/airflow_env/lib/python3.8/site-packages/airflow/example_dags/subdags/subdag.py for tasks to queue
[2022-06-22 01:43:50,768] {logging_mixin.py:115} INFO - [2022-06-22 01:43:50,768] {dagbag.py:507} INFO - Filling up the DagBag from /root/airflow_env/lib/python3.8/site-packages/airflow/example_dags/subdags/subdag.py
[2022-06-22 01:43:50,769] {processor.py:653} WARNING - No viable dags retrieved from /root/airflow_env/lib/python3.8/site-packages/airflow/example_dags/subdags/subdag.py
[2022-06-22 01:43:50,777] {processor.py:161} INFO - Processing /root/airflow_env/lib/python3.8/site-packages/airflow/example_dags/subdags/subdag.py took 0.012 seconds
[2022-06-22 01:44:31,892] {processor.py:153} INFO - Started process (PID=8412) to work on /root/airflow_env/lib/python3.8/site-packages/airflow/example_dags/subdags/subdag.py
[2022-06-22 01:44:31,894] {processor.py:641} INFO - Processing file /root/airflow_env/lib/python3.8/site-packages/airflow/example_dags/subdags/subdag.py for tasks to queue
[2022-06-22 01:44:31,895] {logging_mixin.py:115} INFO - [2022-06-22 01:44:31,895] {dagbag.py:507} INFO - Filling up the DagBag from /root/airflow_env/lib/python3.8/site-packages/airflow/example_dags/subdags/subdag.py
[2022-06-22 01:44:31,895] {processor.py:653} WARNING - No viable dags retrieved from /root/airflow_env/lib/python3.8/site-packages/airflow/example_dags/subdags/subdag.py
[2022-06-22 01:44:31,903] {processor.py:161} INFO - Processing /root/airflow_env/lib/python3.8/site-packages/airflow/example_dags/subdags/subdag.py took 0.012 seconds
[2022-06-22 01:45:14,678] {processor.py:153} INFO - Started process (PID=8472) to work on /root/airflow_env/lib/python3.8/site-packages/airflow/example_dags/subdags/subdag.py
[2022-06-22 01:45:14,680] {processor.py:641} INFO - Processing file /root/airflow_env/lib/python3.8/site-packages/airflow/example_dags/subdags/subdag.py for tasks to queue
[2022-06-22 01:45:14,680] {logging_mixin.py:115} INFO - [2022-06-22 01:45:14,680] {dagbag.py:507} INFO - Filling up the DagBag from /root/airflow_env/lib/python3.8/site-packages/airflow/example_dags/subdags/subdag.py
[2022-06-22 01:45:14,681] {processor.py:653} WARNING - No viable dags retrieved from /root/airflow_env/lib/python3.8/site-packages/airflow/example_dags/subdags/subdag.py
[2022-06-22 01:45:14,687] {processor.py:161} INFO - Processing /root/airflow_env/lib/python3.8/site-packages/airflow/example_dags/subdags/subdag.py took 0.014 seconds
[2022-06-22 01:45:53,122] {processor.py:153} INFO - Started process (PID=8512) to work on /root/airflow_env/lib/python3.8/site-packages/airflow/example_dags/subdags/subdag.py
[2022-06-22 01:45:53,125] {processor.py:641} INFO - Processing file /root/airflow_env/lib/python3.8/site-packages/airflow/example_dags/subdags/subdag.py for tasks to queue
[2022-06-22 01:45:53,125] {logging_mixin.py:115} INFO - [2022-06-22 01:45:53,125] {dagbag.py:507} INFO - Filling up the DagBag from /root/airflow_env/lib/python3.8/site-packages/airflow/example_dags/subdags/subdag.py
[2022-06-22 01:45:53,126] {processor.py:653} WARNING - No viable dags retrieved from /root/airflow_env/lib/python3.8/site-packages/airflow/example_dags/subdags/subdag.py
[2022-06-22 01:45:53,132] {processor.py:161} INFO - Processing /root/airflow_env/lib/python3.8/site-packages/airflow/example_dags/subdags/subdag.py took 0.012 seconds
[2022-06-22 01:46:32,984] {processor.py:153} INFO - Started process (PID=8552) to work on /root/airflow_env/lib/python3.8/site-packages/airflow/example_dags/subdags/subdag.py
[2022-06-22 01:46:32,988] {processor.py:641} INFO - Processing file /root/airflow_env/lib/python3.8/site-packages/airflow/example_dags/subdags/subdag.py for tasks to queue
[2022-06-22 01:46:32,988] {logging_mixin.py:115} INFO - [2022-06-22 01:46:32,988] {dagbag.py:507} INFO - Filling up the DagBag from /root/airflow_env/lib/python3.8/site-packages/airflow/example_dags/subdags/subdag.py
[2022-06-22 01:46:32,989] {processor.py:653} WARNING - No viable dags retrieved from /root/airflow_env/lib/python3.8/site-packages/airflow/example_dags/subdags/subdag.py
[2022-06-22 01:46:32,995] {processor.py:161} INFO - Processing /root/airflow_env/lib/python3.8/site-packages/airflow/example_dags/subdags/subdag.py took 0.012 seconds
[2022-06-22 01:47:14,430] {processor.py:153} INFO - Started process (PID=8595) to work on /root/airflow_env/lib/python3.8/site-packages/airflow/example_dags/subdags/subdag.py
[2022-06-22 01:47:14,432] {processor.py:641} INFO - Processing file /root/airflow_env/lib/python3.8/site-packages/airflow/example_dags/subdags/subdag.py for tasks to queue
[2022-06-22 01:47:14,432] {logging_mixin.py:115} INFO - [2022-06-22 01:47:14,432] {dagbag.py:507} INFO - Filling up the DagBag from /root/airflow_env/lib/python3.8/site-packages/airflow/example_dags/subdags/subdag.py
[2022-06-22 01:47:14,433] {processor.py:653} WARNING - No viable dags retrieved from /root/airflow_env/lib/python3.8/site-packages/airflow/example_dags/subdags/subdag.py
[2022-06-22 01:47:14,442] {processor.py:161} INFO - Processing /root/airflow_env/lib/python3.8/site-packages/airflow/example_dags/subdags/subdag.py took 0.013 seconds
[2022-06-22 01:47:54,517] {processor.py:153} INFO - Started process (PID=8635) to work on /root/airflow_env/lib/python3.8/site-packages/airflow/example_dags/subdags/subdag.py
[2022-06-22 01:47:54,519] {processor.py:641} INFO - Processing file /root/airflow_env/lib/python3.8/site-packages/airflow/example_dags/subdags/subdag.py for tasks to queue
[2022-06-22 01:47:54,519] {logging_mixin.py:115} INFO - [2022-06-22 01:47:54,519] {dagbag.py:507} INFO - Filling up the DagBag from /root/airflow_env/lib/python3.8/site-packages/airflow/example_dags/subdags/subdag.py
[2022-06-22 01:47:54,520] {processor.py:653} WARNING - No viable dags retrieved from /root/airflow_env/lib/python3.8/site-packages/airflow/example_dags/subdags/subdag.py
[2022-06-22 01:47:54,526] {processor.py:161} INFO - Processing /root/airflow_env/lib/python3.8/site-packages/airflow/example_dags/subdags/subdag.py took 0.011 seconds
[2022-06-22 01:48:34,249] {processor.py:153} INFO - Started process (PID=8683) to work on /root/airflow_env/lib/python3.8/site-packages/airflow/example_dags/subdags/subdag.py
[2022-06-22 01:48:34,251] {processor.py:641} INFO - Processing file /root/airflow_env/lib/python3.8/site-packages/airflow/example_dags/subdags/subdag.py for tasks to queue
[2022-06-22 01:48:34,251] {logging_mixin.py:115} INFO - [2022-06-22 01:48:34,251] {dagbag.py:507} INFO - Filling up the DagBag from /root/airflow_env/lib/python3.8/site-packages/airflow/example_dags/subdags/subdag.py
[2022-06-22 01:48:34,252] {processor.py:653} WARNING - No viable dags retrieved from /root/airflow_env/lib/python3.8/site-packages/airflow/example_dags/subdags/subdag.py
[2022-06-22 01:48:34,258] {processor.py:161} INFO - Processing /root/airflow_env/lib/python3.8/site-packages/airflow/example_dags/subdags/subdag.py took 0.011 seconds
[2022-06-22 01:49:10,741] {processor.py:153} INFO - Started process (PID=8726) to work on /root/airflow_env/lib/python3.8/site-packages/airflow/example_dags/subdags/subdag.py
[2022-06-22 01:49:10,743] {processor.py:641} INFO - Processing file /root/airflow_env/lib/python3.8/site-packages/airflow/example_dags/subdags/subdag.py for tasks to queue
[2022-06-22 01:49:10,743] {logging_mixin.py:115} INFO - [2022-06-22 01:49:10,743] {dagbag.py:507} INFO - Filling up the DagBag from /root/airflow_env/lib/python3.8/site-packages/airflow/example_dags/subdags/subdag.py
[2022-06-22 01:49:10,744] {processor.py:653} WARNING - No viable dags retrieved from /root/airflow_env/lib/python3.8/site-packages/airflow/example_dags/subdags/subdag.py
[2022-06-22 01:49:10,751] {processor.py:161} INFO - Processing /root/airflow_env/lib/python3.8/site-packages/airflow/example_dags/subdags/subdag.py took 0.012 seconds
[2022-06-22 01:49:51,220] {processor.py:153} INFO - Started process (PID=8766) to work on /root/airflow_env/lib/python3.8/site-packages/airflow/example_dags/subdags/subdag.py
[2022-06-22 01:49:51,223] {processor.py:641} INFO - Processing file /root/airflow_env/lib/python3.8/site-packages/airflow/example_dags/subdags/subdag.py for tasks to queue
[2022-06-22 01:49:51,224] {logging_mixin.py:115} INFO - [2022-06-22 01:49:51,223] {dagbag.py:507} INFO - Filling up the DagBag from /root/airflow_env/lib/python3.8/site-packages/airflow/example_dags/subdags/subdag.py
[2022-06-22 01:49:51,224] {processor.py:653} WARNING - No viable dags retrieved from /root/airflow_env/lib/python3.8/site-packages/airflow/example_dags/subdags/subdag.py
[2022-06-22 01:49:51,231] {processor.py:161} INFO - Processing /root/airflow_env/lib/python3.8/site-packages/airflow/example_dags/subdags/subdag.py took 0.013 seconds
[2022-06-22 01:50:38,990] {processor.py:153} INFO - Started process (PID=8829) to work on /root/airflow_env/lib/python3.8/site-packages/airflow/example_dags/subdags/subdag.py
[2022-06-22 01:50:38,992] {processor.py:641} INFO - Processing file /root/airflow_env/lib/python3.8/site-packages/airflow/example_dags/subdags/subdag.py for tasks to queue
[2022-06-22 01:50:38,993] {logging_mixin.py:115} INFO - [2022-06-22 01:50:38,993] {dagbag.py:507} INFO - Filling up the DagBag from /root/airflow_env/lib/python3.8/site-packages/airflow/example_dags/subdags/subdag.py
[2022-06-22 01:50:38,994] {processor.py:653} WARNING - No viable dags retrieved from /root/airflow_env/lib/python3.8/site-packages/airflow/example_dags/subdags/subdag.py
[2022-06-22 01:50:39,001] {processor.py:161} INFO - Processing /root/airflow_env/lib/python3.8/site-packages/airflow/example_dags/subdags/subdag.py took 0.012 seconds
[2022-06-22 01:51:21,473] {processor.py:153} INFO - Started process (PID=8871) to work on /root/airflow_env/lib/python3.8/site-packages/airflow/example_dags/subdags/subdag.py
[2022-06-22 01:51:21,476] {processor.py:641} INFO - Processing file /root/airflow_env/lib/python3.8/site-packages/airflow/example_dags/subdags/subdag.py for tasks to queue
[2022-06-22 01:51:21,477] {logging_mixin.py:115} INFO - [2022-06-22 01:51:21,477] {dagbag.py:507} INFO - Filling up the DagBag from /root/airflow_env/lib/python3.8/site-packages/airflow/example_dags/subdags/subdag.py
[2022-06-22 01:51:21,478] {processor.py:653} WARNING - No viable dags retrieved from /root/airflow_env/lib/python3.8/site-packages/airflow/example_dags/subdags/subdag.py
[2022-06-22 01:51:21,486] {processor.py:161} INFO - Processing /root/airflow_env/lib/python3.8/site-packages/airflow/example_dags/subdags/subdag.py took 0.014 seconds
[2022-06-22 01:51:57,944] {processor.py:153} INFO - Started process (PID=8910) to work on /root/airflow_env/lib/python3.8/site-packages/airflow/example_dags/subdags/subdag.py
[2022-06-22 01:51:57,947] {processor.py:641} INFO - Processing file /root/airflow_env/lib/python3.8/site-packages/airflow/example_dags/subdags/subdag.py for tasks to queue
[2022-06-22 01:51:57,947] {logging_mixin.py:115} INFO - [2022-06-22 01:51:57,947] {dagbag.py:507} INFO - Filling up the DagBag from /root/airflow_env/lib/python3.8/site-packages/airflow/example_dags/subdags/subdag.py
[2022-06-22 01:51:57,948] {processor.py:653} WARNING - No viable dags retrieved from /root/airflow_env/lib/python3.8/site-packages/airflow/example_dags/subdags/subdag.py
[2022-06-22 01:51:57,956] {processor.py:161} INFO - Processing /root/airflow_env/lib/python3.8/site-packages/airflow/example_dags/subdags/subdag.py took 0.016 seconds
[2022-06-22 01:52:37,259] {processor.py:153} INFO - Started process (PID=8949) to work on /root/airflow_env/lib/python3.8/site-packages/airflow/example_dags/subdags/subdag.py
[2022-06-22 01:52:37,262] {processor.py:641} INFO - Processing file /root/airflow_env/lib/python3.8/site-packages/airflow/example_dags/subdags/subdag.py for tasks to queue
[2022-06-22 01:52:37,262] {logging_mixin.py:115} INFO - [2022-06-22 01:52:37,262] {dagbag.py:507} INFO - Filling up the DagBag from /root/airflow_env/lib/python3.8/site-packages/airflow/example_dags/subdags/subdag.py
[2022-06-22 01:52:37,263] {processor.py:653} WARNING - No viable dags retrieved from /root/airflow_env/lib/python3.8/site-packages/airflow/example_dags/subdags/subdag.py
[2022-06-22 01:52:37,271] {processor.py:161} INFO - Processing /root/airflow_env/lib/python3.8/site-packages/airflow/example_dags/subdags/subdag.py took 0.014 seconds
[2022-06-22 01:53:16,284] {processor.py:153} INFO - Started process (PID=8989) to work on /root/airflow_env/lib/python3.8/site-packages/airflow/example_dags/subdags/subdag.py
[2022-06-22 01:53:16,286] {processor.py:641} INFO - Processing file /root/airflow_env/lib/python3.8/site-packages/airflow/example_dags/subdags/subdag.py for tasks to queue
[2022-06-22 01:53:16,286] {logging_mixin.py:115} INFO - [2022-06-22 01:53:16,286] {dagbag.py:507} INFO - Filling up the DagBag from /root/airflow_env/lib/python3.8/site-packages/airflow/example_dags/subdags/subdag.py
[2022-06-22 01:53:16,287] {processor.py:653} WARNING - No viable dags retrieved from /root/airflow_env/lib/python3.8/site-packages/airflow/example_dags/subdags/subdag.py
[2022-06-22 01:53:16,294] {processor.py:161} INFO - Processing /root/airflow_env/lib/python3.8/site-packages/airflow/example_dags/subdags/subdag.py took 0.011 seconds
[2022-06-22 01:53:59,415] {processor.py:153} INFO - Started process (PID=9034) to work on /root/airflow_env/lib/python3.8/site-packages/airflow/example_dags/subdags/subdag.py
[2022-06-22 01:53:59,416] {processor.py:641} INFO - Processing file /root/airflow_env/lib/python3.8/site-packages/airflow/example_dags/subdags/subdag.py for tasks to queue
[2022-06-22 01:53:59,416] {logging_mixin.py:115} INFO - [2022-06-22 01:53:59,416] {dagbag.py:507} INFO - Filling up the DagBag from /root/airflow_env/lib/python3.8/site-packages/airflow/example_dags/subdags/subdag.py
[2022-06-22 01:53:59,417] {processor.py:653} WARNING - No viable dags retrieved from /root/airflow_env/lib/python3.8/site-packages/airflow/example_dags/subdags/subdag.py
[2022-06-22 01:53:59,424] {processor.py:161} INFO - Processing /root/airflow_env/lib/python3.8/site-packages/airflow/example_dags/subdags/subdag.py took 0.011 seconds
[2022-06-22 01:54:36,556] {processor.py:153} INFO - Started process (PID=9073) to work on /root/airflow_env/lib/python3.8/site-packages/airflow/example_dags/subdags/subdag.py
[2022-06-22 01:54:36,558] {processor.py:641} INFO - Processing file /root/airflow_env/lib/python3.8/site-packages/airflow/example_dags/subdags/subdag.py for tasks to queue
[2022-06-22 01:54:36,558] {logging_mixin.py:115} INFO - [2022-06-22 01:54:36,558] {dagbag.py:507} INFO - Filling up the DagBag from /root/airflow_env/lib/python3.8/site-packages/airflow/example_dags/subdags/subdag.py
[2022-06-22 01:54:36,559] {processor.py:653} WARNING - No viable dags retrieved from /root/airflow_env/lib/python3.8/site-packages/airflow/example_dags/subdags/subdag.py
[2022-06-22 01:54:36,566] {processor.py:161} INFO - Processing /root/airflow_env/lib/python3.8/site-packages/airflow/example_dags/subdags/subdag.py took 0.012 seconds
[2022-06-22 01:55:17,139] {processor.py:153} INFO - Started process (PID=9114) to work on /root/airflow_env/lib/python3.8/site-packages/airflow/example_dags/subdags/subdag.py
[2022-06-22 01:55:17,143] {processor.py:641} INFO - Processing file /root/airflow_env/lib/python3.8/site-packages/airflow/example_dags/subdags/subdag.py for tasks to queue
[2022-06-22 01:55:17,143] {logging_mixin.py:115} INFO - [2022-06-22 01:55:17,143] {dagbag.py:507} INFO - Filling up the DagBag from /root/airflow_env/lib/python3.8/site-packages/airflow/example_dags/subdags/subdag.py
[2022-06-22 01:55:17,144] {processor.py:653} WARNING - No viable dags retrieved from /root/airflow_env/lib/python3.8/site-packages/airflow/example_dags/subdags/subdag.py
[2022-06-22 01:55:17,150] {processor.py:161} INFO - Processing /root/airflow_env/lib/python3.8/site-packages/airflow/example_dags/subdags/subdag.py took 0.013 seconds
[2022-06-22 01:56:00,981] {processor.py:153} INFO - Started process (PID=9160) to work on /root/airflow_env/lib/python3.8/site-packages/airflow/example_dags/subdags/subdag.py
[2022-06-22 01:56:00,983] {processor.py:641} INFO - Processing file /root/airflow_env/lib/python3.8/site-packages/airflow/example_dags/subdags/subdag.py for tasks to queue
[2022-06-22 01:56:00,984] {logging_mixin.py:115} INFO - [2022-06-22 01:56:00,984] {dagbag.py:507} INFO - Filling up the DagBag from /root/airflow_env/lib/python3.8/site-packages/airflow/example_dags/subdags/subdag.py
[2022-06-22 01:56:00,986] {processor.py:653} WARNING - No viable dags retrieved from /root/airflow_env/lib/python3.8/site-packages/airflow/example_dags/subdags/subdag.py
[2022-06-22 01:56:00,992] {processor.py:161} INFO - Processing /root/airflow_env/lib/python3.8/site-packages/airflow/example_dags/subdags/subdag.py took 0.013 seconds
[2022-06-22 01:56:41,303] {processor.py:153} INFO - Started process (PID=9200) to work on /root/airflow_env/lib/python3.8/site-packages/airflow/example_dags/subdags/subdag.py
[2022-06-22 01:56:41,304] {processor.py:641} INFO - Processing file /root/airflow_env/lib/python3.8/site-packages/airflow/example_dags/subdags/subdag.py for tasks to queue
[2022-06-22 01:56:41,304] {logging_mixin.py:115} INFO - [2022-06-22 01:56:41,304] {dagbag.py:507} INFO - Filling up the DagBag from /root/airflow_env/lib/python3.8/site-packages/airflow/example_dags/subdags/subdag.py
[2022-06-22 01:56:41,305] {processor.py:653} WARNING - No viable dags retrieved from /root/airflow_env/lib/python3.8/site-packages/airflow/example_dags/subdags/subdag.py
[2022-06-22 01:56:41,311] {processor.py:161} INFO - Processing /root/airflow_env/lib/python3.8/site-packages/airflow/example_dags/subdags/subdag.py took 0.010 seconds
[2022-06-22 01:57:19,535] {processor.py:153} INFO - Started process (PID=9241) to work on /root/airflow_env/lib/python3.8/site-packages/airflow/example_dags/subdags/subdag.py
[2022-06-22 01:57:19,536] {processor.py:641} INFO - Processing file /root/airflow_env/lib/python3.8/site-packages/airflow/example_dags/subdags/subdag.py for tasks to queue
[2022-06-22 01:57:19,536] {logging_mixin.py:115} INFO - [2022-06-22 01:57:19,536] {dagbag.py:507} INFO - Filling up the DagBag from /root/airflow_env/lib/python3.8/site-packages/airflow/example_dags/subdags/subdag.py
[2022-06-22 01:57:19,537] {processor.py:653} WARNING - No viable dags retrieved from /root/airflow_env/lib/python3.8/site-packages/airflow/example_dags/subdags/subdag.py
[2022-06-22 01:57:19,544] {processor.py:161} INFO - Processing /root/airflow_env/lib/python3.8/site-packages/airflow/example_dags/subdags/subdag.py took 0.011 seconds
[2022-06-22 01:58:02,427] {processor.py:153} INFO - Started process (PID=9286) to work on /root/airflow_env/lib/python3.8/site-packages/airflow/example_dags/subdags/subdag.py
[2022-06-22 01:58:02,431] {processor.py:641} INFO - Processing file /root/airflow_env/lib/python3.8/site-packages/airflow/example_dags/subdags/subdag.py for tasks to queue
[2022-06-22 01:58:02,431] {logging_mixin.py:115} INFO - [2022-06-22 01:58:02,431] {dagbag.py:507} INFO - Filling up the DagBag from /root/airflow_env/lib/python3.8/site-packages/airflow/example_dags/subdags/subdag.py
[2022-06-22 01:58:02,432] {processor.py:653} WARNING - No viable dags retrieved from /root/airflow_env/lib/python3.8/site-packages/airflow/example_dags/subdags/subdag.py
[2022-06-22 01:58:02,438] {processor.py:161} INFO - Processing /root/airflow_env/lib/python3.8/site-packages/airflow/example_dags/subdags/subdag.py took 0.012 seconds
[2022-06-22 01:58:39,480] {processor.py:153} INFO - Started process (PID=9325) to work on /root/airflow_env/lib/python3.8/site-packages/airflow/example_dags/subdags/subdag.py
[2022-06-22 01:58:39,482] {processor.py:641} INFO - Processing file /root/airflow_env/lib/python3.8/site-packages/airflow/example_dags/subdags/subdag.py for tasks to queue
[2022-06-22 01:58:39,483] {logging_mixin.py:115} INFO - [2022-06-22 01:58:39,483] {dagbag.py:507} INFO - Filling up the DagBag from /root/airflow_env/lib/python3.8/site-packages/airflow/example_dags/subdags/subdag.py
[2022-06-22 01:58:39,484] {processor.py:653} WARNING - No viable dags retrieved from /root/airflow_env/lib/python3.8/site-packages/airflow/example_dags/subdags/subdag.py
[2022-06-22 01:58:39,490] {processor.py:161} INFO - Processing /root/airflow_env/lib/python3.8/site-packages/airflow/example_dags/subdags/subdag.py took 0.012 seconds
[2022-06-22 01:59:16,732] {processor.py:153} INFO - Started process (PID=9364) to work on /root/airflow_env/lib/python3.8/site-packages/airflow/example_dags/subdags/subdag.py
[2022-06-22 01:59:16,735] {processor.py:641} INFO - Processing file /root/airflow_env/lib/python3.8/site-packages/airflow/example_dags/subdags/subdag.py for tasks to queue
[2022-06-22 01:59:16,735] {logging_mixin.py:115} INFO - [2022-06-22 01:59:16,735] {dagbag.py:507} INFO - Filling up the DagBag from /root/airflow_env/lib/python3.8/site-packages/airflow/example_dags/subdags/subdag.py
[2022-06-22 01:59:16,736] {processor.py:653} WARNING - No viable dags retrieved from /root/airflow_env/lib/python3.8/site-packages/airflow/example_dags/subdags/subdag.py
[2022-06-22 01:59:16,742] {processor.py:161} INFO - Processing /root/airflow_env/lib/python3.8/site-packages/airflow/example_dags/subdags/subdag.py took 0.012 seconds
