[2022-06-29 21:21:39,258] {taskinstance.py:1159} INFO - Dependencies all met for <TaskInstance: ingest_data.save_data_task scheduled__2022-06-29T00:53:00+00:00 [queued]>
[2022-06-29 21:21:39,262] {taskinstance.py:1159} INFO - Dependencies all met for <TaskInstance: ingest_data.save_data_task scheduled__2022-06-29T00:53:00+00:00 [queued]>
[2022-06-29 21:21:39,262] {taskinstance.py:1356} INFO - 
--------------------------------------------------------------------------------
[2022-06-29 21:21:39,263] {taskinstance.py:1357} INFO - Starting attempt 2 of 1
[2022-06-29 21:21:39,263] {taskinstance.py:1358} INFO - 
--------------------------------------------------------------------------------
[2022-06-29 21:21:39,289] {taskinstance.py:1377} INFO - Executing <Task(_PythonDecoratedOperator): save_data_task> on 2022-06-29 00:53:00+00:00
[2022-06-29 21:21:39,292] {standard_task_runner.py:52} INFO - Started process 11355 to run task
[2022-06-29 21:21:39,294] {standard_task_runner.py:79} INFO - Running: ['airflow', 'tasks', 'run', 'ingest_data', 'save_data_task', 'scheduled__2022-06-29T00:53:00+00:00', '--job-id', '730', '--raw', '--subdir', 'DAGS_FOLDER/CarPriceDag.py', '--cfg-path', '/tmp/tmp358vtl3a', '--error-file', '/tmp/tmpzobg2us3']
[2022-06-29 21:21:39,295] {standard_task_runner.py:80} INFO - Job 730: Subtask save_data_task
[2022-06-29 21:21:39,332] {task_command.py:369} INFO - Running <TaskInstance: ingest_data.save_data_task scheduled__2022-06-29T00:53:00+00:00 [running]> on host DESKTOP-9B44JSS.localdomain
[2022-06-29 21:21:39,407] {taskinstance.py:1569} INFO - Exporting the following env vars:
AIRFLOW_CTX_DAG_OWNER=airflow
AIRFLOW_CTX_DAG_ID=ingest_data
AIRFLOW_CTX_TASK_ID=save_data_task
AIRFLOW_CTX_EXECUTION_DATE=2022-06-29T00:53:00+00:00
AIRFLOW_CTX_TRY_NUMBER=2
AIRFLOW_CTX_DAG_RUN_ID=scheduled__2022-06-29T00:53:00+00:00
[2022-06-29 21:21:40,604] {python.py:173} INFO - Done. Returned value was: None
[2022-06-29 21:21:40,612] {taskinstance.py:1395} INFO - Marking task as SUCCESS. dag_id=ingest_data, task_id=save_data_task, execution_date=20220629T005300, start_date=20220629T192139, end_date=20220629T192140
[2022-06-29 21:21:40,675] {local_task_job.py:156} INFO - Task exited with return code 0
[2022-06-29 21:21:40,713] {local_task_job.py:273} INFO - 0 downstream tasks scheduled from follow-on schedule check
