[2022-06-28 17:44:33,837] {processor.py:153} INFO - Started process (PID=9698) to work on /root/airflow_env/lib/python3.8/site-packages/airflow/example_dags/subdags/subdag.py
[2022-06-28 17:44:33,838] {processor.py:641} INFO - Processing file /root/airflow_env/lib/python3.8/site-packages/airflow/example_dags/subdags/subdag.py for tasks to queue
[2022-06-28 17:44:33,839] {logging_mixin.py:115} INFO - [2022-06-28 17:44:33,839] {dagbag.py:507} INFO - Filling up the DagBag from /root/airflow_env/lib/python3.8/site-packages/airflow/example_dags/subdags/subdag.py
[2022-06-28 17:44:33,841] {processor.py:653} WARNING - No viable dags retrieved from /root/airflow_env/lib/python3.8/site-packages/airflow/example_dags/subdags/subdag.py
[2022-06-28 17:44:33,862] {processor.py:161} INFO - Processing /root/airflow_env/lib/python3.8/site-packages/airflow/example_dags/subdags/subdag.py took 0.031 seconds
[2022-06-28 17:45:14,982] {processor.py:153} INFO - Started process (PID=9738) to work on /root/airflow_env/lib/python3.8/site-packages/airflow/example_dags/subdags/subdag.py
[2022-06-28 17:45:14,984] {processor.py:641} INFO - Processing file /root/airflow_env/lib/python3.8/site-packages/airflow/example_dags/subdags/subdag.py for tasks to queue
[2022-06-28 17:45:14,985] {logging_mixin.py:115} INFO - [2022-06-28 17:45:14,985] {dagbag.py:507} INFO - Filling up the DagBag from /root/airflow_env/lib/python3.8/site-packages/airflow/example_dags/subdags/subdag.py
[2022-06-28 17:45:14,988] {processor.py:653} WARNING - No viable dags retrieved from /root/airflow_env/lib/python3.8/site-packages/airflow/example_dags/subdags/subdag.py
[2022-06-28 17:45:15,008] {processor.py:161} INFO - Processing /root/airflow_env/lib/python3.8/site-packages/airflow/example_dags/subdags/subdag.py took 0.032 seconds
[2022-06-28 17:47:04,515] {processor.py:153} INFO - Started process (PID=9798) to work on /root/airflow_env/lib/python3.8/site-packages/airflow/example_dags/subdags/subdag.py
[2022-06-28 17:47:04,553] {processor.py:641} INFO - Processing file /root/airflow_env/lib/python3.8/site-packages/airflow/example_dags/subdags/subdag.py for tasks to queue
[2022-06-28 17:47:04,554] {logging_mixin.py:115} INFO - [2022-06-28 17:47:04,554] {dagbag.py:507} INFO - Filling up the DagBag from /root/airflow_env/lib/python3.8/site-packages/airflow/example_dags/subdags/subdag.py
[2022-06-28 17:47:04,556] {processor.py:653} WARNING - No viable dags retrieved from /root/airflow_env/lib/python3.8/site-packages/airflow/example_dags/subdags/subdag.py
[2022-06-28 17:47:04,577] {processor.py:161} INFO - Processing /root/airflow_env/lib/python3.8/site-packages/airflow/example_dags/subdags/subdag.py took 0.067 seconds
[2022-06-28 17:47:41,289] {processor.py:153} INFO - Started process (PID=9852) to work on /root/airflow_env/lib/python3.8/site-packages/airflow/example_dags/subdags/subdag.py
[2022-06-28 17:47:41,330] {processor.py:641} INFO - Processing file /root/airflow_env/lib/python3.8/site-packages/airflow/example_dags/subdags/subdag.py for tasks to queue
[2022-06-28 17:47:41,332] {logging_mixin.py:115} INFO - [2022-06-28 17:47:41,331] {dagbag.py:507} INFO - Filling up the DagBag from /root/airflow_env/lib/python3.8/site-packages/airflow/example_dags/subdags/subdag.py
[2022-06-28 17:47:41,336] {processor.py:653} WARNING - No viable dags retrieved from /root/airflow_env/lib/python3.8/site-packages/airflow/example_dags/subdags/subdag.py
[2022-06-28 17:47:41,358] {processor.py:161} INFO - Processing /root/airflow_env/lib/python3.8/site-packages/airflow/example_dags/subdags/subdag.py took 0.076 seconds
[2022-06-28 17:48:23,563] {processor.py:153} INFO - Started process (PID=10087) to work on /root/airflow_env/lib/python3.8/site-packages/airflow/example_dags/subdags/subdag.py
[2022-06-28 17:48:23,564] {processor.py:641} INFO - Processing file /root/airflow_env/lib/python3.8/site-packages/airflow/example_dags/subdags/subdag.py for tasks to queue
[2022-06-28 17:48:23,565] {logging_mixin.py:115} INFO - [2022-06-28 17:48:23,565] {dagbag.py:507} INFO - Filling up the DagBag from /root/airflow_env/lib/python3.8/site-packages/airflow/example_dags/subdags/subdag.py
[2022-06-28 17:48:23,566] {processor.py:653} WARNING - No viable dags retrieved from /root/airflow_env/lib/python3.8/site-packages/airflow/example_dags/subdags/subdag.py
[2022-06-28 17:48:23,577] {processor.py:161} INFO - Processing /root/airflow_env/lib/python3.8/site-packages/airflow/example_dags/subdags/subdag.py took 0.016 seconds
[2022-06-28 17:49:00,685] {processor.py:153} INFO - Started process (PID=10123) to work on /root/airflow_env/lib/python3.8/site-packages/airflow/example_dags/subdags/subdag.py
[2022-06-28 17:49:00,687] {processor.py:641} INFO - Processing file /root/airflow_env/lib/python3.8/site-packages/airflow/example_dags/subdags/subdag.py for tasks to queue
[2022-06-28 17:49:00,687] {logging_mixin.py:115} INFO - [2022-06-28 17:49:00,687] {dagbag.py:507} INFO - Filling up the DagBag from /root/airflow_env/lib/python3.8/site-packages/airflow/example_dags/subdags/subdag.py
[2022-06-28 17:49:00,690] {processor.py:653} WARNING - No viable dags retrieved from /root/airflow_env/lib/python3.8/site-packages/airflow/example_dags/subdags/subdag.py
[2022-06-28 17:49:00,706] {processor.py:161} INFO - Processing /root/airflow_env/lib/python3.8/site-packages/airflow/example_dags/subdags/subdag.py took 0.027 seconds
[2022-06-28 17:49:38,654] {processor.py:153} INFO - Started process (PID=10181) to work on /root/airflow_env/lib/python3.8/site-packages/airflow/example_dags/subdags/subdag.py
[2022-06-28 17:49:38,707] {processor.py:641} INFO - Processing file /root/airflow_env/lib/python3.8/site-packages/airflow/example_dags/subdags/subdag.py for tasks to queue
[2022-06-28 17:49:38,708] {logging_mixin.py:115} INFO - [2022-06-28 17:49:38,708] {dagbag.py:507} INFO - Filling up the DagBag from /root/airflow_env/lib/python3.8/site-packages/airflow/example_dags/subdags/subdag.py
[2022-06-28 17:49:38,709] {processor.py:653} WARNING - No viable dags retrieved from /root/airflow_env/lib/python3.8/site-packages/airflow/example_dags/subdags/subdag.py
[2022-06-28 17:49:38,721] {processor.py:161} INFO - Processing /root/airflow_env/lib/python3.8/site-packages/airflow/example_dags/subdags/subdag.py took 0.069 seconds
[2022-06-28 17:50:19,369] {processor.py:153} INFO - Started process (PID=10222) to work on /root/airflow_env/lib/python3.8/site-packages/airflow/example_dags/subdags/subdag.py
[2022-06-28 17:50:19,407] {processor.py:641} INFO - Processing file /root/airflow_env/lib/python3.8/site-packages/airflow/example_dags/subdags/subdag.py for tasks to queue
[2022-06-28 17:50:19,408] {logging_mixin.py:115} INFO - [2022-06-28 17:50:19,408] {dagbag.py:507} INFO - Filling up the DagBag from /root/airflow_env/lib/python3.8/site-packages/airflow/example_dags/subdags/subdag.py
[2022-06-28 17:50:19,410] {processor.py:653} WARNING - No viable dags retrieved from /root/airflow_env/lib/python3.8/site-packages/airflow/example_dags/subdags/subdag.py
[2022-06-28 17:50:19,424] {processor.py:161} INFO - Processing /root/airflow_env/lib/python3.8/site-packages/airflow/example_dags/subdags/subdag.py took 0.061 seconds
[2022-06-28 17:51:01,287] {processor.py:153} INFO - Started process (PID=10280) to work on /root/airflow_env/lib/python3.8/site-packages/airflow/example_dags/subdags/subdag.py
[2022-06-28 17:51:01,291] {processor.py:641} INFO - Processing file /root/airflow_env/lib/python3.8/site-packages/airflow/example_dags/subdags/subdag.py for tasks to queue
[2022-06-28 17:51:01,292] {logging_mixin.py:115} INFO - [2022-06-28 17:51:01,292] {dagbag.py:507} INFO - Filling up the DagBag from /root/airflow_env/lib/python3.8/site-packages/airflow/example_dags/subdags/subdag.py
[2022-06-28 17:51:01,296] {processor.py:653} WARNING - No viable dags retrieved from /root/airflow_env/lib/python3.8/site-packages/airflow/example_dags/subdags/subdag.py
[2022-06-28 17:51:01,317] {processor.py:161} INFO - Processing /root/airflow_env/lib/python3.8/site-packages/airflow/example_dags/subdags/subdag.py took 0.037 seconds
[2022-06-28 17:51:40,513] {processor.py:153} INFO - Started process (PID=10401) to work on /root/airflow_env/lib/python3.8/site-packages/airflow/example_dags/subdags/subdag.py
[2022-06-28 17:51:40,550] {processor.py:641} INFO - Processing file /root/airflow_env/lib/python3.8/site-packages/airflow/example_dags/subdags/subdag.py for tasks to queue
[2022-06-28 17:51:40,551] {logging_mixin.py:115} INFO - [2022-06-28 17:51:40,551] {dagbag.py:507} INFO - Filling up the DagBag from /root/airflow_env/lib/python3.8/site-packages/airflow/example_dags/subdags/subdag.py
[2022-06-28 17:51:40,554] {processor.py:653} WARNING - No viable dags retrieved from /root/airflow_env/lib/python3.8/site-packages/airflow/example_dags/subdags/subdag.py
[2022-06-28 17:51:40,576] {processor.py:161} INFO - Processing /root/airflow_env/lib/python3.8/site-packages/airflow/example_dags/subdags/subdag.py took 0.069 seconds
[2022-06-28 17:52:23,906] {processor.py:153} INFO - Started process (PID=10443) to work on /root/airflow_env/lib/python3.8/site-packages/airflow/example_dags/subdags/subdag.py
[2022-06-28 17:52:23,946] {processor.py:641} INFO - Processing file /root/airflow_env/lib/python3.8/site-packages/airflow/example_dags/subdags/subdag.py for tasks to queue
[2022-06-28 17:52:23,947] {logging_mixin.py:115} INFO - [2022-06-28 17:52:23,947] {dagbag.py:507} INFO - Filling up the DagBag from /root/airflow_env/lib/python3.8/site-packages/airflow/example_dags/subdags/subdag.py
[2022-06-28 17:52:23,950] {processor.py:653} WARNING - No viable dags retrieved from /root/airflow_env/lib/python3.8/site-packages/airflow/example_dags/subdags/subdag.py
[2022-06-28 17:52:23,971] {processor.py:161} INFO - Processing /root/airflow_env/lib/python3.8/site-packages/airflow/example_dags/subdags/subdag.py took 0.072 seconds
[2022-06-28 17:53:01,635] {processor.py:153} INFO - Started process (PID=10480) to work on /root/airflow_env/lib/python3.8/site-packages/airflow/example_dags/subdags/subdag.py
[2022-06-28 17:53:01,675] {processor.py:641} INFO - Processing file /root/airflow_env/lib/python3.8/site-packages/airflow/example_dags/subdags/subdag.py for tasks to queue
[2022-06-28 17:53:01,677] {logging_mixin.py:115} INFO - [2022-06-28 17:53:01,676] {dagbag.py:507} INFO - Filling up the DagBag from /root/airflow_env/lib/python3.8/site-packages/airflow/example_dags/subdags/subdag.py
[2022-06-28 17:53:01,680] {processor.py:653} WARNING - No viable dags retrieved from /root/airflow_env/lib/python3.8/site-packages/airflow/example_dags/subdags/subdag.py
[2022-06-28 17:53:01,702] {processor.py:161} INFO - Processing /root/airflow_env/lib/python3.8/site-packages/airflow/example_dags/subdags/subdag.py took 0.073 seconds
[2022-06-28 17:53:40,310] {processor.py:153} INFO - Started process (PID=10519) to work on /root/airflow_env/lib/python3.8/site-packages/airflow/example_dags/subdags/subdag.py
[2022-06-28 17:53:40,364] {processor.py:641} INFO - Processing file /root/airflow_env/lib/python3.8/site-packages/airflow/example_dags/subdags/subdag.py for tasks to queue
[2022-06-28 17:53:40,364] {logging_mixin.py:115} INFO - [2022-06-28 17:53:40,364] {dagbag.py:507} INFO - Filling up the DagBag from /root/airflow_env/lib/python3.8/site-packages/airflow/example_dags/subdags/subdag.py
[2022-06-28 17:53:40,366] {processor.py:653} WARNING - No viable dags retrieved from /root/airflow_env/lib/python3.8/site-packages/airflow/example_dags/subdags/subdag.py
[2022-06-28 17:53:40,378] {processor.py:161} INFO - Processing /root/airflow_env/lib/python3.8/site-packages/airflow/example_dags/subdags/subdag.py took 0.073 seconds
[2022-06-28 17:54:16,046] {processor.py:153} INFO - Started process (PID=10556) to work on /root/airflow_env/lib/python3.8/site-packages/airflow/example_dags/subdags/subdag.py
[2022-06-28 17:54:16,087] {processor.py:641} INFO - Processing file /root/airflow_env/lib/python3.8/site-packages/airflow/example_dags/subdags/subdag.py for tasks to queue
[2022-06-28 17:54:16,088] {logging_mixin.py:115} INFO - [2022-06-28 17:54:16,087] {dagbag.py:507} INFO - Filling up the DagBag from /root/airflow_env/lib/python3.8/site-packages/airflow/example_dags/subdags/subdag.py
[2022-06-28 17:54:16,091] {processor.py:653} WARNING - No viable dags retrieved from /root/airflow_env/lib/python3.8/site-packages/airflow/example_dags/subdags/subdag.py
[2022-06-28 17:54:16,113] {processor.py:161} INFO - Processing /root/airflow_env/lib/python3.8/site-packages/airflow/example_dags/subdags/subdag.py took 0.073 seconds
[2022-06-28 17:54:58,131] {processor.py:153} INFO - Started process (PID=10599) to work on /root/airflow_env/lib/python3.8/site-packages/airflow/example_dags/subdags/subdag.py
[2022-06-28 17:54:58,133] {processor.py:641} INFO - Processing file /root/airflow_env/lib/python3.8/site-packages/airflow/example_dags/subdags/subdag.py for tasks to queue
[2022-06-28 17:54:58,134] {logging_mixin.py:115} INFO - [2022-06-28 17:54:58,134] {dagbag.py:507} INFO - Filling up the DagBag from /root/airflow_env/lib/python3.8/site-packages/airflow/example_dags/subdags/subdag.py
[2022-06-28 17:54:58,137] {processor.py:653} WARNING - No viable dags retrieved from /root/airflow_env/lib/python3.8/site-packages/airflow/example_dags/subdags/subdag.py
[2022-06-28 17:54:58,158] {processor.py:161} INFO - Processing /root/airflow_env/lib/python3.8/site-packages/airflow/example_dags/subdags/subdag.py took 0.033 seconds
[2022-06-28 17:55:36,702] {processor.py:153} INFO - Started process (PID=10638) to work on /root/airflow_env/lib/python3.8/site-packages/airflow/example_dags/subdags/subdag.py
[2022-06-28 17:55:36,704] {processor.py:641} INFO - Processing file /root/airflow_env/lib/python3.8/site-packages/airflow/example_dags/subdags/subdag.py for tasks to queue
[2022-06-28 17:55:36,705] {logging_mixin.py:115} INFO - [2022-06-28 17:55:36,705] {dagbag.py:507} INFO - Filling up the DagBag from /root/airflow_env/lib/python3.8/site-packages/airflow/example_dags/subdags/subdag.py
[2022-06-28 17:55:36,707] {processor.py:653} WARNING - No viable dags retrieved from /root/airflow_env/lib/python3.8/site-packages/airflow/example_dags/subdags/subdag.py
[2022-06-28 17:55:36,727] {processor.py:161} INFO - Processing /root/airflow_env/lib/python3.8/site-packages/airflow/example_dags/subdags/subdag.py took 0.032 seconds
[2022-06-28 17:56:18,537] {processor.py:153} INFO - Started process (PID=10681) to work on /root/airflow_env/lib/python3.8/site-packages/airflow/example_dags/subdags/subdag.py
[2022-06-28 17:56:18,577] {processor.py:641} INFO - Processing file /root/airflow_env/lib/python3.8/site-packages/airflow/example_dags/subdags/subdag.py for tasks to queue
[2022-06-28 17:56:18,578] {logging_mixin.py:115} INFO - [2022-06-28 17:56:18,578] {dagbag.py:507} INFO - Filling up the DagBag from /root/airflow_env/lib/python3.8/site-packages/airflow/example_dags/subdags/subdag.py
[2022-06-28 17:56:18,581] {processor.py:653} WARNING - No viable dags retrieved from /root/airflow_env/lib/python3.8/site-packages/airflow/example_dags/subdags/subdag.py
[2022-06-28 17:56:18,602] {processor.py:161} INFO - Processing /root/airflow_env/lib/python3.8/site-packages/airflow/example_dags/subdags/subdag.py took 0.071 seconds
[2022-06-28 17:56:59,292] {processor.py:153} INFO - Started process (PID=10723) to work on /root/airflow_env/lib/python3.8/site-packages/airflow/example_dags/subdags/subdag.py
[2022-06-28 17:56:59,313] {processor.py:641} INFO - Processing file /root/airflow_env/lib/python3.8/site-packages/airflow/example_dags/subdags/subdag.py for tasks to queue
[2022-06-28 17:56:59,314] {logging_mixin.py:115} INFO - [2022-06-28 17:56:59,314] {dagbag.py:507} INFO - Filling up the DagBag from /root/airflow_env/lib/python3.8/site-packages/airflow/example_dags/subdags/subdag.py
[2022-06-28 17:56:59,317] {processor.py:653} WARNING - No viable dags retrieved from /root/airflow_env/lib/python3.8/site-packages/airflow/example_dags/subdags/subdag.py
[2022-06-28 17:56:59,339] {processor.py:161} INFO - Processing /root/airflow_env/lib/python3.8/site-packages/airflow/example_dags/subdags/subdag.py took 0.052 seconds
[2022-06-28 17:57:39,543] {processor.py:153} INFO - Started process (PID=10763) to work on /root/airflow_env/lib/python3.8/site-packages/airflow/example_dags/subdags/subdag.py
[2022-06-28 17:57:39,584] {processor.py:641} INFO - Processing file /root/airflow_env/lib/python3.8/site-packages/airflow/example_dags/subdags/subdag.py for tasks to queue
[2022-06-28 17:57:39,586] {logging_mixin.py:115} INFO - [2022-06-28 17:57:39,586] {dagbag.py:507} INFO - Filling up the DagBag from /root/airflow_env/lib/python3.8/site-packages/airflow/example_dags/subdags/subdag.py
[2022-06-28 17:57:39,589] {processor.py:653} WARNING - No viable dags retrieved from /root/airflow_env/lib/python3.8/site-packages/airflow/example_dags/subdags/subdag.py
[2022-06-28 17:57:39,610] {processor.py:161} INFO - Processing /root/airflow_env/lib/python3.8/site-packages/airflow/example_dags/subdags/subdag.py took 0.072 seconds
[2022-06-28 17:58:15,036] {processor.py:153} INFO - Started process (PID=10802) to work on /root/airflow_env/lib/python3.8/site-packages/airflow/example_dags/subdags/subdag.py
[2022-06-28 17:58:15,039] {processor.py:641} INFO - Processing file /root/airflow_env/lib/python3.8/site-packages/airflow/example_dags/subdags/subdag.py for tasks to queue
[2022-06-28 17:58:15,040] {logging_mixin.py:115} INFO - [2022-06-28 17:58:15,040] {dagbag.py:507} INFO - Filling up the DagBag from /root/airflow_env/lib/python3.8/site-packages/airflow/example_dags/subdags/subdag.py
[2022-06-28 17:58:15,043] {processor.py:653} WARNING - No viable dags retrieved from /root/airflow_env/lib/python3.8/site-packages/airflow/example_dags/subdags/subdag.py
[2022-06-28 17:58:15,065] {processor.py:161} INFO - Processing /root/airflow_env/lib/python3.8/site-packages/airflow/example_dags/subdags/subdag.py took 0.035 seconds
[2022-06-28 17:58:56,777] {processor.py:153} INFO - Started process (PID=10845) to work on /root/airflow_env/lib/python3.8/site-packages/airflow/example_dags/subdags/subdag.py
[2022-06-28 17:58:56,780] {processor.py:641} INFO - Processing file /root/airflow_env/lib/python3.8/site-packages/airflow/example_dags/subdags/subdag.py for tasks to queue
[2022-06-28 17:58:56,781] {logging_mixin.py:115} INFO - [2022-06-28 17:58:56,781] {dagbag.py:507} INFO - Filling up the DagBag from /root/airflow_env/lib/python3.8/site-packages/airflow/example_dags/subdags/subdag.py
[2022-06-28 17:58:56,784] {processor.py:653} WARNING - No viable dags retrieved from /root/airflow_env/lib/python3.8/site-packages/airflow/example_dags/subdags/subdag.py
[2022-06-28 17:58:56,808] {processor.py:161} INFO - Processing /root/airflow_env/lib/python3.8/site-packages/airflow/example_dags/subdags/subdag.py took 0.037 seconds
[2022-06-28 17:59:34,600] {processor.py:153} INFO - Started process (PID=10881) to work on /root/airflow_env/lib/python3.8/site-packages/airflow/example_dags/subdags/subdag.py
[2022-06-28 17:59:34,640] {processor.py:641} INFO - Processing file /root/airflow_env/lib/python3.8/site-packages/airflow/example_dags/subdags/subdag.py for tasks to queue
[2022-06-28 17:59:34,641] {logging_mixin.py:115} INFO - [2022-06-28 17:59:34,641] {dagbag.py:507} INFO - Filling up the DagBag from /root/airflow_env/lib/python3.8/site-packages/airflow/example_dags/subdags/subdag.py
[2022-06-28 17:59:34,644] {processor.py:653} WARNING - No viable dags retrieved from /root/airflow_env/lib/python3.8/site-packages/airflow/example_dags/subdags/subdag.py
[2022-06-28 17:59:34,667] {processor.py:161} INFO - Processing /root/airflow_env/lib/python3.8/site-packages/airflow/example_dags/subdags/subdag.py took 0.073 seconds
[2022-06-28 18:00:10,824] {processor.py:153} INFO - Started process (PID=10919) to work on /root/airflow_env/lib/python3.8/site-packages/airflow/example_dags/subdags/subdag.py
[2022-06-28 18:00:10,826] {processor.py:641} INFO - Processing file /root/airflow_env/lib/python3.8/site-packages/airflow/example_dags/subdags/subdag.py for tasks to queue
[2022-06-28 18:00:10,827] {logging_mixin.py:115} INFO - [2022-06-28 18:00:10,827] {dagbag.py:507} INFO - Filling up the DagBag from /root/airflow_env/lib/python3.8/site-packages/airflow/example_dags/subdags/subdag.py
[2022-06-28 18:00:10,829] {processor.py:653} WARNING - No viable dags retrieved from /root/airflow_env/lib/python3.8/site-packages/airflow/example_dags/subdags/subdag.py
[2022-06-28 18:00:10,849] {processor.py:161} INFO - Processing /root/airflow_env/lib/python3.8/site-packages/airflow/example_dags/subdags/subdag.py took 0.031 seconds
[2022-06-28 18:00:47,210] {processor.py:153} INFO - Started process (PID=10956) to work on /root/airflow_env/lib/python3.8/site-packages/airflow/example_dags/subdags/subdag.py
[2022-06-28 18:00:47,250] {processor.py:641} INFO - Processing file /root/airflow_env/lib/python3.8/site-packages/airflow/example_dags/subdags/subdag.py for tasks to queue
[2022-06-28 18:00:47,251] {logging_mixin.py:115} INFO - [2022-06-28 18:00:47,251] {dagbag.py:507} INFO - Filling up the DagBag from /root/airflow_env/lib/python3.8/site-packages/airflow/example_dags/subdags/subdag.py
[2022-06-28 18:00:47,254] {processor.py:653} WARNING - No viable dags retrieved from /root/airflow_env/lib/python3.8/site-packages/airflow/example_dags/subdags/subdag.py
[2022-06-28 18:00:47,274] {processor.py:161} INFO - Processing /root/airflow_env/lib/python3.8/site-packages/airflow/example_dags/subdags/subdag.py took 0.070 seconds
[2022-06-28 18:01:25,060] {processor.py:153} INFO - Started process (PID=10994) to work on /root/airflow_env/lib/python3.8/site-packages/airflow/example_dags/subdags/subdag.py
[2022-06-28 18:01:25,100] {processor.py:641} INFO - Processing file /root/airflow_env/lib/python3.8/site-packages/airflow/example_dags/subdags/subdag.py for tasks to queue
[2022-06-28 18:01:25,102] {logging_mixin.py:115} INFO - [2022-06-28 18:01:25,101] {dagbag.py:507} INFO - Filling up the DagBag from /root/airflow_env/lib/python3.8/site-packages/airflow/example_dags/subdags/subdag.py
[2022-06-28 18:01:25,104] {processor.py:653} WARNING - No viable dags retrieved from /root/airflow_env/lib/python3.8/site-packages/airflow/example_dags/subdags/subdag.py
[2022-06-28 18:01:25,127] {processor.py:161} INFO - Processing /root/airflow_env/lib/python3.8/site-packages/airflow/example_dags/subdags/subdag.py took 0.073 seconds
[2022-06-28 18:02:06,790] {processor.py:153} INFO - Started process (PID=11035) to work on /root/airflow_env/lib/python3.8/site-packages/airflow/example_dags/subdags/subdag.py
[2022-06-28 18:02:06,806] {processor.py:641} INFO - Processing file /root/airflow_env/lib/python3.8/site-packages/airflow/example_dags/subdags/subdag.py for tasks to queue
[2022-06-28 18:02:06,807] {logging_mixin.py:115} INFO - [2022-06-28 18:02:06,807] {dagbag.py:507} INFO - Filling up the DagBag from /root/airflow_env/lib/python3.8/site-packages/airflow/example_dags/subdags/subdag.py
[2022-06-28 18:02:06,809] {processor.py:653} WARNING - No viable dags retrieved from /root/airflow_env/lib/python3.8/site-packages/airflow/example_dags/subdags/subdag.py
[2022-06-28 18:02:06,825] {processor.py:161} INFO - Processing /root/airflow_env/lib/python3.8/site-packages/airflow/example_dags/subdags/subdag.py took 0.039 seconds
[2022-06-28 18:02:44,485] {processor.py:153} INFO - Started process (PID=11072) to work on /root/airflow_env/lib/python3.8/site-packages/airflow/example_dags/subdags/subdag.py
[2022-06-28 18:02:44,525] {processor.py:641} INFO - Processing file /root/airflow_env/lib/python3.8/site-packages/airflow/example_dags/subdags/subdag.py for tasks to queue
[2022-06-28 18:02:44,526] {logging_mixin.py:115} INFO - [2022-06-28 18:02:44,526] {dagbag.py:507} INFO - Filling up the DagBag from /root/airflow_env/lib/python3.8/site-packages/airflow/example_dags/subdags/subdag.py
[2022-06-28 18:02:44,530] {processor.py:653} WARNING - No viable dags retrieved from /root/airflow_env/lib/python3.8/site-packages/airflow/example_dags/subdags/subdag.py
[2022-06-28 18:02:44,556] {processor.py:161} INFO - Processing /root/airflow_env/lib/python3.8/site-packages/airflow/example_dags/subdags/subdag.py took 0.079 seconds
[2022-06-28 18:03:21,853] {processor.py:153} INFO - Started process (PID=11109) to work on /root/airflow_env/lib/python3.8/site-packages/airflow/example_dags/subdags/subdag.py
[2022-06-28 18:03:21,855] {processor.py:641} INFO - Processing file /root/airflow_env/lib/python3.8/site-packages/airflow/example_dags/subdags/subdag.py for tasks to queue
[2022-06-28 18:03:21,856] {logging_mixin.py:115} INFO - [2022-06-28 18:03:21,856] {dagbag.py:507} INFO - Filling up the DagBag from /root/airflow_env/lib/python3.8/site-packages/airflow/example_dags/subdags/subdag.py
[2022-06-28 18:03:21,859] {processor.py:653} WARNING - No viable dags retrieved from /root/airflow_env/lib/python3.8/site-packages/airflow/example_dags/subdags/subdag.py
[2022-06-28 18:03:21,879] {processor.py:161} INFO - Processing /root/airflow_env/lib/python3.8/site-packages/airflow/example_dags/subdags/subdag.py took 0.032 seconds
[2022-06-28 18:04:05,901] {processor.py:153} INFO - Started process (PID=11151) to work on /root/airflow_env/lib/python3.8/site-packages/airflow/example_dags/subdags/subdag.py
[2022-06-28 18:04:05,942] {processor.py:641} INFO - Processing file /root/airflow_env/lib/python3.8/site-packages/airflow/example_dags/subdags/subdag.py for tasks to queue
[2022-06-28 18:04:05,944] {logging_mixin.py:115} INFO - [2022-06-28 18:04:05,943] {dagbag.py:507} INFO - Filling up the DagBag from /root/airflow_env/lib/python3.8/site-packages/airflow/example_dags/subdags/subdag.py
[2022-06-28 18:04:05,946] {processor.py:653} WARNING - No viable dags retrieved from /root/airflow_env/lib/python3.8/site-packages/airflow/example_dags/subdags/subdag.py
[2022-06-28 18:04:05,969] {processor.py:161} INFO - Processing /root/airflow_env/lib/python3.8/site-packages/airflow/example_dags/subdags/subdag.py took 0.076 seconds
[2022-06-28 18:04:46,619] {processor.py:153} INFO - Started process (PID=11190) to work on /root/airflow_env/lib/python3.8/site-packages/airflow/example_dags/subdags/subdag.py
[2022-06-28 18:04:46,627] {processor.py:641} INFO - Processing file /root/airflow_env/lib/python3.8/site-packages/airflow/example_dags/subdags/subdag.py for tasks to queue
[2022-06-28 18:04:46,628] {logging_mixin.py:115} INFO - [2022-06-28 18:04:46,628] {dagbag.py:507} INFO - Filling up the DagBag from /root/airflow_env/lib/python3.8/site-packages/airflow/example_dags/subdags/subdag.py
[2022-06-28 18:04:46,630] {processor.py:653} WARNING - No viable dags retrieved from /root/airflow_env/lib/python3.8/site-packages/airflow/example_dags/subdags/subdag.py
[2022-06-28 18:04:46,647] {processor.py:161} INFO - Processing /root/airflow_env/lib/python3.8/site-packages/airflow/example_dags/subdags/subdag.py took 0.034 seconds
[2022-06-28 18:05:27,325] {processor.py:153} INFO - Started process (PID=11230) to work on /root/airflow_env/lib/python3.8/site-packages/airflow/example_dags/subdags/subdag.py
[2022-06-28 18:05:27,366] {processor.py:641} INFO - Processing file /root/airflow_env/lib/python3.8/site-packages/airflow/example_dags/subdags/subdag.py for tasks to queue
[2022-06-28 18:05:27,367] {logging_mixin.py:115} INFO - [2022-06-28 18:05:27,367] {dagbag.py:507} INFO - Filling up the DagBag from /root/airflow_env/lib/python3.8/site-packages/airflow/example_dags/subdags/subdag.py
[2022-06-28 18:05:27,370] {processor.py:653} WARNING - No viable dags retrieved from /root/airflow_env/lib/python3.8/site-packages/airflow/example_dags/subdags/subdag.py
[2022-06-28 18:05:27,390] {processor.py:161} INFO - Processing /root/airflow_env/lib/python3.8/site-packages/airflow/example_dags/subdags/subdag.py took 0.071 seconds
[2022-06-28 18:06:12,595] {processor.py:153} INFO - Started process (PID=11274) to work on /root/airflow_env/lib/python3.8/site-packages/airflow/example_dags/subdags/subdag.py
[2022-06-28 18:06:12,635] {processor.py:641} INFO - Processing file /root/airflow_env/lib/python3.8/site-packages/airflow/example_dags/subdags/subdag.py for tasks to queue
[2022-06-28 18:06:12,636] {logging_mixin.py:115} INFO - [2022-06-28 18:06:12,636] {dagbag.py:507} INFO - Filling up the DagBag from /root/airflow_env/lib/python3.8/site-packages/airflow/example_dags/subdags/subdag.py
[2022-06-28 18:06:12,639] {processor.py:653} WARNING - No viable dags retrieved from /root/airflow_env/lib/python3.8/site-packages/airflow/example_dags/subdags/subdag.py
[2022-06-28 18:06:12,661] {processor.py:161} INFO - Processing /root/airflow_env/lib/python3.8/site-packages/airflow/example_dags/subdags/subdag.py took 0.072 seconds
[2022-06-28 18:06:55,853] {processor.py:153} INFO - Started process (PID=11314) to work on /root/airflow_env/lib/python3.8/site-packages/airflow/example_dags/subdags/subdag.py
[2022-06-28 18:06:55,893] {processor.py:641} INFO - Processing file /root/airflow_env/lib/python3.8/site-packages/airflow/example_dags/subdags/subdag.py for tasks to queue
[2022-06-28 18:06:55,894] {logging_mixin.py:115} INFO - [2022-06-28 18:06:55,894] {dagbag.py:507} INFO - Filling up the DagBag from /root/airflow_env/lib/python3.8/site-packages/airflow/example_dags/subdags/subdag.py
[2022-06-28 18:06:55,896] {processor.py:653} WARNING - No viable dags retrieved from /root/airflow_env/lib/python3.8/site-packages/airflow/example_dags/subdags/subdag.py
[2022-06-28 18:06:55,907] {processor.py:161} INFO - Processing /root/airflow_env/lib/python3.8/site-packages/airflow/example_dags/subdags/subdag.py took 0.057 seconds
[2022-06-28 18:07:34,260] {processor.py:153} INFO - Started process (PID=11359) to work on /root/airflow_env/lib/python3.8/site-packages/airflow/example_dags/subdags/subdag.py
[2022-06-28 18:07:34,263] {processor.py:641} INFO - Processing file /root/airflow_env/lib/python3.8/site-packages/airflow/example_dags/subdags/subdag.py for tasks to queue
[2022-06-28 18:07:34,264] {logging_mixin.py:115} INFO - [2022-06-28 18:07:34,264] {dagbag.py:507} INFO - Filling up the DagBag from /root/airflow_env/lib/python3.8/site-packages/airflow/example_dags/subdags/subdag.py
[2022-06-28 18:07:34,267] {processor.py:653} WARNING - No viable dags retrieved from /root/airflow_env/lib/python3.8/site-packages/airflow/example_dags/subdags/subdag.py
[2022-06-28 18:07:34,288] {processor.py:161} INFO - Processing /root/airflow_env/lib/python3.8/site-packages/airflow/example_dags/subdags/subdag.py took 0.036 seconds
[2022-06-28 18:08:26,434] {processor.py:153} INFO - Started process (PID=11415) to work on /root/airflow_env/lib/python3.8/site-packages/airflow/example_dags/subdags/subdag.py
[2022-06-28 18:08:26,471] {processor.py:641} INFO - Processing file /root/airflow_env/lib/python3.8/site-packages/airflow/example_dags/subdags/subdag.py for tasks to queue
[2022-06-28 18:08:26,472] {logging_mixin.py:115} INFO - [2022-06-28 18:08:26,472] {dagbag.py:507} INFO - Filling up the DagBag from /root/airflow_env/lib/python3.8/site-packages/airflow/example_dags/subdags/subdag.py
[2022-06-28 18:08:26,473] {processor.py:653} WARNING - No viable dags retrieved from /root/airflow_env/lib/python3.8/site-packages/airflow/example_dags/subdags/subdag.py
[2022-06-28 18:08:26,487] {processor.py:161} INFO - Processing /root/airflow_env/lib/python3.8/site-packages/airflow/example_dags/subdags/subdag.py took 0.056 seconds
[2022-06-28 18:09:29,249] {processor.py:153} INFO - Started process (PID=11690) to work on /root/airflow_env/lib/python3.8/site-packages/airflow/example_dags/subdags/subdag.py
[2022-06-28 18:09:29,250] {processor.py:641} INFO - Processing file /root/airflow_env/lib/python3.8/site-packages/airflow/example_dags/subdags/subdag.py for tasks to queue
[2022-06-28 18:09:29,251] {logging_mixin.py:115} INFO - [2022-06-28 18:09:29,251] {dagbag.py:507} INFO - Filling up the DagBag from /root/airflow_env/lib/python3.8/site-packages/airflow/example_dags/subdags/subdag.py
[2022-06-28 18:09:29,254] {processor.py:653} WARNING - No viable dags retrieved from /root/airflow_env/lib/python3.8/site-packages/airflow/example_dags/subdags/subdag.py
[2022-06-28 18:09:29,275] {processor.py:161} INFO - Processing /root/airflow_env/lib/python3.8/site-packages/airflow/example_dags/subdags/subdag.py took 0.033 seconds
[2022-06-28 18:10:16,302] {processor.py:153} INFO - Started process (PID=11738) to work on /root/airflow_env/lib/python3.8/site-packages/airflow/example_dags/subdags/subdag.py
[2022-06-28 18:10:16,342] {processor.py:641} INFO - Processing file /root/airflow_env/lib/python3.8/site-packages/airflow/example_dags/subdags/subdag.py for tasks to queue
[2022-06-28 18:10:16,344] {logging_mixin.py:115} INFO - [2022-06-28 18:10:16,344] {dagbag.py:507} INFO - Filling up the DagBag from /root/airflow_env/lib/python3.8/site-packages/airflow/example_dags/subdags/subdag.py
[2022-06-28 18:10:16,347] {processor.py:653} WARNING - No viable dags retrieved from /root/airflow_env/lib/python3.8/site-packages/airflow/example_dags/subdags/subdag.py
[2022-06-28 18:10:16,375] {processor.py:161} INFO - Processing /root/airflow_env/lib/python3.8/site-packages/airflow/example_dags/subdags/subdag.py took 0.079 seconds
[2022-06-28 18:11:24,924] {processor.py:153} INFO - Started process (PID=11835) to work on /root/airflow_env/lib/python3.8/site-packages/airflow/example_dags/subdags/subdag.py
[2022-06-28 18:11:24,939] {processor.py:641} INFO - Processing file /root/airflow_env/lib/python3.8/site-packages/airflow/example_dags/subdags/subdag.py for tasks to queue
[2022-06-28 18:11:24,939] {logging_mixin.py:115} INFO - [2022-06-28 18:11:24,939] {dagbag.py:507} INFO - Filling up the DagBag from /root/airflow_env/lib/python3.8/site-packages/airflow/example_dags/subdags/subdag.py
[2022-06-28 18:11:24,941] {processor.py:653} WARNING - No viable dags retrieved from /root/airflow_env/lib/python3.8/site-packages/airflow/example_dags/subdags/subdag.py
[2022-06-28 18:11:24,954] {processor.py:161} INFO - Processing /root/airflow_env/lib/python3.8/site-packages/airflow/example_dags/subdags/subdag.py took 0.034 seconds
[2022-06-28 18:13:06,152] {processor.py:153} INFO - Started process (PID=12131) to work on /root/airflow_env/lib/python3.8/site-packages/airflow/example_dags/subdags/subdag.py
[2022-06-28 18:13:06,154] {processor.py:641} INFO - Processing file /root/airflow_env/lib/python3.8/site-packages/airflow/example_dags/subdags/subdag.py for tasks to queue
[2022-06-28 18:13:06,154] {logging_mixin.py:115} INFO - [2022-06-28 18:13:06,154] {dagbag.py:507} INFO - Filling up the DagBag from /root/airflow_env/lib/python3.8/site-packages/airflow/example_dags/subdags/subdag.py
[2022-06-28 18:13:06,157] {processor.py:653} WARNING - No viable dags retrieved from /root/airflow_env/lib/python3.8/site-packages/airflow/example_dags/subdags/subdag.py
[2022-06-28 18:13:06,173] {processor.py:161} INFO - Processing /root/airflow_env/lib/python3.8/site-packages/airflow/example_dags/subdags/subdag.py took 0.027 seconds
[2022-06-28 18:16:31,395] {processor.py:153} INFO - Started process (PID=13464) to work on /root/airflow_env/lib/python3.8/site-packages/airflow/example_dags/subdags/subdag.py
[2022-06-28 18:16:31,396] {processor.py:641} INFO - Processing file /root/airflow_env/lib/python3.8/site-packages/airflow/example_dags/subdags/subdag.py for tasks to queue
[2022-06-28 18:16:31,397] {logging_mixin.py:115} INFO - [2022-06-28 18:16:31,397] {dagbag.py:507} INFO - Filling up the DagBag from /root/airflow_env/lib/python3.8/site-packages/airflow/example_dags/subdags/subdag.py
[2022-06-28 18:16:31,399] {processor.py:653} WARNING - No viable dags retrieved from /root/airflow_env/lib/python3.8/site-packages/airflow/example_dags/subdags/subdag.py
[2022-06-28 18:16:31,414] {processor.py:161} INFO - Processing /root/airflow_env/lib/python3.8/site-packages/airflow/example_dags/subdags/subdag.py took 0.024 seconds
[2022-06-28 18:17:12,852] {processor.py:153} INFO - Started process (PID=13556) to work on /root/airflow_env/lib/python3.8/site-packages/airflow/example_dags/subdags/subdag.py
[2022-06-28 18:17:12,855] {processor.py:641} INFO - Processing file /root/airflow_env/lib/python3.8/site-packages/airflow/example_dags/subdags/subdag.py for tasks to queue
[2022-06-28 18:17:12,856] {logging_mixin.py:115} INFO - [2022-06-28 18:17:12,856] {dagbag.py:507} INFO - Filling up the DagBag from /root/airflow_env/lib/python3.8/site-packages/airflow/example_dags/subdags/subdag.py
[2022-06-28 18:17:12,859] {processor.py:653} WARNING - No viable dags retrieved from /root/airflow_env/lib/python3.8/site-packages/airflow/example_dags/subdags/subdag.py
[2022-06-28 18:17:12,878] {processor.py:161} INFO - Processing /root/airflow_env/lib/python3.8/site-packages/airflow/example_dags/subdags/subdag.py took 0.032 seconds
[2022-06-28 18:17:52,552] {processor.py:153} INFO - Started process (PID=13629) to work on /root/airflow_env/lib/python3.8/site-packages/airflow/example_dags/subdags/subdag.py
[2022-06-28 18:17:52,589] {processor.py:641} INFO - Processing file /root/airflow_env/lib/python3.8/site-packages/airflow/example_dags/subdags/subdag.py for tasks to queue
[2022-06-28 18:17:52,590] {logging_mixin.py:115} INFO - [2022-06-28 18:17:52,590] {dagbag.py:507} INFO - Filling up the DagBag from /root/airflow_env/lib/python3.8/site-packages/airflow/example_dags/subdags/subdag.py
[2022-06-28 18:17:52,593] {processor.py:653} WARNING - No viable dags retrieved from /root/airflow_env/lib/python3.8/site-packages/airflow/example_dags/subdags/subdag.py
[2022-06-28 18:17:52,615] {processor.py:161} INFO - Processing /root/airflow_env/lib/python3.8/site-packages/airflow/example_dags/subdags/subdag.py took 0.067 seconds
[2022-06-28 18:20:29,819] {processor.py:153} INFO - Started process (PID=14897) to work on /root/airflow_env/lib/python3.8/site-packages/airflow/example_dags/subdags/subdag.py
[2022-06-28 18:20:29,821] {processor.py:641} INFO - Processing file /root/airflow_env/lib/python3.8/site-packages/airflow/example_dags/subdags/subdag.py for tasks to queue
[2022-06-28 18:20:29,822] {logging_mixin.py:115} INFO - [2022-06-28 18:20:29,821] {dagbag.py:507} INFO - Filling up the DagBag from /root/airflow_env/lib/python3.8/site-packages/airflow/example_dags/subdags/subdag.py
[2022-06-28 18:20:29,825] {processor.py:653} WARNING - No viable dags retrieved from /root/airflow_env/lib/python3.8/site-packages/airflow/example_dags/subdags/subdag.py
[2022-06-28 18:20:29,846] {processor.py:161} INFO - Processing /root/airflow_env/lib/python3.8/site-packages/airflow/example_dags/subdags/subdag.py took 0.033 seconds
[2022-06-28 18:21:14,419] {processor.py:153} INFO - Started process (PID=14991) to work on /root/airflow_env/lib/python3.8/site-packages/airflow/example_dags/subdags/subdag.py
[2022-06-28 18:21:14,420] {processor.py:641} INFO - Processing file /root/airflow_env/lib/python3.8/site-packages/airflow/example_dags/subdags/subdag.py for tasks to queue
[2022-06-28 18:21:14,421] {logging_mixin.py:115} INFO - [2022-06-28 18:21:14,421] {dagbag.py:507} INFO - Filling up the DagBag from /root/airflow_env/lib/python3.8/site-packages/airflow/example_dags/subdags/subdag.py
[2022-06-28 18:21:14,424] {processor.py:653} WARNING - No viable dags retrieved from /root/airflow_env/lib/python3.8/site-packages/airflow/example_dags/subdags/subdag.py
[2022-06-28 18:21:14,438] {processor.py:161} INFO - Processing /root/airflow_env/lib/python3.8/site-packages/airflow/example_dags/subdags/subdag.py took 0.025 seconds
[2022-06-28 18:22:05,246] {processor.py:153} INFO - Started process (PID=15087) to work on /root/airflow_env/lib/python3.8/site-packages/airflow/example_dags/subdags/subdag.py
[2022-06-28 18:22:05,287] {processor.py:641} INFO - Processing file /root/airflow_env/lib/python3.8/site-packages/airflow/example_dags/subdags/subdag.py for tasks to queue
[2022-06-28 18:22:05,288] {logging_mixin.py:115} INFO - [2022-06-28 18:22:05,288] {dagbag.py:507} INFO - Filling up the DagBag from /root/airflow_env/lib/python3.8/site-packages/airflow/example_dags/subdags/subdag.py
[2022-06-28 18:22:05,291] {processor.py:653} WARNING - No viable dags retrieved from /root/airflow_env/lib/python3.8/site-packages/airflow/example_dags/subdags/subdag.py
[2022-06-28 18:22:05,312] {processor.py:161} INFO - Processing /root/airflow_env/lib/python3.8/site-packages/airflow/example_dags/subdags/subdag.py took 0.072 seconds
[2022-06-28 18:22:59,724] {processor.py:153} INFO - Started process (PID=15172) to work on /root/airflow_env/lib/python3.8/site-packages/airflow/example_dags/subdags/subdag.py
[2022-06-28 18:22:59,726] {processor.py:641} INFO - Processing file /root/airflow_env/lib/python3.8/site-packages/airflow/example_dags/subdags/subdag.py for tasks to queue
[2022-06-28 18:22:59,727] {logging_mixin.py:115} INFO - [2022-06-28 18:22:59,727] {dagbag.py:507} INFO - Filling up the DagBag from /root/airflow_env/lib/python3.8/site-packages/airflow/example_dags/subdags/subdag.py
[2022-06-28 18:22:59,728] {processor.py:653} WARNING - No viable dags retrieved from /root/airflow_env/lib/python3.8/site-packages/airflow/example_dags/subdags/subdag.py
[2022-06-28 18:22:59,744] {processor.py:161} INFO - Processing /root/airflow_env/lib/python3.8/site-packages/airflow/example_dags/subdags/subdag.py took 0.024 seconds
[2022-06-28 18:23:46,324] {processor.py:153} INFO - Started process (PID=15297) to work on /root/airflow_env/lib/python3.8/site-packages/airflow/example_dags/subdags/subdag.py
[2022-06-28 18:23:46,330] {processor.py:641} INFO - Processing file /root/airflow_env/lib/python3.8/site-packages/airflow/example_dags/subdags/subdag.py for tasks to queue
[2022-06-28 18:23:46,331] {logging_mixin.py:115} INFO - [2022-06-28 18:23:46,330] {dagbag.py:507} INFO - Filling up the DagBag from /root/airflow_env/lib/python3.8/site-packages/airflow/example_dags/subdags/subdag.py
[2022-06-28 18:23:46,332] {processor.py:653} WARNING - No viable dags retrieved from /root/airflow_env/lib/python3.8/site-packages/airflow/example_dags/subdags/subdag.py
[2022-06-28 18:23:46,346] {processor.py:161} INFO - Processing /root/airflow_env/lib/python3.8/site-packages/airflow/example_dags/subdags/subdag.py took 0.026 seconds
[2022-06-28 18:24:31,766] {processor.py:153} INFO - Started process (PID=15372) to work on /root/airflow_env/lib/python3.8/site-packages/airflow/example_dags/subdags/subdag.py
[2022-06-28 18:24:31,804] {processor.py:641} INFO - Processing file /root/airflow_env/lib/python3.8/site-packages/airflow/example_dags/subdags/subdag.py for tasks to queue
[2022-06-28 18:24:31,805] {logging_mixin.py:115} INFO - [2022-06-28 18:24:31,805] {dagbag.py:507} INFO - Filling up the DagBag from /root/airflow_env/lib/python3.8/site-packages/airflow/example_dags/subdags/subdag.py
[2022-06-28 18:24:31,808] {processor.py:653} WARNING - No viable dags retrieved from /root/airflow_env/lib/python3.8/site-packages/airflow/example_dags/subdags/subdag.py
[2022-06-28 18:24:31,832] {processor.py:161} INFO - Processing /root/airflow_env/lib/python3.8/site-packages/airflow/example_dags/subdags/subdag.py took 0.071 seconds
[2022-06-28 18:25:25,419] {processor.py:153} INFO - Started process (PID=15456) to work on /root/airflow_env/lib/python3.8/site-packages/airflow/example_dags/subdags/subdag.py
[2022-06-28 18:25:25,460] {processor.py:641} INFO - Processing file /root/airflow_env/lib/python3.8/site-packages/airflow/example_dags/subdags/subdag.py for tasks to queue
[2022-06-28 18:25:25,461] {logging_mixin.py:115} INFO - [2022-06-28 18:25:25,461] {dagbag.py:507} INFO - Filling up the DagBag from /root/airflow_env/lib/python3.8/site-packages/airflow/example_dags/subdags/subdag.py
[2022-06-28 18:25:25,464] {processor.py:653} WARNING - No viable dags retrieved from /root/airflow_env/lib/python3.8/site-packages/airflow/example_dags/subdags/subdag.py
[2022-06-28 18:25:25,486] {processor.py:161} INFO - Processing /root/airflow_env/lib/python3.8/site-packages/airflow/example_dags/subdags/subdag.py took 0.073 seconds
[2022-06-28 18:26:11,409] {processor.py:153} INFO - Started process (PID=15533) to work on /root/airflow_env/lib/python3.8/site-packages/airflow/example_dags/subdags/subdag.py
[2022-06-28 18:26:11,446] {processor.py:641} INFO - Processing file /root/airflow_env/lib/python3.8/site-packages/airflow/example_dags/subdags/subdag.py for tasks to queue
[2022-06-28 18:26:11,448] {logging_mixin.py:115} INFO - [2022-06-28 18:26:11,447] {dagbag.py:507} INFO - Filling up the DagBag from /root/airflow_env/lib/python3.8/site-packages/airflow/example_dags/subdags/subdag.py
[2022-06-28 18:26:11,451] {processor.py:653} WARNING - No viable dags retrieved from /root/airflow_env/lib/python3.8/site-packages/airflow/example_dags/subdags/subdag.py
[2022-06-28 18:26:11,469] {processor.py:161} INFO - Processing /root/airflow_env/lib/python3.8/site-packages/airflow/example_dags/subdags/subdag.py took 0.067 seconds
[2022-06-28 18:27:01,161] {processor.py:153} INFO - Started process (PID=15613) to work on /root/airflow_env/lib/python3.8/site-packages/airflow/example_dags/subdags/subdag.py
[2022-06-28 18:27:01,163] {processor.py:641} INFO - Processing file /root/airflow_env/lib/python3.8/site-packages/airflow/example_dags/subdags/subdag.py for tasks to queue
[2022-06-28 18:27:01,164] {logging_mixin.py:115} INFO - [2022-06-28 18:27:01,164] {dagbag.py:507} INFO - Filling up the DagBag from /root/airflow_env/lib/python3.8/site-packages/airflow/example_dags/subdags/subdag.py
[2022-06-28 18:27:01,167] {processor.py:653} WARNING - No viable dags retrieved from /root/airflow_env/lib/python3.8/site-packages/airflow/example_dags/subdags/subdag.py
[2022-06-28 18:27:01,186] {processor.py:161} INFO - Processing /root/airflow_env/lib/python3.8/site-packages/airflow/example_dags/subdags/subdag.py took 0.031 seconds
[2022-06-28 18:27:41,895] {processor.py:153} INFO - Started process (PID=15652) to work on /root/airflow_env/lib/python3.8/site-packages/airflow/example_dags/subdags/subdag.py
[2022-06-28 18:27:41,898] {processor.py:641} INFO - Processing file /root/airflow_env/lib/python3.8/site-packages/airflow/example_dags/subdags/subdag.py for tasks to queue
[2022-06-28 18:27:41,899] {logging_mixin.py:115} INFO - [2022-06-28 18:27:41,899] {dagbag.py:507} INFO - Filling up the DagBag from /root/airflow_env/lib/python3.8/site-packages/airflow/example_dags/subdags/subdag.py
[2022-06-28 18:27:41,902] {processor.py:653} WARNING - No viable dags retrieved from /root/airflow_env/lib/python3.8/site-packages/airflow/example_dags/subdags/subdag.py
[2022-06-28 18:27:41,925] {processor.py:161} INFO - Processing /root/airflow_env/lib/python3.8/site-packages/airflow/example_dags/subdags/subdag.py took 0.036 seconds
[2022-06-28 18:28:27,822] {processor.py:153} INFO - Started process (PID=15727) to work on /root/airflow_env/lib/python3.8/site-packages/airflow/example_dags/subdags/subdag.py
[2022-06-28 18:28:27,824] {processor.py:641} INFO - Processing file /root/airflow_env/lib/python3.8/site-packages/airflow/example_dags/subdags/subdag.py for tasks to queue
[2022-06-28 18:28:27,825] {logging_mixin.py:115} INFO - [2022-06-28 18:28:27,825] {dagbag.py:507} INFO - Filling up the DagBag from /root/airflow_env/lib/python3.8/site-packages/airflow/example_dags/subdags/subdag.py
[2022-06-28 18:28:27,828] {processor.py:653} WARNING - No viable dags retrieved from /root/airflow_env/lib/python3.8/site-packages/airflow/example_dags/subdags/subdag.py
[2022-06-28 18:28:27,840] {processor.py:161} INFO - Processing /root/airflow_env/lib/python3.8/site-packages/airflow/example_dags/subdags/subdag.py took 0.022 seconds
[2022-06-28 18:29:11,178] {processor.py:153} INFO - Started process (PID=15807) to work on /root/airflow_env/lib/python3.8/site-packages/airflow/example_dags/subdags/subdag.py
[2022-06-28 18:29:11,216] {processor.py:641} INFO - Processing file /root/airflow_env/lib/python3.8/site-packages/airflow/example_dags/subdags/subdag.py for tasks to queue
[2022-06-28 18:29:11,217] {logging_mixin.py:115} INFO - [2022-06-28 18:29:11,217] {dagbag.py:507} INFO - Filling up the DagBag from /root/airflow_env/lib/python3.8/site-packages/airflow/example_dags/subdags/subdag.py
[2022-06-28 18:29:11,220] {processor.py:653} WARNING - No viable dags retrieved from /root/airflow_env/lib/python3.8/site-packages/airflow/example_dags/subdags/subdag.py
[2022-06-28 18:29:11,239] {processor.py:161} INFO - Processing /root/airflow_env/lib/python3.8/site-packages/airflow/example_dags/subdags/subdag.py took 0.067 seconds
[2022-06-28 18:30:00,937] {processor.py:153} INFO - Started process (PID=15895) to work on /root/airflow_env/lib/python3.8/site-packages/airflow/example_dags/subdags/subdag.py
[2022-06-28 18:30:00,938] {processor.py:641} INFO - Processing file /root/airflow_env/lib/python3.8/site-packages/airflow/example_dags/subdags/subdag.py for tasks to queue
[2022-06-28 18:30:00,939] {logging_mixin.py:115} INFO - [2022-06-28 18:30:00,939] {dagbag.py:507} INFO - Filling up the DagBag from /root/airflow_env/lib/python3.8/site-packages/airflow/example_dags/subdags/subdag.py
[2022-06-28 18:30:00,941] {processor.py:653} WARNING - No viable dags retrieved from /root/airflow_env/lib/python3.8/site-packages/airflow/example_dags/subdags/subdag.py
[2022-06-28 18:30:00,957] {processor.py:161} INFO - Processing /root/airflow_env/lib/python3.8/site-packages/airflow/example_dags/subdags/subdag.py took 0.025 seconds
[2022-06-28 18:30:56,257] {processor.py:153} INFO - Started process (PID=15996) to work on /root/airflow_env/lib/python3.8/site-packages/airflow/example_dags/subdags/subdag.py
[2022-06-28 18:30:56,258] {processor.py:641} INFO - Processing file /root/airflow_env/lib/python3.8/site-packages/airflow/example_dags/subdags/subdag.py for tasks to queue
[2022-06-28 18:30:56,259] {logging_mixin.py:115} INFO - [2022-06-28 18:30:56,259] {dagbag.py:507} INFO - Filling up the DagBag from /root/airflow_env/lib/python3.8/site-packages/airflow/example_dags/subdags/subdag.py
[2022-06-28 18:30:56,262] {processor.py:653} WARNING - No viable dags retrieved from /root/airflow_env/lib/python3.8/site-packages/airflow/example_dags/subdags/subdag.py
[2022-06-28 18:30:56,282] {processor.py:161} INFO - Processing /root/airflow_env/lib/python3.8/site-packages/airflow/example_dags/subdags/subdag.py took 0.032 seconds
[2022-06-28 18:31:38,077] {processor.py:153} INFO - Started process (PID=16067) to work on /root/airflow_env/lib/python3.8/site-packages/airflow/example_dags/subdags/subdag.py
[2022-06-28 18:31:38,079] {processor.py:641} INFO - Processing file /root/airflow_env/lib/python3.8/site-packages/airflow/example_dags/subdags/subdag.py for tasks to queue
[2022-06-28 18:31:38,079] {logging_mixin.py:115} INFO - [2022-06-28 18:31:38,079] {dagbag.py:507} INFO - Filling up the DagBag from /root/airflow_env/lib/python3.8/site-packages/airflow/example_dags/subdags/subdag.py
[2022-06-28 18:31:38,081] {processor.py:653} WARNING - No viable dags retrieved from /root/airflow_env/lib/python3.8/site-packages/airflow/example_dags/subdags/subdag.py
[2022-06-28 18:31:38,093] {processor.py:161} INFO - Processing /root/airflow_env/lib/python3.8/site-packages/airflow/example_dags/subdags/subdag.py took 0.020 seconds
[2022-06-28 18:32:33,336] {processor.py:153} INFO - Started process (PID=17972) to work on /root/airflow_env/lib/python3.8/site-packages/airflow/example_dags/subdags/subdag.py
[2022-06-28 18:32:33,339] {processor.py:641} INFO - Processing file /root/airflow_env/lib/python3.8/site-packages/airflow/example_dags/subdags/subdag.py for tasks to queue
[2022-06-28 18:32:33,340] {logging_mixin.py:115} INFO - [2022-06-28 18:32:33,340] {dagbag.py:507} INFO - Filling up the DagBag from /root/airflow_env/lib/python3.8/site-packages/airflow/example_dags/subdags/subdag.py
[2022-06-28 18:32:33,343] {processor.py:653} WARNING - No viable dags retrieved from /root/airflow_env/lib/python3.8/site-packages/airflow/example_dags/subdags/subdag.py
[2022-06-28 18:32:33,367] {processor.py:161} INFO - Processing /root/airflow_env/lib/python3.8/site-packages/airflow/example_dags/subdags/subdag.py took 0.036 seconds
[2022-06-28 18:33:20,870] {processor.py:153} INFO - Started process (PID=19813) to work on /root/airflow_env/lib/python3.8/site-packages/airflow/example_dags/subdags/subdag.py
[2022-06-28 18:33:20,872] {processor.py:641} INFO - Processing file /root/airflow_env/lib/python3.8/site-packages/airflow/example_dags/subdags/subdag.py for tasks to queue
[2022-06-28 18:33:20,873] {logging_mixin.py:115} INFO - [2022-06-28 18:33:20,873] {dagbag.py:507} INFO - Filling up the DagBag from /root/airflow_env/lib/python3.8/site-packages/airflow/example_dags/subdags/subdag.py
[2022-06-28 18:33:20,876] {processor.py:653} WARNING - No viable dags retrieved from /root/airflow_env/lib/python3.8/site-packages/airflow/example_dags/subdags/subdag.py
[2022-06-28 18:33:20,898] {processor.py:161} INFO - Processing /root/airflow_env/lib/python3.8/site-packages/airflow/example_dags/subdags/subdag.py took 0.035 seconds
[2022-06-28 18:34:07,404] {processor.py:153} INFO - Started process (PID=20879) to work on /root/airflow_env/lib/python3.8/site-packages/airflow/example_dags/subdags/subdag.py
[2022-06-28 18:34:07,407] {processor.py:641} INFO - Processing file /root/airflow_env/lib/python3.8/site-packages/airflow/example_dags/subdags/subdag.py for tasks to queue
[2022-06-28 18:34:07,408] {logging_mixin.py:115} INFO - [2022-06-28 18:34:07,408] {dagbag.py:507} INFO - Filling up the DagBag from /root/airflow_env/lib/python3.8/site-packages/airflow/example_dags/subdags/subdag.py
[2022-06-28 18:34:07,412] {processor.py:653} WARNING - No viable dags retrieved from /root/airflow_env/lib/python3.8/site-packages/airflow/example_dags/subdags/subdag.py
[2022-06-28 18:34:07,434] {processor.py:161} INFO - Processing /root/airflow_env/lib/python3.8/site-packages/airflow/example_dags/subdags/subdag.py took 0.036 seconds
[2022-06-28 18:35:01,592] {processor.py:153} INFO - Started process (PID=20964) to work on /root/airflow_env/lib/python3.8/site-packages/airflow/example_dags/subdags/subdag.py
[2022-06-28 18:35:01,625] {processor.py:641} INFO - Processing file /root/airflow_env/lib/python3.8/site-packages/airflow/example_dags/subdags/subdag.py for tasks to queue
[2022-06-28 18:35:01,626] {logging_mixin.py:115} INFO - [2022-06-28 18:35:01,626] {dagbag.py:507} INFO - Filling up the DagBag from /root/airflow_env/lib/python3.8/site-packages/airflow/example_dags/subdags/subdag.py
[2022-06-28 18:35:01,629] {processor.py:653} WARNING - No viable dags retrieved from /root/airflow_env/lib/python3.8/site-packages/airflow/example_dags/subdags/subdag.py
[2022-06-28 18:35:01,647] {processor.py:161} INFO - Processing /root/airflow_env/lib/python3.8/site-packages/airflow/example_dags/subdags/subdag.py took 0.064 seconds
[2022-06-28 18:35:47,627] {processor.py:153} INFO - Started process (PID=21009) to work on /root/airflow_env/lib/python3.8/site-packages/airflow/example_dags/subdags/subdag.py
[2022-06-28 18:35:47,628] {processor.py:641} INFO - Processing file /root/airflow_env/lib/python3.8/site-packages/airflow/example_dags/subdags/subdag.py for tasks to queue
[2022-06-28 18:35:47,629] {logging_mixin.py:115} INFO - [2022-06-28 18:35:47,629] {dagbag.py:507} INFO - Filling up the DagBag from /root/airflow_env/lib/python3.8/site-packages/airflow/example_dags/subdags/subdag.py
[2022-06-28 18:35:47,631] {processor.py:653} WARNING - No viable dags retrieved from /root/airflow_env/lib/python3.8/site-packages/airflow/example_dags/subdags/subdag.py
[2022-06-28 18:35:47,645] {processor.py:161} INFO - Processing /root/airflow_env/lib/python3.8/site-packages/airflow/example_dags/subdags/subdag.py took 0.023 seconds
[2022-06-28 18:36:41,460] {processor.py:153} INFO - Started process (PID=21091) to work on /root/airflow_env/lib/python3.8/site-packages/airflow/example_dags/subdags/subdag.py
[2022-06-28 18:36:41,463] {processor.py:641} INFO - Processing file /root/airflow_env/lib/python3.8/site-packages/airflow/example_dags/subdags/subdag.py for tasks to queue
[2022-06-28 18:36:41,464] {logging_mixin.py:115} INFO - [2022-06-28 18:36:41,464] {dagbag.py:507} INFO - Filling up the DagBag from /root/airflow_env/lib/python3.8/site-packages/airflow/example_dags/subdags/subdag.py
[2022-06-28 18:36:41,467] {processor.py:653} WARNING - No viable dags retrieved from /root/airflow_env/lib/python3.8/site-packages/airflow/example_dags/subdags/subdag.py
[2022-06-28 18:36:41,489] {processor.py:161} INFO - Processing /root/airflow_env/lib/python3.8/site-packages/airflow/example_dags/subdags/subdag.py took 0.035 seconds
[2022-06-28 18:37:35,642] {processor.py:153} INFO - Started process (PID=21177) to work on /root/airflow_env/lib/python3.8/site-packages/airflow/example_dags/subdags/subdag.py
[2022-06-28 18:37:35,644] {processor.py:641} INFO - Processing file /root/airflow_env/lib/python3.8/site-packages/airflow/example_dags/subdags/subdag.py for tasks to queue
[2022-06-28 18:37:35,644] {logging_mixin.py:115} INFO - [2022-06-28 18:37:35,644] {dagbag.py:507} INFO - Filling up the DagBag from /root/airflow_env/lib/python3.8/site-packages/airflow/example_dags/subdags/subdag.py
[2022-06-28 18:37:35,645] {processor.py:653} WARNING - No viable dags retrieved from /root/airflow_env/lib/python3.8/site-packages/airflow/example_dags/subdags/subdag.py
[2022-06-28 18:37:35,654] {processor.py:161} INFO - Processing /root/airflow_env/lib/python3.8/site-packages/airflow/example_dags/subdags/subdag.py took 0.015 seconds
[2022-06-28 18:38:28,681] {processor.py:153} INFO - Started process (PID=21261) to work on /root/airflow_env/lib/python3.8/site-packages/airflow/example_dags/subdags/subdag.py
[2022-06-28 18:38:28,683] {processor.py:641} INFO - Processing file /root/airflow_env/lib/python3.8/site-packages/airflow/example_dags/subdags/subdag.py for tasks to queue
[2022-06-28 18:38:28,684] {logging_mixin.py:115} INFO - [2022-06-28 18:38:28,684] {dagbag.py:507} INFO - Filling up the DagBag from /root/airflow_env/lib/python3.8/site-packages/airflow/example_dags/subdags/subdag.py
[2022-06-28 18:38:28,687] {processor.py:653} WARNING - No viable dags retrieved from /root/airflow_env/lib/python3.8/site-packages/airflow/example_dags/subdags/subdag.py
[2022-06-28 18:38:28,707] {processor.py:161} INFO - Processing /root/airflow_env/lib/python3.8/site-packages/airflow/example_dags/subdags/subdag.py took 0.031 seconds
[2022-06-28 18:39:11,657] {processor.py:153} INFO - Started process (PID=21336) to work on /root/airflow_env/lib/python3.8/site-packages/airflow/example_dags/subdags/subdag.py
[2022-06-28 18:39:11,662] {processor.py:641} INFO - Processing file /root/airflow_env/lib/python3.8/site-packages/airflow/example_dags/subdags/subdag.py for tasks to queue
[2022-06-28 18:39:11,663] {logging_mixin.py:115} INFO - [2022-06-28 18:39:11,663] {dagbag.py:507} INFO - Filling up the DagBag from /root/airflow_env/lib/python3.8/site-packages/airflow/example_dags/subdags/subdag.py
[2022-06-28 18:39:11,664] {processor.py:653} WARNING - No viable dags retrieved from /root/airflow_env/lib/python3.8/site-packages/airflow/example_dags/subdags/subdag.py
[2022-06-28 18:39:11,675] {processor.py:161} INFO - Processing /root/airflow_env/lib/python3.8/site-packages/airflow/example_dags/subdags/subdag.py took 0.020 seconds
[2022-06-28 18:40:02,345] {processor.py:153} INFO - Started process (PID=21416) to work on /root/airflow_env/lib/python3.8/site-packages/airflow/example_dags/subdags/subdag.py
[2022-06-28 18:40:02,385] {processor.py:641} INFO - Processing file /root/airflow_env/lib/python3.8/site-packages/airflow/example_dags/subdags/subdag.py for tasks to queue
[2022-06-28 18:40:02,386] {logging_mixin.py:115} INFO - [2022-06-28 18:40:02,386] {dagbag.py:507} INFO - Filling up the DagBag from /root/airflow_env/lib/python3.8/site-packages/airflow/example_dags/subdags/subdag.py
[2022-06-28 18:40:02,389] {processor.py:653} WARNING - No viable dags retrieved from /root/airflow_env/lib/python3.8/site-packages/airflow/example_dags/subdags/subdag.py
[2022-06-28 18:40:02,409] {processor.py:161} INFO - Processing /root/airflow_env/lib/python3.8/site-packages/airflow/example_dags/subdags/subdag.py took 0.071 seconds
[2022-06-28 18:40:50,701] {processor.py:153} INFO - Started process (PID=21462) to work on /root/airflow_env/lib/python3.8/site-packages/airflow/example_dags/subdags/subdag.py
[2022-06-28 18:40:50,704] {processor.py:641} INFO - Processing file /root/airflow_env/lib/python3.8/site-packages/airflow/example_dags/subdags/subdag.py for tasks to queue
[2022-06-28 18:40:50,705] {logging_mixin.py:115} INFO - [2022-06-28 18:40:50,704] {dagbag.py:507} INFO - Filling up the DagBag from /root/airflow_env/lib/python3.8/site-packages/airflow/example_dags/subdags/subdag.py
[2022-06-28 18:40:50,707] {processor.py:653} WARNING - No viable dags retrieved from /root/airflow_env/lib/python3.8/site-packages/airflow/example_dags/subdags/subdag.py
[2022-06-28 18:40:50,727] {processor.py:161} INFO - Processing /root/airflow_env/lib/python3.8/site-packages/airflow/example_dags/subdags/subdag.py took 0.032 seconds
[2022-06-28 18:41:35,587] {processor.py:153} INFO - Started process (PID=21536) to work on /root/airflow_env/lib/python3.8/site-packages/airflow/example_dags/subdags/subdag.py
[2022-06-28 18:41:35,624] {processor.py:641} INFO - Processing file /root/airflow_env/lib/python3.8/site-packages/airflow/example_dags/subdags/subdag.py for tasks to queue
[2022-06-28 18:41:35,624] {logging_mixin.py:115} INFO - [2022-06-28 18:41:35,624] {dagbag.py:507} INFO - Filling up the DagBag from /root/airflow_env/lib/python3.8/site-packages/airflow/example_dags/subdags/subdag.py
[2022-06-28 18:41:35,625] {processor.py:653} WARNING - No viable dags retrieved from /root/airflow_env/lib/python3.8/site-packages/airflow/example_dags/subdags/subdag.py
[2022-06-28 18:41:35,635] {processor.py:161} INFO - Processing /root/airflow_env/lib/python3.8/site-packages/airflow/example_dags/subdags/subdag.py took 0.053 seconds
[2022-06-28 18:42:30,185] {processor.py:153} INFO - Started process (PID=21620) to work on /root/airflow_env/lib/python3.8/site-packages/airflow/example_dags/subdags/subdag.py
[2022-06-28 18:42:30,186] {processor.py:641} INFO - Processing file /root/airflow_env/lib/python3.8/site-packages/airflow/example_dags/subdags/subdag.py for tasks to queue
[2022-06-28 18:42:30,186] {logging_mixin.py:115} INFO - [2022-06-28 18:42:30,186] {dagbag.py:507} INFO - Filling up the DagBag from /root/airflow_env/lib/python3.8/site-packages/airflow/example_dags/subdags/subdag.py
[2022-06-28 18:42:30,187] {processor.py:653} WARNING - No viable dags retrieved from /root/airflow_env/lib/python3.8/site-packages/airflow/example_dags/subdags/subdag.py
[2022-06-28 18:42:30,196] {processor.py:161} INFO - Processing /root/airflow_env/lib/python3.8/site-packages/airflow/example_dags/subdags/subdag.py took 0.014 seconds
[2022-06-28 18:43:24,973] {processor.py:153} INFO - Started process (PID=21704) to work on /root/airflow_env/lib/python3.8/site-packages/airflow/example_dags/subdags/subdag.py
[2022-06-28 18:43:25,006] {processor.py:641} INFO - Processing file /root/airflow_env/lib/python3.8/site-packages/airflow/example_dags/subdags/subdag.py for tasks to queue
[2022-06-28 18:43:25,007] {logging_mixin.py:115} INFO - [2022-06-28 18:43:25,007] {dagbag.py:507} INFO - Filling up the DagBag from /root/airflow_env/lib/python3.8/site-packages/airflow/example_dags/subdags/subdag.py
[2022-06-28 18:43:25,011] {processor.py:653} WARNING - No viable dags retrieved from /root/airflow_env/lib/python3.8/site-packages/airflow/example_dags/subdags/subdag.py
[2022-06-28 18:43:25,031] {processor.py:161} INFO - Processing /root/airflow_env/lib/python3.8/site-packages/airflow/example_dags/subdags/subdag.py took 0.064 seconds
