[2022-05-20 01:57:50,846] {processor.py:153} INFO - Started process (PID=874) to work on /root/airflow_env/lib/python3.8/site-packages/airflow/example_dags/example_subdag_operator.py
[2022-05-20 01:57:50,846] {processor.py:641} INFO - Processing file /root/airflow_env/lib/python3.8/site-packages/airflow/example_dags/example_subdag_operator.py for tasks to queue
[2022-05-20 01:57:50,847] {logging_mixin.py:115} INFO - [2022-05-20 01:57:50,846] {dagbag.py:507} INFO - Filling up the DagBag from /root/airflow_env/lib/python3.8/site-packages/airflow/example_dags/example_subdag_operator.py
[2022-05-20 01:57:50,861] {processor.py:651} INFO - DAG(s) dict_keys(['example_subdag_operator.section-1', 'example_subdag_operator.section-2', 'example_subdag_operator']) retrieved from /root/airflow_env/lib/python3.8/site-packages/airflow/example_dags/example_subdag_operator.py
[2022-05-20 01:57:50,916] {logging_mixin.py:115} INFO - [2022-05-20 01:57:50,916] {manager.py:508} INFO - Created Permission View: can edit on DAG:example_subdag_operator
[2022-05-20 01:57:50,929] {logging_mixin.py:115} INFO - [2022-05-20 01:57:50,929] {manager.py:508} INFO - Created Permission View: can read on DAG:example_subdag_operator
[2022-05-20 01:57:50,943] {logging_mixin.py:115} INFO - [2022-05-20 01:57:50,942] {manager.py:508} INFO - Created Permission View: can delete on DAG:example_subdag_operator
[2022-05-20 01:57:50,943] {logging_mixin.py:115} INFO - [2022-05-20 01:57:50,943] {dag.py:2371} INFO - Sync 3 DAGs
[2022-05-20 01:57:50,947] {logging_mixin.py:115} INFO - [2022-05-20 01:57:50,947] {dag.py:2390} INFO - Creating ORM DAG for example_subdag_operator.section-1
[2022-05-20 01:57:50,948] {logging_mixin.py:115} INFO - [2022-05-20 01:57:50,948] {dag.py:2390} INFO - Creating ORM DAG for example_subdag_operator.section-2
[2022-05-20 01:57:50,948] {logging_mixin.py:115} INFO - [2022-05-20 01:57:50,948] {dag.py:2390} INFO - Creating ORM DAG for example_subdag_operator
[2022-05-20 01:57:50,954] {logging_mixin.py:115} INFO - [2022-05-20 01:57:50,953] {dag.py:2915} INFO - Setting next_dagrun for example_subdag_operator to 2022-05-17T00:00:00+00:00, run_after=2022-05-17T00:00:00+00:00
[2022-05-20 01:57:50,954] {logging_mixin.py:115} INFO - [2022-05-20 01:57:50,954] {dag.py:2915} INFO - Setting next_dagrun for example_subdag_operator.section-1 to None, run_after=None
[2022-05-20 01:57:50,954] {logging_mixin.py:115} INFO - [2022-05-20 01:57:50,954] {dag.py:2915} INFO - Setting next_dagrun for example_subdag_operator.section-2 to None, run_after=None
[2022-05-20 01:57:50,957] {logging_mixin.py:115} INFO - [2022-05-20 01:57:50,957] {dag.py:2371} INFO - Sync 2 DAGs
[2022-05-20 01:57:50,959] {logging_mixin.py:115} INFO - [2022-05-20 01:57:50,959] {dag.py:2915} INFO - Setting next_dagrun for example_subdag_operator.section-1 to None, run_after=None
[2022-05-20 01:57:50,959] {logging_mixin.py:115} INFO - [2022-05-20 01:57:50,959] {dag.py:2915} INFO - Setting next_dagrun for example_subdag_operator.section-2 to None, run_after=None
[2022-05-20 01:57:50,979] {processor.py:161} INFO - Processing /root/airflow_env/lib/python3.8/site-packages/airflow/example_dags/example_subdag_operator.py took 0.134 seconds
[2022-05-20 01:58:24,628] {processor.py:153} INFO - Started process (PID=993) to work on /root/airflow_env/lib/python3.8/site-packages/airflow/example_dags/example_subdag_operator.py
[2022-05-20 01:58:24,628] {processor.py:641} INFO - Processing file /root/airflow_env/lib/python3.8/site-packages/airflow/example_dags/example_subdag_operator.py for tasks to queue
[2022-05-20 01:58:24,630] {logging_mixin.py:115} INFO - [2022-05-20 01:58:24,629] {dagbag.py:507} INFO - Filling up the DagBag from /root/airflow_env/lib/python3.8/site-packages/airflow/example_dags/example_subdag_operator.py
[2022-05-20 01:58:24,657] {processor.py:651} INFO - DAG(s) dict_keys(['example_subdag_operator.section-1', 'example_subdag_operator.section-2', 'example_subdag_operator']) retrieved from /root/airflow_env/lib/python3.8/site-packages/airflow/example_dags/example_subdag_operator.py
[2022-05-20 01:58:24,671] {logging_mixin.py:115} INFO - [2022-05-20 01:58:24,671] {dag.py:2371} INFO - Sync 3 DAGs
[2022-05-20 01:58:24,684] {logging_mixin.py:115} INFO - [2022-05-20 01:58:24,684] {dag.py:2915} INFO - Setting next_dagrun for example_subdag_operator to 2022-05-17T00:00:00+00:00, run_after=2022-05-17T00:00:00+00:00
[2022-05-20 01:58:24,684] {logging_mixin.py:115} INFO - [2022-05-20 01:58:24,684] {dag.py:2915} INFO - Setting next_dagrun for example_subdag_operator.section-1 to None, run_after=None
[2022-05-20 01:58:24,684] {logging_mixin.py:115} INFO - [2022-05-20 01:58:24,684] {dag.py:2915} INFO - Setting next_dagrun for example_subdag_operator.section-2 to None, run_after=None
[2022-05-20 01:58:24,688] {logging_mixin.py:115} INFO - [2022-05-20 01:58:24,688] {dag.py:2371} INFO - Sync 2 DAGs
[2022-05-20 01:58:24,690] {logging_mixin.py:115} INFO - [2022-05-20 01:58:24,690] {dag.py:2915} INFO - Setting next_dagrun for example_subdag_operator.section-1 to None, run_after=None
[2022-05-20 01:58:24,690] {logging_mixin.py:115} INFO - [2022-05-20 01:58:24,690] {dag.py:2915} INFO - Setting next_dagrun for example_subdag_operator.section-2 to None, run_after=None
[2022-05-20 01:58:24,711] {processor.py:161} INFO - Processing /root/airflow_env/lib/python3.8/site-packages/airflow/example_dags/example_subdag_operator.py took 0.086 seconds
[2022-05-20 01:58:56,502] {processor.py:153} INFO - Started process (PID=1027) to work on /root/airflow_env/lib/python3.8/site-packages/airflow/example_dags/example_subdag_operator.py
[2022-05-20 01:58:56,505] {processor.py:641} INFO - Processing file /root/airflow_env/lib/python3.8/site-packages/airflow/example_dags/example_subdag_operator.py for tasks to queue
[2022-05-20 01:58:56,505] {logging_mixin.py:115} INFO - [2022-05-20 01:58:56,505] {dagbag.py:507} INFO - Filling up the DagBag from /root/airflow_env/lib/python3.8/site-packages/airflow/example_dags/example_subdag_operator.py
[2022-05-20 01:58:56,516] {processor.py:651} INFO - DAG(s) dict_keys(['example_subdag_operator.section-1', 'example_subdag_operator.section-2', 'example_subdag_operator']) retrieved from /root/airflow_env/lib/python3.8/site-packages/airflow/example_dags/example_subdag_operator.py
[2022-05-20 01:58:56,524] {logging_mixin.py:115} INFO - [2022-05-20 01:58:56,524] {dag.py:2371} INFO - Sync 3 DAGs
[2022-05-20 01:58:56,533] {logging_mixin.py:115} INFO - [2022-05-20 01:58:56,533] {dag.py:2915} INFO - Setting next_dagrun for example_subdag_operator to 2022-05-17T00:00:00+00:00, run_after=2022-05-17T00:00:00+00:00
[2022-05-20 01:58:56,533] {logging_mixin.py:115} INFO - [2022-05-20 01:58:56,533] {dag.py:2915} INFO - Setting next_dagrun for example_subdag_operator.section-1 to None, run_after=None
[2022-05-20 01:58:56,534] {logging_mixin.py:115} INFO - [2022-05-20 01:58:56,534] {dag.py:2915} INFO - Setting next_dagrun for example_subdag_operator.section-2 to None, run_after=None
[2022-05-20 01:58:56,536] {logging_mixin.py:115} INFO - [2022-05-20 01:58:56,536] {dag.py:2371} INFO - Sync 2 DAGs
[2022-05-20 01:58:56,538] {logging_mixin.py:115} INFO - [2022-05-20 01:58:56,538] {dag.py:2915} INFO - Setting next_dagrun for example_subdag_operator.section-1 to None, run_after=None
[2022-05-20 01:58:56,538] {logging_mixin.py:115} INFO - [2022-05-20 01:58:56,538] {dag.py:2915} INFO - Setting next_dagrun for example_subdag_operator.section-2 to None, run_after=None
[2022-05-20 01:58:56,554] {processor.py:161} INFO - Processing /root/airflow_env/lib/python3.8/site-packages/airflow/example_dags/example_subdag_operator.py took 0.054 seconds
[2022-05-20 01:59:29,093] {processor.py:153} INFO - Started process (PID=1061) to work on /root/airflow_env/lib/python3.8/site-packages/airflow/example_dags/example_subdag_operator.py
[2022-05-20 01:59:29,093] {processor.py:641} INFO - Processing file /root/airflow_env/lib/python3.8/site-packages/airflow/example_dags/example_subdag_operator.py for tasks to queue
[2022-05-20 01:59:29,093] {logging_mixin.py:115} INFO - [2022-05-20 01:59:29,093] {dagbag.py:507} INFO - Filling up the DagBag from /root/airflow_env/lib/python3.8/site-packages/airflow/example_dags/example_subdag_operator.py
[2022-05-20 01:59:29,105] {processor.py:651} INFO - DAG(s) dict_keys(['example_subdag_operator.section-1', 'example_subdag_operator.section-2', 'example_subdag_operator']) retrieved from /root/airflow_env/lib/python3.8/site-packages/airflow/example_dags/example_subdag_operator.py
[2022-05-20 01:59:29,113] {logging_mixin.py:115} INFO - [2022-05-20 01:59:29,113] {dag.py:2371} INFO - Sync 3 DAGs
[2022-05-20 01:59:29,121] {logging_mixin.py:115} INFO - [2022-05-20 01:59:29,121] {dag.py:2915} INFO - Setting next_dagrun for example_subdag_operator to 2022-05-17T00:00:00+00:00, run_after=2022-05-17T00:00:00+00:00
[2022-05-20 01:59:29,121] {logging_mixin.py:115} INFO - [2022-05-20 01:59:29,121] {dag.py:2915} INFO - Setting next_dagrun for example_subdag_operator.section-1 to None, run_after=None
[2022-05-20 01:59:29,121] {logging_mixin.py:115} INFO - [2022-05-20 01:59:29,121] {dag.py:2915} INFO - Setting next_dagrun for example_subdag_operator.section-2 to None, run_after=None
[2022-05-20 01:59:29,124] {logging_mixin.py:115} INFO - [2022-05-20 01:59:29,124] {dag.py:2371} INFO - Sync 2 DAGs
[2022-05-20 01:59:29,126] {logging_mixin.py:115} INFO - [2022-05-20 01:59:29,125] {dag.py:2915} INFO - Setting next_dagrun for example_subdag_operator.section-1 to None, run_after=None
[2022-05-20 01:59:29,126] {logging_mixin.py:115} INFO - [2022-05-20 01:59:29,126] {dag.py:2915} INFO - Setting next_dagrun for example_subdag_operator.section-2 to None, run_after=None
[2022-05-20 01:59:29,140] {processor.py:161} INFO - Processing /root/airflow_env/lib/python3.8/site-packages/airflow/example_dags/example_subdag_operator.py took 0.049 seconds
