[2022-05-20 01:57:35,707] {processor.py:153} INFO - Started process (PID=842) to work on /root/airflow_env/lib/python3.8/site-packages/airflow/example_dags/example_latest_only.py
[2022-05-20 01:57:35,707] {processor.py:641} INFO - Processing file /root/airflow_env/lib/python3.8/site-packages/airflow/example_dags/example_latest_only.py for tasks to queue
[2022-05-20 01:57:35,708] {logging_mixin.py:115} INFO - [2022-05-20 01:57:35,708] {dagbag.py:507} INFO - Filling up the DagBag from /root/airflow_env/lib/python3.8/site-packages/airflow/example_dags/example_latest_only.py
[2022-05-20 01:57:35,712] {processor.py:651} INFO - DAG(s) dict_keys(['latest_only']) retrieved from /root/airflow_env/lib/python3.8/site-packages/airflow/example_dags/example_latest_only.py
[2022-05-20 01:57:35,762] {logging_mixin.py:115} INFO - [2022-05-20 01:57:35,762] {manager.py:508} INFO - Created Permission View: can edit on DAG:latest_only
[2022-05-20 01:57:35,776] {logging_mixin.py:115} INFO - [2022-05-20 01:57:35,776] {manager.py:508} INFO - Created Permission View: can read on DAG:latest_only
[2022-05-20 01:57:35,789] {logging_mixin.py:115} INFO - [2022-05-20 01:57:35,789] {manager.py:508} INFO - Created Permission View: can delete on DAG:latest_only
[2022-05-20 01:57:35,789] {logging_mixin.py:115} INFO - [2022-05-20 01:57:35,789] {dag.py:2371} INFO - Sync 1 DAGs
[2022-05-20 01:57:35,794] {logging_mixin.py:115} INFO - [2022-05-20 01:57:35,794] {dag.py:2390} INFO - Creating ORM DAG for latest_only
[2022-05-20 01:57:35,800] {logging_mixin.py:115} INFO - [2022-05-20 01:57:35,800] {dag.py:2915} INFO - Setting next_dagrun for latest_only to 2022-05-19T19:57:35.800467+00:00, run_after=2022-05-19T23:57:35.800467+00:00
[2022-05-20 01:57:35,821] {processor.py:161} INFO - Processing /root/airflow_env/lib/python3.8/site-packages/airflow/example_dags/example_latest_only.py took 0.115 seconds
[2022-05-20 01:58:10,323] {processor.py:153} INFO - Started process (PID=895) to work on /root/airflow_env/lib/python3.8/site-packages/airflow/example_dags/example_latest_only.py
[2022-05-20 01:58:10,326] {processor.py:641} INFO - Processing file /root/airflow_env/lib/python3.8/site-packages/airflow/example_dags/example_latest_only.py for tasks to queue
[2022-05-20 01:58:10,327] {logging_mixin.py:115} INFO - [2022-05-20 01:58:10,327] {dagbag.py:507} INFO - Filling up the DagBag from /root/airflow_env/lib/python3.8/site-packages/airflow/example_dags/example_latest_only.py
[2022-05-20 01:58:10,331] {processor.py:651} INFO - DAG(s) dict_keys(['latest_only']) retrieved from /root/airflow_env/lib/python3.8/site-packages/airflow/example_dags/example_latest_only.py
[2022-05-20 01:58:10,340] {logging_mixin.py:115} INFO - [2022-05-20 01:58:10,340] {dag.py:2371} INFO - Sync 1 DAGs
[2022-05-20 01:58:10,349] {logging_mixin.py:115} INFO - [2022-05-20 01:58:10,349] {dag.py:2915} INFO - Setting next_dagrun for latest_only to 2022-05-19T19:58:10.349487+00:00, run_after=2022-05-19T23:58:10.349487+00:00
[2022-05-20 01:58:10,368] {processor.py:161} INFO - Processing /root/airflow_env/lib/python3.8/site-packages/airflow/example_dags/example_latest_only.py took 0.048 seconds
[2022-05-20 01:58:42,686] {processor.py:153} INFO - Started process (PID=1012) to work on /root/airflow_env/lib/python3.8/site-packages/airflow/example_dags/example_latest_only.py
[2022-05-20 01:58:42,689] {processor.py:641} INFO - Processing file /root/airflow_env/lib/python3.8/site-packages/airflow/example_dags/example_latest_only.py for tasks to queue
[2022-05-20 01:58:42,689] {logging_mixin.py:115} INFO - [2022-05-20 01:58:42,689] {dagbag.py:507} INFO - Filling up the DagBag from /root/airflow_env/lib/python3.8/site-packages/airflow/example_dags/example_latest_only.py
[2022-05-20 01:58:42,694] {processor.py:651} INFO - DAG(s) dict_keys(['latest_only']) retrieved from /root/airflow_env/lib/python3.8/site-packages/airflow/example_dags/example_latest_only.py
[2022-05-20 01:58:42,702] {logging_mixin.py:115} INFO - [2022-05-20 01:58:42,702] {dag.py:2371} INFO - Sync 1 DAGs
[2022-05-20 01:58:42,710] {logging_mixin.py:115} INFO - [2022-05-20 01:58:42,710] {dag.py:2915} INFO - Setting next_dagrun for latest_only to 2022-05-19T19:58:42.710658+00:00, run_after=2022-05-19T23:58:42.710658+00:00
[2022-05-20 01:58:42,727] {processor.py:161} INFO - Processing /root/airflow_env/lib/python3.8/site-packages/airflow/example_dags/example_latest_only.py took 0.043 seconds
[2022-05-20 01:59:14,810] {processor.py:153} INFO - Started process (PID=1046) to work on /root/airflow_env/lib/python3.8/site-packages/airflow/example_dags/example_latest_only.py
[2022-05-20 01:59:14,810] {processor.py:641} INFO - Processing file /root/airflow_env/lib/python3.8/site-packages/airflow/example_dags/example_latest_only.py for tasks to queue
[2022-05-20 01:59:14,811] {logging_mixin.py:115} INFO - [2022-05-20 01:59:14,811] {dagbag.py:507} INFO - Filling up the DagBag from /root/airflow_env/lib/python3.8/site-packages/airflow/example_dags/example_latest_only.py
[2022-05-20 01:59:14,815] {processor.py:651} INFO - DAG(s) dict_keys(['latest_only']) retrieved from /root/airflow_env/lib/python3.8/site-packages/airflow/example_dags/example_latest_only.py
[2022-05-20 01:59:14,823] {logging_mixin.py:115} INFO - [2022-05-20 01:59:14,823] {dag.py:2371} INFO - Sync 1 DAGs
[2022-05-20 01:59:14,831] {logging_mixin.py:115} INFO - [2022-05-20 01:59:14,831] {dag.py:2915} INFO - Setting next_dagrun for latest_only to 2022-05-19T19:59:14.831482+00:00, run_after=2022-05-19T23:59:14.831482+00:00
[2022-05-20 01:59:14,848] {processor.py:161} INFO - Processing /root/airflow_env/lib/python3.8/site-packages/airflow/example_dags/example_latest_only.py took 0.040 seconds
[2022-05-20 01:59:49,022] {processor.py:153} INFO - Started process (PID=1080) to work on /root/airflow_env/lib/python3.8/site-packages/airflow/example_dags/example_latest_only.py
[2022-05-20 01:59:49,025] {processor.py:641} INFO - Processing file /root/airflow_env/lib/python3.8/site-packages/airflow/example_dags/example_latest_only.py for tasks to queue
[2022-05-20 01:59:49,025] {logging_mixin.py:115} INFO - [2022-05-20 01:59:49,025] {dagbag.py:507} INFO - Filling up the DagBag from /root/airflow_env/lib/python3.8/site-packages/airflow/example_dags/example_latest_only.py
[2022-05-20 01:59:49,030] {processor.py:651} INFO - DAG(s) dict_keys(['latest_only']) retrieved from /root/airflow_env/lib/python3.8/site-packages/airflow/example_dags/example_latest_only.py
[2022-05-20 01:59:49,038] {logging_mixin.py:115} INFO - [2022-05-20 01:59:49,038] {dag.py:2371} INFO - Sync 1 DAGs
[2022-05-20 01:59:49,046] {logging_mixin.py:115} INFO - [2022-05-20 01:59:49,046] {dag.py:2915} INFO - Setting next_dagrun for latest_only to 2022-05-19T19:59:49.046232+00:00, run_after=2022-05-19T23:59:49.046232+00:00
[2022-05-20 01:59:49,062] {processor.py:161} INFO - Processing /root/airflow_env/lib/python3.8/site-packages/airflow/example_dags/example_latest_only.py took 0.041 seconds
