[2022-05-20 01:57:50,614] {processor.py:153} INFO - Started process (PID=873) to work on /root/airflow_env/lib/python3.8/site-packages/airflow/example_dags/example_trigger_target_dag.py
[2022-05-20 01:57:50,614] {processor.py:641} INFO - Processing file /root/airflow_env/lib/python3.8/site-packages/airflow/example_dags/example_trigger_target_dag.py for tasks to queue
[2022-05-20 01:57:50,614] {logging_mixin.py:115} INFO - [2022-05-20 01:57:50,614] {dagbag.py:507} INFO - Filling up the DagBag from /root/airflow_env/lib/python3.8/site-packages/airflow/example_dags/example_trigger_target_dag.py
[2022-05-20 01:57:50,624] {processor.py:651} INFO - DAG(s) dict_keys(['example_trigger_target_dag']) retrieved from /root/airflow_env/lib/python3.8/site-packages/airflow/example_dags/example_trigger_target_dag.py
[2022-05-20 01:57:50,682] {logging_mixin.py:115} INFO - [2022-05-20 01:57:50,681] {manager.py:508} INFO - Created Permission View: can edit on DAG:example_trigger_target_dag
[2022-05-20 01:57:50,696] {logging_mixin.py:115} INFO - [2022-05-20 01:57:50,696] {manager.py:508} INFO - Created Permission View: can read on DAG:example_trigger_target_dag
[2022-05-20 01:57:50,710] {logging_mixin.py:115} INFO - [2022-05-20 01:57:50,710] {manager.py:508} INFO - Created Permission View: can delete on DAG:example_trigger_target_dag
[2022-05-20 01:57:50,710] {logging_mixin.py:115} INFO - [2022-05-20 01:57:50,710] {dag.py:2371} INFO - Sync 1 DAGs
[2022-05-20 01:57:50,715] {logging_mixin.py:115} INFO - [2022-05-20 01:57:50,715] {dag.py:2390} INFO - Creating ORM DAG for example_trigger_target_dag
[2022-05-20 01:57:50,720] {logging_mixin.py:115} INFO - [2022-05-20 01:57:50,720] {dag.py:2915} INFO - Setting next_dagrun for example_trigger_target_dag to None, run_after=None
[2022-05-20 01:57:50,742] {processor.py:161} INFO - Processing /root/airflow_env/lib/python3.8/site-packages/airflow/example_dags/example_trigger_target_dag.py took 0.130 seconds
[2022-05-20 01:58:23,488] {processor.py:153} INFO - Started process (PID=926) to work on /root/airflow_env/lib/python3.8/site-packages/airflow/example_dags/example_trigger_target_dag.py
[2022-05-20 01:58:23,489] {processor.py:641} INFO - Processing file /root/airflow_env/lib/python3.8/site-packages/airflow/example_dags/example_trigger_target_dag.py for tasks to queue
[2022-05-20 01:58:23,489] {logging_mixin.py:115} INFO - [2022-05-20 01:58:23,489] {dagbag.py:507} INFO - Filling up the DagBag from /root/airflow_env/lib/python3.8/site-packages/airflow/example_dags/example_trigger_target_dag.py
[2022-05-20 01:58:23,500] {processor.py:651} INFO - DAG(s) dict_keys(['example_trigger_target_dag']) retrieved from /root/airflow_env/lib/python3.8/site-packages/airflow/example_dags/example_trigger_target_dag.py
[2022-05-20 01:58:23,509] {logging_mixin.py:115} INFO - [2022-05-20 01:58:23,509] {dag.py:2371} INFO - Sync 1 DAGs
[2022-05-20 01:58:23,537] {logging_mixin.py:115} INFO - [2022-05-20 01:58:23,537] {dag.py:2915} INFO - Setting next_dagrun for example_trigger_target_dag to None, run_after=None
[2022-05-20 01:58:23,558] {processor.py:161} INFO - Processing /root/airflow_env/lib/python3.8/site-packages/airflow/example_dags/example_trigger_target_dag.py took 0.071 seconds
[2022-05-20 01:58:55,379] {processor.py:153} INFO - Started process (PID=1026) to work on /root/airflow_env/lib/python3.8/site-packages/airflow/example_dags/example_trigger_target_dag.py
[2022-05-20 01:58:55,381] {processor.py:641} INFO - Processing file /root/airflow_env/lib/python3.8/site-packages/airflow/example_dags/example_trigger_target_dag.py for tasks to queue
[2022-05-20 01:58:55,382] {logging_mixin.py:115} INFO - [2022-05-20 01:58:55,381] {dagbag.py:507} INFO - Filling up the DagBag from /root/airflow_env/lib/python3.8/site-packages/airflow/example_dags/example_trigger_target_dag.py
[2022-05-20 01:58:55,392] {processor.py:651} INFO - DAG(s) dict_keys(['example_trigger_target_dag']) retrieved from /root/airflow_env/lib/python3.8/site-packages/airflow/example_dags/example_trigger_target_dag.py
[2022-05-20 01:58:55,399] {logging_mixin.py:115} INFO - [2022-05-20 01:58:55,399] {dag.py:2371} INFO - Sync 1 DAGs
[2022-05-20 01:58:55,407] {logging_mixin.py:115} INFO - [2022-05-20 01:58:55,407] {dag.py:2915} INFO - Setting next_dagrun for example_trigger_target_dag to None, run_after=None
[2022-05-20 01:58:55,424] {processor.py:161} INFO - Processing /root/airflow_env/lib/python3.8/site-packages/airflow/example_dags/example_trigger_target_dag.py took 0.046 seconds
[2022-05-20 01:59:28,459] {processor.py:153} INFO - Started process (PID=1060) to work on /root/airflow_env/lib/python3.8/site-packages/airflow/example_dags/example_trigger_target_dag.py
[2022-05-20 01:59:28,460] {processor.py:641} INFO - Processing file /root/airflow_env/lib/python3.8/site-packages/airflow/example_dags/example_trigger_target_dag.py for tasks to queue
[2022-05-20 01:59:28,460] {logging_mixin.py:115} INFO - [2022-05-20 01:59:28,460] {dagbag.py:507} INFO - Filling up the DagBag from /root/airflow_env/lib/python3.8/site-packages/airflow/example_dags/example_trigger_target_dag.py
[2022-05-20 01:59:28,470] {processor.py:651} INFO - DAG(s) dict_keys(['example_trigger_target_dag']) retrieved from /root/airflow_env/lib/python3.8/site-packages/airflow/example_dags/example_trigger_target_dag.py
[2022-05-20 01:59:28,478] {logging_mixin.py:115} INFO - [2022-05-20 01:59:28,478] {dag.py:2371} INFO - Sync 1 DAGs
[2022-05-20 01:59:28,487] {logging_mixin.py:115} INFO - [2022-05-20 01:59:28,487] {dag.py:2915} INFO - Setting next_dagrun for example_trigger_target_dag to None, run_after=None
[2022-05-20 01:59:28,503] {processor.py:161} INFO - Processing /root/airflow_env/lib/python3.8/site-packages/airflow/example_dags/example_trigger_target_dag.py took 0.045 seconds
