[2022-05-20 01:57:24,163] {processor.py:153} INFO - Started process (PID=831) to work on /root/airflow_env/lib/python3.8/site-packages/airflow/example_dags/example_kubernetes_executor.py
[2022-05-20 01:57:24,163] {processor.py:641} INFO - Processing file /root/airflow_env/lib/python3.8/site-packages/airflow/example_dags/example_kubernetes_executor.py for tasks to queue
[2022-05-20 01:57:24,164] {logging_mixin.py:115} INFO - [2022-05-20 01:57:24,164] {dagbag.py:507} INFO - Filling up the DagBag from /root/airflow_env/lib/python3.8/site-packages/airflow/example_dags/example_kubernetes_executor.py
[2022-05-20 01:57:24,173] {logging_mixin.py:115} INFO - [2022-05-20 01:57:24,173] {example_kubernetes_executor.py:39} WARNING - The example_kubernetes_executor example DAG requires the kubernetes provider. Please install it with: pip install apache-airflow[cncf.kubernetes]
[2022-05-20 01:57:24,173] {processor.py:653} WARNING - No viable dags retrieved from /root/airflow_env/lib/python3.8/site-packages/airflow/example_dags/example_kubernetes_executor.py
[2022-05-20 01:57:24,179] {processor.py:161} INFO - Processing /root/airflow_env/lib/python3.8/site-packages/airflow/example_dags/example_kubernetes_executor.py took 0.018 seconds
[2022-05-20 01:57:58,921] {processor.py:153} INFO - Started process (PID=882) to work on /root/airflow_env/lib/python3.8/site-packages/airflow/example_dags/example_kubernetes_executor.py
[2022-05-20 01:57:58,924] {processor.py:641} INFO - Processing file /root/airflow_env/lib/python3.8/site-packages/airflow/example_dags/example_kubernetes_executor.py for tasks to queue
[2022-05-20 01:57:58,925] {logging_mixin.py:115} INFO - [2022-05-20 01:57:58,925] {dagbag.py:507} INFO - Filling up the DagBag from /root/airflow_env/lib/python3.8/site-packages/airflow/example_dags/example_kubernetes_executor.py
[2022-05-20 01:57:58,935] {logging_mixin.py:115} INFO - [2022-05-20 01:57:58,935] {example_kubernetes_executor.py:39} WARNING - The example_kubernetes_executor example DAG requires the kubernetes provider. Please install it with: pip install apache-airflow[cncf.kubernetes]
[2022-05-20 01:57:58,935] {processor.py:653} WARNING - No viable dags retrieved from /root/airflow_env/lib/python3.8/site-packages/airflow/example_dags/example_kubernetes_executor.py
[2022-05-20 01:57:58,941] {processor.py:161} INFO - Processing /root/airflow_env/lib/python3.8/site-packages/airflow/example_dags/example_kubernetes_executor.py took 0.021 seconds
[2022-05-20 01:58:32,564] {processor.py:153} INFO - Started process (PID=1001) to work on /root/airflow_env/lib/python3.8/site-packages/airflow/example_dags/example_kubernetes_executor.py
[2022-05-20 01:58:32,567] {processor.py:641} INFO - Processing file /root/airflow_env/lib/python3.8/site-packages/airflow/example_dags/example_kubernetes_executor.py for tasks to queue
[2022-05-20 01:58:32,567] {logging_mixin.py:115} INFO - [2022-05-20 01:58:32,567] {dagbag.py:507} INFO - Filling up the DagBag from /root/airflow_env/lib/python3.8/site-packages/airflow/example_dags/example_kubernetes_executor.py
[2022-05-20 01:58:32,576] {logging_mixin.py:115} INFO - [2022-05-20 01:58:32,576] {example_kubernetes_executor.py:39} WARNING - The example_kubernetes_executor example DAG requires the kubernetes provider. Please install it with: pip install apache-airflow[cncf.kubernetes]
[2022-05-20 01:58:32,576] {processor.py:653} WARNING - No viable dags retrieved from /root/airflow_env/lib/python3.8/site-packages/airflow/example_dags/example_kubernetes_executor.py
[2022-05-20 01:58:32,581] {processor.py:161} INFO - Processing /root/airflow_env/lib/python3.8/site-packages/airflow/example_dags/example_kubernetes_executor.py took 0.019 seconds
[2022-05-20 01:59:03,393] {processor.py:153} INFO - Started process (PID=1035) to work on /root/airflow_env/lib/python3.8/site-packages/airflow/example_dags/example_kubernetes_executor.py
[2022-05-20 01:59:03,393] {processor.py:641} INFO - Processing file /root/airflow_env/lib/python3.8/site-packages/airflow/example_dags/example_kubernetes_executor.py for tasks to queue
[2022-05-20 01:59:03,393] {logging_mixin.py:115} INFO - [2022-05-20 01:59:03,393] {dagbag.py:507} INFO - Filling up the DagBag from /root/airflow_env/lib/python3.8/site-packages/airflow/example_dags/example_kubernetes_executor.py
[2022-05-20 01:59:03,402] {logging_mixin.py:115} INFO - [2022-05-20 01:59:03,402] {example_kubernetes_executor.py:39} WARNING - The example_kubernetes_executor example DAG requires the kubernetes provider. Please install it with: pip install apache-airflow[cncf.kubernetes]
[2022-05-20 01:59:03,402] {processor.py:653} WARNING - No viable dags retrieved from /root/airflow_env/lib/python3.8/site-packages/airflow/example_dags/example_kubernetes_executor.py
[2022-05-20 01:59:03,408] {processor.py:161} INFO - Processing /root/airflow_env/lib/python3.8/site-packages/airflow/example_dags/example_kubernetes_executor.py took 0.016 seconds
[2022-05-20 01:59:37,620] {processor.py:153} INFO - Started process (PID=1069) to work on /root/airflow_env/lib/python3.8/site-packages/airflow/example_dags/example_kubernetes_executor.py
[2022-05-20 01:59:37,622] {processor.py:641} INFO - Processing file /root/airflow_env/lib/python3.8/site-packages/airflow/example_dags/example_kubernetes_executor.py for tasks to queue
[2022-05-20 01:59:37,622] {logging_mixin.py:115} INFO - [2022-05-20 01:59:37,622] {dagbag.py:507} INFO - Filling up the DagBag from /root/airflow_env/lib/python3.8/site-packages/airflow/example_dags/example_kubernetes_executor.py
[2022-05-20 01:59:37,631] {logging_mixin.py:115} INFO - [2022-05-20 01:59:37,631] {example_kubernetes_executor.py:39} WARNING - The example_kubernetes_executor example DAG requires the kubernetes provider. Please install it with: pip install apache-airflow[cncf.kubernetes]
[2022-05-20 01:59:37,631] {processor.py:653} WARNING - No viable dags retrieved from /root/airflow_env/lib/python3.8/site-packages/airflow/example_dags/example_kubernetes_executor.py
[2022-05-20 01:59:37,636] {processor.py:161} INFO - Processing /root/airflow_env/lib/python3.8/site-packages/airflow/example_dags/example_kubernetes_executor.py took 0.018 seconds
