[2022-06-28 18:35:56,563] {taskinstance.py:1159} INFO - Dependencies all met for <TaskInstance: ingest_data.save_data_task scheduled__2022-06-28T16:34:51.072773+00:00 [queued]>
[2022-06-28 18:35:56,569] {taskinstance.py:1159} INFO - Dependencies all met for <TaskInstance: ingest_data.save_data_task scheduled__2022-06-28T16:34:51.072773+00:00 [queued]>
[2022-06-28 18:35:56,569] {taskinstance.py:1356} INFO - 
--------------------------------------------------------------------------------
[2022-06-28 18:35:56,569] {taskinstance.py:1357} INFO - Starting attempt 1 of 1
[2022-06-28 18:35:56,569] {taskinstance.py:1358} INFO - 
--------------------------------------------------------------------------------
[2022-06-28 18:35:56,591] {taskinstance.py:1377} INFO - Executing <Task(_PythonDecoratedOperator): save_data_task> on 2022-06-28 16:34:51.072773+00:00
[2022-06-28 18:35:56,596] {standard_task_runner.py:52} INFO - Started process 21050 to run task
[2022-06-28 18:35:56,600] {standard_task_runner.py:79} INFO - Running: ['airflow', 'tasks', 'run', 'ingest_data', 'save_data_task', 'scheduled__2022-06-28T16:34:51.072773+00:00', '--job-id', '167', '--raw', '--subdir', 'DAGS_FOLDER/CarPriceDag.py', '--cfg-path', '/tmp/tmp3_d7kcyp', '--error-file', '/tmp/tmpn6evco89']
[2022-06-28 18:35:56,601] {standard_task_runner.py:80} INFO - Job 167: Subtask save_data_task
[2022-06-28 18:35:56,652] {task_command.py:369} INFO - Running <TaskInstance: ingest_data.save_data_task scheduled__2022-06-28T16:34:51.072773+00:00 [running]> on host DESKTOP-9B44JSS.localdomain
[2022-06-28 18:35:56,750] {taskinstance.py:1569} INFO - Exporting the following env vars:
AIRFLOW_CTX_DAG_OWNER=airflow
AIRFLOW_CTX_DAG_ID=ingest_data
AIRFLOW_CTX_TASK_ID=save_data_task
AIRFLOW_CTX_EXECUTION_DATE=2022-06-28T16:34:51.072773+00:00
AIRFLOW_CTX_TRY_NUMBER=1
AIRFLOW_CTX_DAG_RUN_ID=scheduled__2022-06-28T16:34:51.072773+00:00
[2022-06-28 18:35:57,033] {python.py:173} INFO - Done. Returned value was: None
[2022-06-28 18:35:57,040] {taskinstance.py:1395} INFO - Marking task as SUCCESS. dag_id=ingest_data, task_id=save_data_task, execution_date=20220628T163451, start_date=20220628T163556, end_date=20220628T163557
[2022-06-28 18:35:57,097] {local_task_job.py:156} INFO - Task exited with return code 0
[2022-06-28 18:35:57,131] {local_task_job.py:273} INFO - 0 downstream tasks scheduled from follow-on schedule check
